$ opam depext -iy -j 2 yajl.0.7.0
# Detecting depexts using vars: arch=x86_64, os=linux, os-distribution=ubuntu, os-family=debian
# The following system packages are needed:
cmake
m4
# The following new OS packages need to be installed: cmake
The following command needs to be run through "sudo":
    apt-get install -qq -yy cmake
debconf: delaying package configuration, since apt-utils is not installed
Selecting previously unselected package liblzo2-2:amd64.
(Reading database ... (Reading database ... 5%(Reading database ... 10%(Reading database ... 15%(Reading database ... 20%(Reading database ... 25%(Reading database ... 30%(Reading database ... 35%(Reading database ... 40%(Reading database ... 45%(Reading database ... 50%(Reading database ... 55%(Reading database ... 60%(Reading database ... 65%(Reading database ... 70%(Reading database ... 75%(Reading database ... 80%(Reading database ... 85%(Reading database ... 90%(Reading database ... 95%(Reading database ... 100%(Reading database ... 15325 files and directories currently installed.)
Preparing to unpack .../0-liblzo2-2_2.08-1.2_amd64.deb ...
Unpacking liblzo2-2:amd64 (2.08-1.2) ...
Selecting previously unselected package libicu60:amd64.
Preparing to unpack .../1-libicu60_60.2-3ubuntu3_amd64.deb ...
Unpacking libicu60:amd64 (60.2-3ubuntu3) ...
Selecting previously unselected package libxml2:amd64.
Preparing to unpack .../2-libxml2_2.9.4+dfsg1-6.1ubuntu1.2_amd64.deb ...
Unpacking libxml2:amd64 (2.9.4+dfsg1-6.1ubuntu1.2) ...
Selecting previously unselected package cmake-data.
Preparing to unpack .../3-cmake-data_3.10.2-1ubuntu2_all.deb ...
Unpacking cmake-data (3.10.2-1ubuntu2) ...
Selecting previously unselected package libarchive13:amd64.
Preparing to unpack .../4-libarchive13_3.2.2-3.1ubuntu0.1_amd64.deb ...
Unpacking libarchive13:amd64 (3.2.2-3.1ubuntu0.1) ...
Selecting previously unselected package libjsoncpp1:amd64.
Preparing to unpack .../5-libjsoncpp1_1.7.4-3_amd64.deb ...
Unpacking libjsoncpp1:amd64 (1.7.4-3) ...
Selecting previously unselected package librhash0:amd64.
Preparing to unpack .../6-librhash0_1.3.6-2_amd64.deb ...
Unpacking librhash0:amd64 (1.3.6-2) ...
Selecting previously unselected package libuv1:amd64.
Preparing to unpack .../7-libuv1_1.18.0-3_amd64.deb ...
Unpacking libuv1:amd64 (1.18.0-3) ...
Selecting previously unselected package cmake.
Preparing to unpack .../8-cmake_3.10.2-1ubuntu2_amd64.deb ...
Unpacking cmake (3.10.2-1ubuntu2) ...
Setting up libicu60:amd64 (60.2-3ubuntu3) ...
Setting up libuv1:amd64 (1.18.0-3) ...
Setting up cmake-data (3.10.2-1ubuntu2) ...
Setting up libxml2:amd64 (2.9.4+dfsg1-6.1ubuntu1.2) ...
Setting up librhash0:amd64 (1.3.6-2) ...
Processing triggers for libc-bin (2.27-3ubuntu1) ...
Setting up liblzo2-2:amd64 (2.08-1.2) ...
Setting up libjsoncpp1:amd64 (1.7.4-3) ...
Setting up libarchive13:amd64 (3.2.2-3.1ubuntu0.1) ...
Setting up cmake (3.10.2-1ubuntu2) ...
Processing triggers for libc-bin (2.27-3ubuntu1) ...
# OS packages installation successful
# Now letting OPAM install the packages
The following actions will be performed:
  - install ocamlbuild 0.12.0 [required by yajl]
  - install yajl       0.7.0
===== 2 to install =====

<><> Gathering sources ><><><><><><><><><><><><><><><><><><><><><><><><><><><><>
[ocamlbuild.0.12.0] found in cache
[yajl.0.7.0] found in cache

<><> Processing actions <><><><><><><><><><><><><><><><><><><><><><><><><><><><>
-> installed ocamlbuild.0.12.0
[ERROR] The installation of yajl failed at "make install".

#=== ERROR while installing yajl.0.7.0 ========================================#
# context              2.0.0 | linux/x86_64 | ocaml-base-compiler.4.06.1 | git+file:///home/opam/opam-repository
# path                 ~/.opam/4.06/.opam-switch/build/yajl.0.7.0
# command              /usr/bin/make install
# exit-code            2
# env-file             ~/.opam/log/yajl-13-e80101.env
# output-file          ~/.opam/log/yajl-13-e80101.out
### output ###
# cd upstream && ./configure --prefix /home/opam/.opam/4.06/.opam-switch/build/yajl.0.7.0/upstream/local && make install
# /usr/bin/env: 'ruby': No such file or directory
# Makefile:36: recipe for target '/home/opam/.opam/4.06/.opam-switch/build/yajl.0.7.0/upstream/local/lib/libyajl_s.a' failed
# make: *** [/home/opam/.opam/4.06/.opam-switch/build/yajl.0.7.0/upstream/local/lib/libyajl_s.a] Error 127



<><> Error report <><><><><><><><><><><><><><><><><><><><><><><><><><><><><><><>
+- The following actions failed
| - install yajl 0.7.0
+- 
+- The following changes have been performed
| - install ocamlbuild 0.12.0
+- 
# Run eval $(opam env) to update the current shell environment

The former state can be restored with:
    opam switch import "/home/opam/.opam/4.06/.opam-switch/backup/state-20180821045725.export"
31 1534827437 1534827454