$ opam depext -iy -j 2 qcheck.0.5.1
# Detecting depexts using vars: arch=x86_64, os=linux, os-distribution=opensuse, os-family=suse
# The following system packages are needed:
m4
# All required OS packages found.
# Now letting OPAM install the packages
The following actions will be performed:
  - install base-bytes base   [required by qcheck]
  - install ocamlbuild 0.12.0 [required by ounit]
  - install ounit      2.0.8  [required by qcheck]
  - install qcheck     0.5.1
===== 4 to install =====

<><> Gathering sources ><><><><><><><><><><><><><><><><><><><><><><><><><><><><>
[ocamlbuild.0.12.0] found in cache
[ounit.2.0.8] found in cache
[qcheck.0.5.1] found in cache

<><> Processing actions <><><><><><><><><><><><><><><><><><><><><><><><><><><><>
-> installed base-bytes.base
-> installed ocamlbuild.0.12.0
-> installed ounit.2.0.8
[ERROR] The compilation of qcheck failed at "/usr/bin/make build".

#=== ERROR while compiling qcheck.0.5.1 =======================================#
# context              2.0.0~rc3 | linux/x86_64 | ocaml-base-compiler.4.06.1 | git+file:///home/opam/opam-repository
# path                 ~/.opam/4.06/.opam-switch/build/qcheck.0.5.1
# command              /usr/bin/make build
# exit-code            2
# env-file             ~/.opam/log/qcheck-12-06fa5f.env
# output-file          ~/.opam/log/qcheck-12-06fa5f.out
### output ###
# ocaml setup.ml -build 
# /home/opam/.opam/4.06/bin/ocamlopt.opt unix.cmxa -I /home/opam/.opam/4.06/lib/ocamlbuild /home/opam/.opam/4.06/lib/ocamlbuild/ocamlbuildlib.cmxa myocamlbuild.ml /home/opam/.opam/4.06/lib/ocamlbuild/ocamlbuild.cmx -o myocamlbuild
# /home/opam/.opam/4.06/bin/ocamlfind ocamldep -package bytes -package oUnit -package unix -modules src/QCheck.mli > src/QCheck.mli.depends
# /home/opam/.opam/4.06/bin/ocamlfind ocamlc -c -g -annot -bin-annot -package bytes -package oUnit -package unix -I src -o src/QCheck.cmi src/QCheck.mli
# /home/opam/.opam/4.06/bin/ocamlfind ocamldep -package bytes -package oUnit -package unix -modules src/QCheck.ml > src/QCheck.ml.depends
# /home/opam/.opam/4.06/bin/ocamlfind ocamldep -package bytes -package oUnit -package unix -modules src/QCheck_runner.mli > src/QCheck_runner.mli.depends
# /home/opam/.opam/4.06/bin/ocamlfind ocamlc -c -g -annot -bin-annot -package bytes -package oUnit -package unix -I src -o src/QCheck_runner.cmi src/QCheck_runner.mli
# /home/opam/.opam/4.06/bin/ocamlfind ocamldep -package bytes -package oUnit -package unix -modules src/QCheck_runner.ml > src/QCheck_runner.ml.depends
# /home/opam/.opam/4.06/bin/ocamlfind ocamlc -c -g -annot -bin-annot -package bytes -package oUnit -package unix -I src -o src/QCheck.cmo src/QCheck.ml
# + /home/opam/.opam/4.06/bin/ocamlfind ocamlc -c -g -annot -bin-annot -package bytes -package oUnit -package unix -I src -o src/QCheck.cmo src/QCheck.ml
# File "src/QCheck.ml", line 213, characters 31-32:
# Error: This expression has type bytes but an expression was expected of type
#          string
# Command exited with code 2.
# E: Failure("Command ''/home/opam/.opam/4.06/bin/ocamlbuild' src/qcheck.cma src/qcheck.cmxa src/qcheck.a src/qcheck.cmxs example/QCheck_ounit_test.byte -tag debug' terminated with error code 10")
# Makefile:7: recipe for target 'build' failed
# make: *** [build] Error 1



<><> Error report <><><><><><><><><><><><><><><><><><><><><><><><><><><><><><><>
+- The following actions failed
| - build qcheck 0.5.1
+- 
+- The following changes have been performed
| - install base-bytes base
| - install ocamlbuild 0.12.0
| - install ounit      2.0.8
+- 
# Run eval $(opam env) to update the current shell environment

The former state can be restored with:
    opam switch import "/home/opam/.opam/4.06/.opam-switch/backup/state-20180729234018.export"
31 1532907392 1532907638