$ opam depext -iy -j 2 snappy.0.1.1
# Detecting depexts using vars: arch=x86_64, os=linux, os-distribution=opensuse, os-family=suse
# The following system packages are needed:
m4
# All required OS packages found.
# Now letting OPAM install the packages
The following actions will be performed:
  - install ocamlbuild      0.12.0 [required by snappy]
  - install conf-pkg-config 1.1    [required by conf-snappy]
  - install conf-snappy     1      [required by snappy]
  - install snappy          0.1.1
===== 4 to install =====

<><> Gathering sources ><><><><><><><><><><><><><><><><><><><><><><><><><><><><>
[ocamlbuild.0.12.0] found in cache
[snappy.0.1.1] found in cache

<><> Processing actions <><><><><><><><><><><><><><><><><><><><><><><><><><><><>
-> installed conf-pkg-config.1.1
[ERROR] The compilation of conf-snappy failed at "/usr/bin/c++ test.cpp -lsnappy".
-> installed ocamlbuild.0.12.0

#=== ERROR while compiling conf-snappy.1 ======================================#
# context              2.0.0~rc3 | linux/x86_64 | ocaml-base-compiler.4.06.1 | git+file:///home/opam/opam-repository
# path                 ~/.opam/4.06/.opam-switch/build/conf-snappy.1
# command              /usr/bin/c++ test.cpp -lsnappy
# exit-code            1
# env-file             ~/.opam/log/conf-snappy-12-d0f245.env
# output-file          ~/.opam/log/conf-snappy-12-d0f245.out
### output ###
# test.cpp:1:20: fatal error: snappy.h: No such file or directory
#  #include <snappy.h>
#                     ^
# compilation terminated.



<><> Error report <><><><><><><><><><><><><><><><><><><><><><><><><><><><><><><>
+- The following actions failed
| - build conf-snappy 1
+- 
+- The following changes have been performed (the rest was aborted)
| - install conf-pkg-config 1.1
| - install ocamlbuild      0.12.0
+- 
# Run eval $(opam env) to update the current shell environment

The former state can be restored with:
    opam switch import "/home/opam/.opam/4.06/.opam-switch/backup/state-20180729061040.export"
31 1532844630 1532844655