$ opam depext -iy -j 2 cpdf.1.7
# Detecting depexts using vars: arch=x86_64, os=linux, os-distribution=fedora, os-family=fedora
# The following system packages are needed:
m4
Name        : m4
Version     : 1.4.18
Release     : 6.fc28
Architecture: x86_64
Install Date: Thu Aug 16 20:06:38 2018
Group       : Applications/Text
Size        : 372272
License     : GPLv3+
Signature   : RSA/SHA256, Sun Feb 25 11:01:47 2018, Key ID e08e7e629db62fb1
Source RPM  : m4-1.4.18-6.fc28.src.rpm
Build Date  : Sun Feb 25 10:58:14 2018
Build Host  : buildvm-25.phx2.fedoraproject.org
Relocations : (not relocatable)
Packager    : Fedora Project
Vendor      : Fedora Project
URL         : http://www.gnu.org/software/m4/
Bug URL     : https://bugz.fedoraproject.org/m4
Summary     : The GNU macro processor
Description :
A GNU implementation of the traditional UNIX macro processor.  M4 is
useful for writing text files which can be logically parsed, and is used
by many programs as part of their build process.  M4 has built-in
functions for including files, running shell commands, doing arithmetic,
etc.  The autoconf program needs m4 for generating configure scripts, but
not for running configure scripts.

Install m4 if you need a macro processor.
# All required OS packages found.
# Now letting OPAM install the packages
The following actions will be performed:
  - install camlpdf 2.2.1 [required by cpdf]
  - install cpdf    1.7
===== 2 to install =====

<><> Gathering sources ><><><><><><><><><><><><><><><><><><><><><><><><><><><><>
[camlpdf.2.2.1] found in cache
[cpdf.1.7] found in cache

<><> Processing actions <><><><><><><><><><><><><><><><><><><><><><><><><><><><>
-> installed camlpdf.2.2.1
[ERROR] The compilation of cpdf failed at "/usr/bin/make".

#=== ERROR while compiling cpdf.1.7 ===========================================#
# context              2.0.0 | linux/x86_64 | ocaml-base-compiler.4.06.1 | git+file:///home/opam/opam-repository
# path                 ~/.opam/4.06/.opam-switch/build/cpdf.1.7
# command              /usr/bin/make
# exit-code            2
# env-file             ~/.opam/log/cpdf-10-ad6566.env
# output-file          ~/.opam/log/cpdf-10-ad6566.out
### output ###
# make[1]: Entering directory '/home/opam/.opam/4.06/.opam-switch/build/cpdf.1.7'
# ocamlfind ocamldep -native cpdfcommand.mli > ._ncdi/cpdfcommand.di
# ocamlfind ocamldep -native cpdf.mli > ._ncdi/cpdf.di
# ocamlfind ocamldep -native cpdfstrftime.mli > ._ncdi/cpdfstrftime.di
# ocamlfind ocamldep cpdfcommandrun.ml > ._d/cpdfcommandrun.d
# ocamlfind ocamldep cpdfcommand.ml > ._d/cpdfcommand.d
# ocamlfind ocamldep cpdf.ml > ._d/cpdf.d
# ocamlfind ocamldep cpdfstrftime.ml > ._d/cpdfstrftime.d
# ocamlfind ocamlc -package camlpdf -c cpdfstrftime.mli
# ocamlfind ocamlopt -package camlpdf -c -g cpdfstrftime.ml
# ocamlfind ocamlc -package camlpdf -c cpdf.mli
# ocamlfind ocamlopt -package camlpdf -c -g cpdf.ml
# File "cpdf.ml", line 1036, characters 19-38:
# Error: This function has type
#          bool -> bool -> string list -> Pdf.t list -> int list list -> Pdf.t
#        It is applied to too many arguments; maybe you forgot a `;'.
# make[1]: *** [OCamlMakefile:1076: cpdf.cmx] Error 2
# make[1]: Leaving directory '/home/opam/.opam/4.06/.opam-switch/build/cpdf.1.7'
# make: *** [OCamlMakefile:777: native-code] Error 2



<><> Error report <><><><><><><><><><><><><><><><><><><><><><><><><><><><><><><>
+- The following actions failed
| - build cpdf 1.7
+- 
+- The following changes have been performed
| - install camlpdf 2.2.1
+- 
# Run eval $(opam env) to update the current shell environment

The former state can be restored with:
    opam switch import "/home/opam/.opam/4.06/.opam-switch/backup/state-20180817004751.export"
31 1534466869 1534466887