$ opam depext -iy -j 2 mariadb.0.5.0
# Detecting depexts using vars: arch=x86_64, os=linux, os-distribution=opensuse, os-family=suse
# The following system packages are needed:
libffi-devel
m4
# The following new OS packages need to be installed: libffi-devel
The following command needs to be run through "sudo":
    zypper --non-interactive install libffi-devel
Loading repository data...
Reading installed packages...
'libffi-devel' not found in package names. Trying capabilities.
Resolving package dependencies...

The following NEW package is going to be installed:
  libffi-devel-gcc5

1 new package to install.
Overall download size: 74.7 KiB. Already cached: 0 B. After the operation, additional 240.6 KiB will be used.
Continue? [y/n/...? shows all options] (y): y
Retrieving package libffi-devel-gcc5-5.3.1+r233831-10.1.x86_64 (1/1),  74.7 KiB (240.6 KiB unpacked)
Retrieving: libffi-devel-gcc5-5.3.1+r233831-10.1.x86_64.rpm [.done]
Checking for file conflicts: [...done]
(1/1) Installing: libffi-devel-gcc5-5.3.1+r233831-10.1.x86_64 [........done]
# OS packages installation successful
# Now letting OPAM install the packages
The following actions will be performed:
  - install jane-street-headers     v0.11.0 [required by core_kernel]
  - install re                      1.7.3   [required by ppx_expect]
  - install base-bytes              base    [required by ctypes]
  - install conf-pkg-config         1.1     [required by ctypes]
  - install num                     1.1     [required by sexplib]
  - install octavius                1.2.0   [required by ppx_js_style]
  - install spawn                   v0.12.0 [required by core]
  - install ocaml-compiler-libs     v0.11.0 [required by ppxlib]
  - install sexplib0                v0.11.0 [required by base, sexplib]
  - install ctypes-foreign          0.4.0   [required by mariadb]
  - install ppx_derivers            1.0     [required by ppxlib]
  - install result                  1.3     [required by lwt]
  - install ocamlbuild              0.12.0  [required by mariadb]
  - install cppo                    1.6.4   [required by lwt]
  - install parsexp                 v0.11.0 [required by sexplib]
  - install base                    v0.11.1 [required by core_kernel, core]
  - install ocaml-migrate-parsetree 1.0.11  [required by async]
  - install topkg                   0.9.1   [required by integers]
  - install lwt                     4.1.0   [required by mariadb]                        For the PPX, please install package lwt_ppx
                                                                                         For Lwt_log and Lwt_daemon, please install package lwt_log
  - install sexplib                 v0.11.0 [required by core_kernel, core]
  - install typerep                 v0.11.0 [required by core_kernel]
  - install stdio                   v0.11.0 [required by core_kernel, core]
  - install integers                0.2.2   [required by ctypes]
  - install ppxlib                  0.3.0   [required by core]
  - install configurator            v0.11.0 [required by core_kernel, core]
  - install ctypes                  0.14.0  [required by mariadb]
  - install variantslib             v0.11.0 [required by core_kernel]
  - install ppx_typerep_conv        v0.11.1 [required by ppx_jane]
  - install ppx_sexp_conv           v0.11.2 [required by core_kernel]
  - install ppx_pipebang            v0.11.0 [required by ppx_jane]
  - install ppx_optional            v0.11.0 [required by ppx_jane]
  - install ppx_optcomp             v0.11.0 [required by ppx_jane]
  - install ppx_let                 v0.11.0 [required by ppx_jane]
  - install ppx_js_style            v0.11.0 [required by ppx_base]
  - install ppx_inline_test         v0.11.0 [required by core_kernel]
  - install ppx_here                v0.11.0 [required by ppx_assert, ppx_jane]
  - install ppx_enumerate           v0.11.1 [required by ppx_base]
  - install ppx_compare             v0.11.1 [required by ppx_assert, bin_prot, ppx_base]
  - install fieldslib               v0.11.0 [required by core_kernel]
  - install ppx_variants_conv       v0.11.1 [required by bin_prot, ppx_jane]
  - install ppx_custom_printf       v0.11.0 [required by bin_prot, ppx_jane]
  - install ppx_bench               v0.11.0 [required by ppx_jane]
  - install ppx_sexp_value          v0.11.0 [required by ppx_jane]
  - install ppx_sexp_message        v0.11.0 [required by core_kernel]
  - install ppx_fail                v0.11.0 [required by ppx_jane]
  - install ppx_hash                v0.11.1 [required by core_kernel]
  - install ppx_assert              v0.11.0 [required by core_kernel, core]
  - install ppx_fields_conv         v0.11.0 [required by bin_prot, ppx_jane]
  - install ppx_base                v0.11.0 [required by core_kernel]
  - install ppx_expect              v0.11.0 [required by ppx_jane]
  - install bin_prot                v0.11.0 [required by core_kernel]
  - install ppx_bin_prot            v0.11.1 [required by ppx_jane]
  - install ppx_jane                v0.11.0 [required by async]
  - install splittable_random       v0.11.0 [required by core_kernel]
  - install core_kernel             v0.11.1 [required by async_kernel, async_rpc_kernel]
  - install protocol_version_header v0.11.0 [required by async_rpc_kernel]
  - install core                    v0.11.2 [required by async]
  - install async_kernel            v0.11.1 [required by async]
  - install async_unix              v0.11.0 [required by async]
  - install async_rpc_kernel        v0.11.0 [required by async_extra]
  - install async_extra             v0.11.1 [required by async]
  - install async                   v0.11.0 [required by mariadb]
  - install mariadb                 0.5.0
===== 63 to install =====

<><> Gathering sources ><><><><><><><><><><><><><><><><><><><><><><><><><><><><>
[async.v0.11.0] found in cache
[async_extra.v0.11.1] found in cache
[async_kernel.v0.11.1] found in cache
[async_rpc_kernel.v0.11.0] found in cache
[async_unix.v0.11.0] found in cache
[base.v0.11.1] found in cache
[bin_prot.v0.11.0] found in cache
[configurator.v0.11.0] found in cache
[core.v0.11.2] found in cache
[core_kernel.v0.11.1] found in cache
[cppo.1.6.4] found in cache
[ctypes.0.14.0] found in cache
[fieldslib.v0.11.0] found in cache
[integers.0.2.2] found in cache
[jane-street-headers.v0.11.0] found in cache
[lwt.4.1.0] found in cache
[mariadb.0.5.0] found in cache
[num.1.1] found in cache
[ocaml-compiler-libs.v0.11.0] found in cache
[ocaml-migrate-parsetree.1.0.11] found in cache
[ocamlbuild.0.12.0] found in cache
[octavius.1.2.0] found in cache
[parsexp.v0.11.0] found in cache
[ppx_assert.v0.11.0] found in cache
[ppx_base.v0.11.0] found in cache
[ppx_bench.v0.11.0] found in cache
[ppx_bin_prot.v0.11.1] found in cache
[ppx_compare.v0.11.1] found in cache
[ppx_custom_printf.v0.11.0] found in cache
[ppx_derivers.1.0] found in cache
[ppx_enumerate.v0.11.1] found in cache
[ppx_expect.v0.11.0] found in cache
[ppx_fail.v0.11.0] found in cache
[ppx_fields_conv.v0.11.0] found in cache
[ppx_hash.v0.11.1] found in cache
[ppx_here.v0.11.0] found in cache
[ppx_inline_test.v0.11.0] found in cache
[ppx_jane.v0.11.0] found in cache
[ppx_js_style.v0.11.0] found in cache
[ppx_let.v0.11.0] found in cache
[ppx_optcomp.v0.11.0] found in cache
[ppx_optional.v0.11.0] found in cache
[ppx_pipebang.v0.11.0] found in cache
[ppx_sexp_conv.v0.11.2] found in cache
[ppx_sexp_message.v0.11.0] found in cache
[ppx_sexp_value.v0.11.0] found in cache
[ppx_typerep_conv.v0.11.1] found in cache
[ppx_variants_conv.v0.11.1] found in cache
[ppxlib.0.3.0] found in cache
[protocol_version_header.v0.11.0] found in cache
[re.1.7.3] found in cache
[result.1.3] found in cache
[sexplib.v0.11.0] found in cache
[sexplib0.v0.11.0] found in cache
[spawn.v0.12.0] found in cache
[splittable_random.v0.11.0] found in cache
[stdio.v0.11.0] found in cache
[topkg.0.9.1] found in cache
[typerep.v0.11.0] found in cache
[variantslib.v0.11.0] found in cache

<><> Processing actions <><><><><><><><><><><><><><><><><><><><><><><><><><><><>
-> installed base-bytes.base
-> installed conf-pkg-config.1.1
-> installed cppo.1.6.4
-> installed ctypes-foreign.0.4.0
-> installed jane-street-headers.v0.11.0
-> installed num.1.1
-> installed ocaml-compiler-libs.v0.11.0
-> installed ocamlbuild.0.12.0
-> installed octavius.1.2.0
-> installed ppx_derivers.1.0
-> installed re.1.7.3
-> installed result.1.3
-> installed lwt.4.1.0
-> installed ocaml-migrate-parsetree.1.0.11
-> installed sexplib0.v0.11.0
-> installed parsexp.v0.11.0
-> installed sexplib.v0.11.0
-> installed spawn.v0.12.0
-> installed topkg.0.9.1
-> installed base.v0.11.1
-> installed integers.0.2.2
-> installed stdio.v0.11.0
-> installed configurator.v0.11.0
-> installed ppxlib.0.3.0
-> installed ctypes.0.14.0
-> installed fieldslib.v0.11.0
-> installed ppx_compare.v0.11.1
-> installed ppx_enumerate.v0.11.1
-> installed ppx_here.v0.11.0
-> installed ppx_fields_conv.v0.11.0
-> installed ppx_inline_test.v0.11.0
-> installed ppx_fail.v0.11.0
-> installed ppx_js_style.v0.11.0
-> installed ppx_let.v0.11.0
-> installed ppx_optcomp.v0.11.0
-> installed ppx_optional.v0.11.0
-> installed ppx_pipebang.v0.11.0
-> installed ppx_sexp_conv.v0.11.2
-> installed ppx_assert.v0.11.0
-> installed ppx_bench.v0.11.0
-> installed ppx_custom_printf.v0.11.0
-> installed ppx_hash.v0.11.1
-> installed ppx_sexp_message.v0.11.0
-> installed ppx_sexp_value.v0.11.0
-> installed typerep.v0.11.0
-> installed ppx_base.v0.11.0
-> installed variantslib.v0.11.0
-> installed ppx_typerep_conv.v0.11.1
-> installed ppx_variants_conv.v0.11.1
-> installed bin_prot.v0.11.0
-> installed ppx_expect.v0.11.0
-> installed ppx_bin_prot.v0.11.1
-> installed ppx_jane.v0.11.0
-> installed splittable_random.v0.11.0
-> installed core_kernel.v0.11.1
-> installed async_kernel.v0.11.1
-> installed protocol_version_header.v0.11.0
-> installed async_rpc_kernel.v0.11.0
-> installed core.v0.11.2
-> installed async_unix.v0.11.0
-> installed async_extra.v0.11.1
-> installed async.v0.11.0
[ERROR] The compilation of mariadb failed at "/usr/bin/make".

#=== ERROR while compiling mariadb.0.5.0 ======================================#
# context              2.0.0 | linux/x86_64 | ocaml-base-compiler.4.06.1 | git+file:///home/opam/opam-repository
# path                 ~/.opam/4.06/.opam-switch/build/mariadb.0.5.0
# command              /usr/bin/make
# exit-code            2
# env-file             ~/.opam/log/mariadb-12-a6e4fa.env
# output-file          ~/.opam/log/mariadb-12-a6e4fa.out
### output ###
# ocaml setup.ml -build 
# W: Cannot find source file matching module 'Ffi_generated' in library mariadb
# W: Cannot find source file matching module 'Ffi_generated_types' in library mariadb
# ocamlfind ocamlopt unix.cmxa -I /home/opam/.opam/4.06/lib/ocamlbuild /home/opam/.opam/4.06/lib/ocamlbuild/ocamlbuildlib.cmxa -linkpkg myocamlbuild.ml /home/opam/.opam/4.06/lib/ocamlbuild/ocamlbuild.cmx -o myocamlbuild
# /home/opam/.opam/4.06/bin/ocamlfind ocamldep -package ctypes.stubs -package ctypes.foreign -modules bindings/ffi_bindings.ml > bindings/ffi_bindings.ml.depends
# /home/opam/.opam/4.06/bin/ocamlfind ocamlc -c -g -annot -bin-annot -warn-error +1..45 -package ctypes.stubs -package ctypes.foreign -I bindings -o bindings/ffi_bindings.cmo bindings/ffi_bindings.ml
# /home/opam/.opam/4.06/bin/ocamlfind ocamlc -a -warn-error +1..45 -I bindings bindings/ffi_bindings.cmo -o bindings/mariadb_bindings.cma
# /home/opam/.opam/4.06/bin/ocamlfind ocamlopt -c -g -annot -bin-annot -warn-error +1..45 -package ctypes.stubs -package ctypes.foreign -I bindings -o bindings/ffi_bindings.cmx bindings/ffi_bindings.ml
# /home/opam/.opam/4.06/bin/ocamlfind ocamlopt -a -warn-error +1..45 -I bindings bindings/ffi_bindings.cmx -o bindings/mariadb_bindings.cmxa
# /home/opam/.opam/4.06/bin/ocamlfind ocamlopt -shared -I bindings bindings/mariadb_bindings.cmxa bindings/ffi_bindings.cmx -o bindings/mariadb_bindings.cmxs
# /home/opam/.opam/4.06/bin/ocamlfind ocamldep -package ctypes.stubs -package ctypes.foreign -modules stubgen/ffi_stubgen.ml > stubgen/ffi_stubgen.ml.depends
# /home/opam/.opam/4.06/bin/ocamlfind ocamlc -c -g -annot -bin-annot -I bindings -warn-error +1..45 -warn-error +1..45 -package ctypes.stubs -package ctypes.foreign -I stubgen -I bindings -o stubgen/ffi_stubgen.cmo stubgen/ffi_stubgen.ml
# /home/opam/.opam/4.06/bin/ocamlfind ocamlc -linkpkg -g -warn-error +1..45 -linkpkg -package ctypes.stubs -package ctypes.foreign -I bindings -I stubgen bindings/mariadb_bindings.cma stubgen/ffi_stubgen.cmo -o stubgen/ffi_stubgen.byte
# stubgen/ffi_stubgen.byte -c > lib/ffi_generated_stubs.c
# /home/opam/.opam/4.06/bin/ocamlfind ocamlc -g -I lib -package ctypes -ccopt -I -ccopt /home/opam/.opam/4.06/lib/ctypes -package unix -package ctypes.stubs -package ctypes.foreign -c lib/ffi_generated_stubs.c
# + /home/opam/.opam/4.06/bin/ocamlfind ocamlc -g -I lib -package ctypes -ccopt -I -ccopt /home/opam/.opam/4.06/lib/ctypes -package unix -package ctypes.stubs -package ctypes.foreign -c lib/ffi_generated_stubs.c
# lib/ffi_generated_stubs.c:1:25: fatal error: mysql/mysql.h: No such file or directory
#  #include <mysql/mysql.h>
#                          ^
# compilation terminated.
# Command exited with code 2.
# E: Failure("Command ''/home/opam/.opam/4.06/bin/ocamlbuild' bindings/mariadb_bindings.cma bindings/mariadb_bindings.cmxa bindings/mariadb_bindings.a bindings/mariadb_bindings.cmxs lib/libmariadb_stubs.a lib/dllmariadb_stubs.so lib/mariadb.cma lib/mariadb.cmxa lib/mariadb.a lib/mariadb.cmxs stubgen/ffi_stubgen.byte stubgen/ffi_types_stubgen.byte examples/nonblocking_select_example.native examples/blocking_example.native -use-ocamlfind -tag debug' terminated with error code 10")
# Makefile:7: recipe for target 'build' failed
# make: *** [build] Error 1



<><> Error report <><><><><><><><><><><><><><><><><><><><><><><><><><><><><><><>
+- The following actions failed
| - build mariadb 0.5.0
+- 
+- The following changes have been performed
| - install async                   v0.11.0
| - install async_extra             v0.11.1
| - install async_kernel            v0.11.1
| - install async_rpc_kernel        v0.11.0
| - install async_unix              v0.11.0
| - install base                    v0.11.1
| - install base-bytes              base
| - install bin_prot                v0.11.0
| - install conf-pkg-config         1.1
| - install configurator            v0.11.0
| - install core                    v0.11.2
| - install core_kernel             v0.11.1
| - install cppo                    1.6.4
| - install ctypes                  0.14.0
| - install ctypes-foreign          0.4.0
| - install fieldslib               v0.11.0
| - install integers                0.2.2
| - install jane-street-headers     v0.11.0
| - install lwt                     4.1.0
| - install num                     1.1
| - install ocaml-compiler-libs     v0.11.0
| - install ocaml-migrate-parsetree 1.0.11
| - install ocamlbuild              0.12.0
| - install octavius                1.2.0
| - install parsexp                 v0.11.0
| - install ppx_assert              v0.11.0
| - install ppx_base                v0.11.0
| - install ppx_bench               v0.11.0
| - install ppx_bin_prot            v0.11.1
| - install ppx_compare             v0.11.1
| - install ppx_custom_printf       v0.11.0
| - install ppx_derivers            1.0
| - install ppx_enumerate           v0.11.1
| - install ppx_expect              v0.11.0
| - install ppx_fail                v0.11.0
| - install ppx_fields_conv         v0.11.0
| - install ppx_hash                v0.11.1
| - install ppx_here                v0.11.0
| - install ppx_inline_test         v0.11.0
| - install ppx_jane                v0.11.0
| - install ppx_js_style            v0.11.0
| - install ppx_let                 v0.11.0
| - install ppx_optcomp             v0.11.0
| - install ppx_optional            v0.11.0
| - install ppx_pipebang            v0.11.0
| - install ppx_sexp_conv           v0.11.2
| - install ppx_sexp_message        v0.11.0
| - install ppx_sexp_value          v0.11.0
| - install ppx_typerep_conv        v0.11.1
| - install ppx_variants_conv       v0.11.1
| - install ppxlib                  0.3.0
| - install protocol_version_header v0.11.0
| - install re                      1.7.3
| - install result                  1.3
| - install sexplib                 v0.11.0
| - install sexplib0                v0.11.0
| - install spawn                   v0.12.0
| - install splittable_random       v0.11.0
| - install stdio                   v0.11.0
| - install topkg                   0.9.1
| - install typerep                 v0.11.0
| - install variantslib             v0.11.0
+- 
# Run eval $(opam env) to update the current shell environment

The former state can be restored with:
    opam switch import "/home/opam/.opam/4.06/.opam-switch/backup/state-20180811031718.export"
31 1533956927 1533957660