$ opam depext -iy -j 2 fftw3.0.7.3
# Detecting depexts using vars: arch=x86_64, os=linux, os-distribution=opensuse, os-family=suse
# The following system packages are needed:
m4
# All required OS packages found.
# Now letting OPAM install the packages
The following actions will be performed:
  - install fftw3 0.7.3

<><> Gathering sources ><><><><><><><><><><><><><><><><><><><><><><><><><><><><>
[fftw3.0.7.3] found in cache

<><> Processing actions <><><><><><><><><><><><><><><><><><><><><><><><><><><><>
[ERROR] The compilation of fftw3 failed at "/home/opam/.opam/4.06/.opam-switch/build/fftw3.0.7.3/./configure --prefix /home/opam/.opam/4.06 --sbindir=/home/opam/.opam/4.06/lib/fftw3/sbin --libexecdir=/home/opam/.opam/4.06/lib/fftw3/libexec --sysconfdir=/home/opam/.opam/4.06/lib/fftw3/etc --sharedstatedir=/home/opam/.opam/4.06/lib/fftw3/com --localstatedir=/home/opam/.opam/4.06/lib/fftw3/var --libdir=/home/opam/.opam/4.06/lib/fftw3/lib --includedir=/home/opam/.opam/4.06/lib/fftw3/include --datarootdir=/home/opam/.opam/4.06/lib/fftw3/share".

#=== ERROR while compiling fftw3.0.7.3 ========================================#
# context              2.0.0 | linux/x86_64 | ocaml-base-compiler.4.06.1 | git+file:///home/opam/opam-repository
# path                 ~/.opam/4.06/.opam-switch/build/fftw3.0.7.3
# command              ~/.opam/4.06/.opam-switch/build/fftw3.0.7.3/./configure --prefix /home/opam/.opam/4.06 --sbindir=/home/opam/.opam/4.06/lib/fftw3/sbin --libexecdir=/home/opam/.opam/4.06/lib/fftw3/libexec --sysconfdir=/home/opam/.opam/4.06/lib/fftw3/etc --sharedstatedir=/home/opam/.opam/4.06/lib/fftw3/com --localstatedir=/home/opam/.opam/4.06/lib/fftw3/var --libdir=/home/opam/.opam/4.06/lib/fftw3/lib --includedir=/home/opam/.opam/4.06/lib/fftw3/include --datarootdir=/home/opam/.opam/4.06/lib/fftw3/share
# exit-code            1
# env-file             ~/.opam/log/fftw3-12-05296d.env
# output-file          ~/.opam/log/fftw3-12-05296d.out
### output ###
# configuring fftw3 0.7.3
# checking for ocaml... /home/opam/.opam/4.06/bin/ocaml
# checking for ocamlc... /home/opam/.opam/4.06/bin/ocamlc
# ocaml version is 4.06.1
# Enable safe-string
# ocaml library path is /home/opam/.opam/4.06/lib/ocaml
# checking for ocamlopt... /home/opam/.opam/4.06/bin/ocamlopt
# checking ocamlopt version... ok
# checking for ocamlc.opt... /home/opam/.opam/4.06/bin/ocamlc.opt
# checking ocamlc.opt version... ok
# checking for ocamlopt.opt... /home/opam/.opam/4.06/bin/ocamlopt.opt
# checking ocamlc.opt version... ok
# checking for ocamldep... /home/opam/.opam/4.06/bin/ocamldep
# checking for ocamldoc... /home/opam/.opam/4.06/bin/ocamldoc
# checking for ocamlfind... /home/opam/.opam/4.06/bin/ocamlfind
# checking for gcc... gcc
# checking whether the C compiler works... yes
# checking for C compiler default output file name... a.out
# checking for suffix of executables... 
# checking whether we are cross compiling... no
# checking for suffix of object files... o
# checking whether we are using the GNU C compiler... yes
# checking whether gcc accepts -g... yes
# checking for gcc option to accept ISO C89... none needed
# checking for libfftw3 (double precision)... configure: error: Check for fftw3 (double precision) failed.



<><> Error report <><><><><><><><><><><><><><><><><><><><><><><><><><><><><><><>
+- The following actions failed
| - build fftw3 0.7.3
+- 
- No changes have been performed
# Run eval $(opam env) to update the current shell environment
31 1535522703 1535522760