$ opam depext -iy -j 2 humane-re.0.0.3
# Detecting depexts using vars: arch=x86_64, os=linux, os-distribution=opensuse, os-family=suse
# The following system packages are needed:
m4
# All required OS packages found.
# Now letting OPAM install the packages
The following actions will be performed:
  - install re         1.7.3  [required by humane-re]
  - install base-bytes base   [required by ounit]
  - install ocamlbuild 0.12.0 [required by humane-re]
  - install ounit      2.0.8  [required by humane-re]
  - install ocamlmod   0.0.9  [required by oasis]
  - install ocamlify   0.0.1  [required by oasis]
  - install oasis      0.4.11 [required by humane-re]
  - install humane-re  0.0.3
===== 8 to install =====

<><> Gathering sources ><><><><><><><><><><><><><><><><><><><><><><><><><><><><>
[humane-re.0.0.3] found in cache
[oasis.0.4.11] found in cache
[ocamlbuild.0.12.0] found in cache
[ocamlify.0.0.1] found in cache
[ocamlmod.0.0.9] found in cache
[ounit.2.0.8] found in cache
[re.1.7.3] found in cache

<><> Processing actions <><><><><><><><><><><><><><><><><><><><><><><><><><><><>
-> installed base-bytes.base
-> installed re.1.7.3
-> installed ocamlbuild.0.12.0
-> installed ocamlify.0.0.1
-> installed ocamlmod.0.0.9
-> installed ounit.2.0.8
-> installed oasis.0.4.11
[ERROR] The compilation of humane-re failed at "/usr/bin/make build".

#=== ERROR while compiling humane-re.0.0.3 ====================================#
# context              2.0.0 | linux/x86_64 | ocaml-base-compiler.4.06.1 | git+file:///home/opam/opam-repository
# path                 ~/.opam/4.06/.opam-switch/build/humane-re.0.0.3
# command              /usr/bin/make build
# exit-code            2
# env-file             ~/.opam/log/humane-re-12-85557b.env
# output-file          ~/.opam/log/humane-re-12-85557b.out
### output ###
# ocaml setup.ml -build
# W: Cannot find source file matching module 'humane_re' in library humane_re.
# W: Use InterfacePatterns or ImplementationPatterns to define this file with feature "source_patterns".
# /home/opam/.opam/4.06/bin/ocamlopt.opt unix.cmxa -I /home/opam/.opam/4.06/lib/ocamlbuild /home/opam/.opam/4.06/lib/ocamlbuild/ocamlbuildlib.cmxa myocamlbuild.ml /home/opam/.opam/4.06/lib/ocamlbuild/ocamlbuild.cmx -o myocamlbuild
# /home/opam/.opam/4.06/bin/ocamlfind ocamldep -package re -package re.emacs -modules lib/s.mli > lib/s.mli.depends
# /home/opam/.opam/4.06/bin/ocamlfind ocamlc -c -g -annot -bin-annot -package re -package re.emacs -I lib -o lib/s.cmi lib/s.mli
# /home/opam/.opam/4.06/bin/ocamlfind ocamldep -package re -package re.emacs -modules lib/str.mli > lib/str.mli.depends
# /home/opam/.opam/4.06/bin/ocamlfind ocamlc -c -g -annot -bin-annot -package re -package re.emacs -I lib -o lib/str.cmi lib/str.mli
# /home/opam/.opam/4.06/bin/ocamlfind ocamldep -package re -package re.emacs -modules lib/str.ml > lib/str.ml.depends
# /home/opam/.opam/4.06/bin/ocamlfind ocamlc -c -g -annot -bin-annot -package re -package re.emacs -I lib -o lib/str.cmo lib/str.ml
# + /home/opam/.opam/4.06/bin/ocamlfind ocamlc -c -g -annot -bin-annot -package re -package re.emacs -I lib -o lib/str.cmo lib/str.ml
# findlib: [WARNING] Interface str.cmi occurs in several directories: /home/opam/.opam/4.06/lib/ocaml, lib
# File "lib/str.ml", line 14, characters 9-20:
# Warning 3: deprecated: module Re_emacs
# Use Re.Emacs
# File "lib/str.ml", line 20, characters 12-25:
# Warning 3: deprecated: String.create
# Use BytesLabels.create instead.
# File "lib/str.ml", line 25, characters 6-24:
# Warning 3: deprecated: String.set
# Use BytesLabels.set instead.
# File "lib/str.ml", line 25, characters 26-45:
# Warning 3: deprecated: String.set
# Use BytesLabels.set instead.
# File "lib/str.ml", line 27, characters 6-21:
# Warning 3: deprecated: String.set
# Use BytesLabels.set instead.
# File "lib/str.ml", line 29, characters 14-17:
# Error: This expression has type bytes but an expression was expected of type
#          string
# Command exited with code 2.
# E: Failure("Command ''/home/opam/.opam/4.06/bin/ocamlbuild' lib/humane_re.cma lib/humane_re.cmxa lib/humane_re.a lib/humane_re.cmxs lib_test/test1.native lib_test/test_blog_post.native -tag debug' terminated with error code 10")
# Makefile:12: recipe for target 'build' failed
# make: *** [build] Error 1



<><> Error report <><><><><><><><><><><><><><><><><><><><><><><><><><><><><><><>
+- The following actions failed
| - build humane-re 0.0.3
+- 
+- The following changes have been performed
| - install base-bytes base
| - install oasis      0.4.11
| - install ocamlbuild 0.12.0
| - install ocamlify   0.0.1
| - install ocamlmod   0.0.9
| - install ounit      2.0.8
| - install re         1.7.3
+- 
# Run eval $(opam env) to update the current shell environment

The former state can be restored with:
    opam switch import "/home/opam/.opam/4.06/.opam-switch/backup/state-20180829061629.export"
31 1535523128 1535523433