$ opam depext -iy -j 2 orocksdb.0.2.0
# Detecting depexts using vars: arch=x86_64, os=linux, os-distribution=fedora, os-family=fedora
# The following system packages are needed:
libffi-devel
m4
pkgconfig
package libffi-devel is not installed
Name        : m4
Version     : 1.4.18
Release     : 6.fc28
Architecture: x86_64
Install Date: Fri Aug 17 20:06:27 2018
Group       : Applications/Text
Size        : 372272
License     : GPLv3+
Signature   : RSA/SHA256, Sun Feb 25 11:01:47 2018, Key ID e08e7e629db62fb1
Source RPM  : m4-1.4.18-6.fc28.src.rpm
Build Date  : Sun Feb 25 10:58:14 2018
Build Host  : buildvm-25.phx2.fedoraproject.org
Relocations : (not relocatable)
Packager    : Fedora Project
Vendor      : Fedora Project
URL         : http://www.gnu.org/software/m4/
Bug URL     : https://bugz.fedoraproject.org/m4
Summary     : The GNU macro processor
Description :
A GNU implementation of the traditional UNIX macro processor.  M4 is
useful for writing text files which can be logically parsed, and is used
by many programs as part of their build process.  M4 has built-in
functions for including files, running shell commands, doing arithmetic,
etc.  The autoconf program needs m4 for generating configure scripts, but
not for running configure scripts.

Install m4 if you need a macro processor.
package pkgconfig is not installed
# The following new OS packages need to be installed: libffi-devel pkgconfig
The following command needs to be run through "sudo":
    yum install -y libffi-devel pkgconfig
Last metadata expiration check: 4:51:03 ago on Fri Aug 17 20:05:59 2018.
Package pkgconf-pkg-config-1.4.2-1.fc28.x86_64 is already installed, skipping.
Dependencies resolved.
================================================================================
 Package              Arch           Version               Repository      Size
================================================================================
Installing:
 libffi-devel         x86_64         3.1-16.fc28           fedora          27 k

Transaction Summary
================================================================================
Install  1 Package

Total download size: 27 k
Installed size: 27 k
Downloading Packages:
libffi-devel-3.1-16.fc28.x86_64.rpm             547 kB/s |  27 kB     00:00    
--------------------------------------------------------------------------------
Total                                            50 kB/s |  27 kB     00:00     
Running transaction check
Transaction check succeeded.
Running transaction test
Transaction test succeeded.
Running transaction
  Preparing        :                                                        1/1 
  Installing       : libffi-devel-3.1-16.fc28.x86_64                        1/1 
  Running scriptlet: libffi-devel-3.1-16.fc28.x86_64                        1/1 
install-info: No such file or directory for /usr/share/info/libffi.info.gz
  Verifying        : libffi-devel-3.1-16.fc28.x86_64                        1/1 

Installed:
  libffi-devel.x86_64 3.1-16.fc28                                               

Complete!
The following command needs to be run through "sudo":
    rpm -q --whatprovides libffi-devel pkgconfig
libffi-devel-3.1-16.fc28.x86_64
pkgconf-pkg-config-1.4.2-1.fc28.x86_64
# OS packages installation successful
# Now letting OPAM install the packages
The following actions will be performed:
  - install conf-rocksdb    1      [required by orocksdb]
  - install result          1.3    [required by topkg]
  - install base-bytes      base   [required by ctypes]
  - install ocamlbuild      0.12.0 [required by orocksdb]
  - install conf-pkg-config 1.1    [required by ctypes]
  - install ctypes-foreign  0.4.0  [required by orocksdb]
  - install topkg           0.9.1  [required by integers]
  - install integers        0.2.2  [required by ctypes]
  - install ctypes          0.14.0 [required by orocksdb]
  - install orocksdb        0.2.0
===== 10 to install =====

<><> Gathering sources ><><><><><><><><><><><><><><><><><><><><><><><><><><><><>
[ctypes.0.14.0] found in cache
[integers.0.2.2] found in cache
[ocamlbuild.0.12.0] found in cache
[orocksdb.0.2.0] found in cache
[result.1.3] found in cache
[topkg.0.9.1] found in cache

<><> Processing actions <><><><><><><><><><><><><><><><><><><><><><><><><><><><>
[ERROR] The compilation of conf-rocksdb failed at "/usr/bin/cc -lrocksdb main.c".
-> installed base-bytes.base
-> installed conf-pkg-config.1.1
-> installed ctypes-foreign.0.4.0
-> installed result.1.3
-> installed ocamlbuild.0.12.0
-> installed topkg.0.9.1
-> installed integers.0.2.2
-> installed ctypes.0.14.0

#=== ERROR while compiling conf-rocksdb.1 =====================================#
# context              2.0.0 | linux/x86_64 | ocaml-base-compiler.4.06.1 | git+file:///home/opam/opam-repository
# path                 ~/.opam/4.06/.opam-switch/build/conf-rocksdb.1
# command              /usr/bin/cc -lrocksdb main.c
# exit-code            1
# env-file             ~/.opam/log/conf-rocksdb-10-d4902a.env
# output-file          ~/.opam/log/conf-rocksdb-10-d4902a.out
### output ###
# /usr/bin/ld: cannot find -lrocksdb
# collect2: error: ld returned 1 exit status



<><> Error report <><><><><><><><><><><><><><><><><><><><><><><><><><><><><><><>
+- The following actions failed
| - build conf-rocksdb 1
+- 
+- The following changes have been performed (the rest was aborted)
| - install base-bytes      base
| - install conf-pkg-config 1.1
| - install ctypes          0.14.0
| - install ctypes-foreign  0.4.0
| - install integers        0.2.2
| - install ocamlbuild      0.12.0
| - install result          1.3
| - install topkg           0.9.1
+- 
# Run eval $(opam env) to update the current shell environment

The former state can be restored with:
    opam switch import "/home/opam/.opam/4.06/.opam-switch/backup/state-20180818005705.export"
31 1534553818 1534553859