$ opam depext -iy -j 2 ssl.0.4.6
# Detecting depexts using vars: arch=x86_64, os=linux, os-distribution=debian, os-family=debian
# The following system packages are needed:
libssl-dev
m4
The following command needs to be run through "sudo":
    apt-get install -qq -yy libssl-dev m4
debconf: delaying package configuration, since apt-utils is not installed
Selecting previously unselected package libssl-dev:amd64.
(Reading database ... (Reading database ... 5%(Reading database ... 10%(Reading database ... 15%(Reading database ... 20%(Reading database ... 25%(Reading database ... 30%(Reading database ... 35%(Reading database ... 40%(Reading database ... 45%(Reading database ... 50%(Reading database ... 55%(Reading database ... 60%(Reading database ... 65%(Reading database ... 70%(Reading database ... 75%(Reading database ... 80%(Reading database ... 85%(Reading database ... 90%(Reading database ... 95%(Reading database ... 100%(Reading database ... 17681 files and directories currently installed.)
Preparing to unpack .../libssl-dev_1.1.0f-3+deb9u2_amd64.deb ...
Unpacking libssl-dev:amd64 (1.1.0f-3+deb9u2) ...
Selecting previously unselected package libssl-doc.
Preparing to unpack .../libssl-doc_1.1.0f-3+deb9u2_all.deb ...
Unpacking libssl-doc (1.1.0f-3+deb9u2) ...
Setting up libssl-dev:amd64 (1.1.0f-3+deb9u2) ...
Setting up libssl-doc (1.1.0f-3+deb9u2) ...
# OS packages installation successful
# Now letting OPAM install the packages
The following actions will be performed:
  - install ssl 0.4.6

<><> Gathering sources ><><><><><><><><><><><><><><><><><><><><><><><><><><><><>
[ssl.0.4.6] downloaded from http://downloads.sourceforge.net/project/savonet/ocaml-ssl/0.4.6/ocaml-ssl-0.4.6.tar.gz

<><> Processing actions <><><><><><><><><><><><><><><><><><><><><><><><><><><><>
[ERROR] The compilation of ssl failed at "/usr/bin/make".

#=== ERROR while compiling ssl.0.4.6 ==========================================#
# context              2.0.0~rc3 | linux/x86_64 | ocaml-base-compiler.4.03.0 | git+file:///home/opam/opam-repository
# path                 ~/.opam/4.03/.opam-switch/build/ssl.0.4.6
# command              /usr/bin/make
# exit-code            2
# env-file             ~/.opam/log/ssl-11-e4db2f.env
# output-file          ~/.opam/log/ssl-11-e4db2f.out
### output ###
# /usr/bin/make -C src all
# make[1]: Entering directory '/home/opam/.opam/4.03/.opam-switch/build/ssl.0.4.6/src'
# make[2]: Entering directory '/home/opam/.opam/4.03/.opam-switch/build/ssl.0.4.6/src'
# make[3]: Entering directory '/home/opam/.opam/4.03/.opam-switch/build/ssl.0.4.6/src'
# make[4]: Entering directory '/home/opam/.opam/4.03/.opam-switch/build/ssl.0.4.6/src'
# making ._bcdi/ssl.di from ssl.mli
# making ._d/ssl.d from ssl.ml
# ocamlc -c -cc "gcc" -ccopt "-fPIC -g -O2 -ansi -DCAML_NAME_SPACE -Wall \
# 			-DPIC   \
# 			    -o ssl_stubs.o " ssl_stubs.c 
# ssl_stubs.c: In function 'get_method':
# ssl_stubs.c:276:20: warning: implicit declaration of function 'SSLv3_client_method' [-Wimplicit-function-declaration]
#            method = SSLv3_client_method();
#                     ^~~~~~~~~~~~~~~~~~~
# ssl_stubs.c:276:18: warning: assignment makes pointer from integer without a cast [-Wint-conversion]
#            method = SSLv3_client_method();
#                   ^
# ssl_stubs.c:280:20: warning: implicit declaration of function 'SSLv3_server_method' [-Wimplicit-function-declaration]
#            method = SSLv3_server_method();
#                     ^~~~~~~~~~~~~~~~~~~
# ssl_stubs.c:280:18: warning: assignment makes pointer from integer without a cast [-Wint-conversion]
#            method = SSLv3_server_method();
#                   ^
# ssl_stubs.c:284:20: warning: implicit declaration of function 'SSLv3_method' [-Wimplicit-function-declaration]
#            method = SSLv3_method();
#                     ^~~~~~~~~~~~
# ssl_stubs.c:284:18: warning: assignment makes pointer from integer without a cast [-Wint-conversion]
#            method = SSLv3_method();
#                   ^
# ssl_stubs.c:293:11: warning: 'TLSv1_client_method' is deprecated [-Wdeprecated-declarations]
#            method = TLSv1_client_method();
#            ^~~~~~
# In file included from /usr/include/openssl/ct.h:13:0,
#                  from /usr/include/openssl/ssl.h:61,
#                  from ssl_stubs.c:47:
# /usr/include/openssl/ssl.h:1614:1: note: declared here
#  DEPRECATEDIN_1_1_0(__owur const SSL_METHOD *TLSv1_client_method(void)) /* TLSv1.0 */
#  ^
# ssl_stubs.c:297:11: warning: 'TLSv1_server_method' is deprecated [-Wdeprecated-declarations]
#            method = TLSv1_server_method();
#            ^~~~~~
# In file included from /usr/include/openssl/ct.h:13:0,
#                  from /usr/include/openssl/ssl.h:61,
#                  from ssl_stubs.c:47:
# /usr/include/openssl/ssl.h:1613:1: note: declared here
#  DEPRECATEDIN_1_1_0(__owur const SSL_METHOD *TLSv1_server_method(void)) /* TLSv1.0 */
#  ^
# ssl_stubs.c:301:11: warning: 'TLSv1_method' is deprecated [-Wdeprecated-declarations]
#            method = TLSv1_method();
#            ^~~~~~
# In file included from /usr/include/openssl/ct.h:13:0,
#                  from /usr/include/openssl/ssl.h:61,
#                  from ssl_stubs.c:47:
# /usr/include/openssl/ssl.h:1612:1: note: declared here
#  DEPRECATEDIN_1_1_0(__owur const SSL_METHOD *TLSv1_method(void)) /* TLSv1.0 */
#  ^
# ssl_stubs.c: In function 'ocaml_ssl_get_cipher_version':
# ssl_stubs.c:571:11: warning: assignment discards 'const' qualifier from pointer target type [-Wdiscarded-qualifiers]
#    version = SSL_CIPHER_get_version(cipher);
#            ^
# ssl_stubs.c: In function 'client_verify_callback':
# ssl_stubs.c:955:14: error: dereferencing pointer to incomplete type 'X509_STORE_CTX {aka struct x509_store_ctx_st}'
#    depth = ctx->error_depth;
#               ^~
# At top level:
# ssl_stubs.c:195:13: warning: 'dyn_destroy_function' defined but not used [-Wunused-function]
#  static void dyn_destroy_function(struct CRYPTO_dynlock_value *l, const char *file, int line)
#              ^~~~~~~~~~~~~~~~~~~~
# ssl_stubs.c:187:13: warning: 'dyn_lock_function' defined but not used [-Wunused-function]
#  static void dyn_lock_function(int mode, struct CRYPTO_dynlock_value *l, const char *file, int line)
#              ^~~~~~~~~~~~~~~~~
# ssl_stubs.c:175:37: warning: 'dyn_create_function' defined but not used [-Wunused-function]
#  static struct CRYPTO_dynlock_value *dyn_create_function(const char *file, int line)
#                                      ^~~~~~~~~~~~~~~~~~~
# ssl_stubs.c:170:22: warning: 'id_function' defined but not used [-Wunused-function]
#  static unsigned long id_function(void)
#                       ^~~~~~~~~~~
# ssl_stubs.c:162:13: warning: 'locking_function' defined but not used [-Wunused-function]
#  static void locking_function(int mode, int n, const char *file, int line)
#              ^~~~~~~~~~~~~~~~
# OCamlMakefile:1013: recipe for target 'ssl_stubs.o' failed
# make[4]: *** [ssl_stubs.o] Error 2
# make[4]: Leaving directory '/home/opam/.opam/4.03/.opam-switch/build/ssl.0.4.6/src'
# OCamlMakefile:716: recipe for target 'byte-code-library' failed
# make[3]: *** [byte-code-library] Error 2
# make[3]: Leaving directory '/home/opam/.opam/4.03/.opam-switch/build/ssl.0.4.6/src'
# OCamlMakefile:1093: recipe for target 'subproj_ssl' failed
# make[2]: *** [subproj_ssl] Error 2
# make[2]: Leaving directory '/home/opam/.opam/4.03/.opam-switch/build/ssl.0.4.6/src'
# Makefile:68: recipe for target 'bcl' failed
# make[1]: *** [bcl] Error 2
# make[1]: Leaving directory '/home/opam/.opam/4.03/.opam-switch/build/ssl.0.4.6/src'
# Makefile:9: recipe for target 'all' failed
# make: *** [all] Error 2



<><> Error report <><><><><><><><><><><><><><><><><><><><><><><><><><><><><><><>
+- The following actions failed
| - build ssl 0.4.6
+- 
- No changes have been performed

The packages you requested declare the following system dependencies. Please make sure they are installed before retrying:
    libssl-dev

# Run eval $(opam env) to update the current shell environment
31 1532319154 1532319174