$ opam depext -iy -j 2 mariadb.0.5.1
# Detecting depexts using vars: arch=x86_64, os=linux, os-distribution=fedora, os-family=fedora
# The following system packages are needed:
libffi-devel
m4
pkgconfig
package libffi-devel is not installed
Name        : m4
Version     : 1.4.18
Release     : 6.fc28
Architecture: x86_64
Install Date: Wed Aug 29 20:04:49 2018
Group       : Applications/Text
Size        : 372272
License     : GPLv3+
Signature   : RSA/SHA256, Sun Feb 25 11:01:47 2018, Key ID e08e7e629db62fb1
Source RPM  : m4-1.4.18-6.fc28.src.rpm
Build Date  : Sun Feb 25 10:58:14 2018
Build Host  : buildvm-25.phx2.fedoraproject.org
Relocations : (not relocatable)
Packager    : Fedora Project
Vendor      : Fedora Project
URL         : http://www.gnu.org/software/m4/
Bug URL     : https://bugz.fedoraproject.org/m4
Summary     : The GNU macro processor
Description :
A GNU implementation of the traditional UNIX macro processor.  M4 is
useful for writing text files which can be logically parsed, and is used
by many programs as part of their build process.  M4 has built-in
functions for including files, running shell commands, doing arithmetic,
etc.  The autoconf program needs m4 for generating configure scripts, but
not for running configure scripts.

Install m4 if you need a macro processor.
package pkgconfig is not installed
# The following new OS packages need to be installed: libffi-devel pkgconfig
The following command needs to be run through "sudo":
    yum install -y libffi-devel pkgconfig
Last metadata expiration check: 2:19:15 ago on Wed Aug 29 20:04:24 2018.
Package pkgconf-pkg-config-1.4.2-1.fc28.x86_64 is already installed, skipping.
Dependencies resolved.
================================================================================
 Package              Arch           Version               Repository      Size
================================================================================
Installing:
 libffi-devel         x86_64         3.1-16.fc28           fedora          27 k

Transaction Summary
================================================================================
Install  1 Package

Total download size: 27 k
Installed size: 27 k
Downloading Packages:
libffi-devel-3.1-16.fc28.x86_64.rpm             350 kB/s |  27 kB     00:00    
--------------------------------------------------------------------------------
Total                                           108 kB/s |  27 kB     00:00     
Running transaction check
Transaction check succeeded.
Running transaction test
Transaction test succeeded.
Running transaction
  Preparing        :                                                        1/1 
  Installing       : libffi-devel-3.1-16.fc28.x86_64                        1/1 
  Running scriptlet: libffi-devel-3.1-16.fc28.x86_64                        1/1 
install-info: No such file or directory for /usr/share/info/libffi.info.gz
  Verifying        : libffi-devel-3.1-16.fc28.x86_64                        1/1 

Installed:
  libffi-devel.x86_64 3.1-16.fc28                                               

Complete!
The following command needs to be run through "sudo":
    rpm -q --whatprovides libffi-devel pkgconfig
libffi-devel-3.1-16.fc28.x86_64
pkgconf-pkg-config-1.4.2-1.fc28.x86_64
# OS packages installation successful
# Now letting OPAM install the packages
The following actions will be performed:
  - install result          1.3    [required by topkg]
  - install base-bytes      base   [required by ctypes]
  - install ocamlbuild      0.12.0 [required by mariadb]
  - install conf-pkg-config 1.1    [required by ctypes]
  - install ctypes-foreign  0.4.0  [required by mariadb]
  - install topkg           0.9.1  [required by integers]
  - install integers        0.2.2  [required by ctypes]
  - install ctypes          0.14.0 [required by mariadb]
  - install mariadb         0.5.1
===== 9 to install =====

<><> Gathering sources ><><><><><><><><><><><><><><><><><><><><><><><><><><><><>
[ctypes.0.14.0] found in cache
[integers.0.2.2] found in cache
[mariadb.0.5.1] found in cache
[ocamlbuild.0.12.0] found in cache
[result.1.3] found in cache
[topkg.0.9.1] found in cache

<><> Processing actions <><><><><><><><><><><><><><><><><><><><><><><><><><><><>
-> installed base-bytes.base
-> installed conf-pkg-config.1.1
-> installed ctypes-foreign.0.4.0
-> installed result.1.3
-> installed ocamlbuild.0.12.0
-> installed topkg.0.9.1
-> installed integers.0.2.2
-> installed ctypes.0.14.0
[ERROR] The compilation of mariadb failed at "/usr/bin/make".

#=== ERROR while compiling mariadb.0.5.1 ======================================#
# context              2.0.0 | linux/x86_64 | ocaml-base-compiler.4.06.1 | git+file:///home/opam/opam-repository
# path                 ~/.opam/4.06/.opam-switch/build/mariadb.0.5.1
# command              /usr/bin/make
# exit-code            2
# env-file             ~/.opam/log/mariadb-10-3e450d.env
# output-file          ~/.opam/log/mariadb-10-3e450d.out
### output ###
# ocaml setup.ml -build 
# W: Cannot find source file matching module 'Ffi_generated' in library mariadb
# W: Cannot find source file matching module 'Ffi_generated_types' in library mariadb
# ocamlfind ocamlopt unix.cmxa -I /home/opam/.opam/4.06/lib/ocamlbuild /home/opam/.opam/4.06/lib/ocamlbuild/ocamlbuildlib.cmxa -linkpkg myocamlbuild.ml /home/opam/.opam/4.06/lib/ocamlbuild/ocamlbuild.cmx -o myocamlbuild
# /home/opam/.opam/4.06/bin/ocamlfind ocamldep -package ctypes.stubs -package ctypes.foreign -modules bindings/ffi_bindings.ml > bindings/ffi_bindings.ml.depends
# /home/opam/.opam/4.06/bin/ocamlfind ocamlc -c -g -annot -bin-annot -warn-error +1..45 -package ctypes.stubs -package ctypes.foreign -I bindings -o bindings/ffi_bindings.cmo bindings/ffi_bindings.ml
# /home/opam/.opam/4.06/bin/ocamlfind ocamlc -a -warn-error +1..45 -I bindings bindings/ffi_bindings.cmo -o bindings/mariadb_bindings.cma
# /home/opam/.opam/4.06/bin/ocamlfind ocamlopt -c -g -annot -bin-annot -warn-error +1..45 -package ctypes.stubs -package ctypes.foreign -I bindings -o bindings/ffi_bindings.cmx bindings/ffi_bindings.ml
# /home/opam/.opam/4.06/bin/ocamlfind ocamlopt -a -warn-error +1..45 -I bindings bindings/ffi_bindings.cmx -o bindings/mariadb_bindings.cmxa
# /home/opam/.opam/4.06/bin/ocamlfind ocamlopt -shared -I bindings bindings/mariadb_bindings.cmxa bindings/ffi_bindings.cmx -o bindings/mariadb_bindings.cmxs
# /home/opam/.opam/4.06/bin/ocamlfind ocamldep -package ctypes.stubs -package ctypes.foreign -modules stubgen/ffi_stubgen.ml > stubgen/ffi_stubgen.ml.depends
# /home/opam/.opam/4.06/bin/ocamlfind ocamlc -c -g -annot -bin-annot -I bindings -warn-error +1..45 -warn-error +1..45 -package ctypes.stubs -package ctypes.foreign -I stubgen -I bindings -o stubgen/ffi_stubgen.cmo stubgen/ffi_stubgen.ml
# /home/opam/.opam/4.06/bin/ocamlfind ocamlc -linkpkg -g -warn-error +1..45 -linkpkg -package ctypes.stubs -package ctypes.foreign -I bindings -I stubgen bindings/mariadb_bindings.cma stubgen/ffi_stubgen.cmo -o stubgen/ffi_stubgen.byte
# stubgen/ffi_stubgen.byte -c > lib/ffi_generated_stubs.c
# /home/opam/.opam/4.06/bin/ocamlfind ocamlc -g -I lib -package ctypes -ccopt -I -ccopt /home/opam/.opam/4.06/lib/ctypes -package unix -package ctypes.stubs -package ctypes.foreign -c lib/ffi_generated_stubs.c
# + /home/opam/.opam/4.06/bin/ocamlfind ocamlc -g -I lib -package ctypes -ccopt -I -ccopt /home/opam/.opam/4.06/lib/ctypes -package unix -package ctypes.stubs -package ctypes.foreign -c lib/ffi_generated_stubs.c
# lib/ffi_generated_stubs.c:1:10: fatal error: mysql/mysql.h: No such file or directory
#  #include <mysql/mysql.h>
#           ^~~~~~~~~~~~~~~
# compilation terminated.
# Command exited with code 2.
# E: Failure("Command ''/home/opam/.opam/4.06/bin/ocamlbuild' bindings/mariadb_bindings.cma bindings/mariadb_bindings.cmxa bindings/mariadb_bindings.a bindings/mariadb_bindings.cmxs lib/libmariadb_stubs.a lib/dllmariadb_stubs.so lib/mariadb.cma lib/mariadb.cmxa lib/mariadb.a lib/mariadb.cmxs stubgen/ffi_stubgen.byte stubgen/ffi_types_stubgen.byte examples/select/nonblocking_select_example.native examples/blocking/blocking_example.native -use-ocamlfind -tag debug' terminated with error code 10")
# make: *** [Makefile:7: build] Error 1



<><> Error report <><><><><><><><><><><><><><><><><><><><><><><><><><><><><><><>
+- The following actions failed
| - build mariadb 0.5.1
+- 
+- The following changes have been performed
| - install base-bytes      base
| - install conf-pkg-config 1.1
| - install ctypes          0.14.0
| - install ctypes-foreign  0.4.0
| - install integers        0.2.2
| - install ocamlbuild      0.12.0
| - install result          1.3
| - install topkg           0.9.1
+- 
# Run eval $(opam env) to update the current shell environment

The former state can be restored with:
    opam switch import "/home/opam/.opam/4.06/.opam-switch/backup/state-20180829222344.export"
31 1535581414 1535581465