$ opam depext -iy -j 2 conf-snappy.1
# Detecting depexts using vars: arch=x86_64, os=linux, os-distribution=alpine, os-family=alpine
# The following system packages are needed:
pkgconfig
pkgconf
# All required OS packages found.
# Now letting OPAM install the packages
The following actions will be performed:
  - install conf-pkg-config 1.1 [required by conf-snappy]
  - install conf-snappy     1
===== 2 to install =====

<><> Gathering sources ><><><><><><><><><><><><><><><><><><><><><><><><><><><><>

<><> Processing actions <><><><><><><><><><><><><><><><><><><><><><><><><><><><>
-> installed conf-pkg-config.1.1
[ERROR] The compilation of conf-snappy failed at "/usr/bin/c++ test.cpp -lsnappy".

#=== ERROR while compiling conf-snappy.1 ======================================#
# context              2.0.0~rc3 | linux/x86_64 | ocaml-base-compiler.4.06.1 | git+file:///home/opam/opam-repository
# path                 ~/.opam/4.06/.opam-switch/build/conf-snappy.1
# command              /usr/bin/c++ test.cpp -lsnappy
# exit-code            1
# env-file             ~/.opam/log/conf-snappy-14-5f1023.env
# output-file          ~/.opam/log/conf-snappy-14-5f1023.out
### output ###
# test.cpp:1:20: fatal error: snappy.h: No such file or directory
#  #include <snappy.h>
#                     ^
# compilation terminated.



<><> Error report <><><><><><><><><><><><><><><><><><><><><><><><><><><><><><><>
+- The following actions failed
| - build conf-snappy 1
+- 
+- The following changes have been performed
| - install conf-pkg-config 1.1
+- 
# Run eval $(opam env) to update the current shell environment

The former state can be restored with:
    opam switch import "/home/opam/.opam/4.06/.opam-switch/backup/state-20180722123848.export"
31 1532263126 1532263131