$ opam depext -iy -j 2 npy.0.0.4
# Detecting depexts using vars: arch=x86_64, os=linux, os-distribution=alpine, os-family=alpine
# The following system packages are needed:
m4
zlib-dev
m4
# The following new OS packages need to be installed: zlib-dev
The following command needs to be run through "sudo":
    apk add zlib-dev
fetch http://dl-cdn.alpinelinux.org/alpine/v3.7/main/x86_64/APKINDEX.tar.gz
fetch http://dl-cdn.alpinelinux.org/alpine/v3.7/community/x86_64/APKINDEX.tar.gz
(1/1) Installing zlib-dev (1.2.11-r1)
OK: 204 MiB in 74 packages
# OS packages installation successful
# Now letting OPAM install the packages
The following actions will be performed:
  - install camlzip    1.07   [required by npy]
  - install ocamlbuild 0.12.0 [required by npy]
  - install npy        0.0.4
===== 3 to install =====

<><> Gathering sources ><><><><><><><><><><><><><><><><><><><><><><><><><><><><>
[camlzip.1.07] found in cache
[npy.0.0.4] found in cache
[ocamlbuild.0.12.0] found in cache

<><> Processing actions <><><><><><><><><><><><><><><><><><><><><><><><><><><><>
-> installed camlzip.1.07
-> installed ocamlbuild.0.12.0
[ERROR] The compilation of npy failed at "/usr/bin/make npy.lib".

#=== ERROR while compiling npy.0.0.4 ==========================================#
# context              2.0.0~rc3 | linux/x86_64 | ocaml-base-compiler.4.06.1 | git+file:///home/opam/opam-repository
# path                 ~/.opam/4.06/.opam-switch/build/npy.0.0.4
# command              /usr/bin/make npy.lib
# exit-code            2
# env-file             ~/.opam/log/npy-13-06fa5f.env
# output-file          ~/.opam/log/npy-13-06fa5f.out
### output ###
# ocamlbuild npy.cmxa npy.cma npy.cmxs npy.cmx
# /home/opam/.opam/4.06/bin/ocamlopt.opt unix.cmxa -I /home/opam/.opam/4.06/lib/ocamlbuild /home/opam/.opam/4.06/lib/ocamlbuild/ocamlbuildlib.cmxa myocamlbuild.ml /home/opam/.opam/4.06/lib/ocamlbuild/ocamlbuild.cmx -o myocamlbuild
# ocamlfind ocamldep -package camlzip -modules src/npy.ml > src/npy.ml.depends
# ocamlfind ocamldep -package camlzip -modules src/npy.mli > src/npy.mli.depends
# ocamlfind ocamlc -c -for-pack Npy -warn-error A-4-29-40-41-42-44-45-48-56-58 -w A-4-29-40-41-42-44-45-48-56-58 -package camlzip -I src -o src/npy.cmi src/npy.mli
# ocamlfind ocamlopt -c -for-pack Npy -warn-error A-4-29-40-41-42-44-45-48-56-58 -w A-4-29-40-41-42-44-45-48-56-58 -package camlzip -I src -o src/npy.cmx src/npy.ml
# + ocamlfind ocamlopt -c -for-pack Npy -warn-error A-4-29-40-41-42-44-45-48-56-58 -w A-4-29-40-41-42-44-45-48-56-58 -package camlzip -I src -o src/npy.cmx src/npy.ml
# File "src/npy.ml", line 94, characters 29-40:
# Error: This expression has type string but an expression was expected of type
#          bytes
# Command exited with code 2.
# make: *** [Makefile:2: npy.lib] Error 10



<><> Error report <><><><><><><><><><><><><><><><><><><><><><><><><><><><><><><>
+- The following actions failed
| - build npy 0.0.4
+- 
+- The following changes have been performed
| - install camlzip    1.07
| - install ocamlbuild 0.12.0
+- 
# Run eval $(opam env) to update the current shell environment

The former state can be restored with:
    opam switch import "/home/opam/.opam/4.06/.opam-switch/backup/state-20180723050438.export"
31 1532322275 1532322289