$ opam depext -iy -j 2 async_ssl.v0.9.0
# Detecting depexts using vars: arch=x86_64, os=linux, os-distribution=debian, os-family=debian
# The following system packages are needed:
libssl-dev
m4
pkg-config
The following command needs to be run through "sudo":
    apt-get install -qq -yy libssl-dev m4 pkg-config
debconf: delaying package configuration, since apt-utils is not installed
Selecting previously unselected package sgml-base.
(Reading database ... (Reading database ... 5%(Reading database ... 10%(Reading database ... 15%(Reading database ... 20%(Reading database ... 25%(Reading database ... 30%(Reading database ... 35%(Reading database ... 40%(Reading database ... 45%(Reading database ... 50%(Reading database ... 55%(Reading database ... 60%(Reading database ... 65%(Reading database ... 70%(Reading database ... 75%(Reading database ... 80%(Reading database ... 85%(Reading database ... 90%(Reading database ... 95%(Reading database ... 100%(Reading database ... 17681 files and directories currently installed.)
Preparing to unpack .../00-sgml-base_1.29_all.deb ...
Unpacking sgml-base (1.29) ...
Selecting previously unselected package libicu57:amd64.
Preparing to unpack .../01-libicu57_57.1-6+deb9u2_amd64.deb ...
Unpacking libicu57:amd64 (57.1-6+deb9u2) ...
Selecting previously unselected package libxml2:amd64.
Preparing to unpack .../02-libxml2_2.9.4+dfsg1-2.2+deb9u2_amd64.deb ...
Unpacking libxml2:amd64 (2.9.4+dfsg1-2.2+deb9u2) ...
Selecting previously unselected package libglib2.0-0:amd64.
Preparing to unpack .../03-libglib2.0-0_2.50.3-2_amd64.deb ...
Unpacking libglib2.0-0:amd64 (2.50.3-2) ...
Selecting previously unselected package libglib2.0-data.
Preparing to unpack .../04-libglib2.0-data_2.50.3-2_all.deb ...
Unpacking libglib2.0-data (2.50.3-2) ...
Selecting previously unselected package libssl-dev:amd64.
Preparing to unpack .../05-libssl-dev_1.1.0f-3+deb9u2_amd64.deb ...
Unpacking libssl-dev:amd64 (1.1.0f-3+deb9u2) ...
Selecting previously unselected package libssl-doc.
Preparing to unpack .../06-libssl-doc_1.1.0f-3+deb9u2_all.deb ...
Unpacking libssl-doc (1.1.0f-3+deb9u2) ...
Selecting previously unselected package pkg-config.
Preparing to unpack .../07-pkg-config_0.29-4+b1_amd64.deb ...
Unpacking pkg-config (0.29-4+b1) ...
Selecting previously unselected package shared-mime-info.
Preparing to unpack .../08-shared-mime-info_1.8-1+deb9u1_amd64.deb ...
Unpacking shared-mime-info (1.8-1+deb9u1) ...
Selecting previously unselected package xdg-user-dirs.
Preparing to unpack .../09-xdg-user-dirs_0.15-2+b1_amd64.deb ...
Unpacking xdg-user-dirs (0.15-2+b1) ...
Selecting previously unselected package xml-core.
Preparing to unpack .../10-xml-core_0.17_all.deb ...
Unpacking xml-core (0.17) ...
Setting up libssl-dev:amd64 (1.1.0f-3+deb9u2) ...
Setting up libglib2.0-0:amd64 (2.50.3-2) ...
No schema files found: doing nothing.
Setting up sgml-base (1.29) ...
Setting up libicu57:amd64 (57.1-6+deb9u2) ...
Setting up libxml2:amd64 (2.9.4+dfsg1-2.2+deb9u2) ...
Setting up pkg-config (0.29-4+b1) ...
Setting up libglib2.0-data (2.50.3-2) ...
Processing triggers for libc-bin (2.24-11+deb9u3) ...
Setting up shared-mime-info (1.8-1+deb9u1) ...
Setting up libssl-doc (1.1.0f-3+deb9u2) ...
Setting up xml-core (0.17) ...
Setting up xdg-user-dirs (0.15-2+b1) ...
Processing triggers for sgml-base (1.29) ...
# OS packages installation successful
# Now letting OPAM install the packages
The following actions will be performed:
  - install jane-street-headers     v0.9.0 [required by core_kernel]
  - install spawn                   v0.9.0 [required by core]
  - install re                      1.7.3  [required by ppx_expect]
  - install base-bytes              base   [required by ctypes]
  - install ocaml-compiler-libs     v0.9.0 [required by ppx_core]
  - install conf-pkg-config         1.1    [required by conf-openssl, ctypes]
  - install octavius                1.2.0  [required by ppx_js_style]
  - install ppx_derivers            1.0    [required by ppx_type_conv]
  - install result                  1.3    [required by topkg]
  - install base-num                base   [required by num]
  - install ocamlbuild              0.12.0 [required by integers]
  - install ppx_traverse_builtins   v0.9.0 [required by ppx_core, ppx_metaquot]
  - install conf-openssl            1      [required by async_ssl]
  - install ocaml-migrate-parsetree 1.0.11 [required by async_ssl]
  - install num                     0      [required by core_kernel]
  - install topkg                   0.9.1  [required by integers]
  - install ppx_ast                 v0.9.1 [required by ppx_core]
  - install sexplib                 v0.9.2 [required by core_kernel, core]
  - install integers                0.2.2  [required by ctypes]
  - install base                    v0.9.3 [required by async_ssl]
  - install ctypes                  0.14.0 [required by async_ssl]
  - install typerep                 v0.9.0 [required by core_kernel]
  - install stdio                   v0.9.0 [required by async_ssl]
  - install ppx_core                v0.9.0 [required by ppx_assert, ppx_inline_test]
  - install ppx_optcomp             v0.9.0 [required by ppx_driver]
  - install ppx_driver              v0.9.1 [required by async_ssl]
  - install variantslib             v0.9.0 [required by core_kernel]
  - install ppx_metaquot            v0.9.0 [required by ppx_assert, ppx_inline_test]
  - install ppx_let                 v0.9.0 [required by ppx_jane]
  - install ppx_here                v0.9.1 [required by ppx_assert, ppx_jane]
  - install fieldslib               v0.9.0 [required by core_kernel]
  - install ppx_type_conv           v0.9.1 [required by ppx_assert]
  - install ppx_pipebang            v0.9.0 [required by ppx_jane]
  - install ppx_optional            v0.9.0 [required by ppx_jane]
  - install ppx_js_style            v0.9.0 [required by ppx_base]
  - install ppx_inline_test         v0.9.2 [required by core_kernel]
  - install ppx_fail                v0.9.0 [required by ppx_jane]
  - install ppx_variants_conv       v0.9.0 [required by bin_prot, ppx_jane]
  - install ppx_typerep_conv        v0.9.0 [required by ppx_jane]
  - install ppx_traverse            v0.9.0 [required by ppx_custom_printf, ppx_expect]
  - install ppx_sexp_conv           v0.9.0 [required by core_kernel]
  - install ppx_fields_conv         v0.9.0 [required by bin_prot, ppx_jane]
  - install ppx_enumerate           v0.9.0 [required by ppx_base]
  - install ppx_compare             v0.9.0 [required by bin_prot, ppx_assert]
  - install ppx_bench               v0.9.1 [required by ppx_jane]
  - install ppx_sexp_value          v0.9.0 [required by ppx_jane]
  - install ppx_sexp_message        v0.9.0 [required by core_kernel]
  - install ppx_custom_printf       v0.9.0 [required by bin_prot, ppx_jane]
  - install ppx_hash                v0.9.0 [required by core_kernel]
  - install ppx_assert              v0.9.0 [required by core_kernel, core]
  - install bin_prot                v0.9.1 [required by core_kernel]
  - install ppx_base                v0.9.0 [required by core_kernel]
  - install ppx_expect              v0.9.0 [required by ppx_jane]
  - install ppx_bin_prot            v0.9.0 [required by ppx_jane]
  - install configurator            v0.9.1 [required by async_ssl]
  - install ppx_jane                v0.9.0 [required by async_ssl]
  - install core_kernel             v0.9.0 [required by async_kernel, async_rpc_kernel]
  - install core                    v0.9.1 [required by async_ssl]
  - install async_kernel            v0.9.0 [required by async]
  - install async_unix              v0.9.0 [required by async]
  - install async_rpc_kernel        v0.9.0 [required by async_extra]
  - install async_extra             v0.9.0 [required by async]
  - install async                   v0.9.0 [required by async_ssl]
  - install async_ssl               v0.9.0
===== 64 to install =====

<><> Gathering sources ><><><><><><><><><><><><><><><><><><><><><><><><><><><><>
[async.v0.9.0] found in cache
[async_extra.v0.9.0] found in cache
[async_kernel.v0.9.0] found in cache
[async_rpc_kernel.v0.9.0] found in cache
[async_ssl.v0.9.0] found in cache
[async_unix.v0.9.0] found in cache
[base.v0.9.3] found in cache
[bin_prot.v0.9.1] found in cache
[configurator.v0.9.1] found in cache
[core.v0.9.1] found in cache
[core_kernel.v0.9.0] found in cache
[ctypes.0.14.0] found in cache
[fieldslib.v0.9.0] found in cache
[integers.0.2.2] found in cache
[jane-street-headers.v0.9.0] found in cache
[ocaml-compiler-libs.v0.9.0] found in cache
[ocaml-migrate-parsetree.1.0.11] found in cache
[ocamlbuild.0.12.0] found in cache
[octavius.1.2.0] found in cache
[ppx_assert.v0.9.0] found in cache
[ppx_ast.v0.9.1] found in cache
[ppx_base.v0.9.0] found in cache
[ppx_bench.v0.9.1] found in cache
[ppx_bin_prot.v0.9.0] found in cache
[ppx_compare.v0.9.0] found in cache
[ppx_core.v0.9.0] found in cache
[ppx_custom_printf.v0.9.0] found in cache
[ppx_derivers.1.0] found in cache
[ppx_driver.v0.9.1] found in cache
[ppx_enumerate.v0.9.0] found in cache
[ppx_expect.v0.9.0] found in cache
[ppx_fail.v0.9.0] found in cache
[ppx_fields_conv.v0.9.0] found in cache
[ppx_hash.v0.9.0] found in cache
[ppx_here.v0.9.1] found in cache
[ppx_inline_test.v0.9.2] found in cache
[ppx_jane.v0.9.0] found in cache
[ppx_js_style.v0.9.0] found in cache
[ppx_let.v0.9.0] found in cache
[ppx_metaquot.v0.9.0] found in cache
[ppx_optcomp.v0.9.0] found in cache
[ppx_optional.v0.9.0] found in cache
[ppx_pipebang.v0.9.0] found in cache
[ppx_sexp_conv.v0.9.0] found in cache
[ppx_sexp_message.v0.9.0] found in cache
[ppx_sexp_value.v0.9.0] found in cache
[ppx_traverse.v0.9.0] found in cache
[ppx_traverse_builtins.v0.9.0] found in cache
[ppx_type_conv.v0.9.1] found in cache
[ppx_typerep_conv.v0.9.0] found in cache
[ppx_variants_conv.v0.9.0] found in cache
[re.1.7.3] found in cache
[result.1.3] found in cache
[sexplib.v0.9.2] found in cache
[spawn.v0.9.0] found in cache
[stdio.v0.9.0] found in cache
[topkg.0.9.1] found in cache
[typerep.v0.9.0] found in cache
[variantslib.v0.9.0] found in cache

<><> Processing actions <><><><><><><><><><><><><><><><><><><><><><><><><><><><>
-> installed base-bytes.base
-> installed base-num.base
-> installed conf-pkg-config.1.1
-> installed conf-openssl.1
-> installed jane-street-headers.v0.9.0
-> installed num.0
-> installed ocaml-compiler-libs.v0.9.0
-> installed ocamlbuild.0.12.0
-> installed octavius.1.2.0
-> installed ppx_derivers.1.0
-> installed ppx_traverse_builtins.v0.9.0
-> installed re.1.7.3
-> installed result.1.3
-> installed ocaml-migrate-parsetree.1.0.11
-> installed sexplib.v0.9.2
-> installed ppx_ast.v0.9.1
-> installed spawn.v0.9.0
-> installed topkg.0.9.1
-> installed integers.0.2.2
-> installed base.v0.9.3
-> installed ctypes.0.14.0
-> installed stdio.v0.9.0
-> installed typerep.v0.9.0
-> installed ppx_core.v0.9.0
-> installed ppx_optcomp.v0.9.0
-> installed ppx_driver.v0.9.1
-> installed fieldslib.v0.9.0
-> installed ppx_here.v0.9.1
-> installed ppx_let.v0.9.0
-> installed ppx_metaquot.v0.9.0
-> installed ppx_fail.v0.9.0
-> installed ppx_inline_test.v0.9.2
-> installed ppx_js_style.v0.9.0
-> installed ppx_optional.v0.9.0
-> installed ppx_pipebang.v0.9.0
-> installed ppx_type_conv.v0.9.1
-> installed ppx_bench.v0.9.1
-> installed ppx_compare.v0.9.0
-> installed ppx_enumerate.v0.9.0
-> installed ppx_fields_conv.v0.9.0
-> installed ppx_sexp_conv.v0.9.0
-> installed ppx_assert.v0.9.0
-> installed ppx_hash.v0.9.0
-> installed ppx_sexp_message.v0.9.0
-> installed ppx_sexp_value.v0.9.0
-> installed ppx_traverse.v0.9.0
-> installed ppx_base.v0.9.0
-> installed configurator.v0.9.1
-> installed ppx_typerep_conv.v0.9.0
-> installed variantslib.v0.9.0
-> installed ppx_custom_printf.v0.9.0
-> installed ppx_variants_conv.v0.9.0
-> installed bin_prot.v0.9.1
-> installed ppx_expect.v0.9.0
-> installed ppx_bin_prot.v0.9.0
-> installed ppx_jane.v0.9.0
-> installed core_kernel.v0.9.0
-> installed async_kernel.v0.9.0
-> installed async_rpc_kernel.v0.9.0
-> installed core.v0.9.1
-> installed async_unix.v0.9.0
-> installed async_extra.v0.9.0
-> installed async.v0.9.0
[ERROR] The compilation of async_ssl failed at "/home/opam/.opam/4.04/bin/jbuilder build -p async_ssl -j 71".

#=== ERROR while compiling async_ssl.v0.9.0 ===================================#
# context              2.0.0 | linux/x86_64 | ocaml-base-compiler.4.04.2 | git+file:///home/opam/opam-repository
# path                 ~/.opam/4.04/.opam-switch/build/async_ssl.v0.9.0
# command              ~/.opam/4.04/bin/jbuilder build -p async_ssl -j 71
# exit-code            1
# env-file             ~/.opam/log/async_ssl-11-d75747.env
# output-file          ~/.opam/log/async_ssl-11-d75747.out
### output ###
#         bash stubgen/ffi_ml_types_stubgen.exe (exit 1)
# (cd _build/default/stubgen && /bin/bash -e -u -o pipefail -c 'gcc -std=gnu99 -O2 -fno-strict-aliasing -fwrapv -Wall -D_FILE_OFFSET_BITS=64 -D_REENTRANT -fPIC ffi_ml_types_stubgen.c $(< ../bindings/openssl-ccopt) $(< ../bindings/openssl-cclib) -I `dirname /home/opam/.opam/4.04/lib/ctypes/ctypes_cstubs_internals.h` -I /home/opam/.opam/4.04/lib/ocaml -o ffi_ml_types_stubgen.exe')
# ffi_ml_types_stubgen.c: In function 'main':
# ffi_ml_types_stubgen.c:39:49: error: 'SSL_CTRL_OPTIONS' undeclared (first use in this function)
#       enum { check_SSL_CTRL_OPTIONS_const = (int)SSL_CTRL_OPTIONS };
#                                                  ^~~~~~~~~~~~~~~~
# ffi_ml_types_stubgen.c:39:49: note: each undeclared identifier is reported only once for each function it appears in



<><> Error report <><><><><><><><><><><><><><><><><><><><><><><><><><><><><><><>
+- The following actions failed
| - build async_ssl v0.9.0
+- 
+- The following changes have been performed
| - install async                   v0.9.0
| - install async_extra             v0.9.0
| - install async_kernel            v0.9.0
| - install async_rpc_kernel        v0.9.0
| - install async_unix              v0.9.0
| - install base                    v0.9.3
| - install base-bytes              base
| - install base-num                base
| - install bin_prot                v0.9.1
| - install conf-openssl            1
| - install conf-pkg-config         1.1
| - install configurator            v0.9.1
| - install core                    v0.9.1
| - install core_kernel             v0.9.0
| - install ctypes                  0.14.0
| - install fieldslib               v0.9.0
| - install integers                0.2.2
| - install jane-street-headers     v0.9.0
| - install num                     0
| - install ocaml-compiler-libs     v0.9.0
| - install ocaml-migrate-parsetree 1.0.11
| - install ocamlbuild              0.12.0
| - install octavius                1.2.0
| - install ppx_assert              v0.9.0
| - install ppx_ast                 v0.9.1
| - install ppx_base                v0.9.0
| - install ppx_bench               v0.9.1
| - install ppx_bin_prot            v0.9.0
| - install ppx_compare             v0.9.0
| - install ppx_core                v0.9.0
| - install ppx_custom_printf       v0.9.0
| - install ppx_derivers            1.0
| - install ppx_driver              v0.9.1
| - install ppx_enumerate           v0.9.0
| - install ppx_expect              v0.9.0
| - install ppx_fail                v0.9.0
| - install ppx_fields_conv         v0.9.0
| - install ppx_hash                v0.9.0
| - install ppx_here                v0.9.1
| - install ppx_inline_test         v0.9.2
| - install ppx_jane                v0.9.0
| - install ppx_js_style            v0.9.0
| - install ppx_let                 v0.9.0
| - install ppx_metaquot            v0.9.0
| - install ppx_optcomp             v0.9.0
| - install ppx_optional            v0.9.0
| - install ppx_pipebang            v0.9.0
| - install ppx_sexp_conv           v0.9.0
| - install ppx_sexp_message        v0.9.0
| - install ppx_sexp_value          v0.9.0
| - install ppx_traverse            v0.9.0
| - install ppx_traverse_builtins   v0.9.0
| - install ppx_type_conv           v0.9.1
| - install ppx_typerep_conv        v0.9.0
| - install ppx_variants_conv       v0.9.0
| - install re                      1.7.3
| - install result                  1.3
| - install sexplib                 v0.9.2
| - install spawn                   v0.9.0
| - install stdio                   v0.9.0
| - install topkg                   0.9.1
| - install typerep                 v0.9.0
| - install variantslib             v0.9.0
+- 
# Run eval $(opam env) to update the current shell environment

The former state can be restored with:
    opam switch import "/home/opam/.opam/4.04/.opam-switch/backup/state-20180808211813.export"
31 1533763084 1533763328