$ opam depext -iy -j 2 opam-installext.1.0.1
# Detecting depexts using vars: arch=x86_64, os=linux, os-distribution=opensuse, os-family=suse
# No extra OS packages requirements found.
# Now letting OPAM install the packages
The following actions will be performed:
  - install opam-installext 1.0.1

<><> Gathering sources ><><><><><><><><><><><><><><><><><><><><><><><><><><><><>
[opam-installext.1.0.1] found in cache

<><> Processing actions <><><><><><><><><><><><><><><><><><><><><><><><><><><><>
[ERROR] The compilation of opam-installext failed at "/usr/bin/make".

#=== ERROR while compiling opam-installext.1.0.1 ==============================#
# context              2.0.0 | linux/x86_64 | ocaml-base-compiler.4.06.1 | git+file:///home/opam/opam-repository
# path                 ~/.opam/4.06/.opam-switch/build/opam-installext.1.0.1
# command              /usr/bin/make
# exit-code            2
# env-file             ~/.opam/log/opam-installext-11-05296d.env
# output-file          ~/.opam/log/opam-installext-11-05296d.out
### output ###
# ./configure
# Detected Linux kernel.
# Unknown Linux distribution, and no lsb-release or similar found.
# Please submit a bug report or patch at:
# https://github.com/ocaml/opam-installext/issues
# Makefile:16: recipe for target 'opam-installext' failed
# make: *** [opam-installext] Error 1



<><> Error report <><><><><><><><><><><><><><><><><><><><><><><><><><><><><><><>
+- The following actions failed
| - build opam-installext 1.0.1
+- 
- No changes have been performed

<><> opam-installext.1.0.1 troubleshooting ><><><><><><><><><><><><><><><><><><>
=> installext is deprecated. Please `opam install depext` instead.
# Run eval $(opam env) to update the current shell environment
31 1535873611 1535873666