$ opam depext -iy -j 2 curses.1.0.3
# Detecting depexts using vars: arch=x86_64, os=linux, os-distribution=ubuntu, os-family=debian
# The following system packages are needed:
libncurses-dev
m4
The following command needs to be run through "sudo":
    apt-get install -qq -yy libncurses-dev m4
debconf: delaying package configuration, since apt-utils is not installed
Selecting previously unselected package libtinfo-dev:amd64.
(Reading database ... (Reading database ... 5%(Reading database ... 10%(Reading database ... 15%(Reading database ... 20%(Reading database ... 25%(Reading database ... 30%(Reading database ... 35%(Reading database ... 40%(Reading database ... 45%(Reading database ... 50%(Reading database ... 55%(Reading database ... 60%(Reading database ... 65%(Reading database ... 70%(Reading database ... 75%(Reading database ... 80%(Reading database ... 85%(Reading database ... 90%(Reading database ... 95%(Reading database ... 100%(Reading database ... 15325 files and directories currently installed.)
Preparing to unpack .../libtinfo-dev_6.1-1ubuntu1.18.04_amd64.deb ...
Unpacking libtinfo-dev:amd64 (6.1-1ubuntu1.18.04) ...
Selecting previously unselected package libncurses5-dev:amd64.
Preparing to unpack .../libncurses5-dev_6.1-1ubuntu1.18.04_amd64.deb ...
Unpacking libncurses5-dev:amd64 (6.1-1ubuntu1.18.04) ...
Setting up libtinfo-dev:amd64 (6.1-1ubuntu1.18.04) ...
Setting up libncurses5-dev:amd64 (6.1-1ubuntu1.18.04) ...
# OS packages installation successful
# Now letting OPAM install the packages
The following actions will be performed:
  - install curses 1.0.3

<><> Gathering sources ><><><><><><><><><><><><><><><><><><><><><><><><><><><><>
[curses.1.0.3] found in cache

<><> Processing actions <><><><><><><><><><><><><><><><><><><><><><><><><><><><>
[ERROR] The compilation of curses failed at "/home/opam/.opam/4.06/.opam-switch/build/curses.1.0.3/./configure --enable-widec".

#=== ERROR while compiling curses.1.0.3 =======================================#
# context              2.0.0 | linux/x86_64 | ocaml-base-compiler.4.06.1 | git+file:///home/opam/opam-repository
# path                 ~/.opam/4.06/.opam-switch/build/curses.1.0.3
# command              ~/.opam/4.06/.opam-switch/build/curses.1.0.3/./configure --enable-widec
# exit-code            1
# env-file             ~/.opam/log/curses-13-05296d.env
# output-file          ~/.opam/log/curses-13-05296d.out
### output ###
# checking for gcc... gcc
# checking whether the C compiler works... yes
# checking for C compiler default output file name... a.out
# checking for suffix of executables... 
# checking whether we are cross compiling... no
# checking for suffix of object files... o
# checking whether we are using the GNU C compiler... yes
# checking whether gcc accepts -g... yes
# checking for gcc option to accept ISO C89... none needed
# checking whether gcc and cc understand -c and -o together... yes
# checking for ranlib... ranlib
# checking how to run the C preprocessor... gcc -E
# checking for grep that handles long lines and -e... /bin/grep
# checking for egrep... /bin/grep -E
# checking for ANSI C header files... yes
# checking for sys/types.h... yes
# checking for sys/stat.h... yes
# checking for stdlib.h... yes
# checking for string.h... yes
# checking for memory.h... yes
# checking for strings.h... yes
# checking for inttypes.h... yes
# checking for stdint.h... yes
# checking for unistd.h... yes
# checking termios.h usability... yes
# checking termios.h presence... yes
# checking for termios.h... yes
# checking sys/ioctl.h usability... yes
# checking sys/ioctl.h presence... yes
# checking for sys/ioctl.h... yes
# checking windows.h usability... no
# checking windows.h presence... no
# checking for windows.h... no
# checking for working ncurses library... found in -lncurses
# checking for term.h... configure: error: not found



<><> Error report <><><><><><><><><><><><><><><><><><><><><><><><><><><><><><><>
+- The following actions failed
| - build curses 1.0.3
+- 
- No changes have been performed

The packages you requested declare the following system dependencies. Please make sure they are installed before retrying:
    libncurses-dev

# Run eval $(opam env) to update the current shell environment
31 1533787397 1533787410