$ opam depext -iy -j 2 testrunner.0.1.0
# Detecting depexts using vars: arch=x86_64, os=linux, os-distribution=debian, os-family=debian
# The following system packages are needed:
debianutils
m4
# All required OS packages found.
# Now letting OPAM install the packages
The following actions will be performed:
  - install easy-format             1.3.1      [required by yojson]
  - install result                  1.3        [required by lwt]
  - install re                      1.7.3      [required by testrunner]
  - install conf-which              1          [required by biniou]
  - install base-bytes              base       [required by cppo]
  - install ocamlbuild              0.12.0     [required by uunf]
  - install ppx_tools               5.0+4.05.0 [required by xtmpl]
  - install ocaml-migrate-parsetree 1.0.11     [required by js_of_ocaml, js_of_ocaml-ppx]
  - install biniou                  1.2.0      [required by yojson]
  - install gen                     0.5.1      [required by sedlex]
  - install cppo                    1.6.4      [required by lwt]
  - install uchar                   0.0.2      [required by js_of_ocaml]
  - install topkg                   0.9.1      [required by uunf]
  - install ppx_tools_versioned     5.2        [required by js_of_ocaml, js_of_ocaml-ppx]
  - install yojson                  1.4.1      [required by testrunner]
  - install lwt                     4.1.0      [required by testrunner]                   For the PPX, please install package lwt_ppx
                                                                                          For Lwt_log and Lwt_daemon, please install package lwt_log
  - install cmdliner                1.0.2      [required by uunf, js_of_ocaml-compiler]
  - install sedlex                  1.99.4     [required by xtmpl]
  - install uutf                    1.0.1      [required by xtmpl]
  - install js_of_ocaml-compiler    3.2.1      [required by js_of_ocaml]
  - install uunf                    11.0.0     [required by iri]
  - install js_of_ocaml             3.2.0      [required by xtmpl]
  - install iri                     0.4.0      [required by xtmpl]
  - install js_of_ocaml-ppx         3.2.0      [required by xtmpl]
  - install xtmpl                   0.17.0     [required by testrunner]
  - install testrunner              0.1.0
===== 26 to install =====

<><> Gathering sources ><><><><><><><><><><><><><><><><><><><><><><><><><><><><>
[biniou.1.2.0] found in cache
[cmdliner.1.0.2] found in cache
[cppo.1.6.4] found in cache
[easy-format.1.3.1] found in cache
[gen.0.5.1] found in cache
[iri.0.4.0] found in cache
[js_of_ocaml.3.2.0] found in cache
[js_of_ocaml-compiler.3.2.1] found in cache
[js_of_ocaml-ppx.3.2.0] found in cache
[lwt.4.1.0] found in cache
[ocaml-migrate-parsetree.1.0.11] found in cache
[ocamlbuild.0.12.0] found in cache
[ppx_tools.5.0+4.05.0] found in cache
[ppx_tools_versioned.5.2] found in cache
[re.1.7.3] found in cache
[result.1.3] found in cache
[sedlex.1.99.4] found in cache
[testrunner.0.1.0] found in cache
[topkg.0.9.1] found in cache
[uchar.0.0.2] found in cache
[uunf.11.0.0] found in cache
[uutf.1.0.1] found in cache
[xtmpl.0.17.0] found in cache
[yojson.1.4.1] found in cache

<><> Processing actions <><><><><><><><><><><><><><><><><><><><><><><><><><><><>
-> installed base-bytes.base
-> installed conf-which.1
-> installed cppo.1.6.4
-> installed easy-format.1.3.1
-> installed gen.0.5.1
-> installed ocamlbuild.0.12.0
-> installed biniou.1.2.0
-> installed ppx_tools.5.0+4.05.0
-> installed re.1.7.3
-> installed result.1.3
-> installed lwt.4.1.0
-> installed ocaml-migrate-parsetree.1.0.11
-> installed topkg.0.9.1
-> installed ppx_tools_versioned.5.2
-> installed cmdliner.1.0.2
-> installed uchar.0.0.2
-> installed uutf.1.0.1
-> installed sedlex.1.99.4
-> installed yojson.1.4.1
-> installed js_of_ocaml-compiler.3.2.1
-> installed js_of_ocaml.3.2.0
-> installed js_of_ocaml-ppx.3.2.0
-> installed uunf.11.0.0
-> installed iri.0.4.0
-> installed xtmpl.0.17.0
[ERROR] The compilation of testrunner failed at "/home/opam/.opam/4.05/.opam-switch/build/testrunner.0.1.0/./configure --prefix /home/opam/.opam/4.05".

#=== ERROR while compiling testrunner.0.1.0 ===================================#
# context              2.0.0 | linux/x86_64 | ocaml-base-compiler.4.05.0 | git+file:///home/opam/opam-repository
# path                 ~/.opam/4.05/.opam-switch/build/testrunner.0.1.0
# command              ~/.opam/4.05/.opam-switch/build/testrunner.0.1.0/./configure --prefix /home/opam/.opam/4.05
# exit-code            1
# env-file             ~/.opam/log/testrunner-11-a57d27.env
# output-file          ~/.opam/log/testrunner-11-a57d27.out
### output ###
# checking for ocamlc... /home/opam/.opam/4.05/bin/ocamlc
# found OCaml version 4.5.0 (4.05.0)
# checking for ocamlfind... /home/opam/.opam/4.05/bin/ocamlfind
# checking for camlp4... no
# Exception: Program_not_found "camlp4".



<><> Error report <><><><><><><><><><><><><><><><><><><><><><><><><><><><><><><>
+- The following actions failed
| - build testrunner 0.1.0
+- 
+- The following changes have been performed
| - install base-bytes              base
| - install biniou                  1.2.0
| - install cmdliner                1.0.2
| - install conf-which              1
| - install cppo                    1.6.4
| - install easy-format             1.3.1
| - install gen                     0.5.1
| - install iri                     0.4.0
| - install js_of_ocaml             3.2.0
| - install js_of_ocaml-compiler    3.2.1
| - install js_of_ocaml-ppx         3.2.0
| - install lwt                     4.1.0
| - install ocaml-migrate-parsetree 1.0.11
| - install ocamlbuild              0.12.0
| - install ppx_tools               5.0+4.05.0
| - install ppx_tools_versioned     5.2
| - install re                      1.7.3
| - install result                  1.3
| - install sedlex                  1.99.4
| - install topkg                   0.9.1
| - install uchar                   0.0.2
| - install uunf                    11.0.0
| - install uutf                    1.0.1
| - install xtmpl                   0.17.0
| - install yojson                  1.4.1
+- 
# Run eval $(opam env) to update the current shell environment

The former state can be restored with:
    opam switch import "/home/opam/.opam/4.05/.opam-switch/backup/state-20180805233514.export"
31 1533512111 1533512230