$ opam depext -iy -j 2 lipsum.0.2
# Detecting depexts using vars: arch=x86_64, os=linux, os-distribution=debian, os-family=debian
# The following system packages are needed:
m4
# All required OS packages found.
# Now letting OPAM install the packages
The following actions will be performed:
  - install re     1.7.3 [required by lipsum]
  - install lipsum 0.2
===== 2 to install =====

<><> Gathering sources ><><><><><><><><><><><><><><><><><><><><><><><><><><><><>
[lipsum.0.2] found in cache
[re.1.7.3] found in cache

<><> Processing actions <><><><><><><><><><><><><><><><><><><><><><><><><><><><>
-> installed re.1.7.3
[ERROR] The compilation of lipsum failed at "/usr/bin/make".

#=== ERROR while compiling lipsum.0.2 =========================================#
# context              2.0.0~rc3 | linux/x86_64 | ocaml-variants.4.06.1+flambda | git+file:///home/opam/opam-repository
# path                 ~/.opam/4.06+flambda/.opam-switch/build/lipsum.0.2
# command              /usr/bin/make
# exit-code            2
# env-file             ~/.opam/log/lipsum-11-048520.env
# output-file          ~/.opam/log/lipsum-11-048520.out
### output ###
# # sanity check. If this fails, try "opam install re"
# ocamlfind query re re.glob
# /home/opam/.opam/4.06+flambda/lib/re
# /home/opam/.opam/4.06+flambda/lib/re/glob
# ocamlbuild -use-ocamlfind -yaccflag -v -I src lipsum.native
# make: ocamlbuild: Command not found
# Makefile:41: recipe for target 'lipsum.native' failed
# make: *** [lipsum.native] Error 127



<><> Error report <><><><><><><><><><><><><><><><><><><><><><><><><><><><><><><>
+- The following actions failed
| - build lipsum 0.2
+- 
+- The following changes have been performed
| - install re 1.7.3
+- 
# Run eval $(opam env) to update the current shell environment

The former state can be restored with:
    opam switch import "/home/opam/.opam/4.06+flambda/.opam-switch/backup/state-20180731060334.export"
31 1533017011 1533017024