$ opam depext -iy -j 2 async_extra.v0.10.0
# Detecting depexts using vars: arch=ppc64, os=linux, os-distribution=debian, os-family=debian
# The following system packages are needed:
m4
# All required OS packages found.
# Now letting OPAM install the packages
The following actions will be performed:
  - install ppx_traverse_builtins   v0.10.0 [required by ppx_core, ppx_metaquot]
  - install spawn                   v0.10.1 [required by core]
  - install re                      1.7.3   [required by ppx_expect]
  - install num                     1.1     [required by sexplib]
  - install octavius                1.2.0   [required by ppx_js_style]
  - install ocaml-compiler-libs     v0.10.0 [required by ppx_core]
  - install ppx_derivers            1.0     [required by ppx_type_conv]
  - install result                  1.3     [required by ocaml-migrate-parsetree]
  - install jane-street-headers     v0.10.0 [required by core_kernel]
  - install sexplib                 v0.10.0 [required by core_kernel, core]
  - install ocaml-migrate-parsetree 1.0.11  [required by async_extra]
  - install base                    v0.10.0 [required by core_kernel, core]
  - install ppx_ast                 v0.10.0 [required by ppx_core]
  - install typerep                 v0.10.0 [required by core_kernel]
  - install stdio                   v0.10.0 [required by core_kernel, core]
  - install ppx_core                v0.10.0 [required by ppx_assert, ppx_inline_test]
  - install configurator            v0.10.0 [required by core_kernel, core]
  - install ppx_optcomp             v0.10.0 [required by ppx_driver]
  - install ppx_driver              v0.10.4 [required by async_extra]
  - install variantslib             v0.10.0 [required by core_kernel]
  - install ppx_metaquot            v0.10.0 [required by ppx_assert, ppx_inline_test]
  - install ppx_let                 v0.10.0 [required by ppx_jane]
  - install ppx_here                v0.10.0 [required by ppx_assert, ppx_jane]
  - install fieldslib               v0.10.0 [required by core_kernel]
  - install ppx_type_conv           v0.10.0 [required by ppx_assert, ppx_base]
  - install ppx_pipebang            v0.10.0 [required by ppx_jane]
  - install ppx_optional            v0.10.0 [required by ppx_jane]
  - install ppx_js_style            v0.10.0 [required by ppx_base]
  - install ppx_inline_test         v0.10.1 [required by core_kernel]
  - install ppx_fail                v0.10.0 [required by ppx_jane]
  - install ppx_variants_conv       v0.10.0 [required by bin_prot, ppx_jane]
  - install ppx_typerep_conv        v0.10.0 [required by ppx_jane]
  - install ppx_traverse            v0.10.0 [required by ppx_custom_printf, ppx_expect]
  - install ppx_sexp_conv           v0.10.0 [required by core_kernel]
  - install ppx_fields_conv         v0.10.0 [required by bin_prot, ppx_jane]
  - install ppx_enumerate           v0.10.0 [required by ppx_base]
  - install ppx_compare             v0.10.0 [required by ppx_assert, bin_prot, ppx_base]
  - install ppx_bench               v0.10.0 [required by ppx_jane]
  - install ppx_sexp_value          v0.10.0 [required by ppx_jane]
  - install ppx_sexp_message        v0.10.0 [required by core_kernel]
  - install ppx_custom_printf       v0.10.0 [required by bin_prot, ppx_jane]
  - install ppx_hash                v0.10.0 [required by core_kernel]
  - install ppx_assert              v0.10.0 [required by core_kernel, core]
  - install bin_prot                v0.10.0 [required by core_kernel]
  - install ppx_base                v0.10.0 [required by core_kernel]
  - install ppx_expect              v0.10.1 [required by ppx_jane]
  - install ppx_bin_prot            v0.10.0 [required by ppx_jane]
  - install ppx_jane                v0.10.0 [required by async_extra]
  - install core_kernel             v0.10.0 [required by async_kernel, async_rpc_kernel]
  - install protocol_version_header v0.10.0 [required by async_rpc_kernel]
  - install core                    v0.10.0 [required by async_extra]
  - install async_kernel            v0.10.0 [required by async_extra]
  - install async_unix              v0.10.0 [required by async_extra]
  - install async_rpc_kernel        v0.10.0 [required by async_extra]
  - install async_extra             v0.10.0
===== 55 to install =====

<><> Gathering sources ><><><><><><><><><><><><><><><><><><><><><><><><><><><><>
[async_extra.v0.10.0] found in cache
[async_kernel.v0.10.0] found in cache
[async_rpc_kernel.v0.10.0] found in cache
[async_unix.v0.10.0] found in cache
[base.v0.10.0] found in cache
[bin_prot.v0.10.0] found in cache
[configurator.v0.10.0] found in cache
[core.v0.10.0] found in cache
[core_kernel.v0.10.0] found in cache
[fieldslib.v0.10.0] found in cache
[jane-street-headers.v0.10.0] found in cache
[num.1.1] found in cache
[ocaml-compiler-libs.v0.10.0] found in cache
[ocaml-migrate-parsetree.1.0.11] found in cache
[octavius.1.2.0] found in cache
[ppx_assert.v0.10.0] found in cache
[ppx_ast.v0.10.0] found in cache
[ppx_base.v0.10.0] found in cache
[ppx_bench.v0.10.0] found in cache
[ppx_bin_prot.v0.10.0] found in cache
[ppx_compare.v0.10.0] found in cache
[ppx_core.v0.10.0] found in cache
[ppx_custom_printf.v0.10.0] found in cache
[ppx_derivers.1.0] found in cache
[ppx_driver.v0.10.4] found in cache
[ppx_enumerate.v0.10.0] found in cache
[ppx_expect.v0.10.1] found in cache
[ppx_fail.v0.10.0] found in cache
[ppx_fields_conv.v0.10.0] found in cache
[ppx_hash.v0.10.0] found in cache
[ppx_here.v0.10.0] found in cache
[ppx_inline_test.v0.10.1] found in cache
[ppx_jane.v0.10.0] found in cache
[ppx_js_style.v0.10.0] found in cache
[ppx_let.v0.10.0] found in cache
[ppx_metaquot.v0.10.0] found in cache
[ppx_optcomp.v0.10.0] found in cache
[ppx_optional.v0.10.0] found in cache
[ppx_pipebang.v0.10.0] found in cache
[ppx_sexp_conv.v0.10.0] found in cache
[ppx_sexp_message.v0.10.0] found in cache
[ppx_sexp_value.v0.10.0] found in cache
[ppx_traverse.v0.10.0] found in cache
[ppx_traverse_builtins.v0.10.0] found in cache
[ppx_type_conv.v0.10.0] found in cache
[ppx_typerep_conv.v0.10.0] found in cache
[ppx_variants_conv.v0.10.0] found in cache
[protocol_version_header.v0.10.0] found in cache
[re.1.7.3] found in cache
[result.1.3] found in cache
[sexplib.v0.10.0] found in cache
[spawn.v0.10.1] found in cache
[stdio.v0.10.0] found in cache
[typerep.v0.10.0] found in cache
[variantslib.v0.10.0] found in cache

<><> Processing actions <><><><><><><><><><><><><><><><><><><><><><><><><><><><>
-> installed jane-street-headers.v0.10.0
-> installed num.1.1
-> installed ocaml-compiler-libs.v0.10.0
-> installed octavius.1.2.0
-> installed ppx_derivers.1.0
-> installed ppx_traverse_builtins.v0.10.0
-> installed re.1.7.3
-> installed result.1.3
-> installed sexplib.v0.10.0
-> installed ocaml-migrate-parsetree.1.0.11
-> installed base.v0.10.0
-> installed ppx_ast.v0.10.0
-> installed spawn.v0.10.1
-> installed stdio.v0.10.0
-> installed configurator.v0.10.0
-> installed typerep.v0.10.0
-> installed ppx_core.v0.10.0
-> installed ppx_optcomp.v0.10.0
-> installed ppx_driver.v0.10.4
-> installed fieldslib.v0.10.0
-> installed ppx_here.v0.10.0
-> installed ppx_let.v0.10.0
-> installed ppx_metaquot.v0.10.0
-> installed ppx_fail.v0.10.0
-> installed ppx_inline_test.v0.10.1
-> installed ppx_js_style.v0.10.0
-> installed ppx_optional.v0.10.0
-> installed ppx_pipebang.v0.10.0
-> installed ppx_type_conv.v0.10.0
-> installed ppx_bench.v0.10.0
-> installed ppx_compare.v0.10.0
-> installed ppx_enumerate.v0.10.0
-> installed ppx_fields_conv.v0.10.0
-> installed ppx_sexp_conv.v0.10.0
-> installed ppx_assert.v0.10.0
-> installed ppx_hash.v0.10.0
-> installed ppx_sexp_message.v0.10.0
-> installed ppx_sexp_value.v0.10.0
-> installed ppx_traverse.v0.10.0
-> installed ppx_base.v0.10.0
-> installed ppx_typerep_conv.v0.10.0
-> installed variantslib.v0.10.0
-> installed ppx_variants_conv.v0.10.0
-> installed ppx_custom_printf.v0.10.0
-> installed bin_prot.v0.10.0
-> installed ppx_expect.v0.10.1
-> installed ppx_bin_prot.v0.10.0
-> installed ppx_jane.v0.10.0
-> installed core_kernel.v0.10.0
[ERROR] The compilation of core failed at "/home/opam/.opam/4.06/bin/jbuilder build -p core -j 79".
-> installed protocol_version_header.v0.10.0
-> installed async_kernel.v0.10.0
-> installed async_rpc_kernel.v0.10.0

#=== ERROR while compiling core.v0.10.0 =======================================#
# context              2.0.0~rc3 | linux/ppc64 | ocaml-base-compiler.4.06.1 | git+file:///home/opam/opam-repository
# path                 ~/.opam/4.06/.opam-switch/build/core.v0.10.0
# command              ~/.opam/4.06/bin/jbuilder build -p core -j 79
# exit-code            1
# env-file             ~/.opam/log/core-11-6066a6.env
# output-file          ~/.opam/log/core-11-6066a6.out
### output ###
#     discover src/config.h (exit 2)
# (cd _build/default/src && ./config/discover.exe -ocamlc /home/opam/.opam/4.06/bin/ocamlc.opt)
# run: /home/opam/.opam/4.06/bin/ocamlc.opt -config
# -> process exited with code 0
# -> stdout:
#  | version: 4.06.1
#  | standard_library_default: /home/opam/.opam/4.06/lib/ocaml
#  | standard_library: /home/opam/.opam/4.06/lib/ocaml
#  | standard_runtime: /home/opam/.opam/4.06/bin/ocamlrun
#  | ccomp_type: cc
#  | c_compiler: gcc
#  | ocamlc_cflags: -O2 -fno-strict-aliasing -fwrapv -fPIC
#  | ocamlc_cppflags: -D_FILE_OFFSET_BITS=64 -D_REENTRANT
#  | ocamlopt_cflags: -O2 -fno-strict-aliasing -fwrapv
#  | ocamlopt_cppflags: -D_FILE_OFFSET_BITS=64 -D_REENTRANT
#  | bytecomp_c_compiler: gcc -O2 -fno-strict-aliasing -fwrapv -fPIC -D_FILE_OFFSET_BITS=64 -D_REENTRANT
#  | native_c_compiler: gcc -O2 -fno-strict-aliasing -fwrapv -D_FILE_OFFSET_BITS=64 -D_REENTRANT
#  | bytecomp_c_libraries: -lm  -ldl  -lpthread                  
#  | native_c_libraries: -lm  -ldl
#  | native_pack_linker: ld -r -m elf64lppc -o 
#  | ranlib: ranlib
#  | cc_profile: -pg
#  | architecture: power
#  | model: ppc64le
#  | int_size: 63
#  | word_size: 64
#  | system: elf
#  | asm: as -a64 -mppc64
#  | asm_cfi_supported: true
#  | with_frame_pointers: false
#  | ext_exe: 
#  | ext_obj: .o
#  | ext_asm: .s
#  | ext_lib: .a
#  | ext_dll: .so
#  | os_type: Unix
#  | default_executable_name: a.out
#  | systhread_supported: true
#  | host: powerpc64le-unknown-linux-gnu
#  | target: powerpc64le-unknown-linux-gnu
#  | profiling: true
#  | flambda: false
#  | spacetime: false
#  | safe_string: false
#  | default_safe_string: true
#  | flat_float_array: true
#  | afl_instrument: false
#  | windows_unicode: false
#  | exec_magic_number: Caml1999X011
#  | cmi_magic_number: Caml1999I022
#  | cmo_magic_number: Caml1999O022
#  | cma_magic_number: Caml1999A022
#  | cmx_magic_number: Caml1999Y022
#  | cmxa_magic_number: Caml1999Z022
#  | ast_impl_magic_number: Caml1999M022
#  | ast_intf_magic_number: Caml1999N022
#  | cmxs_magic_number: Caml1999D022
#  | cmt_magic_number: Caml1999T022
# -> stderr:
# compiling c program:
#  | 
#  | #include <time.h>
#  | 
#  | int main()
#  | {
#  |   struct timespec ts;
#  |   clock_gettime(CLOCK_REALTIME, &ts);
#  |   clock_settime(CLOCK_REALTIME, &ts);
#  |   clock_getres(CLOCK_REALTIME, &ts);
#  |   return 0;
#  | }
# run: gcc -O2 -fno-strict-aliasing -fwrapv -fPIC '-I' '/home/opam/.opam/4.06/lib/ocaml' '-o' '/tmp/ocaml-configurator7f1b98/c-test-1/test.exe' '/tmp/ocaml-configurator7f1b98/c-test-1/test.c' '-lrt'
# -> process exited with code 0
# -> stdout:
# -> stderr:
# compiling c program:
#  | 
#  | #define JSC_THREAD_ID_METHOD 1
#  | #include "/home/opam/.opam/4.06/.opam-switch/build/core.v0.10.0/_build/default/src/thread_id.h"
#  | 
#  | int main ()
#  | {
#  |   GET_THREAD_ID;
#  |   return 0;
#  | }
# run: gcc -O2 -fno-strict-aliasing -fwrapv -fPIC '-I' '/home/opam/.opam/4.06/lib/ocaml' '-o' '/tmp/ocaml-configurator7f1b98/c-test-3/test.exe' '/tmp/ocaml-configurator7f1b98/c-test-3/test.c'
# -> process exited with code 0
# -> stdout:
# -> stderr:
#  | In file included from /tmp/ocaml-configurator7f1b98/c-test-3/test.c:3:0:
#  | /tmp/ocaml-configurator7f1b98/c-test-3/test.c: In function 'main':
#  | /home/opam/.opam/4.06/.opam-switch/build/core.v0.10.0/_build/default/src/thread_id.h:11:23: warning: implicit declaration of function 'syscall' [-Wimplicit-function-declaration]
#  |  #define GET_THREAD_ID syscall(SYS_gettid)
#  |                        ^
#  | /tmp/ocaml-configurator7f1b98/c-test-3/test.c:7:3: note: in expansion of macro 'GET_THREAD_ID'
#  |    GET_THREAD_ID;
#  |    ^~~~~~~~~~~~~
# compiling c program:
#  | 
#  | #include <sys/eventfd.h>
#  | 
#  | int main()
#  | {
#  |   int fd = eventfd(0, 0);
#  |   return 0;
#  | }
# run: gcc -O2 -fno-strict-aliasing -fwrapv -fPIC '-I' '/home/opam/.opam/4.06/lib/ocaml' '-o' '/tmp/ocaml-configurator7f1b98/c-test-5/test.exe' '/tmp/ocaml-configurator7f1b98/c-test-5/test.c'
# -> process exited with code 0
# -> stdout:
# -> stderr:
# compiling c program:
#  | 
#  | #include <sys/timerfd.h>
#  | 
#  | int main()
#  | {
#  |   timerfd_create(0, 0);
#  |   return 0;
#  | }
# run: gcc -O2 -fno-strict-aliasing -fwrapv -fPIC '-I' '/home/opam/.opam/4.06/lib/ocaml' '-o' '/tmp/ocaml-configurator7f1b98/c-test-7/test.exe' '/tmp/ocaml-configurator7f1b98/c-test-7/test.c'
# -> process exited with code 0
# -> stdout:
# -> stderr:
# compiling c program:
#  | 
#  | #include <wordexp.h>
#  | 
#  | int main()
#  | {
#  |   wordexp_t w;
#  |   wordexp("", &w, 0);
#  |   return 0;
#  | }
# run: gcc -O2 -fno-strict-aliasing -fwrapv -fPIC '-I' '/home/opam/.opam/4.06/lib/ocaml' '-o' '/tmp/ocaml-configurator7f1b98/c-test-9/test.exe' '/tmp/ocaml-configurator7f1b98/c-test-9/test.c'
# -> process exited with code 0
# -> stdout:
# -> stderr:
# compiling c program:
#  | 
#  | #include <sys/types.h>
#  | #include <sys/socket.h>
#  | 
#  | int main()
#  | {
#  |    send(0, "", 0, MSG_NOSIGNAL);
#  |    return 0;
#  | }
# run: gcc -O2 -fno-strict-aliasing -fwrapv -fPIC '-I' '/home/opam/.opam/4.06/lib/ocaml' '-o' '/tmp/ocaml-configurator7f1b98/c-test-11/test.exe' '/tmp/ocaml-configurator7f1b98/c-test-11/test.c'
# -> process exited with code 0
# -> stdout:
# -> stderr:
# compiling c program:
#  | 
#  | #include <sys/types.h>
#  | #include <sys/socket.h>
#  | 
#  | int main()
#  | {
#  |    send(0, "", 0, SO_NOSIGPIPE);
#  |    return 0;
#  | }
# run: gcc -O2 -fno-strict-aliasing -fwrapv -fPIC '-I' '/home/opam/.opam/4.06/lib/ocaml' '-o' '/tmp/ocaml-configurator7f1b98/c-test-13/test.exe' '/tmp/ocaml-configurator7f1b98/c-test-13/test.c'
# -> process exited with code 1
# -> stdout:
# -> stderr:
#  | /tmp/ocaml-configurator7f1b98/c-test-13/test.c: In function 'main':
#  | /tmp/ocaml-configurator7f1b98/c-test-13/test.c:7:19: error: 'SO_NOSIGPIPE' undeclared (first use in this function)
#  |     send(0, "", 0, SO_NOSIGPIPE);
#  |                    ^~~~~~~~~~~~
#  | /tmp/ocaml-configurator7f1b98/c-test-13/test.c:7:19: note: each undeclared identifier is reported only once for each function it appears in
# compiling c program:
#  | 
#  | #include <unistd.h>
#  | 
#  | int main()
#  | {
#  |   fdatasync(0);
#  |   return 0;
#  | }
# run: gcc -O2 -fno-strict-aliasing -fwrapv -fPIC '-I' '/home/opam/.opam/4.06/lib/ocaml' '-o' '/tmp/ocaml-configurator7f1b98/c-test-15/test.exe' '/tmp/ocaml-configurator7f1b98/c-test-15/test.c'
# -> process exited with code 0
# -> stdout:
# -> stderr:
# compiling c program:
#  | 
#  | #define _GNU_SOURCE
#  | #include <sys/socket.h>
#  | 
#  | int main () {
#  |   recvmmsg(0, 0, 0, 0, 0);
#  |   return 0;
#  | }
# run: gcc -O2 -fno-strict-aliasing -fwrapv -fPIC '-I' '/home/opam/.opam/4.06/lib/ocaml' '-o' '/tmp/ocaml-configurator7f1b98/c-test-17/test.exe' '/tmp/ocaml-configurator7f1b98/c-test-17/test.c'
# -> process exited with code 0
# -> stdout:
# -> stderr:
# compiling c program:
#  | 
#  | #include <pthread.h>
#  | #include <time.h>
#  | 
#  | int main()
#  | {
#  |    pthread_mutex_t m;
#  |    struct timespec ts;
#  |    pthread_mutex_timedlock(&m, &ts);
#  |    return 0;
#  | }
# run: gcc -O2 -fno-strict-aliasing -fwrapv -fPIC '-I' '/home/opam/.opam/4.06/lib/ocaml' '-o' '/tmp/ocaml-configurator7f1b98/c-test-19/test.exe' '/tmp/ocaml-configurator7f1b98/c-test-19/test.c' '-lpthread'
# -> process exited with code 0
# -> stdout:
# -> stderr:
# compiling c program:
#  | 
#  | #include <pthread.h>
#  | #include <time.h>
#  | 
#  | int main()
#  | {
#  |    clockid_t clock;
#  |    pthread_getcpuclockid(pthread_self(), &clock);
#  |    return 0;
#  | }
# run: gcc -O2 -fno-strict-aliasing -fwrapv -fPIC '-I' '/home/opam/.opam/4.06/lib/ocaml' '-o' '/tmp/ocaml-configurator7f1b98/c-test-21/test.exe' '/tmp/ocaml-configurator7f1b98/c-test-21/test.c' '-lpthread'
# -> process exited with code 0
# -> stdout:
# -> stderr:
# compiling c program:
#  | 
#  | #include <stdlib.h>
#  | 
#  | int main () {
#  |   mkostemp("", 0);
#  |   return 0;
#  | }
# run: gcc -O2 -fno-strict-aliasing -fwrapv -fPIC '-I' '/home/opam/.opam/4.06/lib/ocaml' '-o' '/tmp/ocaml-configurator7f1b98/c-test-23/test.exe' '/tmp/ocaml-configurator7f1b98/c-test-23/test.c'
# -> process exited with code 0
# -> stdout:
# -> stderr:
#  | /tmp/ocaml-configurator7f1b98/c-test-23/test.c: In function 'main':
#  | /tmp/ocaml-configurator7f1b98/c-test-23/test.c:5:3: warning: implicit declaration of function 'mkostemp' [-Wimplicit-function-declaration]
#  |    mkostemp("", 0);
#  |    ^~~~~~~~
# compiling c program:
#  | #include <stdio.h>
#  | #include <sys/resource.h>
#  | 
#  | int main()
#  | {
#  | #if defined(RLIMIT_AS)
#  |   printf("RLIMIT_AS=b:true\n");
#  | #else
#  |   printf("RLIMIT_AS=b:false\n");
#  | #endif
#  | #if defined(RLIMIT_NICE)
#  |   printf("RLIMIT_NICE=b:true\n");
#  | #else
#  |   printf("RLIMIT_NICE=b:false\n");
#  | #endif
#  |   return 0;
#  | }
# run: gcc -O2 -fno-strict-aliasing -fwrapv -fPIC '-I' '/home/opam/.opam/4.06/lib/ocaml' '-o' '/tmp/ocaml-configurator7f1b98/c-test-25/test.exe' '/tmp/ocaml-configurator7f1b98/c-test-25/test.c'
# -> process exited with code 0
# -> stdout:
# -> stderr:
# run: /tmp/ocaml-configurator7f1b98/c-test-25/test.exe
# -> process exited with code 0
# -> stdout:
#  | RLIMIT_AS=b:true
#  | RLIMIT_NICE=b:true
# -> stderr:
# compiling c program:
#  | #include <stdio.h>
#  | #include <caml/config.h>
#  | 
#  | int main()
#  | {
#  | #if defined(ARCH_BIG_ENDIAN)
#  |   printf("ARCH_BIG_ENDIAN=b:true\n");
#  | #else
#  |   printf("ARCH_BIG_ENDIAN=b:false\n");
#  | #endif
#  | #if defined(ARCH_SIXTYFOUR)
#  |   printf("ARCH_SIXTYFOUR=b:true\n");
#  | #else
#  |   printf("ARCH_SIXTYFOUR=b:false\n");
#  | #endif
#  |   return 0;
#  | }
# run: gcc -O2 -fno-strict-aliasing -fwrapv -fPIC '-I' '/home/opam/.opam/4.06/lib/ocaml' '-o' '/tmp/ocaml-configurator7f1b98/c-test-28/test.exe' '/tmp/ocaml-configurator7f1b98/c-test-28/test.c'
# -> process exited with code 0
# -> stdout:
# -> stderr:
# run: /tmp/ocaml-configurator7f1b98/c-test-28/test.exe
# -> process exited with code 0
# -> stdout:
#  | ARCH_BIG_ENDIAN=b:false
#  | ARCH_SIXTYFOUR=b:true
# -> stderr:
# Fatal error: exception (runtime-lib/runtime.ml.E "comparison failed"
#   ((switch true) vs (switch false) (Loc src/config/discover.ml:205:15)))
# Raised at file "src/import0.ml" (inlined), line 237, characters 22-32
# Called from file "src/configurator.ml", line 511, characters 13-22
# Called from file "src/config/discover.ml", line 136, characters 2-1023



<><> Error report <><><><><><><><><><><><><><><><><><><><><><><><><><><><><><><>
+- The following actions failed
| - build core v0.10.0
+- 
+- The following changes have been performed (the rest was aborted)
| - install async_kernel            v0.10.0
| - install async_rpc_kernel        v0.10.0
| - install base                    v0.10.0
| - install bin_prot                v0.10.0
| - install configurator            v0.10.0
| - install core_kernel             v0.10.0
| - install fieldslib               v0.10.0
| - install jane-street-headers     v0.10.0
| - install num                     1.1
| - install ocaml-compiler-libs     v0.10.0
| - install ocaml-migrate-parsetree 1.0.11
| - install octavius                1.2.0
| - install ppx_assert              v0.10.0
| - install ppx_ast                 v0.10.0
| - install ppx_base                v0.10.0
| - install ppx_bench               v0.10.0
| - install ppx_bin_prot            v0.10.0
| - install ppx_compare             v0.10.0
| - install ppx_core                v0.10.0
| - install ppx_custom_printf       v0.10.0
| - install ppx_derivers            1.0
| - install ppx_driver              v0.10.4
| - install ppx_enumerate           v0.10.0
| - install ppx_expect              v0.10.1
| - install ppx_fail                v0.10.0
| - install ppx_fields_conv         v0.10.0
| - install ppx_hash                v0.10.0
| - install ppx_here                v0.10.0
| - install ppx_inline_test         v0.10.1
| - install ppx_jane                v0.10.0
| - install ppx_js_style            v0.10.0
| - install ppx_let                 v0.10.0
| - install ppx_metaquot            v0.10.0
| - install ppx_optcomp             v0.10.0
| - install ppx_optional            v0.10.0
| - install ppx_pipebang            v0.10.0
| - install ppx_sexp_conv           v0.10.0
| - install ppx_sexp_message        v0.10.0
| - install ppx_sexp_value          v0.10.0
| - install ppx_traverse            v0.10.0
| - install ppx_traverse_builtins   v0.10.0
| - install ppx_type_conv           v0.10.0
| - install ppx_typerep_conv        v0.10.0
| - install ppx_variants_conv       v0.10.0
| - install protocol_version_header v0.10.0
| - install re                      1.7.3
| - install result                  1.3
| - install sexplib                 v0.10.0
| - install spawn                   v0.10.1
| - install stdio                   v0.10.0
| - install typerep                 v0.10.0
| - install variantslib             v0.10.0
+- 
# Run eval $(opam env) to update the current shell environment

The former state can be restored with:
    opam switch import "/home/opam/.opam/4.06/.opam-switch/backup/state-20180704024640.export"
31 1530672397 1530672579