$ opam depext -iy -j 2 javascriptcore.0.0.1
# Detecting depexts using vars: arch=x86_64, os=linux, os-distribution=ubuntu, os-family=debian
# The following system packages are needed:
libc++-dev
libjavascriptcoregtk-3.0-dev
m4
The following command needs to be run through "sudo":
    apt-get install -qq -yy libc++-dev libjavascriptcoregtk-3.0-dev m4
debconf: delaying package configuration, since apt-utils is not installed
Selecting previously unselected package libglib2.0-0:amd64.
(Reading database ... (Reading database ... 5%(Reading database ... 10%(Reading database ... 15%(Reading database ... 20%(Reading database ... 25%(Reading database ... 30%(Reading database ... 35%(Reading database ... 40%(Reading database ... 45%(Reading database ... 50%(Reading database ... 55%(Reading database ... 60%(Reading database ... 65%(Reading database ... 70%(Reading database ... 75%(Reading database ... 80%(Reading database ... 85%(Reading database ... 90%(Reading database ... 95%(Reading database ... 100%(Reading database ... 15325 files and directories currently installed.)
Preparing to unpack .../00-libglib2.0-0_2.56.1-2ubuntu1_amd64.deb ...
Unpacking libglib2.0-0:amd64 (2.56.1-2ubuntu1) ...
Selecting previously unselected package libglib2.0-data.
Preparing to unpack .../01-libglib2.0-data_2.56.1-2ubuntu1_all.deb ...
Unpacking libglib2.0-data (2.56.1-2ubuntu1) ...
Selecting previously unselected package libicu60:amd64.
Preparing to unpack .../02-libicu60_60.2-3ubuntu3_amd64.deb ...
Unpacking libicu60:amd64 (60.2-3ubuntu3) ...
Selecting previously unselected package libxml2:amd64.
Preparing to unpack .../03-libxml2_2.9.4+dfsg1-6.1ubuntu1_amd64.deb ...
Unpacking libxml2:amd64 (2.9.4+dfsg1-6.1ubuntu1) ...
Selecting previously unselected package shared-mime-info.
Preparing to unpack .../04-shared-mime-info_1.9-2_amd64.deb ...
Unpacking shared-mime-info (1.9-2) ...
Selecting previously unselected package xdg-user-dirs.
Preparing to unpack .../05-xdg-user-dirs_0.17-1ubuntu1_amd64.deb ...
Unpacking xdg-user-dirs (0.17-1ubuntu1) ...
Selecting previously unselected package gir1.2-javascriptcoregtk-3.0:amd64.
Preparing to unpack .../06-gir1.2-javascriptcoregtk-3.0_2.4.11-3ubuntu3_amd64.deb ...
Unpacking gir1.2-javascriptcoregtk-3.0:amd64 (2.4.11-3ubuntu3) ...
Selecting previously unselected package libjavascriptcoregtk-3.0-0:amd64.
Preparing to unpack .../07-libjavascriptcoregtk-3.0-0_2.4.11-3ubuntu3_amd64.deb ...
Unpacking libjavascriptcoregtk-3.0-0:amd64 (2.4.11-3ubuntu3) ...
Selecting previously unselected package libc++abi1:amd64.
Preparing to unpack .../08-libc++abi1_6.0-2_amd64.deb ...
Unpacking libc++abi1:amd64 (6.0-2) ...
Selecting previously unselected package libc++1:amd64.
Preparing to unpack .../09-libc++1_6.0-2_amd64.deb ...
Unpacking libc++1:amd64 (6.0-2) ...
Selecting previously unselected package libc++-helpers.
Preparing to unpack .../10-libc++-helpers_6.0-2_all.deb ...
Unpacking libc++-helpers (6.0-2) ...
Selecting previously unselected package libc++-dev:amd64.
Preparing to unpack .../11-libc++-dev_6.0-2_amd64.deb ...
Unpacking libc++-dev:amd64 (6.0-2) ...
Selecting previously unselected package libjavascriptcoregtk-3.0-dev:amd64.
Preparing to unpack .../12-libjavascriptcoregtk-3.0-dev_2.4.11-3ubuntu3_amd64.deb ...
Unpacking libjavascriptcoregtk-3.0-dev:amd64 (2.4.11-3ubuntu3) ...
Setting up libc++abi1:amd64 (6.0-2) ...
Setting up libicu60:amd64 (60.2-3ubuntu3) ...
Setting up gir1.2-javascriptcoregtk-3.0:amd64 (2.4.11-3ubuntu3) ...
Setting up libglib2.0-0:amd64 (2.56.1-2ubuntu1) ...
No schema files found: doing nothing.
Setting up libjavascriptcoregtk-3.0-0:amd64 (2.4.11-3ubuntu3) ...
Setting up libc++-helpers (6.0-2) ...
Setting up libxml2:amd64 (2.9.4+dfsg1-6.1ubuntu1) ...
Setting up libglib2.0-data (2.56.1-2ubuntu1) ...
Processing triggers for libc-bin (2.27-3ubuntu1) ...
Setting up shared-mime-info (1.9-2) ...
Setting up xdg-user-dirs (0.17-1ubuntu1) ...
Setting up libc++1:amd64 (6.0-2) ...
Setting up libc++-dev:amd64 (6.0-2) ...
Setting up libjavascriptcoregtk-3.0-dev:amd64 (2.4.11-3ubuntu3) ...
Processing triggers for libc-bin (2.27-3ubuntu1) ...
# OS packages installation successful
# Now letting OPAM install the packages
The following actions will be performed:
  - install ocamlbuild     0.12.0 [required by javascriptcore]
  - install ocamlmod       0.0.9  [required by oasis]
  - install ocamlify       0.0.1  [required by oasis]
  - install oasis          0.4.11 [required by javascriptcore]
  - install javascriptcore 0.0.1                               Installation might fail on Linux, follow depext instructions and try again.
===== 5 to install =====

<><> Gathering sources ><><><><><><><><><><><><><><><><><><><><><><><><><><><><>
[javascriptcore.0.0.1] found in cache
[oasis.0.4.11] found in cache
[ocamlbuild.0.12.0] found in cache
[ocamlify.0.0.1] found in cache
[ocamlmod.0.0.9] found in cache

<><> Processing actions <><><><><><><><><><><><><><><><><><><><><><><><><><><><>
-> installed ocamlbuild.0.12.0
-> installed ocamlify.0.0.1
-> installed ocamlmod.0.0.9
-> installed oasis.0.4.11
[ERROR] The compilation of javascriptcore failed at "/home/opam/.opam/4.06/bin/ocaml setup.ml -build".

#=== ERROR while compiling javascriptcore.0.0.1 ===============================#
# context              2.0.0 | linux/x86_64 | ocaml-base-compiler.4.06.1 | git+file:///home/opam/opam-repository
# path                 ~/.opam/4.06/.opam-switch/build/javascriptcore.0.0.1
# command              ~/.opam/4.06/bin/ocaml setup.ml -build
# exit-code            1
# env-file             ~/.opam/log/javascriptcore-13-3bd1cf.env
# output-file          ~/.opam/log/javascriptcore-13-3bd1cf.out
### output ###
# ocamlfind ocamlopt unix.cmxa -I /home/opam/.opam/4.06/lib/ocamlbuild /home/opam/.opam/4.06/lib/ocamlbuild/ocamlbuildlib.cmxa -linkpkg myocamlbuild.ml /home/opam/.opam/4.06/lib/ocamlbuild/ocamlbuild.cmx -o myocamlbuild
# /home/opam/.opam/4.06/bin/ocamlfind ocamlc -g -ccopt -I/usr/include/webkitgtk-4.0 -ccopt '-std=c++14' -ccopt -x -ccopt c++ -ccopt -O2 -c src/jsc_ml_values.c
# + /home/opam/.opam/4.06/bin/ocamlfind ocamlc -g -ccopt -I/usr/include/webkitgtk-4.0 -ccopt '-std=c++14' -ccopt -x -ccopt c++ -ccopt -O2 -c src/jsc_ml_values.c
# src/jsc_ml_values.c:12:10: fatal error: JavaScriptCore/JavaScript.h: No such file or directory
#  #include <JavaScriptCore/JavaScript.h>
#           ^~~~~~~~~~~~~~~~~~~~~~~~~~~~~
# compilation terminated.
# Command exited with code 2.
# E: Failure("Command ''/home/opam/.opam/4.06/bin/ocamlbuild' src/libjavascriptcore_stubs.a src/dlljavascriptcore_stubs.so src/javascriptcore.cma src/javascriptcore.cmxa src/javascriptcore.a src/javascriptcore.cmxs -use-ocamlfind -tag debug' terminated with error code 10")



<><> Error report <><><><><><><><><><><><><><><><><><><><><><><><><><><><><><><>
+- The following actions failed
| - build javascriptcore 0.0.1
+- 
+- The following changes have been performed
| - install oasis      0.4.11
| - install ocamlbuild 0.12.0
| - install ocamlify   0.0.1
| - install ocamlmod   0.0.9
+- 

The packages you requested declare the following system dependencies. Please make sure they are installed before retrying:
    libc++-dev libjavascriptcoregtk-3.0-dev

# Run eval $(opam env) to update the current shell environment

The former state can be restored with:
    opam switch import "/home/opam/.opam/4.06/.opam-switch/backup/state-20180814025816.export"
31 1534215485 1534215549