$ opam depext -iy -j 2 zmq-async.5.0.0
# Detecting depexts using vars: arch=x86_64, os=linux, os-distribution=opensuse, os-family=suse
# The following system packages are needed:
m4
# All required OS packages found.
# Now letting OPAM install the packages
The following actions will be performed:
  - install jane-street-headers     v0.11.0 [required by core_kernel]
  - install re                      1.7.3   [required by ppx_expect]
  - install base-bytes              base    [required by stdint]
  - install conf-zmq                0.1     [required by zmq]
  - install num                     1.1     [required by sexplib]
  - install octavius                1.2.0   [required by ppx_js_style]
  - install spawn                   v0.12.0 [required by core]
  - install ocaml-compiler-libs     v0.11.0 [required by ppxlib]
  - install sexplib0                v0.11.0 [required by base, sexplib]
  - install ppx_derivers            1.0     [required by ppxlib]
  - install result                  1.3     [required by ocaml-migrate-parsetree]
  - install stdint                  0.5.1   [required by zmq]
  - install parsexp                 v0.11.0 [required by sexplib]
  - install base                    v0.11.1 [required by zmq-async]
  - install ocaml-migrate-parsetree 1.0.11  [required by async_kernel, async_unix]
  - install sexplib                 v0.11.0 [required by core_kernel, core]
  - install typerep                 v0.11.0 [required by core_kernel]
  - install stdio                   v0.11.0 [required by core_kernel, core]
  - install ppxlib                  0.3.0   [required by core]
  - install configurator            v0.11.0 [required by zmq]
  - install variantslib             v0.11.0 [required by core_kernel]
  - install ppx_typerep_conv        v0.11.1 [required by ppx_jane]
  - install ppx_sexp_conv           v0.11.2 [required by core_kernel]
  - install ppx_pipebang            v0.11.0 [required by ppx_jane]
  - install ppx_optional            v0.11.0 [required by ppx_jane]
  - install ppx_optcomp             v0.11.0 [required by ppx_jane]
  - install ppx_let                 v0.11.0 [required by ppx_jane]
  - install ppx_js_style            v0.11.0 [required by ppx_base]
  - install ppx_inline_test         v0.11.0 [required by core_kernel]
  - install ppx_here                v0.11.0 [required by ppx_assert, ppx_jane]
  - install ppx_enumerate           v0.11.1 [required by ppx_base]
  - install ppx_compare             v0.11.1 [required by ppx_assert, bin_prot, ppx_base]
  - install fieldslib               v0.11.0 [required by core_kernel]
  - install zmq                     5.0.0   [required by zmq-async]
  - install ppx_variants_conv       v0.11.1 [required by bin_prot, ppx_jane]
  - install ppx_custom_printf       v0.11.0 [required by bin_prot, ppx_jane]
  - install ppx_bench               v0.11.0 [required by ppx_jane]
  - install ppx_sexp_value          v0.11.0 [required by ppx_jane]
  - install ppx_sexp_message        v0.11.0 [required by core_kernel]
  - install ppx_fail                v0.11.0 [required by ppx_jane]
  - install ppx_hash                v0.11.1 [required by core_kernel]
  - install ppx_assert              v0.11.0 [required by core_kernel, core]
  - install ppx_fields_conv         v0.11.0 [required by bin_prot, ppx_jane]
  - install ppx_base                v0.11.0 [required by core_kernel]
  - install ppx_expect              v0.11.0 [required by ppx_jane]
  - install bin_prot                v0.11.0 [required by core_kernel]
  - install ppx_bin_prot            v0.11.1 [required by ppx_jane]
  - install ppx_jane                v0.11.0 [required by async_kernel, async_unix]
  - install splittable_random       v0.11.0 [required by core_kernel]
  - install core_kernel             v0.11.1 [required by async_kernel]
  - install core                    v0.11.2 [required by async_unix]
  - install async_kernel            v0.11.1 [required by zmq-async]
  - install async_unix              v0.11.0 [required by zmq-async]
  - install zmq-async               5.0.0
===== 54 to install =====

<><> Gathering sources ><><><><><><><><><><><><><><><><><><><><><><><><><><><><>
[async_kernel.v0.11.1] found in cache
[async_unix.v0.11.0] found in cache
[base.v0.11.1] found in cache
[bin_prot.v0.11.0] found in cache
[configurator.v0.11.0] found in cache
[core.v0.11.2] found in cache
[core_kernel.v0.11.1] found in cache
[fieldslib.v0.11.0] found in cache
[jane-street-headers.v0.11.0] found in cache
[num.1.1] found in cache
[ocaml-compiler-libs.v0.11.0] found in cache
[ocaml-migrate-parsetree.1.0.11] found in cache
[octavius.1.2.0] found in cache
[parsexp.v0.11.0] found in cache
[ppx_assert.v0.11.0] found in cache
[ppx_base.v0.11.0] found in cache
[ppx_bench.v0.11.0] found in cache
[ppx_bin_prot.v0.11.1] found in cache
[ppx_compare.v0.11.1] found in cache
[ppx_custom_printf.v0.11.0] found in cache
[ppx_derivers.1.0] found in cache
[ppx_enumerate.v0.11.1] found in cache
[ppx_expect.v0.11.0] found in cache
[ppx_fail.v0.11.0] found in cache
[ppx_fields_conv.v0.11.0] found in cache
[ppx_hash.v0.11.1] found in cache
[ppx_here.v0.11.0] found in cache
[ppx_inline_test.v0.11.0] found in cache
[ppx_jane.v0.11.0] found in cache
[ppx_js_style.v0.11.0] found in cache
[ppx_let.v0.11.0] found in cache
[ppx_optcomp.v0.11.0] found in cache
[ppx_optional.v0.11.0] found in cache
[ppx_pipebang.v0.11.0] found in cache
[ppx_sexp_conv.v0.11.2] found in cache
[ppx_sexp_message.v0.11.0] found in cache
[ppx_sexp_value.v0.11.0] found in cache
[ppx_typerep_conv.v0.11.1] found in cache
[ppx_variants_conv.v0.11.1] found in cache
[ppxlib.0.3.0] found in cache
[re.1.7.3] found in cache
[result.1.3] found in cache
[sexplib.v0.11.0] found in cache
[sexplib0.v0.11.0] found in cache
[spawn.v0.12.0] found in cache
[splittable_random.v0.11.0] found in cache
[stdint.0.5.1] found in cache
[stdio.v0.11.0] found in cache
[typerep.v0.11.0] found in cache
[variantslib.v0.11.0] found in cache
[zmq.5.0.0] found in cache
[zmq-async.5.0.0] found in cache

<><> Processing actions <><><><><><><><><><><><><><><><><><><><><><><><><><><><>
[ERROR] The compilation of conf-zmq failed at "/usr/bin/cc test.c -I/usr/local/include -L/usr/local/lib -lzmq".
-> installed base-bytes.base
-> installed jane-street-headers.v0.11.0
-> installed num.1.1
-> installed ocaml-compiler-libs.v0.11.0
-> installed octavius.1.2.0
-> installed ppx_derivers.1.0
-> installed re.1.7.3
-> installed result.1.3
-> installed sexplib0.v0.11.0
-> installed ocaml-migrate-parsetree.1.0.11
-> installed parsexp.v0.11.0
-> installed base.v0.11.1
-> installed sexplib.v0.11.0
-> installed spawn.v0.12.0
-> installed stdint.0.5.1
-> installed stdio.v0.11.0
-> installed configurator.v0.11.0
-> installed typerep.v0.11.0
-> installed ppxlib.0.3.0
-> installed fieldslib.v0.11.0
-> installed ppx_compare.v0.11.1
-> installed ppx_enumerate.v0.11.1
-> installed ppx_here.v0.11.0
-> installed ppx_fields_conv.v0.11.0
-> installed ppx_inline_test.v0.11.0
-> installed ppx_fail.v0.11.0
-> installed ppx_js_style.v0.11.0
-> installed ppx_let.v0.11.0
-> installed ppx_optcomp.v0.11.0
-> installed ppx_optional.v0.11.0
-> installed ppx_pipebang.v0.11.0
-> installed ppx_sexp_conv.v0.11.2
-> installed ppx_assert.v0.11.0
-> installed ppx_bench.v0.11.0
-> installed ppx_custom_printf.v0.11.0
-> installed ppx_hash.v0.11.1
-> installed ppx_sexp_message.v0.11.0
-> installed ppx_sexp_value.v0.11.0
-> installed ppx_typerep_conv.v0.11.1
-> installed variantslib.v0.11.0
-> installed ppx_base.v0.11.0
-> installed ppx_variants_conv.v0.11.1
-> installed bin_prot.v0.11.0
-> installed ppx_expect.v0.11.0
-> installed ppx_bin_prot.v0.11.1
-> installed ppx_jane.v0.11.0
-> installed splittable_random.v0.11.0
-> installed core_kernel.v0.11.1
-> installed async_kernel.v0.11.1
-> installed core.v0.11.2
-> installed async_unix.v0.11.0

#=== ERROR while compiling conf-zmq.0.1 =======================================#
# context              2.0.0 | linux/x86_64 | ocaml-base-compiler.4.06.1 | git+file:///home/opam/opam-repository
# path                 ~/.opam/4.06/.opam-switch/build/conf-zmq.0.1
# command              /usr/bin/cc test.c -I/usr/local/include -L/usr/local/lib -lzmq
# exit-code            1
# env-file             ~/.opam/log/conf-zmq-12-dcf56b.env
# output-file          ~/.opam/log/conf-zmq-12-dcf56b.out
### output ###
# test.c:1:17: fatal error: zmq.h: No such file or directory
#  #include <zmq.h>
#                  ^
# compilation terminated.



<><> Error report <><><><><><><><><><><><><><><><><><><><><><><><><><><><><><><>
+- The following actions failed
| - build conf-zmq 0.1
+- 
+- The following changes have been performed (the rest was aborted)
| - install async_kernel            v0.11.1
| - install async_unix              v0.11.0
| - install base                    v0.11.1
| - install base-bytes              base
| - install bin_prot                v0.11.0
| - install configurator            v0.11.0
| - install core                    v0.11.2
| - install core_kernel             v0.11.1
| - install fieldslib               v0.11.0
| - install jane-street-headers     v0.11.0
| - install num                     1.1
| - install ocaml-compiler-libs     v0.11.0
| - install ocaml-migrate-parsetree 1.0.11
| - install octavius                1.2.0
| - install parsexp                 v0.11.0
| - install ppx_assert              v0.11.0
| - install ppx_base                v0.11.0
| - install ppx_bench               v0.11.0
| - install ppx_bin_prot            v0.11.1
| - install ppx_compare             v0.11.1
| - install ppx_custom_printf       v0.11.0
| - install ppx_derivers            1.0
| - install ppx_enumerate           v0.11.1
| - install ppx_expect              v0.11.0
| - install ppx_fail                v0.11.0
| - install ppx_fields_conv         v0.11.0
| - install ppx_hash                v0.11.1
| - install ppx_here                v0.11.0
| - install ppx_inline_test         v0.11.0
| - install ppx_jane                v0.11.0
| - install ppx_js_style            v0.11.0
| - install ppx_let                 v0.11.0
| - install ppx_optcomp             v0.11.0
| - install ppx_optional            v0.11.0
| - install ppx_pipebang            v0.11.0
| - install ppx_sexp_conv           v0.11.2
| - install ppx_sexp_message        v0.11.0
| - install ppx_sexp_value          v0.11.0
| - install ppx_typerep_conv        v0.11.1
| - install ppx_variants_conv       v0.11.1
| - install ppxlib                  0.3.0
| - install re                      1.7.3
| - install result                  1.3
| - install sexplib                 v0.11.0
| - install sexplib0                v0.11.0
| - install spawn                   v0.12.0
| - install splittable_random       v0.11.0
| - install stdint                  0.5.1
| - install stdio                   v0.11.0
| - install typerep                 v0.11.0
| - install variantslib             v0.11.0
+- 
# Run eval $(opam env) to update the current shell environment

The former state can be restored with:
    opam switch import "/home/opam/.opam/4.06/.opam-switch/backup/state-20180812042452.export"
31 1534047640 1534048084