$ opam depext -iy -j 2 testrunner.0.1.0
# Detecting depexts using vars: arch=x86_64, os=linux, os-distribution=debian, os-family=debian
# The following system packages are needed:
debianutils
m4
# All required OS packages found.
# Now letting OPAM install the packages
The following actions will be performed:
  - install easy-format             1.3.1      [required by yojson]
  - install result                  1.3        [required by lwt]
  - install ppx_tools               5.1+4.06.0 [required by xtmpl]
  - install re                      1.7.3      [required by testrunner]
  - install conf-which              1          [required by biniou]
  - install base-bytes              base       [required by cppo]
  - install ocamlbuild              0.12.0     [required by uunf]
  - install ocaml-migrate-parsetree 1.0.11     [required by js_of_ocaml, js_of_ocaml-ppx]
  - install biniou                  1.2.0      [required by yojson]
  - install gen                     0.5.1      [required by sedlex]
  - install cppo                    1.6.4      [required by lwt]
  - install uchar                   0.0.2      [required by js_of_ocaml]
  - install topkg                   0.9.1      [required by uunf]
  - install ppx_tools_versioned     5.2        [required by js_of_ocaml, js_of_ocaml-ppx]
  - install yojson                  1.4.1      [required by testrunner]
  - install lwt                     4.1.0      [required by testrunner]                   For the PPX, please install package lwt_ppx
                                                                                          For Lwt_log and Lwt_daemon, please install package lwt_log
  - install cmdliner                1.0.2      [required by uunf, js_of_ocaml-compiler]
  - install sedlex                  1.99.4     [required by xtmpl]
  - install uutf                    1.0.1      [required by xtmpl]
  - install js_of_ocaml-compiler    3.2.1      [required by js_of_ocaml]
  - install uunf                    11.0.0     [required by iri]
  - install js_of_ocaml             3.2.0      [required by xtmpl]
  - install iri                     0.4.0      [required by xtmpl]
  - install js_of_ocaml-ppx         3.2.0      [required by xtmpl]
  - install xtmpl                   0.17.0     [required by testrunner]
  - install testrunner              0.1.0
===== 26 to install =====

<><> Gathering sources ><><><><><><><><><><><><><><><><><><><><><><><><><><><><>
[biniou.1.2.0] found in cache
[cmdliner.1.0.2] found in cache
[cppo.1.6.4] found in cache
[easy-format.1.3.1] found in cache
[gen.0.5.1] found in cache
[iri.0.4.0] found in cache
[js_of_ocaml.3.2.0] found in cache
[js_of_ocaml-compiler.3.2.1] found in cache
[js_of_ocaml-ppx.3.2.0] found in cache
[lwt.4.1.0] found in cache
[ocaml-migrate-parsetree.1.0.11] found in cache
[ocamlbuild.0.12.0] found in cache
[ppx_tools.5.1+4.06.0] found in cache
[ppx_tools_versioned.5.2] found in cache
[re.1.7.3] found in cache
[result.1.3] found in cache
[sedlex.1.99.4] found in cache
[testrunner.0.1.0] found in cache
[topkg.0.9.1] found in cache
[uchar.0.0.2] found in cache
[uunf.11.0.0] found in cache
[uutf.1.0.1] found in cache
[xtmpl.0.17.0] found in cache
[yojson.1.4.1] found in cache

<><> Processing actions <><><><><><><><><><><><><><><><><><><><><><><><><><><><>
-> installed base-bytes.base
-> installed conf-which.1
-> installed cppo.1.6.4
-> installed easy-format.1.3.1
-> installed biniou.1.2.0
-> installed gen.0.5.1
-> installed ocamlbuild.0.12.0
-> installed ppx_tools.5.1+4.06.0
-> installed re.1.7.3
-> installed result.1.3
-> installed lwt.4.1.0
-> installed ocaml-migrate-parsetree.1.0.11
-> installed topkg.0.9.1
-> installed ppx_tools_versioned.5.2
-> installed cmdliner.1.0.2
-> installed uchar.0.0.2
-> installed uutf.1.0.1
-> installed sedlex.1.99.4
-> installed yojson.1.4.1
[ERROR] The compilation of uunf failed at "/home/opam/.opam/4.06+flambda/bin/ocaml pkg/pkg.ml build --pinned false --with-uutf true --with-cmdliner true".
-> installed js_of_ocaml-compiler.3.2.1
-> installed js_of_ocaml.3.2.0
-> installed js_of_ocaml-ppx.3.2.0

#=== ERROR while compiling uunf.11.0.0 ========================================#
# context              2.0.0 | linux/x86_64 | ocaml-variants.4.06.1+flambda | git+file:///home/opam/opam-repository
# path                 ~/.opam/4.06+flambda/.opam-switch/build/uunf.11.0.0
# command              ~/.opam/4.06+flambda/bin/ocaml pkg/pkg.ml build --pinned false --with-uutf true --with-cmdliner true
# exit-code            1
# env-file             ~/.opam/log/uunf-11-1cce83.env
# output-file          ~/.opam/log/uunf-11-1cce83.out
### output ###
# ocamlfind ocamldep -package bytes -package uchar -modules src/uunf_tmap.ml > src/uunf_tmap.ml.depends
# ocamlfind ocamlc -c -g -bin-annot -safe-string -package bytes -package uchar -I src -I test -o src/uunf_tmap.cmo src/uunf_tmap.ml
# ocamlfind ocamldep -package bytes -package uchar -modules src/uunf_tmapbool.ml > src/uunf_tmapbool.ml.depends
# ocamlfind ocamlc -c -g -bin-annot -safe-string -package bytes -package uchar -I src -I test -o src/uunf_tmapbool.cmo src/uunf_tmapbool.ml
# ocamlfind ocamldep -package bytes -package uchar -modules src/uunf_tmapbyte.ml > src/uunf_tmapbyte.ml.depends
# ocamlfind ocamlc -c -g -bin-annot -safe-string -package bytes -package uchar -I src -I test -o src/uunf_tmapbyte.cmo src/uunf_tmapbyte.ml
# ocamlfind ocamldep -package bytes -package uchar -modules src/uunf_data.ml > src/uunf_data.ml.depends
# ocamlfind ocamlc -c -g -bin-annot -safe-string -package bytes -package uchar -I src -I test -o src/uunf_data.cmo src/uunf_data.ml
# ocamlfind ocamlopt -c -g -bin-annot -safe-string -package bytes -package uchar -I src -I test -o src/uunf_tmap.cmx src/uunf_tmap.ml
# ocamlfind ocamlopt -c -g -bin-annot -safe-string -package bytes -package uchar -I src -I test -o src/uunf_tmapbool.cmx src/uunf_tmapbool.ml
# ocamlfind ocamlopt -c -g -bin-annot -safe-string -package bytes -package uchar -I src -I test -o src/uunf_tmapbyte.cmx src/uunf_tmapbyte.ml
# ocamlfind ocamldep -package bytes -package uchar -modules src/uunf.ml > src/uunf.ml.depends
# ocamlfind ocamldep -package bytes -package uchar -modules src/uunf.mli > src/uunf.mli.depends
# ocamlfind ocamlc -c -g -bin-annot -safe-string -package bytes -package uchar -I src -I test -o src/uunf.cmi src/uunf.mli
# ocamlfind ocamlopt -c -g -bin-annot -safe-string -package bytes -package uchar -I src -I test -o src/uunf_data.cmx src/uunf_data.ml
# + ocamlfind ocamlopt -c -g -bin-annot -safe-string -package bytes -package uchar -I src -I test -o src/uunf_data.cmx src/uunf_data.ml
# Fatal error: exception Stack overflow
# Command exited with code 2.
# pkg.ml: [ERROR] cmd ['ocamlbuild' '-use-ocamlfind' '-classic-display' '-j' '4' '-tag' 'debug'
#      '-build-dir' '_build' 'opam' 'pkg/META' 'CHANGES.md' 'LICENSE.md'
#      'README.md' 'src/uunf.a' 'src/uunf.cmxs' 'src/uunf.cmxa' 'src/uunf.cma'
#      'src/uunf.cmx' 'src/uunf.cmi' 'src/uunf.mli' 'src/uunf_data.cmx'
#      'src/uunf_tmapbyte.cmx' 'src/uunf_tmapbool.cmx' 'src/uunf_tmap.cmx'
#      'src/uunf_string.a' 'src/uunf_string.cmxs' 'src/uunf_string.cmxa'
#      'src/uunf_string.cma' 'src/uunf_string.cmx' 'src/uunf_string.cmi'
#      'src/uunf_string.mli' 'test/unftrip.native' 'DEVEL.md'
#      'test/examples.ml']: exited with 10



<><> Error report <><><><><><><><><><><><><><><><><><><><><><><><><><><><><><><>
+- The following actions failed
| - build uunf 11.0.0
+- 
+- The following changes have been performed (the rest was aborted)
| - install base-bytes              base
| - install biniou                  1.2.0
| - install cmdliner                1.0.2
| - install conf-which              1
| - install cppo                    1.6.4
| - install easy-format             1.3.1
| - install gen                     0.5.1
| - install js_of_ocaml             3.2.0
| - install js_of_ocaml-compiler    3.2.1
| - install js_of_ocaml-ppx         3.2.0
| - install lwt                     4.1.0
| - install ocaml-migrate-parsetree 1.0.11
| - install ocamlbuild              0.12.0
| - install ppx_tools               5.1+4.06.0
| - install ppx_tools_versioned     5.2
| - install re                      1.7.3
| - install result                  1.3
| - install sedlex                  1.99.4
| - install topkg                   0.9.1
| - install uchar                   0.0.2
| - install uutf                    1.0.1
| - install yojson                  1.4.1
+- 
# Run eval $(opam env) to update the current shell environment

The former state can be restored with:
    opam switch import "/home/opam/.opam/4.06+flambda/.opam-switch/backup/state-20180817060523.export"
31 1534485920 1534486015