$ opam depext -iy -j 2 bap-byteweight-frontend.1.1.0
# Detecting depexts using vars: arch=x86_64, os=linux, os-distribution=debian, os-family=debian
# The following system packages are needed:
clang
libcurl4-gnutls-dev
libgmp-dev
m4
perl
pkg-config
zlib1g-dev
The following command needs to be run through "sudo":
    apt-get install -qq -yy clang libcurl4-gnutls-dev libgmp-dev m4 perl pkg-config zlib1g-dev
debconf: delaying package configuration, since apt-utils is not installed
Selecting previously unselected package libpython2.7-minimal:amd64.
(Reading database ... (Reading database ... 5%(Reading database ... 10%(Reading database ... 15%(Reading database ... 20%(Reading database ... 25%(Reading database ... 30%(Reading database ... 35%(Reading database ... 40%(Reading database ... 45%(Reading database ... 50%(Reading database ... 55%(Reading database ... 60%(Reading database ... 65%(Reading database ... 70%(Reading database ... 75%(Reading database ... 80%(Reading database ... 85%(Reading database ... 90%(Reading database ... 95%(Reading database ... 100%(Reading database ... 17681 files and directories currently installed.)
Preparing to unpack .../0-libpython2.7-minimal_2.7.13-2+deb9u2_amd64.deb ...
Unpacking libpython2.7-minimal:amd64 (2.7.13-2+deb9u2) ...
Selecting previously unselected package python2.7-minimal.
Preparing to unpack .../1-python2.7-minimal_2.7.13-2+deb9u2_amd64.deb ...
Unpacking python2.7-minimal (2.7.13-2+deb9u2) ...
Selecting previously unselected package python-minimal.
Preparing to unpack .../2-python-minimal_2.7.13-2_amd64.deb ...
Unpacking python-minimal (2.7.13-2) ...
Selecting previously unselected package mime-support.
Preparing to unpack .../3-mime-support_3.60_all.deb ...
Unpacking mime-support (3.60) ...
Selecting previously unselected package libpython2.7-stdlib:amd64.
Preparing to unpack .../4-libpython2.7-stdlib_2.7.13-2+deb9u2_amd64.deb ...
Unpacking libpython2.7-stdlib:amd64 (2.7.13-2+deb9u2) ...
Selecting previously unselected package python2.7.
Preparing to unpack .../5-python2.7_2.7.13-2+deb9u2_amd64.deb ...
Unpacking python2.7 (2.7.13-2+deb9u2) ...
Selecting previously unselected package libpython-stdlib:amd64.
Preparing to unpack .../6-libpython-stdlib_2.7.13-2_amd64.deb ...
Unpacking libpython-stdlib:amd64 (2.7.13-2) ...
Setting up libpython2.7-minimal:amd64 (2.7.13-2+deb9u2) ...
Setting up python2.7-minimal (2.7.13-2+deb9u2) ...
Linking and byte-compiling packages for runtime python2.7...
Setting up python-minimal (2.7.13-2) ...
Selecting previously unselected package python.
(Reading database ... (Reading database ... 5%(Reading database ... 10%(Reading database ... 15%(Reading database ... 20%(Reading database ... 25%(Reading database ... 30%(Reading database ... 35%(Reading database ... 40%(Reading database ... 45%(Reading database ... 50%(Reading database ... 55%(Reading database ... 60%(Reading database ... 65%(Reading database ... 70%(Reading database ... 75%(Reading database ... 80%(Reading database ... 85%(Reading database ... 90%(Reading database ... 95%(Reading database ... 100%(Reading database ... 18453 files and directories currently installed.)
Preparing to unpack .../00-python_2.7.13-2_amd64.deb ...
Unpacking python (2.7.13-2) ...
Selecting previously unselected package sgml-base.
Preparing to unpack .../01-sgml-base_1.29_all.deb ...
Unpacking sgml-base (1.29) ...
Selecting previously unselected package libpipeline1:amd64.
Preparing to unpack .../02-libpipeline1_1.4.1-2_amd64.deb ...
Unpacking libpipeline1:amd64 (1.4.1-2) ...
Selecting previously unselected package libmagic-mgc.
Preparing to unpack .../03-libmagic-mgc_1%3a5.30-1+deb9u2_amd64.deb ...
Unpacking libmagic-mgc (1:5.30-1+deb9u2) ...
Selecting previously unselected package libmagic1:amd64.
Preparing to unpack .../04-libmagic1_1%3a5.30-1+deb9u2_amd64.deb ...
Unpacking libmagic1:amd64 (1:5.30-1+deb9u2) ...
Selecting previously unselected package file.
Preparing to unpack .../05-file_1%3a5.30-1+deb9u2_amd64.deb ...
Unpacking file (1:5.30-1+deb9u2) ...
Selecting previously unselected package libgc1c2:amd64.
Preparing to unpack .../06-libgc1c2_1%3a7.4.2-8_amd64.deb ...
Unpacking libgc1c2:amd64 (1:7.4.2-8) ...
Selecting previously unselected package libicu57:amd64.
Preparing to unpack .../07-libicu57_57.1-6+deb9u2_amd64.deb ...
Unpacking libicu57:amd64 (57.1-6+deb9u2) ...
Selecting previously unselected package libxml2:amd64.
Preparing to unpack .../08-libxml2_2.9.4+dfsg1-2.2+deb9u2_amd64.deb ...
Unpacking libxml2:amd64 (2.9.4+dfsg1-2.2+deb9u2) ...
Selecting previously unselected package binfmt-support.
Preparing to unpack .../09-binfmt-support_2.1.6-2_amd64.deb ...
Unpacking binfmt-support (2.1.6-2) ...
Selecting previously unselected package libllvm3.8:amd64.
Preparing to unpack .../10-libllvm3.8_1%3a3.8.1-24_amd64.deb ...
Unpacking libllvm3.8:amd64 (1:3.8.1-24) ...
Selecting previously unselected package libclang1-3.8:amd64.
Preparing to unpack .../11-libclang1-3.8_1%3a3.8.1-24_amd64.deb ...
Unpacking libclang1-3.8:amd64 (1:3.8.1-24) ...
Selecting previously unselected package libobjc4:amd64.
Preparing to unpack .../12-libobjc4_6.3.0-18+deb9u1_amd64.deb ...
Unpacking libobjc4:amd64 (6.3.0-18+deb9u1) ...
Selecting previously unselected package libobjc-6-dev:amd64.
Preparing to unpack .../13-libobjc-6-dev_6.3.0-18+deb9u1_amd64.deb ...
Unpacking libobjc-6-dev:amd64 (6.3.0-18+deb9u1) ...
Selecting previously unselected package libclang-common-3.8-dev.
Preparing to unpack .../14-libclang-common-3.8-dev_1%3a3.8.1-24_amd64.deb ...
Unpacking libclang-common-3.8-dev (1:3.8.1-24) ...
Selecting previously unselected package clang-3.8.
Preparing to unpack .../15-clang-3.8_1%3a3.8.1-24_amd64.deb ...
Unpacking clang-3.8 (1:3.8.1-24) ...
Selecting previously unselected package clang.
Preparing to unpack .../16-clang_1%3a3.8-36_amd64.deb ...
Unpacking clang (1:3.8-36) ...
Selecting previously unselected package libcurl4-gnutls-dev:amd64.
Preparing to unpack .../17-libcurl4-gnutls-dev_7.52.1-5+deb9u6_amd64.deb ...
Unpacking libcurl4-gnutls-dev:amd64 (7.52.1-5+deb9u6) ...
Selecting previously unselected package libffi-dev:amd64.
Preparing to unpack .../18-libffi-dev_3.2.1-6_amd64.deb ...
Unpacking libffi-dev:amd64 (3.2.1-6) ...
Selecting previously unselected package libglib2.0-0:amd64.
Preparing to unpack .../19-libglib2.0-0_2.50.3-2_amd64.deb ...
Unpacking libglib2.0-0:amd64 (2.50.3-2) ...
Selecting previously unselected package libglib2.0-data.
Preparing to unpack .../20-libglib2.0-data_2.50.3-2_all.deb ...
Unpacking libglib2.0-data (2.50.3-2) ...
Selecting previously unselected package libgmpxx4ldbl:amd64.
Preparing to unpack .../21-libgmpxx4ldbl_2%3a6.1.2+dfsg-1_amd64.deb ...
Unpacking libgmpxx4ldbl:amd64 (2:6.1.2+dfsg-1) ...
Selecting previously unselected package libgmp-dev:amd64.
Preparing to unpack .../22-libgmp-dev_2%3a6.1.2+dfsg-1_amd64.deb ...
Unpacking libgmp-dev:amd64 (2:6.1.2+dfsg-1) ...
Selecting previously unselected package libtinfo-dev:amd64.
Preparing to unpack .../23-libtinfo-dev_6.0+20161126-1+deb9u2_amd64.deb ...
Unpacking libtinfo-dev:amd64 (6.0+20161126-1+deb9u2) ...
Selecting previously unselected package llvm-3.8-runtime.
Preparing to unpack .../24-llvm-3.8-runtime_1%3a3.8.1-24_amd64.deb ...
Unpacking llvm-3.8-runtime (1:3.8.1-24) ...
Selecting previously unselected package llvm-3.8.
Preparing to unpack .../25-llvm-3.8_1%3a3.8.1-24_amd64.deb ...
Unpacking llvm-3.8 (1:3.8.1-24) ...
Selecting previously unselected package libjsoncpp1:amd64.
Preparing to unpack .../26-libjsoncpp1_1.7.4-3_amd64.deb ...
Unpacking libjsoncpp1:amd64 (1.7.4-3) ...
Selecting previously unselected package llvm-3.8-dev.
Preparing to unpack .../27-llvm-3.8-dev_1%3a3.8.1-24_amd64.deb ...
Unpacking llvm-3.8-dev (1:3.8.1-24) ...
Selecting previously unselected package pkg-config.
Preparing to unpack .../28-pkg-config_0.29-4+b1_amd64.deb ...
Unpacking pkg-config (0.29-4+b1) ...
Selecting previously unselected package shared-mime-info.
Preparing to unpack .../29-shared-mime-info_1.8-1+deb9u1_amd64.deb ...
Unpacking shared-mime-info (1.8-1+deb9u1) ...
Selecting previously unselected package xdg-user-dirs.
Preparing to unpack .../30-xdg-user-dirs_0.15-2+b1_amd64.deb ...
Unpacking xdg-user-dirs (0.15-2+b1) ...
Selecting previously unselected package xml-core.
Preparing to unpack .../31-xml-core_0.17_all.deb ...
Unpacking xml-core (0.17) ...
Selecting previously unselected package zlib1g-dev:amd64.
Preparing to unpack .../32-zlib1g-dev_1%3a1.2.8.dfsg-5_amd64.deb ...
Unpacking zlib1g-dev:amd64 (1:1.2.8.dfsg-5) ...
Setting up libllvm3.8:amd64 (1:3.8.1-24) ...
Setting up libclang-common-3.8-dev (1:3.8.1-24) ...
Setting up mime-support (3.60) ...
Setting up libglib2.0-0:amd64 (2.50.3-2) ...
No schema files found: doing nothing.
Setting up libtinfo-dev:amd64 (6.0+20161126-1+deb9u2) ...
Setting up libclang1-3.8:amd64 (1:3.8.1-24) ...
Setting up libgc1c2:amd64 (1:7.4.2-8) ...
Setting up libffi-dev:amd64 (3.2.1-6) ...
Setting up libpipeline1:amd64 (1.4.1-2) ...
Setting up sgml-base (1.29) ...
Setting up libicu57:amd64 (57.1-6+deb9u2) ...
Setting up libxml2:amd64 (2.9.4+dfsg1-2.2+deb9u2) ...
Setting up libmagic-mgc (1:5.30-1+deb9u2) ...
Setting up libmagic1:amd64 (1:5.30-1+deb9u2) ...
Setting up pkg-config (0.29-4+b1) ...
Setting up libglib2.0-data (2.50.3-2) ...
Processing triggers for libc-bin (2.24-11+deb9u3) ...
Setting up shared-mime-info (1.8-1+deb9u1) ...
Setting up xml-core (0.17) ...
Setting up libgmpxx4ldbl:amd64 (2:6.1.2+dfsg-1) ...
Setting up libcurl4-gnutls-dev:amd64 (7.52.1-5+deb9u6) ...
Setting up xdg-user-dirs (0.15-2+b1) ...
Setting up libpython2.7-stdlib:amd64 (2.7.13-2+deb9u2) ...
Setting up zlib1g-dev:amd64 (1:1.2.8.dfsg-5) ...
Setting up libjsoncpp1:amd64 (1.7.4-3) ...
Setting up libgmp-dev:amd64 (2:6.1.2+dfsg-1) ...
Setting up binfmt-support (2.1.6-2) ...
update-binfmts: warning: Couldn't load the binfmt_misc module.
update-binfmts: warning: Couldn't load the binfmt_misc module.
invoke-rc.d: could not determine current runlevel
invoke-rc.d: policy-rc.d denied execution of start.
Setting up libobjc4:amd64 (6.3.0-18+deb9u1) ...
Setting up python2.7 (2.7.13-2+deb9u2) ...
Setting up file (1:5.30-1+deb9u2) ...
Setting up libpython-stdlib:amd64 (2.7.13-2) ...
Setting up libobjc-6-dev:amd64 (6.3.0-18+deb9u1) ...
Setting up llvm-3.8-runtime (1:3.8.1-24) ...
update-binfmts: warning: Couldn't load the binfmt_misc module.
Setting up llvm-3.8 (1:3.8.1-24) ...
Setting up python (2.7.13-2) ...
Setting up llvm-3.8-dev (1:3.8.1-24) ...
Setting up clang-3.8 (1:3.8.1-24) ...
Setting up clang (1:3.8-36) ...
Processing triggers for sgml-base (1.29) ...
Processing triggers for libc-bin (2.24-11+deb9u3) ...
# OS packages installation successful
# Now letting OPAM install the packages
The following actions will be performed:
  - install conf-gmp                1      [required by zarith]
  - install jane-street-headers     v0.9.0 [required by core_kernel]
  - install re                      1.7.3  [required by bap-byteweight-frontend]
  - install ocaml-compiler-libs     v0.9.0 [required by ppx_core]
  - install bap-signatures          1.4.0  [required by bap-byteweight]
  - install camomile                1.0.1  [required by lambda-term]
  - install result                  1.3    [required by cmdliner]
  - install base-num                base   [required by num]
  - install ocamlbuild              0.12.0 [required by utop, cmdliner, uuidm]
  - install base-bytes              base   [required by uuidm]
  - install conf-perl               1      [required by zarith]
  - install conf-pkg-config         1.1    [required by conf-libcurl]
  - install octavius                1.2.0  [required by ppx_js_style]
  - install ocamlgraph              1.8.8  [required by graphlib]
  - install camlzip                 1.07   [required by bap-std]
  - install ppx_derivers            1.0    [required by ppx_type_conv]
  - install ppx_traverse_builtins   v0.9.0 [required by ppx_core, ppx_metaquot]
  - install ocaml-migrate-parsetree 1.0.11 [required by core_kernel]
  - install num                     0      [required by core_kernel]
  - install topkg                   0.9.1  [required by cmdliner, uuidm]
  - install ocamlmod                0.0.9  [required by oasis]
  - install ocamlify                0.0.1  [required by oasis]
  - install stringext               1.5.0  [required by uri]
  - install fileutils               0.5.3  [required by bap-byteweight-frontend]
  - install cppo                    1.6.4  [required by utop]
  - install zarith                  1.7    [required by bap-std]
  - install conf-libcurl            1      [required by ocurl]
  - install ppx_ast                 v0.9.1 [required by ppx_core]
  - install sexplib                 v0.9.2 [required by uri]
  - install react                   1.2.1  [required by utop]
  - install cmdliner                1.0.2  [required by bap-byteweight-frontend]
  - install oasis                   0.4.7  [required by bap-std]
  - install lwt                     4.1.0  [required by ocurl]                         For the PPX, please install package lwt_ppx
  - install cppo_ocamlbuild         1.6.0  [required by utop]
  - install base                    v0.9.3 [required by core_kernel]
  - install zed                     1.6    [required by lambda-term]
  - install uuidm                   0.9.6  [required by bap-std]
  - install ocurl                   0.8.1  [required by bap-byteweight-frontend]
  - install lwt_react               1.1.1  [required by lambda-term]
  - install lwt_log                 1.1.0  [required by lambda-term]
  - install typerep                 v0.9.0 [required by core_kernel]
  - install stdio                   v0.9.0 [required by core_kernel]
  - install lambda-term             1.13   [required by utop]
  - install ppx_core                v0.9.0 [required by ppx_assert, ppx_inline_test]
  - install utop                    1.19.3 [required by bap-std]
  - install ppx_optcomp             v0.9.0 [required by ppx_driver]
  - install ppx_driver              v0.9.1 [required by core_kernel]
  - install variantslib             v0.9.0 [required by core_kernel]
  - install ppx_metaquot            v0.9.0 [required by ppx_assert, ppx_inline_test]
  - install ppx_let                 v0.9.0 [required by ppx_jane]
  - install ppx_here                v0.9.1 [required by ppx_assert, ppx_jane]
  - install fieldslib               v0.9.0 [required by core_kernel]
  - install ppx_type_conv           v0.9.1 [required by ppx_assert]
  - install ppx_pipebang            v0.9.0 [required by ppx_jane]
  - install ppx_optional            v0.9.0 [required by ppx_jane]
  - install ppx_js_style            v0.9.0 [required by ppx_base]
  - install ppx_inline_test         v0.9.2 [required by core_kernel]
  - install ppx_fail                v0.9.0 [required by ppx_jane]
  - install ppx_variants_conv       v0.9.0 [required by bin_prot, ppx_jane]
  - install ppx_typerep_conv        v0.9.0 [required by ppx_jane]
  - install ppx_traverse            v0.9.0 [required by ppx_custom_printf, ppx_expect]
  - install ppx_sexp_conv           v0.9.0 [required by uri]
  - install ppx_fields_conv         v0.9.0 [required by bin_prot, ppx_jane]
  - install ppx_enumerate           v0.9.0 [required by ppx_base]
  - install ppx_compare             v0.9.0 [required by bin_prot, ppx_assert]
  - install ppx_bench               v0.9.1 [required by ppx_jane]
  - install uri                     1.9.7  [required by bap-std]
  - install ppx_sexp_value          v0.9.0 [required by ppx_jane]
  - install ppx_sexp_message        v0.9.0 [required by core_kernel]
  - install ppx_custom_printf       v0.9.0 [required by bin_prot, ppx_jane]
  - install ppx_hash                v0.9.0 [required by core_kernel]
  - install ppx_assert              v0.9.0 [required by core_kernel]
  - install bin_prot                v0.9.1 [required by bap-std]
  - install ppx_base                v0.9.0 [required by core_kernel]
  - install ppx_expect              v0.9.0 [required by ppx_jane]
  - install ppx_bin_prot            v0.9.0 [required by ppx_jane]
  - install configurator            v0.9.1 [required by core_kernel]
  - install ppx_jane                v0.9.0 [required by bap-std]
  - install core_kernel             v0.9.0 [required by bap-std]
  - install regular                 1.4.0  [required by bap-std]
  - install monads                  1.4.0  [required by bap-std]
  - install graphlib                1.4.0  [required by bap-std]
  - install ogre                    1.4.0  [required by bap-std]
  - install bap-future              1.4.0  [required by bap-std]
  - install bap-std                 1.4.0  [required by bap-byteweight-frontend]
  - install bap-byteweight          1.4.0  [required by bap-byteweight-frontend]
  - install bap-byteweight-frontend 1.1.0
===== 87 to install =====

<><> Gathering sources ><><><><><><><><><><><><><><><><><><><><><><><><><><><><>
[bap-byteweight.1.4.0] found in cache
[bap-byteweight-frontend.1.1.0] found in cache
[bap-future.1.4.0] found in cache
[bap-signatures.1.4.0] found in cache
[bap-std.1.4.0] found in cache
[base.v0.9.3] found in cache
[bin_prot.v0.9.1] found in cache
[camlzip.1.07] found in cache
[camomile.1.0.1] found in cache
[cmdliner.1.0.2] found in cache
[configurator.v0.9.1] found in cache
[core_kernel.v0.9.0] found in cache
[cppo.1.6.4] found in cache
[cppo_ocamlbuild.1.6.0] found in cache
[fieldslib.v0.9.0] found in cache
[fileutils.0.5.3] found in cache
[graphlib.1.4.0] found in cache
[jane-street-headers.v0.9.0] found in cache
[lambda-term.1.13] found in cache
[lwt.4.1.0] found in cache
[lwt_log.1.1.0] found in cache
[lwt_react.1.1.1] found in cache
[monads.1.4.0] found in cache
[oasis.0.4.7] found in cache
[ocaml-compiler-libs.v0.9.0] found in cache
[ocaml-migrate-parsetree.1.0.11] found in cache
[ocamlbuild.0.12.0] found in cache
[ocamlgraph.1.8.8] found in cache
[ocamlify.0.0.1] found in cache
[ocamlmod.0.0.9] found in cache
[octavius.1.2.0] found in cache
[ocurl.0.8.1] found in cache
[ogre.1.4.0] found in cache
[ppx_assert.v0.9.0] found in cache
[ppx_ast.v0.9.1] found in cache
[ppx_base.v0.9.0] found in cache
[ppx_bench.v0.9.1] found in cache
[ppx_bin_prot.v0.9.0] found in cache
[ppx_compare.v0.9.0] found in cache
[ppx_core.v0.9.0] found in cache
[ppx_custom_printf.v0.9.0] found in cache
[ppx_derivers.1.0] found in cache
[ppx_driver.v0.9.1] found in cache
[ppx_enumerate.v0.9.0] found in cache
[ppx_expect.v0.9.0] found in cache
[ppx_fail.v0.9.0] found in cache
[ppx_fields_conv.v0.9.0] found in cache
[ppx_hash.v0.9.0] found in cache
[ppx_here.v0.9.1] found in cache
[ppx_inline_test.v0.9.2] found in cache
[ppx_jane.v0.9.0] found in cache
[ppx_js_style.v0.9.0] found in cache
[ppx_let.v0.9.0] found in cache
[ppx_metaquot.v0.9.0] found in cache
[ppx_optcomp.v0.9.0] found in cache
[ppx_optional.v0.9.0] found in cache
[ppx_pipebang.v0.9.0] found in cache
[ppx_sexp_conv.v0.9.0] found in cache
[ppx_sexp_message.v0.9.0] found in cache
[ppx_sexp_value.v0.9.0] found in cache
[ppx_traverse.v0.9.0] found in cache
[ppx_traverse_builtins.v0.9.0] found in cache
[ppx_type_conv.v0.9.1] found in cache
[ppx_typerep_conv.v0.9.0] found in cache
[ppx_variants_conv.v0.9.0] found in cache
[re.1.7.3] found in cache
[react.1.2.1] found in cache
[regular.1.4.0] found in cache
[result.1.3] found in cache
[sexplib.v0.9.2] found in cache
[stdio.v0.9.0] found in cache
[stringext.1.5.0] found in cache
[topkg.0.9.1] found in cache
[typerep.v0.9.0] found in cache
[uri.1.9.7] found in cache
[utop.1.19.3] found in cache
[uuidm.0.9.6] found in cache
[variantslib.v0.9.0] found in cache
[zarith.1.7] found in cache
[zed.1.6] found in cache

<><> Processing actions <><><><><><><><><><><><><><><><><><><><><><><><><><><><>
-> installed bap-signatures.1.4.0
-> installed base-bytes.base
-> installed base-num.base
-> installed camlzip.1.07
-> installed camomile.1.0.1
-> installed conf-gmp.1
-> installed conf-perl.1
-> installed conf-pkg-config.1.1
-> installed conf-libcurl.1
-> installed cppo.1.6.4
-> installed jane-street-headers.v0.9.0
-> installed num.0
-> installed ocaml-compiler-libs.v0.9.0
-> installed ocamlbuild.0.12.0
-> installed cppo_ocamlbuild.1.6.0
-> installed ocamlgraph.1.8.8
-> installed ocamlify.0.0.1
-> installed fileutils.0.5.3
-> installed ocamlmod.0.0.9
-> installed octavius.1.2.0
-> installed ppx_derivers.1.0
-> installed ppx_traverse_builtins.v0.9.0
-> installed re.1.7.3
-> installed result.1.3
-> installed lwt.4.1.0
-> installed lwt_log.1.1.0
-> installed oasis.0.4.7
-> installed ocaml-migrate-parsetree.1.0.11
-> installed ppx_ast.v0.9.1
-> installed sexplib.v0.9.2
-> installed ocurl.0.8.1
-> installed stringext.1.5.0
-> installed topkg.0.9.1
-> installed base.v0.9.3
-> installed cmdliner.1.0.2
-> installed react.1.2.1
-> installed lwt_react.1.1.1
-> installed stdio.v0.9.0
-> installed typerep.v0.9.0
-> installed uuidm.0.9.6
-> installed zarith.1.7
-> installed zed.1.6
-> installed ppx_core.v0.9.0
-> installed lambda-term.1.13
-> installed ppx_optcomp.v0.9.0
-> installed ppx_driver.v0.9.1
-> installed fieldslib.v0.9.0
-> installed ppx_here.v0.9.1
-> installed ppx_let.v0.9.0
-> installed ppx_metaquot.v0.9.0
-> installed ppx_fail.v0.9.0
-> installed ppx_inline_test.v0.9.2
-> installed ppx_js_style.v0.9.0
-> installed ppx_optional.v0.9.0
-> installed ppx_pipebang.v0.9.0
-> installed ppx_type_conv.v0.9.1
-> installed ppx_bench.v0.9.1
-> installed ppx_compare.v0.9.0
-> installed ppx_enumerate.v0.9.0
-> installed ppx_fields_conv.v0.9.0
-> installed ppx_sexp_conv.v0.9.0
-> installed ppx_assert.v0.9.0
-> installed ppx_hash.v0.9.0
-> installed ppx_sexp_message.v0.9.0
-> installed ppx_sexp_value.v0.9.0
-> installed ppx_traverse.v0.9.0
-> installed ppx_base.v0.9.0
-> installed configurator.v0.9.1
-> installed ppx_typerep_conv.v0.9.0
-> installed uri.1.9.7
-> installed utop.1.19.3
-> installed ppx_custom_printf.v0.9.0
-> installed variantslib.v0.9.0
-> installed ppx_variants_conv.v0.9.0
-> installed bin_prot.v0.9.1
-> installed ppx_expect.v0.9.0
-> installed ppx_bin_prot.v0.9.0
-> installed ppx_jane.v0.9.0
-> installed core_kernel.v0.9.0
-> installed regular.1.4.0
-> installed monads.1.4.0
-> installed bap-future.1.4.0
-> installed ogre.1.4.0
-> installed graphlib.1.4.0
-> installed bap-std.1.4.0
-> installed bap-byteweight.1.4.0
[ERROR] The compilation of bap-byteweight-frontend failed at "/usr/bin/make".

#=== ERROR while compiling bap-byteweight-frontend.1.1.0 ======================#
# context              2.0.0~rc3 | linux/x86_64 | ocaml-base-compiler.4.04.2 | git+file:///home/opam/opam-repository
# path                 ~/.opam/4.04/.opam-switch/build/bap-byteweight-frontend.1.1.0
# command              /usr/bin/make
# exit-code            2
# env-file             ~/.opam/log/bap-byteweight-frontend-11-9b19e3.env
# output-file          ~/.opam/log/bap-byteweight-frontend-11-9b19e3.out
### output ###
# ocaml setup.ml -quiet -build 
# ocamlfind ocamlopt -package unix -package ocamlbuild -linkpkg -package core_kernel -package findlib -package ppx_driver.ocamlbuild myocamlbuild.ml /home/opam/.opam/4.04/lib/ocamlbuild/ocamlbuild.cmx -o myocamlbuild
# /home/opam/.opam/4.04/bin/ocamlfind ocamldep -package bap -package bap-byteweight -package cmdliner -package core_kernel -package curl -package fileutils -package findlib.dynload -package ppx_jane -package re.posix -pp 'ppx-jane -dump-ast -inline-test-lib bap' -predicates ppx_driver -predicates ppx_driver -modules src/bap_byteweight_main.ml > src/bap_byteweight_main.ml.depends
# /home/opam/.opam/4.04/bin/ocamlfind ocamldep -package bap -package bap-byteweight -package cmdliner -package core_kernel -package curl -package fileutils -package findlib.dynload -package ppx_jane -package re.posix -pp 'ppx-jane -dump-ast -inline-test-lib bap' -predicates ppx_driver -predicates ppx_driver -modules src/bap_byteweight_main.mli > src/bap_byteweight_main.mli.depends
# /home/opam/.opam/4.04/bin/ocamlfind ocamlc -c -g -annot -bin-annot -short-paths -package bap -package bap-byteweight -package cmdliner -package core_kernel -package curl -package fileutils -package findlib.dynload -package ppx_jane -package re.posix -pp 'ppx-jane -dump-ast -inline-test-lib bap' -predicates ppx_driver -I src -o src/bap_byteweight_main.cmi src/bap_byteweight_main.mli
# /home/opam/.opam/4.04/bin/ocamlfind ocamldep -package bap -package bap-byteweight -package cmdliner -package core_kernel -package curl -package fileutils -package findlib.dynload -package ppx_jane -package re.posix -pp 'ppx-jane -dump-ast -inline-test-lib bap' -predicates ppx_driver -predicates ppx_driver -modules src/bap_plugin_loader.ml > src/bap_plugin_loader.ml.depends
# /home/opam/.opam/4.04/bin/ocamlfind ocamldep -package bap -package bap-byteweight -package cmdliner -package core_kernel -package curl -package fileutils -package findlib.dynload -package ppx_jane -package re.posix -pp 'ppx-jane -dump-ast -inline-test-lib bap' -predicates ppx_driver -predicates ppx_driver -modules src/bap_plugin_loader.mli > src/bap_plugin_loader.mli.depends
# /home/opam/.opam/4.04/bin/ocamlfind ocamlc -c -g -annot -bin-annot -short-paths -package bap -package bap-byteweight -package cmdliner -package core_kernel -package curl -package fileutils -package findlib.dynload -package ppx_jane -package re.posix -pp 'ppx-jane -dump-ast -inline-test-lib bap' -predicates ppx_driver -I src -o src/bap_plugin_loader.cmi src/bap_plugin_loader.mli
# /home/opam/.opam/4.04/bin/ocamlfind ocamldep -package bap -package bap-byteweight -package cmdliner -package core_kernel -package curl -package fileutils -package findlib.dynload -package ppx_jane -package re.posix -pp 'ppx-jane -dump-ast -inline-test-lib bap' -predicates ppx_driver -predicates ppx_driver -modules src/bap_cmdline_terms.ml > src/bap_cmdline_terms.ml.depends
# /home/opam/.opam/4.04/bin/ocamlfind ocamldep -package bap -package bap-byteweight -package cmdliner -package core_kernel -package curl -package fileutils -package findlib.dynload -package ppx_jane -package re.posix -pp 'ppx-jane -dump-ast -inline-test-lib bap' -predicates ppx_driver -predicates ppx_driver -modules src/bap_cmdline_terms.mli > src/bap_cmdline_terms.mli.depends
# /home/opam/.opam/4.04/bin/ocamlfind ocamldep -package bap -package bap-byteweight -package cmdliner -package core_kernel -package curl -package fileutils -package findlib.dynload -package ppx_jane -package re.posix -pp 'ppx-jane -dump-ast -inline-test-lib bap' -predicates ppx_driver -predicates ppx_driver -modules src/bap_options.ml > src/bap_options.ml.depends
# /home/opam/.opam/4.04/bin/ocamlfind ocamldep -package bap -package bap-byteweight -package cmdliner -package core_kernel -package curl -package fileutils -package findlib.dynload -package ppx_jane -package re.posix -pp 'ppx-jane -dump-ast -inline-test-lib bap' -predicates ppx_driver -predicates ppx_driver -modules src/bap_fmt_spec.mli > src/bap_fmt_spec.mli.depends
# /home/opam/.opam/4.04/bin/ocamlfind ocamldep -package bap -package bap-byteweight -package cmdliner -package core_kernel -package curl -package fileutils -package findlib.dynload -package ppx_jane -package re.posix -pp 'ppx-jane -dump-ast -inline-test-lib bap' -predicates ppx_driver -predicates ppx_driver -modules src/bap_source_type.mli > src/bap_source_type.mli.depends
# /home/opam/.opam/4.04/bin/ocamlfind ocamlc -c -g -annot -bin-annot -short-paths -package bap -package bap-byteweight -package cmdliner -package core_kernel -package curl -package fileutils -package findlib.dynload -package ppx_jane -package re.posix -pp 'ppx-jane -dump-ast -inline-test-lib bap' -predicates ppx_driver -I src -o src/bap_fmt_spec.cmi src/bap_fmt_spec.mli
# /home/opam/.opam/4.04/bin/ocamlfind ocamlc -c -g -annot -bin-annot -short-paths -package bap -package bap-byteweight -package cmdliner -package core_kernel -package curl -package fileutils -package findlib.dynload -package ppx_jane -package re.posix -pp 'ppx-jane -dump-ast -inline-test-lib bap' -predicates ppx_driver -I src -o src/bap_source_type.cmi src/bap_source_type.mli
# /home/opam/.opam/4.04/bin/ocamlfind ocamlc -c -g -annot -bin-annot -short-paths -package bap -package bap-byteweight -package cmdliner -package core_kernel -package curl -package fileutils -package findlib.dynload -package ppx_jane -package re.posix -pp 'ppx-jane -dump-ast -inline-test-lib bap' -predicates ppx_driver -I src -o src/bap_options.cmo src/bap_options.ml
# /home/opam/.opam/4.04/bin/ocamlfind ocamlc -c -g -annot -bin-annot -short-paths -package bap -package bap-byteweight -package cmdliner -package core_kernel -package curl -package fileutils -package findlib.dynload -package ppx_jane -package re.posix -pp 'ppx-jane -dump-ast -inline-test-lib bap' -predicates ppx_driver -I src -o src/bap_cmdline_terms.cmi src/bap_cmdline_terms.mli
# /home/opam/.opam/4.04/bin/ocamlfind ocamldep -package bap -package bap-byteweight -package cmdliner -package core_kernel -package curl -package fileutils -package findlib.dynload -package ppx_jane -package re.posix -pp 'ppx-jane -dump-ast -inline-test-lib bap' -predicates ppx_driver -predicates ppx_driver -modules src/bap_fmt_spec.ml > src/bap_fmt_spec.ml.depends
# /home/opam/.opam/4.04/bin/ocamlfind ocamlopt -c -g -annot -bin-annot -short-paths -package bap -package bap-byteweight -package cmdliner -package core_kernel -package curl -package fileutils -package findlib.dynload -package ppx_jane -package re.posix -pp 'ppx-jane -dump-ast -inline-test-lib bap' -predicates ppx_driver -I src -o src/bap_fmt_spec.cmx src/bap_fmt_spec.ml
# /home/opam/.opam/4.04/bin/ocamlfind ocamldep -package bap -package bap-byteweight -package cmdliner -package core_kernel -package curl -package fileutils -package findlib.dynload -package ppx_jane -package re.posix -pp 'ppx-jane -dump-ast -inline-test-lib bap' -predicates ppx_driver -predicates ppx_driver -modules src/bap_source_type.ml > src/bap_source_type.ml.depends
# /home/opam/.opam/4.04/bin/ocamlfind ocamlopt -c -g -annot -bin-annot -short-paths -package bap -package bap-byteweight -package cmdliner -package core_kernel -package curl -package fileutils -package findlib.dynload -package ppx_jane -package re.posix -pp 'ppx-jane -dump-ast -inline-test-lib bap' -predicates ppx_driver -I src -o src/bap_source_type.cmx src/bap_source_type.ml
# /home/opam/.opam/4.04/bin/ocamlfind ocamlopt -c -g -annot -bin-annot -short-paths -package bap -package bap-byteweight -package cmdliner -package core_kernel -package curl -package fileutils -package findlib.dynload -package ppx_jane -package re.posix -pp 'ppx-jane -dump-ast -inline-test-lib bap' -predicates ppx_driver -I src -o src/bap_options.cmx src/bap_options.ml
# /home/opam/.opam/4.04/bin/ocamlfind ocamlopt -c -g -annot -bin-annot -short-paths -package bap -package bap-byteweight -package cmdliner -package core_kernel -package curl -package fileutils -package findlib.dynload -package ppx_jane -package re.posix -pp 'ppx-jane -dump-ast -inline-test-lib bap' -predicates ppx_driver -I src -o src/bap_cmdline_terms.cmx src/bap_cmdline_terms.ml
# + /home/opam/.opam/4.04/bin/ocamlfind ocamlopt -c -g -annot -bin-annot -short-paths -package bap -package bap-byteweight -package cmdliner -package core_kernel -package curl -package fileutils -package findlib.dynload -package ppx_jane -package re.posix -pp 'ppx-jane -dump-ast -inline-test-lib bap' -predicates ppx_driver -I src -o src/bap_cmdline_terms.cmx src/bap_cmdline_terms.ml
# File "src/bap_cmdline_terms.ml", line 85, characters 31-49:
# Error: This expression has type
#          string * string ->
#          equal:(string * string -> string * string -> bool) -> bool
#        but an expression was expected of type string * string -> bool
#        Type equal:(string * string -> string * string -> bool) -> bool
#        is not compatible with type bool 
# Command exited with code 2.
# Makefile:4: recipe for target 'build' failed
# make: *** [build] Error 1



<><> Error report <><><><><><><><><><><><><><><><><><><><><><><><><><><><><><><>
+- The following actions failed
| - build bap-byteweight-frontend 1.1.0
+- 
+- The following changes have been performed
| - install bap-byteweight          1.4.0
| - install bap-future              1.4.0
| - install bap-signatures          1.4.0
| - install bap-std                 1.4.0
| - install base                    v0.9.3
| - install base-bytes              base
| - install base-num                base
| - install bin_prot                v0.9.1
| - install camlzip                 1.07
| - install camomile                1.0.1
| - install cmdliner                1.0.2
| - install conf-gmp                1
| - install conf-libcurl            1
| - install conf-perl               1
| - install conf-pkg-config         1.1
| - install configurator            v0.9.1
| - install core_kernel             v0.9.0
| - install cppo                    1.6.4
| - install cppo_ocamlbuild         1.6.0
| - install fieldslib               v0.9.0
| - install fileutils               0.5.3
| - install graphlib                1.4.0
| - install jane-street-headers     v0.9.0
| - install lambda-term             1.13
| - install lwt                     4.1.0
| - install lwt_log                 1.1.0
| - install lwt_react               1.1.1
| - install monads                  1.4.0
| - install num                     0
| - install oasis                   0.4.7
| - install ocaml-compiler-libs     v0.9.0
| - install ocaml-migrate-parsetree 1.0.11
| - install ocamlbuild              0.12.0
| - install ocamlgraph              1.8.8
| - install ocamlify                0.0.1
| - install ocamlmod                0.0.9
| - install octavius                1.2.0
| - install ocurl                   0.8.1
| - install ogre                    1.4.0
| - install ppx_assert              v0.9.0
| - install ppx_ast                 v0.9.1
| - install ppx_base                v0.9.0
| - install ppx_bench               v0.9.1
| - install ppx_bin_prot            v0.9.0
| - install ppx_compare             v0.9.0
| - install ppx_core                v0.9.0
| - install ppx_custom_printf       v0.9.0
| - install ppx_derivers            1.0
| - install ppx_driver              v0.9.1
| - install ppx_enumerate           v0.9.0
| - install ppx_expect              v0.9.0
| - install ppx_fail                v0.9.0
| - install ppx_fields_conv         v0.9.0
| - install ppx_hash                v0.9.0
| - install ppx_here                v0.9.1
| - install ppx_inline_test         v0.9.2
| - install ppx_jane                v0.9.0
| - install ppx_js_style            v0.9.0
| - install ppx_let                 v0.9.0
| - install ppx_metaquot            v0.9.0
| - install ppx_optcomp             v0.9.0
| - install ppx_optional            v0.9.0
| - install ppx_pipebang            v0.9.0
| - install ppx_sexp_conv           v0.9.0
| - install ppx_sexp_message        v0.9.0
| - install ppx_sexp_value          v0.9.0
| - install ppx_traverse            v0.9.0
| - install ppx_traverse_builtins   v0.9.0
| - install ppx_type_conv           v0.9.1
| - install ppx_typerep_conv        v0.9.0
| - install ppx_variants_conv       v0.9.0
| - install re                      1.7.3
| - install react                   1.2.1
| - install regular                 1.4.0
| - install result                  1.3
| - install sexplib                 v0.9.2
| - install stdio                   v0.9.0
| - install stringext               1.5.0
| - install topkg                   0.9.1
| - install typerep                 v0.9.0
| - install uri                     1.9.7
| - install utop                    1.19.3
| - install uuidm                   0.9.6
| - install variantslib             v0.9.0
| - install zarith                  1.7
| - install zed                     1.6
+- 
# Run eval $(opam env) to update the current shell environment

The former state can be restored with:
    opam switch import "/home/opam/.opam/4.04/.opam-switch/backup/state-20180722223105.export"
31 1532298635 1532299278