$ opam depext -iy -j 2 uunf.2.0.1
# Detecting depexts using vars: arch=x86_64, os=linux, os-distribution=debian, os-family=debian
# The following system packages are needed:
m4
# All required OS packages found.
# Now letting OPAM install the packages
The following actions will be performed:
  - install result     1.3    [required by topkg]
  - install ocamlbuild 0.12.0 [required by uunf]
  - install uchar      0.0.2  [required by uunf]
  - install topkg      0.9.1  [required by uunf]
  - install uunf       2.0.1
===== 5 to install =====

<><> Gathering sources ><><><><><><><><><><><><><><><><><><><><><><><><><><><><>
[ocamlbuild.0.12.0] found in cache
[result.1.3] found in cache
[topkg.0.9.1] found in cache
[uchar.0.0.2] found in cache
[uunf.2.0.1] found in cache

<><> Processing actions <><><><><><><><><><><><><><><><><><><><><><><><><><><><>
-> installed result.1.3
-> installed ocamlbuild.0.12.0
-> installed uchar.0.0.2
-> installed topkg.0.9.1
[ERROR] The compilation of uunf failed at "/home/opam/.opam/4.06+flambda/bin/ocaml pkg/pkg.ml build --pinned false --with-uutf false --with-cmdliner false".

#=== ERROR while compiling uunf.2.0.1 =========================================#
# context              2.0.0 | linux/x86_64 | ocaml-variants.4.06.1+flambda | git+file:///home/opam/opam-repository
# path                 ~/.opam/4.06+flambda/.opam-switch/build/uunf.2.0.1
# command              ~/.opam/4.06+flambda/bin/ocaml pkg/pkg.ml build --pinned false --with-uutf false --with-cmdliner false
# exit-code            1
# env-file             ~/.opam/log/uunf-11-27656f.env
# output-file          ~/.opam/log/uunf-11-27656f.out
### output ###
# ocamlfind ocamldep -package bytes -package uchar -modules src/uunf_tmap.ml > src/uunf_tmap.ml.depends
# ocamlfind ocamlc -c -g -bin-annot -safe-string -package bytes -package uchar -I src -I test -o src/uunf_tmap.cmo src/uunf_tmap.ml
# ocamlfind ocamldep -package bytes -package uchar -modules src/uunf_tmapbool.ml > src/uunf_tmapbool.ml.depends
# ocamlfind ocamlc -c -g -bin-annot -safe-string -package bytes -package uchar -I src -I test -o src/uunf_tmapbool.cmo src/uunf_tmapbool.ml
# ocamlfind ocamldep -package bytes -package uchar -modules src/uunf_tmapbyte.ml > src/uunf_tmapbyte.ml.depends
# ocamlfind ocamlc -c -g -bin-annot -safe-string -package bytes -package uchar -I src -I test -o src/uunf_tmapbyte.cmo src/uunf_tmapbyte.ml
# ocamlfind ocamldep -package bytes -package uchar -modules src/uunf_data.ml > src/uunf_data.ml.depends
# ocamlfind ocamlc -c -g -bin-annot -safe-string -package bytes -package uchar -I src -I test -o src/uunf_data.cmo src/uunf_data.ml
# ocamlfind ocamlopt -c -g -bin-annot -safe-string -package bytes -package uchar -I src -I test -o src/uunf_tmap.cmx src/uunf_tmap.ml
# ocamlfind ocamlopt -c -g -bin-annot -safe-string -package bytes -package uchar -I src -I test -o src/uunf_tmapbool.cmx src/uunf_tmapbool.ml
# ocamlfind ocamlopt -c -g -bin-annot -safe-string -package bytes -package uchar -I src -I test -o src/uunf_tmapbyte.cmx src/uunf_tmapbyte.ml
# ocamlfind ocamldep -package bytes -package uchar -modules src/uunf.ml > src/uunf.ml.depends
# ocamlfind ocamldep -package bytes -package uchar -modules src/uunf.mli > src/uunf.mli.depends
# ocamlfind ocamlc -c -g -bin-annot -safe-string -package bytes -package uchar -I src -I test -o src/uunf.cmi src/uunf.mli
# ocamlfind ocamlopt -c -g -bin-annot -safe-string -package bytes -package uchar -I src -I test -o src/uunf_data.cmx src/uunf_data.ml
# + ocamlfind ocamlopt -c -g -bin-annot -safe-string -package bytes -package uchar -I src -I test -o src/uunf_data.cmx src/uunf_data.ml
# Fatal error: exception Stack overflow
# Command exited with code 2.
# pkg.ml: [ERROR] cmd ['ocamlbuild' '-use-ocamlfind' '-classic-display' '-j' '4' '-tag' 'debug'
#      '-build-dir' '_build' 'opam' 'pkg/META' 'CHANGES.md' 'LICENSE.md'
#      'README.md' 'src/uunf.a' 'src/uunf.cmxs' 'src/uunf.cmxa' 'src/uunf.cma'
#      'src/uunf.cmx' 'src/uunf.cmi' 'src/uunf.mli' 'src/uunf_data.cmx'
#      'src/uunf_tmapbyte.cmx' 'src/uunf_tmapbool.cmx' 'src/uunf_tmap.cmx'
#      'DEVEL.md' 'test/examples.ml']: exited with 10



<><> Error report <><><><><><><><><><><><><><><><><><><><><><><><><><><><><><><>
+- The following actions failed
| - build uunf 2.0.1
+- 
+- The following changes have been performed
| - install ocamlbuild 0.12.0
| - install result     1.3
| - install topkg      0.9.1
| - install uchar      0.0.2
+- 
# Run eval $(opam env) to update the current shell environment

The former state can be restored with:
    opam switch import "/home/opam/.opam/4.06+flambda/.opam-switch/backup/state-20180809025818.export"
31 1533783495 1533783525