$ opam depext -iy -j 2 rashell.0.2.1
# Detecting depexts using vars: arch=x86_64, os=linux, os-distribution=fedora, os-family=fedora
# The following system packages are needed:
bmake
m4
which
package bmake is not installed
Name        : m4
Version     : 1.4.18
Release     : 6.fc28
Architecture: x86_64
Install Date: Tue Aug 14 20:06:39 2018
Group       : Applications/Text
Size        : 372272
License     : GPLv3+
Signature   : RSA/SHA256, Sun Feb 25 11:01:47 2018, Key ID e08e7e629db62fb1
Source RPM  : m4-1.4.18-6.fc28.src.rpm
Build Date  : Sun Feb 25 10:58:14 2018
Build Host  : buildvm-25.phx2.fedoraproject.org
Relocations : (not relocatable)
Packager    : Fedora Project
Vendor      : Fedora Project
URL         : http://www.gnu.org/software/m4/
Bug URL     : https://bugz.fedoraproject.org/m4
Summary     : The GNU macro processor
Description :
A GNU implementation of the traditional UNIX macro processor.  M4 is
useful for writing text files which can be logically parsed, and is used
by many programs as part of their build process.  M4 has built-in
functions for including files, running shell commands, doing arithmetic,
etc.  The autoconf program needs m4 for generating configure scripts, but
not for running configure scripts.

Install m4 if you need a macro processor.
Name        : which
Version     : 2.21
Release     : 8.fc28
Architecture: x86_64
Install Date: Tue Aug 14 06:32:16 2018
Group       : Unspecified
Size        : 79310
License     : GPLv3
Signature   : RSA/SHA256, Fri Feb 16 17:11:18 2018, Key ID e08e7e629db62fb1
Source RPM  : which-2.21-8.fc28.src.rpm
Build Date  : Fri Feb 16 17:06:50 2018
Build Host  : buildvm-05.phx2.fedoraproject.org
Relocations : (not relocatable)
Packager    : Fedora Project
Vendor      : Fedora Project
URL         : https://savannah.gnu.org/projects/which/
Summary     : Displays where a particular program in your path is located
Description :
The which command shows the full pathname of a specified program, if
the specified program is in your PATH.
# The following new OS packages need to be installed: bmake
The following command needs to be run through "sudo":
    yum install -y bmake
Fedora 28 - x86_64 - Updates                     44 MB/s |  22 MB     00:00    
Last metadata expiration check: 0:00:07 ago on Wed Aug 15 02:05:33 2018.
Dependencies resolved.
================================================================================
 Package          Arch           Version                  Repository       Size
================================================================================
Installing:
 bmake            x86_64         20180512-1.fc28          updates         150 k
Installing dependencies:
 mk-files         noarch         20170505-1.fc28          fedora           95 k

Transaction Summary
================================================================================
Install  2 Packages

Total download size: 245 k
Installed size: 622 k
Downloading Packages:
[MIRROR] bmake-20180512-1.fc28.x86_64.rpm: Status code: 404 for http://mirror.ox.ac.uk/sites/download.fedora.redhat.com/pub/fedora/linux/updates/28/Everything/x86_64/Packages/b/bmake-20180512-1.fc28.x86_64.rpm
[MIRROR] mk-files-20170505-1.fc28.noarch.rpm: Status code: 404 for http://mirror.ox.ac.uk/sites/download.fedora.redhat.com/pub/fedora/linux/releases/28/Everything/x86_64/os/Packages/m/mk-files-20170505-1.fc28.noarch.rpm
(1/2): bmake-20180512-1.fc28.x86_64.rpm         739 kB/s | 150 kB     00:00    
(2/2): mk-files-20170505-1.fc28.noarch.rpm      465 kB/s |  95 kB     00:00    
--------------------------------------------------------------------------------
Total                                           188 kB/s | 245 kB     00:01     
Running transaction check
Transaction check succeeded.
Running transaction test
Transaction test succeeded.
Running transaction
  Preparing        :                                                        1/1 
  Installing       : mk-files-20170505-1.fc28.noarch                        1/2 
  Installing       : bmake-20180512-1.fc28.x86_64                           2/2 
  Running scriptlet: bmake-20180512-1.fc28.x86_64                           2/2 
  Verifying        : bmake-20180512-1.fc28.x86_64                           1/2 
  Verifying        : mk-files-20170505-1.fc28.noarch                        2/2 

Installed:
  bmake.x86_64 20180512-1.fc28          mk-files.noarch 20170505-1.fc28         

Complete!
The following command needs to be run through "sudo":
    rpm -q --whatprovides bmake
bmake-20180512-1.fc28.x86_64
# OS packages installation successful
# Now letting OPAM install the packages
The following actions will be performed:
  - install easy-format 1.3.1          [required by biniou, atd, yojson]
  - install result      1.3            [required by lwt]
  - install conf-which  1              [required by biniou]
  - install base-bytes  base           [required by cppo]
  - install ocamlbuild  0.12.0         [required by menhir]
  - install conf-bmake  1.0            [required by rashell]
  - install biniou      1.2.0          [required by atdgen]
  - install cppo        1.6.4          [required by lwt]
  - install menhir      20180703       [required by atd]
  - install bsdowl      3.0.0-20150830 [required by rashell]
  - install yojson      1.4.1          [required by atdgen]
  - install lwt         4.1.0          [required by rashell]             For the PPX, please install package lwt_ppx
                                                                         For Lwt_log and Lwt_daemon, please install package lwt_log
  - install atd         1.12.0         [required by atdgen]
  - install broken      0.4.2          [required by rashell]
  - install atdgen      1.12.0         [required by rashell]
  - install mixture     1.0.0          [required by rashell]
  - install rashell     0.2.1
===== 17 to install =====

<><> Gathering sources ><><><><><><><><><><><><><><><><><><><><><><><><><><><><>
[atd.1.12.0] found in cache
[atdgen.1.12.0] found in cache
[biniou.1.2.0] found in cache
[broken.0.4.2] found in cache
[bsdowl.3.0.0-20150830] found in cache
[cppo.1.6.4] found in cache
[easy-format.1.3.1] found in cache
[lwt.4.1.0] found in cache
[menhir.20180703] found in cache
[mixture.1.0.0] found in cache
[ocamlbuild.0.12.0] found in cache
[rashell.0.2.1] found in cache
[result.1.3] found in cache
[yojson.1.4.1] found in cache

<><> Processing actions <><><><><><><><><><><><><><><><><><><><><><><><><><><><>
-> installed base-bytes.base
-> installed conf-bmake.1.0
-> installed bsdowl.3.0.0-20150830
-> installed conf-which.1
-> installed cppo.1.6.4
-> installed easy-format.1.3.1
-> installed biniou.1.2.0
-> installed broken.0.4.2
-> installed ocamlbuild.0.12.0
-> installed mixture.1.0.0
-> installed result.1.3
-> installed lwt.4.1.0
-> installed yojson.1.4.1
-> installed menhir.20180703
-> installed atd.1.12.0
-> installed atdgen.1.12.0
[ERROR] The compilation of rashell failed at "/home/opam/.opam/4.06/.opam-switch/build/rashell.0.2.1/./configure --prefix /home/opam/.opam/4.06".

#=== ERROR while compiling rashell.0.2.1 ======================================#
# context              2.0.0 | linux/x86_64 | ocaml-base-compiler.4.06.1 | git+file:///home/opam/opam-repository
# path                 ~/.opam/4.06/.opam-switch/build/rashell.0.2.1
# command              ~/.opam/4.06/.opam-switch/build/rashell.0.2.1/./configure --prefix /home/opam/.opam/4.06
# exit-code            1
# env-file             ~/.opam/log/rashell-10-14db48.env
# output-file          ~/.opam/log/rashell-10-14db48.out
### output ###
# checking for ocamlc... ocamlc
# OCaml version is 4.06.1
# OCaml library path is /home/opam/.opam/4.06/lib/ocaml
# checking for ocamlopt... ocamlopt
# checking for ocamlc.opt... ocamlc.opt
# checking for ocamlopt.opt... ocamlopt.opt
# checking for dynlink.cmxa... yes
# checking for ocaml... ocaml
# checking for ocamldep... ocamldep
# checking for ocamlmktop... ocamlmktop
# checking for ocamlmklib... ocamlmklib
# checking for ocamldoc... ocamldoc
# checking for ocamlbuild... ocamlbuild
# checking for ocamlfind... ocamlfind
# checking for findlib package broken... found
# checking for findlib package lwt.unix... found
# checking for findlib package lwt.ppx... not found
# configure: error: OCaml findlib package lwt.ppx not found.



<><> Error report <><><><><><><><><><><><><><><><><><><><><><><><><><><><><><><>
+- The following actions failed
| - build rashell 0.2.1
+- 
+- The following changes have been performed
| - install atd         1.12.0
| - install atdgen      1.12.0
| - install base-bytes  base
| - install biniou      1.2.0
| - install broken      0.4.2
| - install bsdowl      3.0.0-20150830
| - install conf-bmake  1.0
| - install conf-which  1
| - install cppo        1.6.4
| - install easy-format 1.3.1
| - install lwt         4.1.0
| - install menhir      20180703
| - install mixture     1.0.0
| - install ocamlbuild  0.12.0
| - install result      1.3
| - install yojson      1.4.1
+- 
# Run eval $(opam env) to update the current shell environment

The former state can be restored with:
    opam switch import "/home/opam/.opam/4.06/.opam-switch/backup/state-20180815020546.export"
31 1534298729 1534298791