$ opam depext -iy -j 2 fftw3.0.7.3
# Detecting depexts using vars: arch=x86_64, os=linux, os-distribution=alpine, os-family=alpine
# The following system packages are needed:
fftw-dev
m4
m4
# The following new OS packages need to be installed: fftw-dev
The following command needs to be run through "sudo":
    apk add fftw-dev
(1/4) Installing fftw-double-libs (3.3.6p2-r0)
(2/4) Installing fftw-long-double-libs (3.3.6p2-r0)
(3/4) Installing fftw-single-libs (3.3.6p2-r0)
(4/4) Installing fftw-dev (3.3.6p2-r0)
OK: 219 MiB in 77 packages
# OS packages installation successful
# Now letting OPAM install the packages
The following actions will be performed:
  - install fftw3 0.7.3

<><> Gathering sources ><><><><><><><><><><><><><><><><><><><><><><><><><><><><>
[fftw3.0.7.3] found in cache

<><> Processing actions <><><><><><><><><><><><><><><><><><><><><><><><><><><><>
[ERROR] The compilation of fftw3 failed at "/usr/bin/make".

#=== ERROR while compiling fftw3.0.7.3 ========================================#
# context              2.0.0~rc3 | linux/x86_64 | ocaml-base-compiler.4.06.1 | git+file:///home/opam/opam-repository
# path                 ~/.opam/4.06/.opam-switch/build/fftw3.0.7.3
# command              /usr/bin/make
# exit-code            2
# env-file             ~/.opam/log/fftw3-13-1872ec.env
# output-file          ~/.opam/log/fftw3-13-1872ec.out
### output ###
# /usr/bin/make -C src all
# make[1]: Entering directory '/home/opam/.opam/4.06/.opam-switch/build/fftw3.0.7.3/src'
# make[2]: Entering directory '/home/opam/.opam/4.06/.opam-switch/build/fftw3.0.7.3/src'
# /home/opam/.opam/4.06/bin/ocamldep fftw3.mli > ._bcdi/fftw3.di
# /home/opam/.opam/4.06/bin/ocamldep fftw3.ml > ._d/fftw3.d
# /home/opam/.opam/4.06/bin/ocamldep fftw3S.ml > ._d/fftw3S.d
# /home/opam/.opam/4.06/bin/ocamldep fftw3D.ml > ._d/fftw3D.d
# /home/opam/.opam/4.06/bin/ocamldep fftw3_geomF.ml > ._d/fftw3_geomF.d
# /home/opam/.opam/4.06/bin/ocamldep fftw3_geomC.ml > ._d/fftw3_geomC.d
# /home/opam/.opam/4.06/bin/ocamldep fftw3_utils.ml > ._d/fftw3_utils.d
# /home/opam/.opam/4.06/bin/ocamlc.opt -c -cc "cc" -ccopt "-fPIC -g -O2 -DFFTW3F_EXISTS -DHASH_EXISTS \
# 			-DPIC   \
# 			    -o fftw3_stubs.o " fftw3_stubs.c
# In file included from fftw3_stubs.c:70:0:
# bigarray_stubs.c:21:16: error: static declaration of 'caml_ba_num_elts' follows non-static declaration
#  static uintnat caml_ba_num_elts(struct caml_ba_array * b)
#                 ^~~~~~~~~~~~~~~~
# In file included from fftw3_stubs.c:32:0:
# /home/opam/.opam/4.06/lib/ocaml/caml/bigarray.h:117:20: note: previous declaration of 'caml_ba_num_elts' was here
#  CAMLextern uintnat caml_ba_num_elts(struct caml_ba_array * b);
#                     ^~~~~~~~~~~~~~~~
# make[2]: *** [../OCamlMakefile:1124: fftw3_stubs.o] Error 2
# make[2]: Leaving directory '/home/opam/.opam/4.06/.opam-switch/build/fftw3.0.7.3/src'
# make[1]: *** [../OCamlMakefile:784: byte-code-library] Error 2
# make[1]: Leaving directory '/home/opam/.opam/4.06/.opam-switch/build/fftw3.0.7.3/src'
# make: *** [Makefile:19: all] Error 2



<><> Error report <><><><><><><><><><><><><><><><><><><><><><><><><><><><><><><>
+- The following actions failed
| - build fftw3 0.7.3
+- 
- No changes have been performed

The packages you requested declare the following system dependencies. Please make sure they are installed before retrying:
    fftw-dev

# Run eval $(opam env) to update the current shell environment
31 1532562156 1532562167