$ opam depext -iy -j 2 npy.0.0.4
# Detecting depexts using vars: arch=x86_64, os=linux, os-distribution=debian, os-family=debian
# The following system packages are needed:
m4
zlib1g-dev
The following command needs to be run through "sudo":
    apt-get install -qq -yy m4 zlib1g-dev
debconf: delaying package configuration, since apt-utils is not installed
Selecting previously unselected package zlib1g-dev:amd64.
(Reading database ... (Reading database ... 5%(Reading database ... 10%(Reading database ... 15%(Reading database ... 20%(Reading database ... 25%(Reading database ... 30%(Reading database ... 35%(Reading database ... 40%(Reading database ... 45%(Reading database ... 50%(Reading database ... 55%(Reading database ... 60%(Reading database ... 65%(Reading database ... 70%(Reading database ... 75%(Reading database ... 80%(Reading database ... 85%(Reading database ... 90%(Reading database ... 95%(Reading database ... 100%(Reading database ... 17681 files and directories currently installed.)
Preparing to unpack .../zlib1g-dev_1%3a1.2.8.dfsg-5_amd64.deb ...
Unpacking zlib1g-dev:amd64 (1:1.2.8.dfsg-5) ...
Setting up zlib1g-dev:amd64 (1:1.2.8.dfsg-5) ...
# OS packages installation successful
# Now letting OPAM install the packages
The following actions will be performed:
  - install camlzip    1.07   [required by npy]
  - install ocamlbuild 0.12.0 [required by npy]
  - install npy        0.0.4
===== 3 to install =====

<><> Gathering sources ><><><><><><><><><><><><><><><><><><><><><><><><><><><><>
[camlzip.1.07] found in cache
[npy.0.0.4] found in cache
[ocamlbuild.0.12.0] found in cache

<><> Processing actions <><><><><><><><><><><><><><><><><><><><><><><><><><><><>
-> installed camlzip.1.07
-> installed ocamlbuild.0.12.0
[ERROR] The compilation of npy failed at "/usr/bin/make npy.lib".

#=== ERROR while compiling npy.0.0.4 ==========================================#
# context              2.0.0~rc3 | linux/x86_64 | ocaml-variants.4.06.1+flambda | git+file:///home/opam/opam-repository
# path                 ~/.opam/4.06+flambda/.opam-switch/build/npy.0.0.4
# command              /usr/bin/make npy.lib
# exit-code            2
# env-file             ~/.opam/log/npy-11-06fa5f.env
# output-file          ~/.opam/log/npy-11-06fa5f.out
### output ###
# ocamlbuild npy.cmxa npy.cma npy.cmxs npy.cmx
# /home/opam/.opam/4.06+flambda/bin/ocamlopt.opt unix.cmxa -I /home/opam/.opam/4.06+flambda/lib/ocamlbuild /home/opam/.opam/4.06+flambda/lib/ocamlbuild/ocamlbuildlib.cmxa myocamlbuild.ml /home/opam/.opam/4.06+flambda/lib/ocamlbuild/ocamlbuild.cmx -o myocamlbuild
# ocamlfind ocamldep -package camlzip -modules src/npy.ml > src/npy.ml.depends
# ocamlfind ocamldep -package camlzip -modules src/npy.mli > src/npy.mli.depends
# ocamlfind ocamlc -c -for-pack Npy -warn-error A-4-29-40-41-42-44-45-48-56-58 -w A-4-29-40-41-42-44-45-48-56-58 -package camlzip -I src -o src/npy.cmi src/npy.mli
# ocamlfind ocamlopt -c -for-pack Npy -warn-error A-4-29-40-41-42-44-45-48-56-58 -w A-4-29-40-41-42-44-45-48-56-58 -package camlzip -I src -o src/npy.cmx src/npy.ml
# + ocamlfind ocamlopt -c -for-pack Npy -warn-error A-4-29-40-41-42-44-45-48-56-58 -w A-4-29-40-41-42-44-45-48-56-58 -package camlzip -I src -o src/npy.cmx src/npy.ml
# File "src/npy.ml", line 94, characters 29-40:
# Error: This expression has type string but an expression was expected of type
#          bytes
# Command exited with code 2.
# Makefile:2: recipe for target 'npy.lib' failed
# make: *** [npy.lib] Error 10



<><> Error report <><><><><><><><><><><><><><><><><><><><><><><><><><><><><><><>
+- The following actions failed
| - build npy 0.0.4
+- 
+- The following changes have been performed
| - install camlzip    1.07
| - install ocamlbuild 0.12.0
+- 
# Run eval $(opam env) to update the current shell environment

The former state can be restored with:
    opam switch import "/home/opam/.opam/4.06+flambda/.opam-switch/backup/state-20180727015557.export"
31 1532656550 1532656571