$ opam depext -iy -j 2 ffmpeg.0.1.1
# Detecting depexts using vars: arch=x86_64, os=linux, os-distribution=opensuse, os-family=suse
# The following system packages are needed:
ffmpeg-devel
m4
# The following new OS packages need to be installed: ffmpeg-devel
The following command needs to be run through "sudo":
    zypper --non-interactive install ffmpeg-devel
Retrieving repository 'OSS Update' metadata [..done]
Building repository 'OSS Update' cache [....done]
Loading repository data...
Reading installed packages...
'ffmpeg-devel' not found in package names. Trying capabilities.
Resolving package dependencies...

The following 63 NEW packages are going to be installed:
  fontconfig fribidi libFLAC8 libSDL2-2_0-0 libXext6 libXfixes3 libasound2 libass5 libavcodec-devel libavcodec57 libavdevice-devel libavdevice57 libavfilter-devel libavfilter6 libavformat-devel libavformat57 libavresample-devel libavresample3 libavutil-devel libavutil55 libbluray2 libcdio16 libcdio_cdda2 libcdio_paranoia2 libcelt0-2 libdc1394-22 libdrm2 libfreetype6 libgnutls28 libgraphite2-3 libgsm1 libharfbuzz0 libhogweed2 libjack0 libjson-c2 libmp3lame0 libnettle4 libogg0 libopenjpeg1 libopus0 libpng16-16 libpostproc-devel libpostproc54 libpulse0 libraw1394-11 libsamplerate0 libsndfile1 libspeex1 libswresample-devel libswresample2 libswscale-devel libswscale4 libtheoradec1 libtheoraenc1 libtwolame0 libva-drm1 libva-x11-1 libva1 libvdpau1 libvorbis0 libvorbisenc2 libvpx1 libwebp5

63 new packages to install.
Overall download size: 10.7 MiB. Already cached: 0 B. After the operation, additional 30.5 MiB will be used.
Continue? [y/n/...? shows all options] (y): y
Retrieving package fribidi-0.19.2-17.3.x86_64 (1/63),  50.2 KiB (186.4 KiB unpacked)
Retrieving: fribidi-0.19.2-17.3.x86_64.rpm [done]
Retrieving package libXext6-1.3.3-6.3.x86_64 (2/63),  28.5 KiB ( 71.8 KiB unpacked)
Retrieving: libXext6-1.3.3-6.3.x86_64.rpm [done]
Retrieving package libXfixes3-5.0.1-10.3.x86_64 (3/63),  10.8 KiB ( 22.2 KiB unpacked)
Retrieving: libXfixes3-5.0.1-10.3.x86_64.rpm [done]
Retrieving package libasound2-1.1.4.1-1.1.x86_64 (4/63), 408.9 KiB (  1.3 MiB unpacked)
Retrieving: libasound2-1.1.4.1-1.1.x86_64.rpm [done]
Retrieving package libcdio16-0.93-7.3.x86_64 (5/63),  59.2 KiB (150.1 KiB unpacked)
Retrieving: libcdio16-0.93-7.3.x86_64.rpm [done]
Retrieving package libcelt0-2-0.11.1-20.3.x86_64 (6/63),  49.5 KiB ( 86.3 KiB unpacked)
Retrieving: libcelt0-2-0.11.1-20.3.x86_64.rpm [done]
Retrieving package libdrm2-2.4.76-1.2.x86_64 (7/63),  51.9 KiB ( 66.8 KiB unpacked)
Retrieving: libdrm2-2.4.76-1.2.x86_64.rpm [done]
Retrieving package libgsm1-1.0.13-29.3.x86_64 (8/63),  23.8 KiB ( 53.5 KiB unpacked)
Retrieving: libgsm1-1.0.13-29.3.x86_64.rpm [done]
Retrieving package libjson-c2-0.12-7.3.x86_64 (9/63),  25.7 KiB ( 44.6 KiB unpacked)
Retrieving: libjson-c2-0.12-7.3.x86_64.rpm [.done (7.8 KiB/s)]
Retrieving package libnettle4-2.7.1-12.1.x86_64 (10/63), 160.4 KiB (488.1 KiB unpacked)
Retrieving: libnettle4-2.7.1-12.1.x86_64.rpm [done]
Retrieving package libogg0-1.3.0-6.3.x86_64 (11/63),  19.1 KiB ( 33.4 KiB unpacked)
Retrieving: libogg0-1.3.0-6.3.x86_64.rpm [done]
Retrieving package libopus0-1.1-9.3.x86_64 (12/63), 159.9 KiB (305.9 KiB unpacked)
Retrieving: libopus0-1.1-9.3.x86_64.rpm [done]
Retrieving package libpng16-16-1.6.8-11.3.x86_64 (13/63), 121.1 KiB (242.0 KiB unpacked)
Retrieving: libpng16-16-1.6.8-11.3.x86_64.rpm [done]
Retrieving package libraw1394-11-2.1.0-8.3.x86_64 (14/63),  26.6 KiB ( 63.2 KiB unpacked)
Retrieving: libraw1394-11-2.1.0-8.3.x86_64.rpm [done]
Retrieving package libsamplerate0-0.1.8-16.15.x86_64 (15/63), 924.6 KiB (  1.4 MiB unpacked)
Retrieving: libsamplerate0-0.1.8-16.15.x86_64.rpm [done]
Retrieving package libspeex1-1.2-1.1.x86_64 (16/63),  50.5 KiB ( 98.4 KiB unpacked)
Retrieving: libspeex1-1.2-1.1.x86_64.rpm [done]
Retrieving package libtheoradec1-1.1.1-31.3.x86_64 (17/63),  49.5 KiB ( 98.4 KiB unpacked)
Retrieving: libtheoradec1-1.1.1-31.3.x86_64.rpm [done]
Retrieving package libva1-1.7.3-1.3.x86_64 (18/63),  55.8 KiB (132.7 KiB unpacked)
Retrieving: libva1-1.7.3-1.3.x86_64.rpm [done]
Retrieving package libwebp5-0.4.3-9.3.x86_64 (19/63), 161.5 KiB (372.1 KiB unpacked)
Retrieving: libwebp5-0.4.3-9.3.x86_64.rpm [.done]
Retrieving package libvdpau1-1.1.1-11.3.x86_64 (20/63),  21.8 KiB ( 38.0 KiB unpacked)
Retrieving: libvdpau1-1.1.1-11.3.x86_64.rpm [done]
Retrieving package libcdio_cdda2-10.2+0.93+1-6.3.x86_64 (21/63),  17.9 KiB ( 34.6 KiB unpacked)
Retrieving: libcdio_cdda2-10.2+0.93+1-6.3.x86_64.rpm [done]
Retrieving package libva-drm1-1.7.3-1.3.x86_64 (22/63),  18.3 KiB ( 10.3 KiB unpacked)
Retrieving: libva-drm1-1.7.3-1.3.x86_64.rpm [done]
Retrieving package libhogweed2-2.7.1-12.1.x86_64 (23/63), 126.3 KiB (187.6 KiB unpacked)
Retrieving: libhogweed2-2.7.1-12.1.x86_64.rpm [done]
Retrieving package libtheoraenc1-1.1.1-31.3.x86_64 (24/63), 120.1 KiB (254.4 KiB unpacked)
Retrieving: libtheoraenc1-1.1.1-31.3.x86_64.rpm [done]
Retrieving package libdc1394-22-2.2.3-5.3.x86_64 (25/63),  78.0 KiB (217.0 KiB unpacked)
Retrieving: libdc1394-22-2.2.3-5.3.x86_64.rpm [done]
Retrieving package libjack0-1.9.9.5-7.8.x86_64 (26/63), 241.2 KiB (1023.6 KiB unpacked)
Retrieving: libjack0-1.9.9.5-7.8.x86_64.rpm [done]
Retrieving package libva-x11-1-1.7.3-1.3.x86_64 (27/63),  22.7 KiB ( 22.6 KiB unpacked)
Retrieving: libva-x11-1-1.7.3-1.3.x86_64.rpm [done]
Retrieving package libcdio_paranoia2-10.2+0.93+1-6.3.x86_64 (28/63),  17.4 KiB ( 30.4 KiB unpacked)
Retrieving: libcdio_paranoia2-10.2+0.93+1-6.3.x86_64.rpm [done]
Retrieving package libgnutls28-3.3.27-1.5.x86_64 (29/63), 515.1 KiB (  1.2 MiB unpacked)
Retrieving: libgnutls28-3.3.27-1.5.x86_64.rpm [.done (837.8 KiB/s)]
Retrieving package libgraphite2-3-1.3.1-7.3.1.x86_64 (30/63),  72.3 KiB (158.1 KiB unpacked)
Retrieving: libgraphite2-3-1.3.1-7.3.1.x86_64.rpm [done]
Retrieving package libmp3lame0-3.100-7.1.x86_64 (31/63), 142.2 KiB (324.1 KiB unpacked)
Retrieving: libmp3lame0-3.100-7.1.x86_64.rpm [done]
Retrieving package libopenjpeg1-1.5.2-10.1.x86_64 (32/63),  76.8 KiB (164.5 KiB unpacked)
Retrieving: libopenjpeg1-1.5.2-10.1.x86_64.rpm [done]
Retrieving package libtwolame0-0.3.13-2.1.x86_64 (33/63),  47.0 KiB (126.8 KiB unpacked)
Retrieving: libtwolame0-0.3.13-2.1.x86_64.rpm [done]
Retrieving package libvpx1-1.3.0-8.1.x86_64 (34/63), 555.5 KiB (  1.6 MiB unpacked)
Retrieving: libvpx1-1.3.0-8.1.x86_64.rpm [done]
Retrieving package libSDL2-2_0-0-2.0.8-18.1.x86_64 (35/63), 359.6 KiB (  1.1 MiB unpacked)
Retrieving: libSDL2-2_0-0-2.0.8-18.1.x86_64.rpm [done]
Retrieving package libvorbis0-1.3.3-17.1.x86_64 (36/63),  91.3 KiB (182.8 KiB unpacked)
Retrieving: libvorbis0-1.3.3-17.1.x86_64.rpm [done]
Retrieving package libFLAC8-1.3.2-2.3.1.x86_64 (37/63),  91.3 KiB (219.2 KiB unpacked)
Retrieving: libFLAC8-1.3.2-2.3.1.x86_64.rpm [done]
Retrieving package libfreetype6-2.6.3-5.3.1.x86_64 (38/63), 387.5 KiB (972.6 KiB unpacked)
Retrieving: libfreetype6-2.6.3-5.3.1.x86_64.rpm [done]
Retrieving package libavutil55-3.4.2-10.1.x86_64 (39/63), 184.0 KiB (407.0 KiB unpacked)
Retrieving: libavutil55-3.4.2-10.1.x86_64.rpm [done]
Retrieving package libvorbisenc2-1.3.3-17.1.x86_64 (40/63), 100.6 KiB (  2.8 MiB unpacked)
Retrieving: libvorbisenc2-1.3.3-17.1.x86_64.rpm [done]
Retrieving package libswscale4-3.4.2-10.1.x86_64 (41/63), 160.6 KiB (506.4 KiB unpacked)
Retrieving: libswscale4-3.4.2-10.1.x86_64.rpm [done]
Retrieving package libswresample2-3.4.2-10.1.x86_64 (42/63),  73.5 KiB (114.5 KiB unpacked)
Retrieving: libswresample2-3.4.2-10.1.x86_64.rpm [done]
Retrieving package libpostproc54-3.4.2-10.1.x86_64 (43/63),  73.7 KiB (118.3 KiB unpacked)
Retrieving: libpostproc54-3.4.2-10.1.x86_64.rpm [done]
Retrieving package libavutil-devel-3.4.2-10.1.x86_64 (44/63), 136.0 KiB (478.8 KiB unpacked)
Retrieving: libavutil-devel-3.4.2-10.1.x86_64.rpm [done]
Retrieving package libavresample3-3.4.2-10.1.x86_64 (45/63),  72.2 KiB (122.5 KiB unpacked)
Retrieving: libavresample3-3.4.2-10.1.x86_64.rpm [done]
Retrieving package libsndfile1-1.0.25-31.1.x86_64 (46/63), 141.9 KiB (412.3 KiB unpacked)
Retrieving: libsndfile1-1.0.25-31.1.x86_64.rpm [done]
Retrieving package libavcodec57-3.4.2-10.1.x86_64 (47/63),   1.3 MiB (  4.3 MiB unpacked)
Retrieving: libavcodec57-3.4.2-10.1.x86_64.rpm [done]
Retrieving package libswscale-devel-3.4.2-10.1.x86_64 (48/63),  43.9 KiB ( 16.3 KiB unpacked)
Retrieving: libswscale-devel-3.4.2-10.1.x86_64.rpm [done]
Retrieving package libswresample-devel-3.4.2-10.1.x86_64 (49/63),  46.4 KiB ( 25.8 KiB unpacked)
Retrieving: libswresample-devel-3.4.2-10.1.x86_64.rpm [done]
Retrieving package libpostproc-devel-3.4.2-10.1.x86_64 (50/63),  38.9 KiB (  4.9 KiB unpacked)
Retrieving: libpostproc-devel-3.4.2-10.1.x86_64.rpm [done]
Retrieving package libavresample-devel-3.4.2-10.1.x86_64 (51/63),  42.6 KiB ( 21.7 KiB unpacked)
Retrieving: libavresample-devel-3.4.2-10.1.x86_64.rpm [done]
Retrieving package libpulse0-9.0-8.1.x86_64 (52/63), 278.3 KiB (880.3 KiB unpacked)
Retrieving: libpulse0-9.0-8.1.x86_64.rpm [done]
Retrieving package libavcodec-devel-3.4.2-10.1.x86_64 (53/63),  97.7 KiB (280.1 KiB unpacked)
Retrieving: libavcodec-devel-3.4.2-10.1.x86_64.rpm [done]
Retrieving package libharfbuzz0-1.4.5-6.1.x86_64 (54/63), 235.7 KiB (621.2 KiB unpacked)
Retrieving: libharfbuzz0-1.4.5-6.1.x86_64.rpm [done]
Retrieving package fontconfig-2.11.1-4.3.x86_64 (55/63), 335.8 KiB (  1.2 MiB unpacked)
Retrieving: fontconfig-2.11.1-4.3.x86_64.rpm [done]
Retrieving package libbluray2-1.0.1-1.1.x86_64 (56/63), 142.2 KiB (326.9 KiB unpacked)
Retrieving: libbluray2-1.0.1-1.1.x86_64.rpm [done]
Retrieving package libass5-0.13.4-3.4.x86_64 (57/63),  89.4 KiB (191.6 KiB unpacked)
Retrieving: libass5-0.13.4-3.4.x86_64.rpm [.done (7.9 KiB/s)]
Retrieving package libavformat57-3.4.2-10.1.x86_64 (58/63), 841.7 KiB (  2.1 MiB unpacked)
Retrieving: libavformat57-3.4.2-10.1.x86_64.rpm [done]
Retrieving package libavformat-devel-3.4.2-10.1.x86_64 (59/63),  74.8 KiB (150.8 KiB unpacked)
Retrieving: libavformat-devel-3.4.2-10.1.x86_64.rpm [done]
Retrieving package libavfilter6-3.4.2-10.1.x86_64 (60/63), 777.4 KiB (  2.4 MiB unpacked)
Retrieving: libavfilter6-3.4.2-10.1.x86_64.rpm [done]
Retrieving package libavfilter-devel-3.4.2-10.1.x86_64 (61/63),  54.1 KiB ( 61.5 KiB unpacked)
Retrieving: libavfilter-devel-3.4.2-10.1.x86_64.rpm [done]
Retrieving package libavdevice57-3.4.2-10.1.x86_64 (62/63),  78.5 KiB (123.8 KiB unpacked)
Retrieving: libavdevice57-3.4.2-10.1.x86_64.rpm [done]
Retrieving package libavdevice-devel-3.4.2-10.1.x86_64 (63/63),  45.6 KiB ( 22.5 KiB unpacked)
Retrieving: libavdevice-devel-3.4.2-10.1.x86_64.rpm [done]
Checking for file conflicts: [........done]
( 1/63) Installing: fribidi-0.19.2-17.3.x86_64 [.........done]
( 2/63) Installing: libXext6-1.3.3-6.3.x86_64 [....done]
( 3/63) Installing: libXfixes3-5.0.1-10.3.x86_64 [....done]
( 4/63) Installing: libasound2-1.1.4.1-1.1.x86_64 [...........done]
( 5/63) Installing: libcdio16-0.93-7.3.x86_64 [......done]
( 6/63) Installing: libcelt0-2-0.11.1-20.3.x86_64 [.....done]
( 7/63) Installing: libdrm2-2.4.76-1.2.x86_64 [....done]
( 8/63) Installing: libgsm1-1.0.13-29.3.x86_64 [.....done]
( 9/63) Installing: libjson-c2-0.12-7.3.x86_64 [....done]
(10/63) Installing: libnettle4-2.7.1-12.1.x86_64 [..........done]
(11/63) Installing: libogg0-1.3.0-6.3.x86_64 [.....done]
(12/63) Installing: libopus0-1.1-9.3.x86_64 [........done]
(13/63) Installing: libpng16-16-1.6.8-11.3.x86_64 [.......done]
(14/63) Installing: libraw1394-11-2.1.0-8.3.x86_64 [....done]
(15/63) Installing: libsamplerate0-0.1.8-16.15.x86_64 [...........done]
(16/63) Installing: libspeex1-1.2-1.1.x86_64 [.....done]
(17/63) Installing: libtheoradec1-1.1.1-31.3.x86_64 [.....done]
(18/63) Installing: libva1-1.7.3-1.3.x86_64 [......done]
(19/63) Installing: libwebp5-0.4.3-9.3.x86_64 [.........done]
(20/63) Installing: libvdpau1-1.1.1-11.3.x86_64 [.....done]
(21/63) Installing: libcdio_cdda2-10.2+0.93+1-6.3.x86_64 [....done]
(22/63) Installing: libva-drm1-1.7.3-1.3.x86_64 [.....done]
(23/63) Installing: libhogweed2-2.7.1-12.1.x86_64 [......done]
(24/63) Installing: libtheoraenc1-1.1.1-31.3.x86_64 [.......done]
(25/63) Installing: libdc1394-22-2.2.3-5.3.x86_64 [.......done]
(26/63) Installing: libjack0-1.9.9.5-7.8.x86_64 [...........done]
(27/63) Installing: libva-x11-1-1.7.3-1.3.x86_64 [....done]
(28/63) Installing: libcdio_paranoia2-10.2+0.93+1-6.3.x86_64 [....done]
(29/63) Installing: libgnutls28-3.3.27-1.5.x86_64 [..........done]
(30/63) Installing: libgraphite2-3-1.3.1-7.3.1.x86_64 [......done]
(31/63) Installing: libmp3lame0-3.100-7.1.x86_64 [........done]
(32/63) Installing: libopenjpeg1-1.5.2-10.1.x86_64 [......done]
(33/63) Installing: libtwolame0-0.3.13-2.1.x86_64 [.....done]
(34/63) Installing: libvpx1-1.3.0-8.1.x86_64 [............done]
(35/63) Installing: libSDL2-2_0-0-2.0.8-18.1.x86_64 [............done]
(36/63) Installing: libvorbis0-1.3.3-17.1.x86_64 [......done]
(37/63) Installing: libFLAC8-1.3.2-2.3.1.x86_64 [.......done]
(38/63) Installing: libfreetype6-2.6.3-5.3.1.x86_64 [...........done]
(39/63) Installing: libavutil55-3.4.2-10.1.x86_64 [.........done]
(40/63) Installing: libvorbisenc2-1.3.3-17.1.x86_64 [............done]
(41/63) Installing: libswscale4-3.4.2-10.1.x86_64 [...........done]
(42/63) Installing: libswresample2-3.4.2-10.1.x86_64 [.....done]
(43/63) Installing: libpostproc54-3.4.2-10.1.x86_64 [.....done]
(44/63) Installing: libavutil-devel-3.4.2-10.1.x86_64 [............done]
(45/63) Installing: libavresample3-3.4.2-10.1.x86_64 [.....done]
(46/63) Installing: libsndfile1-1.0.25-31.1.x86_64 [.........done]
(47/63) Installing: libavcodec57-3.4.2-10.1.x86_64 [............done]
(48/63) Installing: libswscale-devel-3.4.2-10.1.x86_64 [.......done]
(49/63) Installing: libswresample-devel-3.4.2-10.1.x86_64 [......done]
(50/63) Installing: libpostproc-devel-3.4.2-10.1.x86_64 [......done]
(51/63) Installing: libavresample-devel-3.4.2-10.1.x86_64 [......done]
(52/63) Installing: libpulse0-9.0-8.1.x86_64 [...........done]
(53/63) Installing: libavcodec-devel-3.4.2-10.1.x86_64 [........done]
(54/63) Installing: libharfbuzz0-1.4.5-6.1.x86_64 [.........done]
(55/63) Installing: fontconfig-2.11.1-4.3.x86_64 [...........done]
(56/63) Installing: libbluray2-1.0.1-1.1.x86_64 [........done]
(57/63) Installing: libass5-0.13.4-3.4.x86_64 [......done]
(58/63) Installing: libavformat57-3.4.2-10.1.x86_64 [............done]
(59/63) Installing: libavformat-devel-3.4.2-10.1.x86_64 [......done]
(60/63) Installing: libavfilter6-3.4.2-10.1.x86_64 [............done]
(61/63) Installing: libavfilter-devel-3.4.2-10.1.x86_64 [......done]
(62/63) Installing: libavdevice57-3.4.2-10.1.x86_64 [.....done]
(63/63) Installing: libavdevice-devel-3.4.2-10.1.x86_64 [......done]
# OS packages installation successful
# Now letting OPAM install the packages
The following actions will be performed:
  - install ffmpeg 0.1.1

<><> Gathering sources ><><><><><><><><><><><><><><><><><><><><><><><><><><><><>
[ffmpeg.0.1.1] found in cache

<><> Processing actions <><><><><><><><><><><><><><><><><><><><><><><><><><><><>
[ERROR] The compilation of ffmpeg failed at "/usr/bin/make".

#=== ERROR while compiling ffmpeg.0.1.1 =======================================#
# context              2.0.0~rc3 | linux/x86_64 | ocaml-base-compiler.4.06.1 | git+file:///home/opam/opam-repository
# path                 ~/.opam/4.06/.opam-switch/build/ffmpeg.0.1.1
# command              /usr/bin/make
# exit-code            2
# env-file             ~/.opam/log/ffmpeg-12-1872ec.env
# output-file          ~/.opam/log/ffmpeg-12-1872ec.out
### output ###
# /usr/bin/make -C src all
# make[1]: Entering directory '/home/opam/.opam/4.06/.opam-switch/build/ffmpeg.0.1.1/src'
# make[2]: Entering directory '/home/opam/.opam/4.06/.opam-switch/build/ffmpeg.0.1.1/src'
# ocamldep.opt swscale.ml > ._d/swscale.d
# ocamldep.opt avutil.ml > ._d/avutil.d
# ocamlc.opt -c -cc "gcc" -ccopt "-fPIC -g -O2 -I/home/opam/.opam/4.06/include -I/usr/include/ffmpeg  -I/usr/include/ffmpeg  -Wall -DCAML_NAME_SPACE \
# 			-DPIC -fPIC -I/home/opam/.opam/4.06/include -I/usr/include/ffmpeg  -I/usr/include/ffmpeg   \
# 			    -o avutil_stubs.o " avutil_stubs.c
# avutil_stubs.c:13:31: error: array type has incomplete element type
#  static const enum PixelFormat PIXEL_FORMATS[] = {
#                                ^
# avutil_stubs.c:14:3: error: 'PIX_FMT_YUV420P' undeclared here (not in a function)
#    PIX_FMT_YUV420P,
#    ^
# avutil_stubs.c:15:3: error: 'PIX_FMT_YUYV422' undeclared here (not in a function)
#    PIX_FMT_YUYV422,
#    ^
# avutil_stubs.c:16:3: error: 'PIX_FMT_RGB24' undeclared here (not in a function)
#    PIX_FMT_RGB24,
#    ^
# avutil_stubs.c:17:3: error: 'PIX_FMT_BGR24' undeclared here (not in a function)
#    PIX_FMT_BGR24,
#    ^
# avutil_stubs.c:18:3: error: 'PIX_FMT_YUV422P' undeclared here (not in a function)
#    PIX_FMT_YUV422P,
#    ^
# avutil_stubs.c:19:3: error: 'PIX_FMT_YUV444P' undeclared here (not in a function)
#    PIX_FMT_YUV444P,
#    ^
# avutil_stubs.c:20:3: error: 'PIX_FMT_YUV410P' undeclared here (not in a function)
#    PIX_FMT_YUV410P,
#    ^
# avutil_stubs.c:21:3: error: 'PIX_FMT_YUV411P' undeclared here (not in a function)
#    PIX_FMT_YUV411P,
#    ^
# avutil_stubs.c:22:3: error: 'PIX_FMT_YUVJ422P' undeclared here (not in a function)
#    PIX_FMT_YUVJ422P,
#    ^
# avutil_stubs.c:23:3: error: 'PIX_FMT_YUVJ444P' undeclared here (not in a function)
#    PIX_FMT_YUVJ444P,
#    ^
# avutil_stubs.c:24:3: error: 'PIX_FMT_RGBA' undeclared here (not in a function)
#    PIX_FMT_RGBA,
#    ^
# avutil_stubs.c:25:3: error: 'PIX_FMT_BGRA' undeclared here (not in a function)
#    PIX_FMT_BGRA
#    ^
# avutil_stubs.c: In function 'caml_avutil_bits_per_pixel':
# avutil_stubs.c:39:32: error: 'av_pix_fmt_descriptors' undeclared (first use in this function)
#    ans = av_get_bits_per_pixel(&av_pix_fmt_descriptors[p]);
#                                 ^
# avutil_stubs.c:39:32: note: each undeclared identifier is reported only once for each function it appears in
# avutil_stubs.c:36:7: warning: variable 'p' set but not used [-Wunused-but-set-variable]
#    int p = Int_val(pixel);
#        ^
# avutil_stubs.c: At top level:
# avutil_stubs.c:13:31: warning: 'PIXEL_FORMATS' defined but not used [-Wunused-variable]
#  static const enum PixelFormat PIXEL_FORMATS[] = {
#                                ^
# avutil_stubs.c: In function 'PixelFormat_val':
# avutil_stubs.c:31:1: warning: control reaches end of non-void function [-Wreturn-type]
#  }
#  ^
# OCamlMakefile:1124: recipe for target 'avutil_stubs.o' failed
# make[2]: *** [avutil_stubs.o] Error 2
# make[2]: Leaving directory '/home/opam/.opam/4.06/.opam-switch/build/ffmpeg.0.1.1/src'
# OCamlMakefile:784: recipe for target 'byte-code-library' failed
# make[1]: *** [byte-code-library] Error 2
# make[1]: Leaving directory '/home/opam/.opam/4.06/.opam-switch/build/ffmpeg.0.1.1/src'
# Makefile:9: recipe for target 'all' failed
# make: *** [all] Error 2



<><> Error report <><><><><><><><><><><><><><><><><><><><><><><><><><><><><><><>
+- The following actions failed
| - build ffmpeg 0.1.1
+- 
- No changes have been performed

The packages you requested declare the following system dependencies. Please make sure they are installed before retrying:
    ffmpeg-devel

# Run eval $(opam env) to update the current shell environment
31 1532145822 1532146225