$ opam depext -iy -j 2 glpk.0.1.6
# Detecting depexts using vars: arch=x86_64, os=linux, os-distribution=opensuse, os-family=suse
# The following system packages are needed:
m4
# All required OS packages found.
# Now letting OPAM install the packages
The following actions will be performed:
  - install glpk 0.1.6

<><> Gathering sources ><><><><><><><><><><><><><><><><><><><><><><><><><><><><>
[glpk.0.1.6] found in cache

<><> Processing actions <><><><><><><><><><><><><><><><><><><><><><><><><><><><>
[ERROR] The compilation of glpk failed at "/usr/bin/make byte opt".

#=== ERROR while compiling glpk.0.1.6 =========================================#
# context              2.0.0~rc3 | linux/x86_64 | ocaml-base-compiler.4.06.1 | git+file:///home/opam/opam-repository
# path                 ~/.opam/4.06/.opam-switch/build/glpk.0.1.6
# command              /usr/bin/make byte opt
# exit-code            2
# env-file             ~/.opam/log/glpk-12-05296d.env
# output-file          ~/.opam/log/glpk-12-05296d.out
### output ###
# make -C src byte
# make[1]: Entering directory '/home/opam/.opam/4.06/.opam-switch/build/glpk.0.1.6/src'
# make[2]: Entering directory '/home/opam/.opam/4.06/.opam-switch/build/glpk.0.1.6/src'
# making ._bcdi/glpk.di from glpk.mli
# making ._d/glpk.d from glpk.ml
# ocamlc -c -cc "cc" -ccopt "-fPIC -Wall -ansi -DCAML_NAME_SPACE -g \
# 			-DPIC   \
# 			    -o glpk_stubs.o " glpk_stubs.c 
# In file included from /home/opam/.opam/4.06/lib/ocaml/caml/alloc.h:23:0,
#                  from glpk_stubs.c:23:
# /home/opam/.opam/4.06/lib/ocaml/caml/misc.h:137:15: error: expected '=', ',', ';', 'asm' or '__attribute__' before 'int'
#  static inline int caml_uadd_overflow(uintnat a, uintnat b, uintnat * res)
#                ^
# /home/opam/.opam/4.06/lib/ocaml/caml/misc.h:148:15: error: expected '=', ',', ';', 'asm' or '__attribute__' before 'int'
#  static inline int caml_usub_overflow(uintnat a, uintnat b, uintnat * res)
#                ^
# In file included from glpk_stubs.c:23:0:
# /home/opam/.opam/4.06/lib/ocaml/caml/alloc.h:64:1: error: unknown type name 'inline'
#  static inline value caml_alloc_unboxed (value arg) { return arg; }
#  ^
# /home/opam/.opam/4.06/lib/ocaml/caml/alloc.h:64:21: error: expected '=', ',', ';', 'asm' or '__attribute__' before 'caml_alloc_unboxed'
#  static inline value caml_alloc_unboxed (value arg) { return arg; }
#                      ^
# /home/opam/.opam/4.06/lib/ocaml/caml/alloc.h:65:1: error: unknown type name 'inline'
#  static inline value caml_alloc_boxed (value arg) {
#  ^
# /home/opam/.opam/4.06/lib/ocaml/caml/alloc.h:65:21: error: expected '=', ',', ';', 'asm' or '__attribute__' before 'caml_alloc_boxed'
#  static inline value caml_alloc_boxed (value arg) {
#                      ^
# /home/opam/.opam/4.06/lib/ocaml/caml/alloc.h:70:1: error: unknown type name 'inline'
#  static inline value caml_field_unboxed (value arg) { return arg; }
#  ^
# /home/opam/.opam/4.06/lib/ocaml/caml/alloc.h:70:21: error: expected '=', ',', ';', 'asm' or '__attribute__' before 'caml_field_unboxed'
#  static inline value caml_field_unboxed (value arg) { return arg; }
#                      ^
# /home/opam/.opam/4.06/lib/ocaml/caml/alloc.h:71:1: error: unknown type name 'inline'
#  static inline value caml_field_boxed (value arg) { return Field (arg, 0); }
#  ^
# /home/opam/.opam/4.06/lib/ocaml/caml/alloc.h:71:21: error: expected '=', ',', ';', 'asm' or '__attribute__' before 'caml_field_boxed'
#  static inline value caml_field_boxed (value arg) { return Field (arg, 0); }
#                      ^
# glpk_stubs.c:34:18: fatal error: glpk.h: No such file or directory
#  #include <glpk.h>
#                   ^
# compilation terminated.
# OCamlMakefile:1013: recipe for target 'glpk_stubs.o' failed
# make[2]: *** [glpk_stubs.o] Error 2
# make[2]: Leaving directory '/home/opam/.opam/4.06/.opam-switch/build/glpk.0.1.6/src'
# OCamlMakefile:716: recipe for target 'byte-code-library' failed
# make[1]: *** [byte-code-library] Error 2
# make[1]: Leaving directory '/home/opam/.opam/4.06/.opam-switch/build/glpk.0.1.6/src'
# Makefile:13: recipe for target 'byte' failed
# make: *** [byte] Error 2



<><> Error report <><><><><><><><><><><><><><><><><><><><><><><><><><><><><><><>
+- The following actions failed
| - build glpk 0.1.6
+- 
- No changes have been performed
# Run eval $(opam env) to update the current shell environment
31 1532314588 1532314782