$ opam depext -iy -j 2 zstd.0.2
# Detecting depexts using vars: arch=x86_64, os=linux, os-distribution=alpine, os-family=alpine
# The following system packages are needed:
m4
pkgconfig
m4
pkgconf
# All required OS packages found.
# Now letting OPAM install the packages
The following actions will be performed:
  - install result          1.3    [required by topkg]
  - install base-bytes      base   [required by ctypes]
  - install ocamlbuild      0.12.0 [required by zstd]
  - install conf-pkg-config 1.1    [required by ctypes]
  - install topkg           0.9.1  [required by integers]
  - install ocamlmod        0.0.9  [required by oasis]
  - install ocamlify        0.0.1  [required by oasis]
  - install integers        0.2.2  [required by ctypes]
  - install oasis           0.4.11 [required by zstd]
  - install ctypes          0.14.0 [required by zstd]
  - install zstd            0.2
===== 11 to install =====

<><> Gathering sources ><><><><><><><><><><><><><><><><><><><><><><><><><><><><>
[ctypes.0.14.0] found in cache
[integers.0.2.2] found in cache
[oasis.0.4.11] found in cache
[ocamlbuild.0.12.0] found in cache
[ocamlify.0.0.1] found in cache
[ocamlmod.0.0.9] found in cache
[result.1.3] found in cache
[topkg.0.9.1] found in cache
[zstd.0.2] found in cache

<><> Processing actions <><><><><><><><><><><><><><><><><><><><><><><><><><><><>
-> installed base-bytes.base
-> installed conf-pkg-config.1.1
-> installed result.1.3
-> installed ocamlbuild.0.12.0
-> installed ocamlify.0.0.1
-> installed ocamlmod.0.0.9
-> installed topkg.0.9.1
-> installed integers.0.2.2
-> installed ctypes.0.14.0
-> installed oasis.0.4.11
[ERROR] The compilation of zstd failed at "/home/opam/.opam/4.06/bin/ocaml setup.ml -build".

#=== ERROR while compiling zstd.0.2 ===========================================#
# context              2.0.0~rc3 | linux/x86_64 | ocaml-base-compiler.4.06.1 | git+file:///home/opam/opam-repository
# path                 ~/.opam/4.06/.opam-switch/build/zstd.0.2
# command              ~/.opam/4.06/bin/ocaml setup.ml -build
# exit-code            1
# env-file             ~/.opam/log/zstd-13-b7b179.env
# output-file          ~/.opam/log/zstd-13-b7b179.out
### output ###
# W: Cannot find source file matching module 'Zstd_generated' in library zstd.
# W: Use InterfacePatterns or ImplementationPatterns to define this file with feature "source_patterns".
# W: Cannot find source file matching module 'Zstd_generated' in library zstd.
# W: Use InterfacePatterns or ImplementationPatterns to define this file with feature "source_patterns".
# W: Cannot find source file matching module 'Zstd_generated' in library zstd.
# W: Use InterfacePatterns or ImplementationPatterns to define this file with feature "source_patterns".
# /home/opam/.opam/4.06/bin/ocamlopt.opt unix.cmxa -I /home/opam/.opam/4.06/lib/ocamlbuild /home/opam/.opam/4.06/lib/ocamlbuild/ocamlbuildlib.cmxa myocamlbuild_config.ml myocamlbuild.ml /home/opam/.opam/4.06/lib/ocamlbuild/ocamlbuild.cmx -o myocamlbuild
# File "_tags", line 31, characters 27-37:
# Warning: the tag "pkg_extlib" is not used in any flag or dependency declaration, so it will have no effect; it may be a typo. Otherwise you can use `mark_tag_used` in your myocamlbuild.ml to disable this warning.
# File "_tags", line 34, characters 19-29:
# Warning: the tag "pkg_extlib" is not used in any flag or dependency declaration, so it will have no effect; it may be a typo. Otherwise you can use `mark_tag_used` in your myocamlbuild.ml to disable this warning.
# /home/opam/.opam/4.06/bin/ocamlfind ocamldep -package ctypes.stubs -modules src/zstd_gen.ml > src/zstd_gen.ml.depends
# /home/opam/.opam/4.06/bin/ocamlfind ocamldep -package ctypes.stubs -modules src/zstd_stubs.ml > src/zstd_stubs.ml.depends
# /home/opam/.opam/4.06/bin/ocamlfind ocamlc -c -g -annot -bin-annot -package ctypes.stubs -I src -o src/zstd_stubs.cmo src/zstd_stubs.ml
# /home/opam/.opam/4.06/bin/ocamlfind ocamlc -c -g -annot -bin-annot -package ctypes.stubs -I src -o src/zstd_gen.cmo src/zstd_gen.ml
# /home/opam/.opam/4.06/bin/ocamlfind ocamlopt -c -g -annot -bin-annot -package ctypes.stubs -I src -o src/zstd_stubs.cmx src/zstd_stubs.ml
# /home/opam/.opam/4.06/bin/ocamlfind ocamlopt -c -g -annot -bin-annot -package ctypes.stubs -I src -o src/zstd_gen.cmx src/zstd_gen.ml
# /home/opam/.opam/4.06/bin/ocamlfind ocamlopt -g -linkpkg -package ctypes.stubs -I src src/zstd_stubs.cmx src/zstd_gen.cmx -o src/zstd_gen.native
# src/zstd_gen.native
# /home/opam/.opam/4.06/bin/ocamlfind ocamlc -package ctypes.stubs -g -c src/zstd_cstubs.c
# + /home/opam/.opam/4.06/bin/ocamlfind ocamlc -package ctypes.stubs -g -c src/zstd_cstubs.c
# src/zstd_cstubs.c:1:18: fatal error: zstd.h: No such file or directory
#  #include <zstd.h>
#                   ^
# compilation terminated.
# Command exited with code 2.
# E: Failure("Command ''/home/opam/.opam/4.06/bin/ocamlbuild' src/libzstd_stubs.a src/dllzstd_stubs.so src/zstd.cma src/zstd.cmxa src/zstd.a src/zstd.cmxs src/zstd_gen.native -tag debug' terminated with error code 10")



<><> Error report <><><><><><><><><><><><><><><><><><><><><><><><><><><><><><><>
+- The following actions failed
| - build zstd 0.2
+- 
+- The following changes have been performed
| - install base-bytes      base
| - install conf-pkg-config 1.1
| - install ctypes          0.14.0
| - install integers        0.2.2
| - install oasis           0.4.11
| - install ocamlbuild      0.12.0
| - install ocamlify        0.0.1
| - install ocamlmod        0.0.9
| - install result          1.3
| - install topkg           0.9.1
+- 
# Run eval $(opam env) to update the current shell environment

The former state can be restored with:
    opam switch import "/home/opam/.opam/4.06/.opam-switch/backup/state-20180724004307.export"
31 1532392985 1532393048