$ opam depext -iy -j 2 stdcompat.2
# Detecting depexts using vars: arch=x86_64, os=linux, os-distribution=debian, os-family=debian
# The following system packages are needed:
m4
# All required OS packages found.
# Now letting OPAM install the packages
The following actions will be performed:
  - install base-bytes base  [required by cppo]
  - install cppo       1.6.4 [required by stdcompat]
  - install stdcompat  2
===== 3 to install =====

<><> Gathering sources ><><><><><><><><><><><><><><><><><><><><><><><><><><><><>
[cppo.1.6.4] found in cache
[stdcompat.2] found in cache

<><> Processing actions <><><><><><><><><><><><><><><><><><><><><><><><><><><><>
-> installed base-bytes.base
-> installed cppo.1.6.4
[ERROR] The compilation of stdcompat failed at "/usr/bin/make all PREFIX=/home/opam/.opam/4.07".

#=== ERROR while compiling stdcompat.2 ========================================#
# context              2.0.0 | linux/x86_64 | ocaml-base-compiler.4.07.0 | git+file:///home/opam/opam-repository
# path                 ~/.opam/4.07/.opam-switch/build/stdcompat.2
# command              /usr/bin/make all PREFIX=/home/opam/.opam/4.07
# exit-code            2
# env-file             ~/.opam/log/stdcompat-11-60459a.env
# output-file          ~/.opam/log/stdcompat-11-60459a.out
### output ###
# /bin/sh: 1: hexdump: not found
# cppo -D 'OCAMLVERSION 407' stdcompat.mlip >stdcompat.mli || rm stdcompat.mli
# ocamlfind ocamlc -c stdcompat.mli
# ocamlfind ocamlc -pp "cppo -D 'OCAMLVERSION 407'" -c -impl stdcompat.mlp
# File "stdcompat.mlp", line 1:
# Error: The implementation stdcompat.mlp
#        does not match the interface stdcompat.cmi:
#        ...
#        In module Hashtbl:
#        The value `to_seq_values' is required but not provided
#        File "stdcompat.mlip", line 299, characters 2-44: Expected declaration
#        In module Hashtbl:
#        The value `to_seq_keys' is required but not provided
#        File "stdcompat.mlip", line 297, characters 2-42: Expected declaration
#        In module Hashtbl:
#        The value `to_seq' is required but not provided
#        File "stdcompat.mlip", line 295, characters 2-44: Expected declaration
#        In module Hashtbl:
#        The value `replace_seq' is required but not provided
#        File "stdcompat.mlip", line 293, characters 2-57: Expected declaration
#        In module Hashtbl:
#        The value `add_seq' is required but not provided
#        File "stdcompat.mlip", line 291, characters 2-53: Expected declaration
#        In module Hashtbl:
#        The value `of_seq' is required but not provided
#        File "stdcompat.mlip", line 289, characters 2-44: Expected declaration
# Makefile:132: recipe for target 'stdcompat.cmo' failed
# make: *** [stdcompat.cmo] Error 2



<><> Error report <><><><><><><><><><><><><><><><><><><><><><><><><><><><><><><>
+- The following actions failed
| - build stdcompat 2
+- 
+- The following changes have been performed
| - install base-bytes base
| - install cppo       1.6.4
+- 
# Run eval $(opam env) to update the current shell environment

The former state can be restored with:
    opam switch import "/home/opam/.opam/4.07/.opam-switch/backup/state-20180812203213.export"
31 1534105930 1534105936