$ opam depext -iy -j 2 acgtk.1.3.0
# Detecting depexts using vars: arch=x86_64, os=linux, os-distribution=debian, os-family=debian
# The following system packages are needed:
debianutils
libcairo2-dev
m4
pkg-config
The following command needs to be run through "sudo":
    apt-get install -qq -yy debianutils libcairo2-dev m4 pkg-config
debconf: delaying package configuration, since apt-utils is not installed
Selecting previously unselected package libpcrecpp0v5:amd64.
(Reading database ... (Reading database ... 5%(Reading database ... 10%(Reading database ... 15%(Reading database ... 20%(Reading database ... 25%(Reading database ... 30%(Reading database ... 35%(Reading database ... 40%(Reading database ... 45%(Reading database ... 50%(Reading database ... 55%(Reading database ... 60%(Reading database ... 65%(Reading database ... 70%(Reading database ... 75%(Reading database ... 80%(Reading database ... 85%(Reading database ... 90%(Reading database ... 95%(Reading database ... 100%(Reading database ... 17681 files and directories currently installed.)
Preparing to unpack .../0-libpcrecpp0v5_2%3a8.39-3_amd64.deb ...
Unpacking libpcrecpp0v5:amd64 (2:8.39-3) ...
Selecting previously unselected package libpython3.5-minimal:amd64.
Preparing to unpack .../1-libpython3.5-minimal_3.5.3-1_amd64.deb ...
Unpacking libpython3.5-minimal:amd64 (3.5.3-1) ...
Selecting previously unselected package python3.5-minimal.
Preparing to unpack .../2-python3.5-minimal_3.5.3-1_amd64.deb ...
Unpacking python3.5-minimal (3.5.3-1) ...
Selecting previously unselected package python3-minimal.
Preparing to unpack .../3-python3-minimal_3.5.3-1_amd64.deb ...
Unpacking python3-minimal (3.5.3-1) ...
Selecting previously unselected package mime-support.
Preparing to unpack .../4-mime-support_3.60_all.deb ...
Unpacking mime-support (3.60) ...
Selecting previously unselected package libmpdec2:amd64.
Preparing to unpack .../5-libmpdec2_2.4.2-1_amd64.deb ...
Unpacking libmpdec2:amd64 (2.4.2-1) ...
Selecting previously unselected package libpython3.5-stdlib:amd64.
Preparing to unpack .../6-libpython3.5-stdlib_3.5.3-1_amd64.deb ...
Unpacking libpython3.5-stdlib:amd64 (3.5.3-1) ...
Selecting previously unselected package python3.5.
Preparing to unpack .../7-python3.5_3.5.3-1_amd64.deb ...
Unpacking python3.5 (3.5.3-1) ...
Selecting previously unselected package libpython3-stdlib:amd64.
Preparing to unpack .../8-libpython3-stdlib_3.5.3-1_amd64.deb ...
Unpacking libpython3-stdlib:amd64 (3.5.3-1) ...
Selecting previously unselected package dh-python.
Preparing to unpack .../9-dh-python_2.20170125_all.deb ...
Unpacking dh-python (2.20170125) ...
Setting up libpython3.5-minimal:amd64 (3.5.3-1) ...
Setting up python3.5-minimal (3.5.3-1) ...
Setting up python3-minimal (3.5.3-1) ...
Selecting previously unselected package python3.
(Reading database ... (Reading database ... 5%(Reading database ... 10%(Reading database ... 15%(Reading database ... 20%(Reading database ... 25%(Reading database ... 30%(Reading database ... 35%(Reading database ... 40%(Reading database ... 45%(Reading database ... 50%(Reading database ... 55%(Reading database ... 60%(Reading database ... 65%(Reading database ... 70%(Reading database ... 75%(Reading database ... 80%(Reading database ... 85%(Reading database ... 90%(Reading database ... 95%(Reading database ... 100%(Reading database ... 18634 files and directories currently installed.)
Preparing to unpack .../00-python3_3.5.3-1_amd64.deb ...
Unpacking python3 (3.5.3-1) ...
Selecting previously unselected package sgml-base.
Preparing to unpack .../01-sgml-base_1.29_all.deb ...
Unpacking sgml-base (1.29) ...
Selecting previously unselected package libmagic-mgc.
Preparing to unpack .../02-libmagic-mgc_1%3a5.30-1+deb9u2_amd64.deb ...
Unpacking libmagic-mgc (1:5.30-1+deb9u2) ...
Selecting previously unselected package libmagic1:amd64.
Preparing to unpack .../03-libmagic1_1%3a5.30-1+deb9u2_amd64.deb ...
Unpacking libmagic1:amd64 (1:5.30-1+deb9u2) ...
Selecting previously unselected package file.
Preparing to unpack .../04-file_1%3a5.30-1+deb9u2_amd64.deb ...
Unpacking file (1:5.30-1+deb9u2) ...
Selecting previously unselected package libicu57:amd64.
Preparing to unpack .../05-libicu57_57.1-6+deb9u2_amd64.deb ...
Unpacking libicu57:amd64 (57.1-6+deb9u2) ...
Selecting previously unselected package libxml2:amd64.
Preparing to unpack .../06-libxml2_2.9.4+dfsg1-2.2+deb9u2_amd64.deb ...
Unpacking libxml2:amd64 (2.9.4+dfsg1-2.2+deb9u2) ...
Selecting previously unselected package ucf.
Preparing to unpack .../07-ucf_3.0036_all.deb ...
Moving old data out of the way
Unpacking ucf (3.0036) ...
Selecting previously unselected package fonts-dejavu-core.
Preparing to unpack .../08-fonts-dejavu-core_2.37-1_all.deb ...
Unpacking fonts-dejavu-core (2.37-1) ...
Selecting previously unselected package fontconfig-config.
Preparing to unpack .../09-fontconfig-config_2.11.0-6.7_all.deb ...
Unpacking fontconfig-config (2.11.0-6.7) ...
Selecting previously unselected package libpng16-16:amd64.
Preparing to unpack .../10-libpng16-16_1.6.28-1_amd64.deb ...
Unpacking libpng16-16:amd64 (1.6.28-1) ...
Selecting previously unselected package libfreetype6:amd64.
Preparing to unpack .../11-libfreetype6_2.6.3-3.2_amd64.deb ...
Unpacking libfreetype6:amd64 (2.6.3-3.2) ...
Selecting previously unselected package libfontconfig1:amd64.
Preparing to unpack .../12-libfontconfig1_2.11.0-6.7+b1_amd64.deb ...
Unpacking libfontconfig1:amd64 (2.11.0-6.7+b1) ...
Selecting previously unselected package libpixman-1-0:amd64.
Preparing to unpack .../13-libpixman-1-0_0.34.0-1_amd64.deb ...
Unpacking libpixman-1-0:amd64 (0.34.0-1) ...
Selecting previously unselected package libxcb-render0:amd64.
Preparing to unpack .../14-libxcb-render0_1.12-1_amd64.deb ...
Unpacking libxcb-render0:amd64 (1.12-1) ...
Selecting previously unselected package libxcb-shm0:amd64.
Preparing to unpack .../15-libxcb-shm0_1.12-1_amd64.deb ...
Unpacking libxcb-shm0:amd64 (1.12-1) ...
Selecting previously unselected package libxrender1:amd64.
Preparing to unpack .../16-libxrender1_1%3a0.9.10-1_amd64.deb ...
Unpacking libxrender1:amd64 (1:0.9.10-1) ...
Selecting previously unselected package libcairo2:amd64.
Preparing to unpack .../17-libcairo2_1.14.8-1_amd64.deb ...
Unpacking libcairo2:amd64 (1.14.8-1) ...
Selecting previously unselected package libglib2.0-0:amd64.
Preparing to unpack .../18-libglib2.0-0_2.50.3-2_amd64.deb ...
Unpacking libglib2.0-0:amd64 (2.50.3-2) ...
Selecting previously unselected package libcairo-gobject2:amd64.
Preparing to unpack .../19-libcairo-gobject2_1.14.8-1_amd64.deb ...
Unpacking libcairo-gobject2:amd64 (1.14.8-1) ...
Selecting previously unselected package liblzo2-2:amd64.
Preparing to unpack .../20-liblzo2-2_2.08-1.2+b2_amd64.deb ...
Unpacking liblzo2-2:amd64 (2.08-1.2+b2) ...
Selecting previously unselected package libcairo-script-interpreter2:amd64.
Preparing to unpack .../21-libcairo-script-interpreter2_1.14.8-1_amd64.deb ...
Unpacking libcairo-script-interpreter2:amd64 (1.14.8-1) ...
Selecting previously unselected package libexpat1-dev:amd64.
Preparing to unpack .../22-libexpat1-dev_2.2.0-2+deb9u1_amd64.deb ...
Unpacking libexpat1-dev:amd64 (2.2.0-2+deb9u1) ...
Selecting previously unselected package zlib1g-dev:amd64.
Preparing to unpack .../23-zlib1g-dev_1%3a1.2.8.dfsg-5_amd64.deb ...
Unpacking zlib1g-dev:amd64 (1:1.2.8.dfsg-5) ...
Selecting previously unselected package libpng-dev:amd64.
Preparing to unpack .../24-libpng-dev_1.6.28-1_amd64.deb ...
Unpacking libpng-dev:amd64 (1.6.28-1) ...
Selecting previously unselected package libfreetype6-dev.
Preparing to unpack .../25-libfreetype6-dev_2.6.3-3.2_amd64.deb ...
Unpacking libfreetype6-dev (2.6.3-3.2) ...
Selecting previously unselected package pkg-config.
Preparing to unpack .../26-pkg-config_0.29-4+b1_amd64.deb ...
Unpacking pkg-config (0.29-4+b1) ...
Selecting previously unselected package libfontconfig1-dev:amd64.
Preparing to unpack .../27-libfontconfig1-dev_2.11.0-6.7+b1_amd64.deb ...
Unpacking libfontconfig1-dev:amd64 (2.11.0-6.7+b1) ...
Selecting previously unselected package x11proto-render-dev.
Preparing to unpack .../28-x11proto-render-dev_2%3a0.11.1-2_all.deb ...
Unpacking x11proto-render-dev (2:0.11.1-2) ...
Selecting previously unselected package libxrender-dev:amd64.
Preparing to unpack .../29-libxrender-dev_1%3a0.9.10-1_amd64.deb ...
Unpacking libxrender-dev:amd64 (1:0.9.10-1) ...
Selecting previously unselected package x11proto-xext-dev.
Preparing to unpack .../30-x11proto-xext-dev_7.3.0-1_all.deb ...
Unpacking x11proto-xext-dev (7.3.0-1) ...
Selecting previously unselected package libxext-dev:amd64.
Preparing to unpack .../31-libxext-dev_2%3a1.3.3-1+b2_amd64.deb ...
Unpacking libxext-dev:amd64 (2:1.3.3-1+b2) ...
Selecting previously unselected package x11-common.
Preparing to unpack .../32-x11-common_1%3a7.7+19_all.deb ...
Unpacking x11-common (1:7.7+19) ...
Selecting previously unselected package libice6:amd64.
Preparing to unpack .../33-libice6_2%3a1.0.9-2_amd64.deb ...
Unpacking libice6:amd64 (2:1.0.9-2) ...
Selecting previously unselected package libsm6:amd64.
Preparing to unpack .../34-libsm6_2%3a1.2.2-1+b3_amd64.deb ...
Unpacking libsm6:amd64 (2:1.2.2-1+b3) ...
Selecting previously unselected package libice-dev:amd64.
Preparing to unpack .../35-libice-dev_2%3a1.0.9-2_amd64.deb ...
Unpacking libice-dev:amd64 (2:1.0.9-2) ...
Selecting previously unselected package libsm-dev:amd64.
Preparing to unpack .../36-libsm-dev_2%3a1.2.2-1+b3_amd64.deb ...
Unpacking libsm-dev:amd64 (2:1.2.2-1+b3) ...
Selecting previously unselected package libpixman-1-dev.
Preparing to unpack .../37-libpixman-1-dev_0.34.0-1_amd64.deb ...
Unpacking libpixman-1-dev (0.34.0-1) ...
Selecting previously unselected package libxcb-render0-dev:amd64.
Preparing to unpack .../38-libxcb-render0-dev_1.12-1_amd64.deb ...
Unpacking libxcb-render0-dev:amd64 (1.12-1) ...
Selecting previously unselected package libxcb-shm0-dev:amd64.
Preparing to unpack .../39-libxcb-shm0-dev_1.12-1_amd64.deb ...
Unpacking libxcb-shm0-dev:amd64 (1.12-1) ...
Selecting previously unselected package libglib2.0-data.
Preparing to unpack .../40-libglib2.0-data_2.50.3-2_all.deb ...
Unpacking libglib2.0-data (2.50.3-2) ...
Selecting previously unselected package libglib2.0-bin.
Preparing to unpack .../41-libglib2.0-bin_2.50.3-2_amd64.deb ...
Unpacking libglib2.0-bin (2.50.3-2) ...
Selecting previously unselected package libpcre16-3:amd64.
Preparing to unpack .../42-libpcre16-3_2%3a8.39-3_amd64.deb ...
Unpacking libpcre16-3:amd64 (2:8.39-3) ...
Selecting previously unselected package libpcre32-3:amd64.
Preparing to unpack .../43-libpcre32-3_2%3a8.39-3_amd64.deb ...
Unpacking libpcre32-3:amd64 (2:8.39-3) ...
Selecting previously unselected package libpcre3-dev:amd64.
Preparing to unpack .../44-libpcre3-dev_2%3a8.39-3_amd64.deb ...
Unpacking libpcre3-dev:amd64 (2:8.39-3) ...
Selecting previously unselected package libglib2.0-dev.
Preparing to unpack .../45-libglib2.0-dev_2.50.3-2_amd64.deb ...
Unpacking libglib2.0-dev (2.50.3-2) ...
Selecting previously unselected package libcairo2-dev.
Preparing to unpack .../46-libcairo2-dev_1.14.8-1_amd64.deb ...
Unpacking libcairo2-dev (1.14.8-1) ...
Selecting previously unselected package libpng-tools.
Preparing to unpack .../47-libpng-tools_1.6.28-1_amd64.deb ...
Unpacking libpng-tools (1.6.28-1) ...
Selecting previously unselected package shared-mime-info.
Preparing to unpack .../48-shared-mime-info_1.8-1+deb9u1_amd64.deb ...
Unpacking shared-mime-info (1.8-1+deb9u1) ...
Selecting previously unselected package xdg-user-dirs.
Preparing to unpack .../49-xdg-user-dirs_0.15-2+b1_amd64.deb ...
Unpacking xdg-user-dirs (0.15-2+b1) ...
Selecting previously unselected package xml-core.
Preparing to unpack .../50-xml-core_0.17_all.deb ...
Unpacking xml-core (0.17) ...
Setting up libxcb-render0:amd64 (1.12-1) ...
Setting up mime-support (3.60) ...
Setting up libpng16-16:amd64 (1.6.28-1) ...
Setting up fonts-dejavu-core (2.37-1) ...
Setting up libpng-tools (1.6.28-1) ...
Setting up libglib2.0-0:amd64 (2.50.3-2) ...
No schema files found: doing nothing.
Setting up sgml-base (1.29) ...
Setting up libicu57:amd64 (57.1-6+deb9u2) ...
Setting up ucf (3.0036) ...
debconf: unable to initialize frontend: Dialog
debconf: (Dialog frontend will not work on a dumb terminal, an emacs shell buffer, or without a controlling terminal.)
debconf: falling back to frontend: Readline
Setting up libxml2:amd64 (2.9.4+dfsg1-2.2+deb9u2) ...
Setting up libfreetype6:amd64 (2.6.3-3.2) ...
Setting up libmagic-mgc (1:5.30-1+deb9u2) ...
Setting up libmagic1:amd64 (1:5.30-1+deb9u2) ...
Setting up libxcb-render0-dev:amd64 (1.12-1) ...
Setting up pkg-config (0.29-4+b1) ...
Setting up libpixman-1-0:amd64 (0.34.0-1) ...
Setting up x11proto-xext-dev (7.3.0-1) ...
Setting up libglib2.0-data (2.50.3-2) ...
Processing triggers for libc-bin (2.24-11+deb9u3) ...
Setting up libpixman-1-dev (0.34.0-1) ...
Setting up libxext-dev:amd64 (2:1.3.3-1+b2) ...
Setting up libxcb-shm0:amd64 (1.12-1) ...
Setting up libexpat1-dev:amd64 (2.2.0-2+deb9u1) ...
Setting up libxrender1:amd64 (1:0.9.10-1) ...
Setting up shared-mime-info (1.8-1+deb9u1) ...
Setting up libpcrecpp0v5:amd64 (2:8.39-3) ...
Setting up libpcre32-3:amd64 (2:8.39-3) ...
Setting up libpcre16-3:amd64 (2:8.39-3) ...
Setting up x11proto-render-dev (2:0.11.1-2) ...
Setting up xml-core (0.17) ...
Setting up x11-common (1:7.7+19) ...
debconf: unable to initialize frontend: Dialog
debconf: (Dialog frontend will not work on a dumb terminal, an emacs shell buffer, or without a controlling terminal.)
debconf: falling back to frontend: Readline
update-rc.d: warning: start and stop actions are no longer supported; falling back to defaults
invoke-rc.d: could not determine current runlevel
invoke-rc.d: policy-rc.d denied execution of start.
Setting up libglib2.0-bin (2.50.3-2) ...
Setting up xdg-user-dirs (0.15-2+b1) ...
Setting up libmpdec2:amd64 (2.4.2-1) ...
Setting up liblzo2-2:amd64 (2.08-1.2+b2) ...
Setting up zlib1g-dev:amd64 (1:1.2.8.dfsg-5) ...
Setting up libpcre3-dev:amd64 (2:8.39-3) ...
Setting up fontconfig-config (2.11.0-6.7) ...
debconf: unable to initialize frontend: Dialog
debconf: (Dialog frontend will not work on a dumb terminal, an emacs shell buffer, or without a controlling terminal.)
debconf: falling back to frontend: Readline
Setting up libpython3.5-stdlib:amd64 (3.5.3-1) ...
Setting up libxcb-shm0-dev:amd64 (1.12-1) ...
Setting up libxrender-dev:amd64 (1:0.9.10-1) ...
Setting up file (1:5.30-1+deb9u2) ...
Setting up libice6:amd64 (2:1.0.9-2) ...
Setting up libpng-dev:amd64 (1.6.28-1) ...
Setting up python3.5 (3.5.3-1) ...
Setting up libpython3-stdlib:amd64 (3.5.3-1) ...
Setting up libfontconfig1:amd64 (2.11.0-6.7+b1) ...
Setting up libsm6:amd64 (2:1.2.2-1+b3) ...
Setting up libfreetype6-dev (2.6.3-3.2) ...
Setting up libice-dev:amd64 (2:1.0.9-2) ...
Setting up libfontconfig1-dev:amd64 (2.11.0-6.7+b1) ...
Setting up libcairo2:amd64 (1.14.8-1) ...
Setting up libsm-dev:amd64 (2:1.2.2-1+b3) ...
Setting up libcairo-script-interpreter2:amd64 (1.14.8-1) ...
Setting up libcairo-gobject2:amd64 (1.14.8-1) ...
Setting up dh-python (2.20170125) ...
Setting up python3 (3.5.3-1) ...
running python rtupdate hooks for python3.5...
running python post-rtupdate hooks for python3.5...
Setting up libglib2.0-dev (2.50.3-2) ...
Setting up libcairo2-dev (1.14.8-1) ...
Processing triggers for libc-bin (2.24-11+deb9u3) ...
Processing triggers for sgml-base (1.29) ...
# OS packages installation successful
# Now letting OPAM install the packages
The following actions will be performed:
  - install dypgen          20120619-1 [required by acgtk]
  - install easy-format     1.3.1      [required by yojson]
  - install conf-which      1          [required by camlp4]
  - install base-bytes      base       [required by ANSITerminal]
  - install ocamlbuild      0.12.0     [required by bolt, cairo2]
  - install conf-pkg-config 1.1        [required by conf-cairo]
  - install ppx_tools       5.0+4.03.0 [required by ocf]
  - install biniou          1.2.0      [required by yojson]
  - install cppo            1.6.4      [required by yojson]
  - install ANSITerminal    0.8        [required by acgtk]
  - install camlp4          4.03+1     [required by bolt]
  - install conf-cairo      1          [required by cairo2]
  - install yojson          1.4.1      [required by ocf]
  - install bolt            1.4        [required by acgtk]
  - install cairo2          0.5        [required by acgtk]
  - install ocf             0.5.0      [required by acgtk]
  - install acgtk           1.3.0
===== 17 to install =====

<><> Gathering sources ><><><><><><><><><><><><><><><><><><><><><><><><><><><><>
[acgtk.1.3.0] found in cache
[ANSITerminal.0.8] found in cache
[biniou.1.2.0] found in cache
[bolt.1.4] found in cache
[cairo2.0.5] found in cache
[camlp4.4.03+1] found in cache
[cppo.1.6.4] found in cache
[dypgen.20120619-1] found in cache
[easy-format.1.3.1] found in cache
[ocamlbuild.0.12.0] found in cache
[ocf.0.5.0] found in cache
[ppx_tools.5.0+4.03.0] found in cache
[yojson.1.4.1] found in cache

<><> Processing actions <><><><><><><><><><><><><><><><><><><><><><><><><><><><>
-> installed base-bytes.base
-> installed ANSITerminal.0.8
-> installed conf-pkg-config.1.1
-> installed conf-cairo.1
-> installed conf-which.1
-> installed cppo.1.6.4
-> installed easy-format.1.3.1
-> installed biniou.1.2.0
-> installed ocamlbuild.0.12.0
-> installed cairo2.0.5
-> installed dypgen.20120619-1
-> installed ppx_tools.5.0+4.03.0
-> installed yojson.1.4.1
-> installed ocf.0.5.0
-> installed camlp4.4.03+1
-> installed bolt.1.4
[ERROR] The compilation of acgtk failed at "/usr/bin/make all".

#=== ERROR while compiling acgtk.1.3.0 ========================================#
# context              2.0.0 | linux/x86_64 | ocaml-base-compiler.4.03.0 | git+file:///home/opam/opam-repository
# path                 ~/.opam/4.03/.opam-switch/build/acgtk.1.3.0
# command              /usr/bin/make all
# exit-code            2
# env-file             ~/.opam/log/acgtk-11-40c9a1.env
# output-file          ~/.opam/log/acgtk-11-40c9a1.out
### output ###
# /usr/bin/make -C src/scripting acg
# make[1]: Entering directory '/home/opam/.opam/4.03/.opam-switch/build/acgtk.1.3.0/src/scripting'
# ../Makefile.common:180: .targets: No such file or directory
# rm -f .targets
# ocamllex.opt script_lexer.mll
# 184 states, 7898 transitions, table size 32696 bytes
# rm -f depend
# /usr/bin/make -r -S -C ../utils byte; /usr/bin/make -r -S -C ../datalog.prover byte; /usr/bin/make -r -S -C ../logic byte; /usr/bin/make -r -S -C ../acg-data byte; /usr/bin/make -r -S -C ../grammars byte;
# make[2]: Entering directory '/home/opam/.opam/4.03/.opam-switch/build/acgtk.1.3.0/src/utils'
# ../Makefile.common:180: .targets: No such file or directory
# rm -f .targets
# rm -f depend
# ocamlc.opt -g -pp "camlp4o pa_extend.cmo pa_macro.cmo -DDEBUG -loc loc /home/opam/.opam/4.03/lib/bolt/bolt_pp.cmo -level NONE" -c -w yz -warn-error A -warn-error -58 -dtypes -g -I +camlp4 -I /home/opam/.opam/4.03/lib/bolt -I /home/opam/.opam/4.03/lib/ANSITerminal  dynlink.cma camlp4lib.cma unix.cma bolt.cma  str.cma ANSITerminal.cma utils.mli
# ocamlc.opt -g -pp "camlp4o pa_extend.cmo pa_macro.cmo -DDEBUG -loc loc /home/opam/.opam/4.03/lib/bolt/bolt_pp.cmo -level NONE" -c -w yz -warn-error A -warn-error -58 -dtypes -g -I +camlp4 -I /home/opam/.opam/4.03/lib/bolt -I /home/opam/.opam/4.03/lib/ANSITerminal  utils.ml
# ocamlc.opt -g -pp "camlp4o pa_extend.cmo pa_macro.cmo -DDEBUG -loc loc /home/opam/.opam/4.03/lib/bolt/bolt_pp.cmo -level NONE" -c -w yz -warn-error A -warn-error -58 -dtypes -g -I +camlp4 -I /home/opam/.opam/4.03/lib/bolt -I /home/opam/.opam/4.03/lib/ANSITerminal  dynlink.cma camlp4lib.cma unix.cma bolt.cma  str.cma ANSITerminal.cma table.mli
# ocamlc.opt -g -pp "camlp4o pa_extend.cmo pa_macro.cmo -DDEBUG -loc loc /home/opam/.opam/4.03/lib/bolt/bolt_pp.cmo -level NONE" -c -w yz -warn-error A -warn-error -58 -dtypes -g -I +camlp4 -I /home/opam/.opam/4.03/lib/bolt -I /home/opam/.opam/4.03/lib/ANSITerminal  table.ml
# ocamlc.opt -g -pp "camlp4o pa_extend.cmo pa_macro.cmo -DDEBUG -loc loc /home/opam/.opam/4.03/lib/bolt/bolt_pp.cmo -level NONE" -c -w yz -warn-error A -warn-error -58 -dtypes -g -I +camlp4 -I /home/opam/.opam/4.03/lib/bolt -I /home/opam/.opam/4.03/lib/ANSITerminal  dynlink.cma camlp4lib.cma unix.cma bolt.cma  str.cma ANSITerminal.cma tries.mli
# ocamlc.opt -g -pp "camlp4o pa_extend.cmo pa_macro.cmo -DDEBUG -loc loc /home/opam/.opam/4.03/lib/bolt/bolt_pp.cmo -level NONE" -c -w yz -warn-error A -warn-error -58 -dtypes -g -I +camlp4 -I /home/opam/.opam/4.03/lib/bolt -I /home/opam/.opam/4.03/lib/ANSITerminal  tries.ml
# ocamlc.opt -g -pp "camlp4o pa_extend.cmo pa_macro.cmo -DDEBUG -loc loc /home/opam/.opam/4.03/lib/bolt/bolt_pp.cmo -level NONE" -c -w yz -warn-error A -warn-error -58 -dtypes -g -I +camlp4 -I /home/opam/.opam/4.03/lib/bolt -I /home/opam/.opam/4.03/lib/ANSITerminal  dynlink.cma camlp4lib.cma unix.cma bolt.cma  str.cma ANSITerminal.cma version.mli
# ocamlc.opt -g -pp "camlp4o pa_extend.cmo pa_macro.cmo -DDEBUG -loc loc /home/opam/.opam/4.03/lib/bolt/bolt_pp.cmo -level NONE" -c -w yz -warn-error A -warn-error -58 -dtypes -g -I +camlp4 -I /home/opam/.opam/4.03/lib/bolt -I /home/opam/.opam/4.03/lib/ANSITerminal  version.ml
# ocamlc.opt -g -pp "camlp4o pa_extend.cmo pa_macro.cmo -DDEBUG -loc loc /home/opam/.opam/4.03/lib/bolt/bolt_pp.cmo -level NONE" -c -w yz -warn-error A -warn-error -58 -dtypes -g -I +camlp4 -I /home/opam/.opam/4.03/lib/bolt -I /home/opam/.opam/4.03/lib/ANSITerminal  dynlink.cma camlp4lib.cma unix.cma bolt.cma  str.cma ANSITerminal.cma focused_list.mli
# ocamlc.opt -g -pp "camlp4o pa_extend.cmo pa_macro.cmo -DDEBUG -loc loc /home/opam/.opam/4.03/lib/bolt/bolt_pp.cmo -level NONE" -c -w yz -warn-error A -warn-error -58 -dtypes -g -I +camlp4 -I /home/opam/.opam/4.03/lib/bolt -I /home/opam/.opam/4.03/lib/ANSITerminal  focused_list.ml
# ocamlc.opt -g -pp "camlp4o pa_extend.cmo pa_macro.cmo -DDEBUG -loc loc /home/opam/.opam/4.03/lib/bolt/bolt_pp.cmo -level NONE" -c -w yz -warn-error A -warn-error -58 -dtypes -g -I +camlp4 -I /home/opam/.opam/4.03/lib/bolt -I /home/opam/.opam/4.03/lib/ANSITerminal  dynlink.cma camlp4lib.cma unix.cma bolt.cma  str.cma ANSITerminal.cma sharedForest.mli
# ocamlc.opt -g -pp "camlp4o pa_extend.cmo pa_macro.cmo -DDEBUG -loc loc /home/opam/.opam/4.03/lib/bolt/bolt_pp.cmo -level NONE" -c -w yz -warn-error A -warn-error -58 -dtypes -g -I +camlp4 -I /home/opam/.opam/4.03/lib/bolt -I /home/opam/.opam/4.03/lib/ANSITerminal  sharedForest.ml
# ocamlc.opt -g -pp "camlp4o pa_extend.cmo pa_macro.cmo -DDEBUG -loc loc /home/opam/.opam/4.03/lib/bolt/bolt_pp.cmo -level NONE" -c -w yz -warn-error A -warn-error -58 -dtypes -g -I +camlp4 -I /home/opam/.opam/4.03/lib/bolt -I /home/opam/.opam/4.03/lib/ANSITerminal  dynlink.cma camlp4lib.cma unix.cma bolt.cma  str.cma ANSITerminal.cma idGenerator.mli
# ocamlc.opt -g -pp "camlp4o pa_extend.cmo pa_macro.cmo -DDEBUG -loc loc /home/opam/.opam/4.03/lib/bolt/bolt_pp.cmo -level NONE" -c -w yz -warn-error A -warn-error -58 -dtypes -g -I +camlp4 -I /home/opam/.opam/4.03/lib/bolt -I /home/opam/.opam/4.03/lib/ANSITerminal  idGenerator.ml
# ocamlc.opt -g -pp "camlp4o pa_extend.cmo pa_macro.cmo -DDEBUG -loc loc /home/opam/.opam/4.03/lib/bolt/bolt_pp.cmo -level NONE" -c -w yz -warn-error A -warn-error -58 -dtypes -g -I +camlp4 -I /home/opam/.opam/4.03/lib/bolt -I /home/opam/.opam/4.03/lib/ANSITerminal  dynlink.cma camlp4lib.cma unix.cma bolt.cma  str.cma ANSITerminal.cma dependencyManager.mli
# ocamlc.opt -g -pp "camlp4o pa_extend.cmo pa_macro.cmo -DDEBUG -loc loc /home/opam/.opam/4.03/lib/bolt/bolt_pp.cmo -level NONE" -c -w yz -warn-error A -warn-error -58 -dtypes -g -I +camlp4 -I /home/opam/.opam/4.03/lib/bolt -I /home/opam/.opam/4.03/lib/ANSITerminal  dependencyManager.ml
# ocamlc.opt -g -pp "camlp4o pa_extend.cmo pa_macro.cmo -DDEBUG -loc loc /home/opam/.opam/4.03/lib/bolt/bolt_pp.cmo -level NONE" -c -w yz -warn-error A -warn-error -58 -dtypes -g -I +camlp4 -I /home/opam/.opam/4.03/lib/bolt -I /home/opam/.opam/4.03/lib/ANSITerminal  test_sharedForest.ml
# ocamlc.opt -g -o test_sharedForest -w yz -warn-error A -warn-error -58 -dtypes -g -I +camlp4 -I /home/opam/.opam/4.03/lib/bolt -I /home/opam/.opam/4.03/lib/ANSITerminal  dynlink.cma camlp4lib.cma unix.cma bolt.cma  str.cma ANSITerminal.cma utils.cmo table.cmo tries.cmo version.cmo focused_list.cmo sharedForest.cmo idGenerator.cmo dependencyManager.cmo test_sharedForest.cmo
# ocamlc.opt -g -pp "camlp4o pa_extend.cmo pa_macro.cmo -DDEBUG -loc loc /home/opam/.opam/4.03/lib/bolt/bolt_pp.cmo -level NONE" -c -w yz -warn-error A -warn-error -58 -dtypes -g -I +camlp4 -I /home/opam/.opam/4.03/lib/bolt -I /home/opam/.opam/4.03/lib/ANSITerminal  test_dependencyManager.ml
# ocamlc.opt -g -o test_dependencyManager -w yz -warn-error A -warn-error -58 -dtypes -g -I +camlp4 -I /home/opam/.opam/4.03/lib/bolt -I /home/opam/.opam/4.03/lib/ANSITerminal  dynlink.cma camlp4lib.cma unix.cma bolt.cma  str.cma ANSITerminal.cma utils.cmo table.cmo tries.cmo version.cmo focused_list.cmo sharedForest.cmo idGenerator.cmo dependencyManager.cmo test_dependencyManager.cmo
# make[2]: Leaving directory '/home/opam/.opam/4.03/.opam-switch/build/acgtk.1.3.0/src/utils'
# make[2]: Entering directory '/home/opam/.opam/4.03/.opam-switch/build/acgtk.1.3.0/src/datalog.prover'
# ../Makefile.common:180: .targets: No such file or directory
# rm -f .targets
# ocamllex.opt db_lexer.mll
# 25 states, 361 transitions, table size 1594 bytes
# rm -f depend
# ocamlc.opt -g -pp "camlp4o pa_extend.cmo pa_macro.cmo -DDEBUG -loc loc /home/opam/.opam/4.03/lib/bolt/bolt_pp.cmo -level NONE" -c -w yz -warn-error A -warn-error -58 -dtypes -g -I +camlp4 -I /home/opam/.opam/4.03/lib/bolt -I /home/opam/.opam/4.03/lib/dyp  -I /home/opam/.opam/4.03/lib/ANSITerminal  -I ../utils dynlink.cma camlp4lib.cma unix.cma bolt.cma  dyp.cma str.cma ANSITerminal.cma  persistentArray.mli
# ocamlc.opt -g -pp "camlp4o pa_extend.cmo pa_macro.cmo -DDEBUG -loc loc /home/opam/.opam/4.03/lib/bolt/bolt_pp.cmo -level NONE" -c -w yz -warn-error A -warn-error -58 -dtypes -g -I +camlp4 -I /home/opam/.opam/4.03/lib/bolt -I /home/opam/.opam/4.03/lib/dyp  -I /home/opam/.opam/4.03/lib/ANSITerminal  -I ../utils persistentArray.ml
# ocamlc.opt -g -pp "camlp4o pa_extend.cmo pa_macro.cmo -DDEBUG -loc loc /home/opam/.opam/4.03/lib/bolt/bolt_pp.cmo -level NONE" -c -w yz -warn-error A -warn-error -58 -dtypes -g -I +camlp4 -I /home/opam/.opam/4.03/lib/bolt -I /home/opam/.opam/4.03/lib/dyp  -I /home/opam/.opam/4.03/lib/ANSITerminal  -I ../utils dynlink.cma camlp4lib.cma unix.cma bolt.cma  dyp.cma str.cma ANSITerminal.cma  arrayTraversal.mli
# ocamlc.opt -g -pp "camlp4o pa_extend.cmo pa_macro.cmo -DDEBUG -loc loc /home/opam/.opam/4.03/lib/bolt/bolt_pp.cmo -level NONE" -c -w yz -warn-error A -warn-error -58 -dtypes -g -I +camlp4 -I /home/opam/.opam/4.03/lib/bolt -I /home/opam/.opam/4.03/lib/dyp  -I /home/opam/.opam/4.03/lib/ANSITerminal  -I ../utils arrayTraversal.ml
# ocamlc.opt -g -pp "camlp4o pa_extend.cmo pa_macro.cmo -DDEBUG -loc loc /home/opam/.opam/4.03/lib/bolt/bolt_pp.cmo -level NONE" -c -w yz -warn-error A -warn-error -58 -dtypes -g -I +camlp4 -I /home/opam/.opam/4.03/lib/bolt -I /home/opam/.opam/4.03/lib/dyp  -I /home/opam/.opam/4.03/lib/ANSITerminal  -I ../utils dynlink.cma camlp4lib.cma unix.cma bolt.cma  dyp.cma str.cma ANSITerminal.cma  unionFind.mli
# ocamlc.opt -g -pp "camlp4o pa_extend.cmo pa_macro.cmo -DDEBUG -loc loc /home/opam/.opam/4.03/lib/bolt/bolt_pp.cmo -level NONE" -c -w yz -warn-error A -warn-error -58 -dtypes -g -I +camlp4 -I /home/opam/.opam/4.03/lib/bolt -I /home/opam/.opam/4.03/lib/dyp  -I /home/opam/.opam/4.03/lib/ANSITerminal  -I ../utils unionFind.ml
# ocamlc.opt -g -pp "camlp4o pa_extend.cmo pa_macro.cmo -DDEBUG -loc loc /home/opam/.opam/4.03/lib/bolt/bolt_pp.cmo -level NONE" -c -w yz -warn-error A -warn-error -58 -dtypes -g -I +camlp4 -I /home/opam/.opam/4.03/lib/bolt -I /home/opam/.opam/4.03/lib/dyp  -I /home/opam/.opam/4.03/lib/ANSITerminal  -I ../utils dynlink.cma camlp4lib.cma unix.cma bolt.cma  dyp.cma str.cma ANSITerminal.cma  datalog_AbstractSyntax.mli
# ocamlc.opt -g -pp "camlp4o pa_extend.cmo pa_macro.cmo -DDEBUG -loc loc /home/opam/.opam/4.03/lib/bolt/bolt_pp.cmo -level NONE" -c -w yz -warn-error A -warn-error -58 -dtypes -g -I +camlp4 -I /home/opam/.opam/4.03/lib/bolt -I /home/opam/.opam/4.03/lib/dyp  -I /home/opam/.opam/4.03/lib/ANSITerminal  -I ../utils datalog_AbstractSyntax.ml
# ocamlc.opt -g -pp "camlp4o pa_extend.cmo pa_macro.cmo -DDEBUG -loc loc /home/opam/.opam/4.03/lib/bolt/bolt_pp.cmo -level NONE" -c -w yz -warn-error A -warn-error -58 -dtypes -g -I +camlp4 -I /home/opam/.opam/4.03/lib/bolt -I /home/opam/.opam/4.03/lib/dyp  -I /home/opam/.opam/4.03/lib/ANSITerminal  -I ../utils dynlink.cma camlp4lib.cma unix.cma bolt.cma  dyp.cma str.cma ANSITerminal.cma  datalog.mli
# ocamlc.opt -g -pp "camlp4o pa_extend.cmo pa_macro.cmo -DDEBUG -loc loc /home/opam/.opam/4.03/lib/bolt/bolt_pp.cmo -level NONE" -c -w yz -warn-error A -warn-error -58 -dtypes -g -I +camlp4 -I /home/opam/.opam/4.03/lib/bolt -I /home/opam/.opam/4.03/lib/dyp  -I /home/opam/.opam/4.03/lib/ANSITerminal  -I ../utils datalog.ml
# ocamlc.opt -g -pp "camlp4o pa_extend.cmo pa_macro.cmo -DDEBUG -loc loc /home/opam/.opam/4.03/lib/bolt/bolt_pp.cmo -level NONE" -c -w yz -warn-error A -warn-error -58 -dtypes -g -I +camlp4 -I /home/opam/.opam/4.03/lib/bolt -I /home/opam/.opam/4.03/lib/dyp  -I /home/opam/.opam/4.03/lib/ANSITerminal  -I ../utils dynlink.cma camlp4lib.cma unix.cma bolt.cma  dyp.cma str.cma ANSITerminal.cma  db_parser.mli
# ocamlc.opt -g -pp "camlp4o pa_extend.cmo pa_macro.cmo -DDEBUG -loc loc /home/opam/.opam/4.03/lib/bolt/bolt_pp.cmo -level NONE" -c -w yz -warn-error A -warn-error -58 -dtypes -g -I +camlp4 -I /home/opam/.opam/4.03/lib/bolt -I /home/opam/.opam/4.03/lib/dyp  -I /home/opam/.opam/4.03/lib/ANSITerminal  -I ../utils db_parser.ml
# ocamlc.opt -g -pp "camlp4o pa_extend.cmo pa_macro.cmo -DDEBUG -loc loc /home/opam/.opam/4.03/lib/bolt/bolt_pp.cmo -level NONE" -c -w yz -warn-error A -warn-error -58 -dtypes -g -I +camlp4 -I /home/opam/.opam/4.03/lib/bolt -I /home/opam/.opam/4.03/lib/dyp  -I /home/opam/.opam/4.03/lib/ANSITerminal  -I ../utils db_lexer.ml
# ocamlc.opt -g -pp "camlp4o pa_extend.cmo pa_macro.cmo -DDEBUG -loc loc /home/opam/.opam/4.03/lib/bolt/bolt_pp.cmo -level NONE" -c -w yz -warn-error A -warn-error -58 -dtypes -g -I +camlp4 -I /home/opam/.opam/4.03/lib/bolt -I /home/opam/.opam/4.03/lib/dyp  -I /home/opam/.opam/4.03/lib/ANSITerminal  -I ../utils test.ml
# ocamlc.opt -g -o test -w yz -warn-error A -warn-error -58 -dtypes -g -I +camlp4 -I /home/opam/.opam/4.03/lib/bolt -I /home/opam/.opam/4.03/lib/dyp  -I /home/opam/.opam/4.03/lib/ANSITerminal  -I ../utils dynlink.cma camlp4lib.cma unix.cma bolt.cma  dyp.cma str.cma ANSITerminal.cma  ../utils/utils.cmo ../utils/table.cmo ../utils/tries.cmo ../utils/version.cmo ../utils/focused_list.cmo ../utils/sharedForest.cmo ../utils/idGenerator.cmo ../utils/dependencyManager.cmo persistentArray.cmo arrayTraversal.cmo unionFind.cmo datalog_AbstractSyntax.cmo datalog.cmo db_parser.cmo db_lexer.cmo test.cmo
# ocamlc.opt -g -pp "camlp4o pa_extend.cmo pa_macro.cmo -DDEBUG -loc loc /home/opam/.opam/4.03/lib/bolt/bolt_pp.cmo -level NONE" -c -w yz -warn-error A -warn-error -58 -dtypes -g -I +camlp4 -I /home/opam/.opam/4.03/lib/bolt -I /home/opam/.opam/4.03/lib/dyp  -I /home/opam/.opam/4.03/lib/ANSITerminal  -I ../utils db_test.ml
# ocamlc.opt -g -o db_test -w yz -warn-error A -warn-error -58 -dtypes -g -I +camlp4 -I /home/opam/.opam/4.03/lib/bolt -I /home/opam/.opam/4.03/lib/dyp  -I /home/opam/.opam/4.03/lib/ANSITerminal  -I ../utils dynlink.cma camlp4lib.cma unix.cma bolt.cma  dyp.cma str.cma ANSITerminal.cma  ../utils/utils.cmo ../utils/table.cmo ../utils/tries.cmo ../utils/version.cmo ../utils/focused_list.cmo ../utils/sharedForest.cmo ../utils/idGenerator.cmo ../utils/dependencyManager.cmo persistentArray.cmo arrayTraversal.cmo unionFind.cmo datalog_AbstractSyntax.cmo datalog.cmo db_parser.cmo db_lexer.cmo db_test.cmo
# make[2]: Leaving directory '/home/opam/.opam/4.03/.opam-switch/build/acgtk.1.3.0/src/datalog.prover'
# make[2]: Entering directory '/home/opam/.opam/4.03/.opam-switch/build/acgtk.1.3.0/src/logic'
# ../Makefile.common:180: .targets: No such file or directory
# rm -f .targets
# rm -f depend
# ocamlc.opt -g -pp "camlp4o pa_extend.cmo pa_macro.cmo -DDEBUG -loc loc /home/opam/.opam/4.03/lib/bolt/bolt_pp.cmo -level NONE" -c -w yz -warn-error A -warn-error -58 -dtypes -g -I +camlp4 -I /home/opam/.opam/4.03/lib/bolt -I /home/opam/.opam/4.03/lib/dyp  -I /home/opam/.opam/4.03/lib/ANSITerminal  -I ../utils dynlink.cma camlp4lib.cma unix.cma bolt.cma  dyp.cma str.cma ANSITerminal.cma  abstract_syntax.mli
# ocamlc.opt -g -pp "camlp4o pa_extend.cmo pa_macro.cmo -DDEBUG -loc loc /home/opam/.opam/4.03/lib/bolt/bolt_pp.cmo -level NONE" -c -w yz -warn-error A -warn-error -58 -dtypes -g -I +camlp4 -I /home/opam/.opam/4.03/lib/bolt -I /home/opam/.opam/4.03/lib/dyp  -I /home/opam/.opam/4.03/lib/ANSITerminal  -I ../utils abstract_syntax.ml
# ocamlc.opt -g -pp "camlp4o pa_extend.cmo pa_macro.cmo -DDEBUG -loc loc /home/opam/.opam/4.03/lib/bolt/bolt_pp.cmo -level NONE" -c -w yz -warn-error A -warn-error -58 -dtypes -g -I +camlp4 -I /home/opam/.opam/4.03/lib/bolt -I /home/opam/.opam/4.03/lib/dyp  -I /home/opam/.opam/4.03/lib/ANSITerminal  -I ../utils dynlink.cma camlp4lib.cma unix.cma bolt.cma  dyp.cma str.cma ANSITerminal.cma  lambda.mli
# ocamlc.opt -g -pp "camlp4o pa_extend.cmo pa_macro.cmo -DDEBUG -loc loc /home/opam/.opam/4.03/lib/bolt/bolt_pp.cmo -level NONE" -c -w yz -warn-error A -warn-error -58 -dtypes -g -I +camlp4 -I /home/opam/.opam/4.03/lib/bolt -I /home/opam/.opam/4.03/lib/dyp  -I /home/opam/.opam/4.03/lib/ANSITerminal  -I ../utils lambda.ml
# ocamlc.opt -g -pp "camlp4o pa_extend.cmo pa_macro.cmo -DDEBUG -loc loc /home/opam/.opam/4.03/lib/bolt/bolt_pp.cmo -level NONE" -c -w yz -warn-error A -warn-error -58 -dtypes -g -I +camlp4 -I /home/opam/.opam/4.03/lib/bolt -I /home/opam/.opam/4.03/lib/dyp  -I /home/opam/.opam/4.03/lib/ANSITerminal  -I ../utils dynlink.cma camlp4lib.cma unix.cma bolt.cma  dyp.cma str.cma ANSITerminal.cma  type_inference.mli
# ocamlc.opt -g -pp "camlp4o pa_extend.cmo pa_macro.cmo -DDEBUG -loc loc /home/opam/.opam/4.03/lib/bolt/bolt_pp.cmo -level NONE" -c -w yz -warn-error A -warn-error -58 -dtypes -g -I +camlp4 -I /home/opam/.opam/4.03/lib/bolt -I /home/opam/.opam/4.03/lib/dyp  -I /home/opam/.opam/4.03/lib/ANSITerminal  -I ../utils type_inference.ml
# ocamlc.opt -g -pp "camlp4o pa_extend.cmo pa_macro.cmo -DDEBUG -loc loc /home/opam/.opam/4.03/lib/bolt/bolt_pp.cmo -level NONE" -c -w yz -warn-error A -warn-error -58 -dtypes -g -I +camlp4 -I /home/opam/.opam/4.03/lib/bolt -I /home/opam/.opam/4.03/lib/dyp  -I /home/opam/.opam/4.03/lib/ANSITerminal  -I ../utils dynlink.cma camlp4lib.cma unix.cma bolt.cma  dyp.cma str.cma ANSITerminal.cma  varUnionFind.mli
# ocamlc.opt -g -pp "camlp4o pa_extend.cmo pa_macro.cmo -DDEBUG -loc loc /home/opam/.opam/4.03/lib/bolt/bolt_pp.cmo -level NONE" -c -w yz -warn-error A -warn-error -58 -dtypes -g -I +camlp4 -I /home/opam/.opam/4.03/lib/bolt -I /home/opam/.opam/4.03/lib/dyp  -I /home/opam/.opam/4.03/lib/ANSITerminal  -I ../utils varUnionFind.ml
# ocamlc.opt -g -pp "camlp4o pa_extend.cmo pa_macro.cmo -DDEBUG -loc loc /home/opam/.opam/4.03/lib/bolt/bolt_pp.cmo -level NONE" -c -w yz -warn-error A -warn-error -58 -dtypes -g -I +camlp4 -I /home/opam/.opam/4.03/lib/bolt -I /home/opam/.opam/4.03/lib/dyp  -I /home/opam/.opam/4.03/lib/ANSITerminal  -I ../utils dynlink.cma camlp4lib.cma unix.cma bolt.cma  dyp.cma str.cma ANSITerminal.cma  typeInference.mli
# ocamlc.opt -g -pp "camlp4o pa_extend.cmo pa_macro.cmo -DDEBUG -loc loc /home/opam/.opam/4.03/lib/bolt/bolt_pp.cmo -level NONE" -c -w yz -warn-error A -warn-error -58 -dtypes -g -I +camlp4 -I /home/opam/.opam/4.03/lib/bolt -I /home/opam/.opam/4.03/lib/dyp  -I /home/opam/.opam/4.03/lib/ANSITerminal  -I ../utils typeInference.ml
# ocamlc.opt -g -pp "camlp4o pa_extend.cmo pa_macro.cmo -DDEBUG -loc loc /home/opam/.opam/4.03/lib/bolt/bolt_pp.cmo -level NONE" -c -w yz -warn-error A -warn-error -58 -dtypes -g -I +camlp4 -I /home/opam/.opam/4.03/lib/bolt -I /home/opam/.opam/4.03/lib/dyp  -I /home/opam/.opam/4.03/lib/ANSITerminal  -I ../utils typeInference_test.ml
# ocamlc.opt -g -o typeInference_test -w yz -warn-error A -warn-error -58 -dtypes -g -I +camlp4 -I /home/opam/.opam/4.03/lib/bolt -I /home/opam/.opam/4.03/lib/dyp  -I /home/opam/.opam/4.03/lib/ANSITerminal  -I ../utils dynlink.cma camlp4lib.cma unix.cma bolt.cma  dyp.cma str.cma ANSITerminal.cma  ../utils/utils.cmo ../utils/table.cmo ../utils/tries.cmo ../utils/version.cmo ../utils/focused_list.cmo ../utils/sharedForest.cmo ../utils/idGenerator.cmo ../utils/dependencyManager.cmo abstract_syntax.cmo lambda.cmo type_inference.cmo varUnionFind.cmo typeInference.cmo typeInference_test.cmo
# make[2]: Leaving directory '/home/opam/.opam/4.03/.opam-switch/build/acgtk.1.3.0/src/logic'
# make[2]: Entering directory '/home/opam/.opam/4.03/.opam-switch/build/acgtk.1.3.0/src/acg-data'
# rm -f depend
# ocamlc.opt -g -pp "camlp4o pa_extend.cmo pa_macro.cmo -DDEBUG -loc loc /home/opam/.opam/4.03/lib/bolt/bolt_pp.cmo -level NONE" -c -w yz -warn-error A -warn-error -58 -dtypes -g -I +camlp4 -I /home/opam/.opam/4.03/lib/bolt -I /home/opam/.opam/4.03/lib/dyp  -I ../utils  -I ../logic  -I ../datalog.prover dynlink.cma camlp4lib.cma unix.cma bolt.cma  dyp.cma str.cma error.mli
# ocamlc.opt -g -pp "camlp4o pa_extend.cmo pa_macro.cmo -DDEBUG -loc loc /home/opam/.opam/4.03/lib/bolt/bolt_pp.cmo -level NONE" -c -w yz -warn-error A -warn-error -58 -dtypes -g -I +camlp4 -I /home/opam/.opam/4.03/lib/bolt -I /home/opam/.opam/4.03/lib/dyp  -I ../utils  -I ../logic  -I ../datalog.prover error.ml
# ocamlc.opt -g -pp "camlp4o pa_extend.cmo pa_macro.cmo -DDEBUG -loc loc /home/opam/.opam/4.03/lib/bolt/bolt_pp.cmo -level NONE" -c -w yz -warn-error A -warn-error -58 -dtypes -g -I +camlp4 -I /home/opam/.opam/4.03/lib/bolt -I /home/opam/.opam/4.03/lib/dyp  -I ../utils  -I ../logic  -I ../datalog.prover dynlink.cma camlp4lib.cma unix.cma bolt.cma  dyp.cma str.cma type_system.mli
# ocamlc.opt -g -pp "camlp4o pa_extend.cmo pa_macro.cmo -DDEBUG -loc loc /home/opam/.opam/4.03/lib/bolt/bolt_pp.cmo -level NONE" -c -w yz -warn-error A -warn-error -58 -dtypes -g -I +camlp4 -I /home/opam/.opam/4.03/lib/bolt -I /home/opam/.opam/4.03/lib/dyp  -I ../utils  -I ../logic  -I ../datalog.prover type_system.ml
# ocamlc.opt -g -pp "camlp4o pa_extend.cmo pa_macro.cmo -DDEBUG -loc loc /home/opam/.opam/4.03/lib/bolt/bolt_pp.cmo -level NONE" -c -w yz -warn-error A -warn-error -58 -dtypes -g -I +camlp4 -I /home/opam/.opam/4.03/lib/bolt -I /home/opam/.opam/4.03/lib/dyp  -I ../utils  -I ../logic  -I ../datalog.prover dynlink.cma camlp4lib.cma unix.cma bolt.cma  dyp.cma str.cma interface.mli
# ocamlc.opt -g -pp "camlp4o pa_extend.cmo pa_macro.cmo -DDEBUG -loc loc /home/opam/.opam/4.03/lib/bolt/bolt_pp.cmo -level NONE" -c -w yz -warn-error A -warn-error -58 -dtypes -g -I +camlp4 -I /home/opam/.opam/4.03/lib/bolt -I /home/opam/.opam/4.03/lib/dyp  -I ../utils  -I ../logic  -I ../datalog.prover interface.ml
# ocamlc.opt -g -pp "camlp4o pa_extend.cmo pa_macro.cmo -DDEBUG -loc loc /home/opam/.opam/4.03/lib/bolt/bolt_pp.cmo -level NONE" -c -w yz -warn-error A -warn-error -58 -dtypes -g -I +camlp4 -I /home/opam/.opam/4.03/lib/bolt -I /home/opam/.opam/4.03/lib/dyp  -I ../utils  -I ../logic  -I ../datalog.prover dynlink.cma camlp4lib.cma unix.cma bolt.cma  dyp.cma str.cma signature.mli
# ocamlc.opt -g -pp "camlp4o pa_extend.cmo pa_macro.cmo -DDEBUG -loc loc /home/opam/.opam/4.03/lib/bolt/bolt_pp.cmo -level NONE" -c -w yz -warn-error A -warn-error -58 -dtypes -g -I +camlp4 -I /home/opam/.opam/4.03/lib/bolt -I /home/opam/.opam/4.03/lib/dyp  -I ../utils  -I ../logic  -I ../datalog.prover signature.ml
# ocamlc.opt -g -pp "camlp4o pa_extend.cmo pa_macro.cmo -DDEBUG -loc loc /home/opam/.opam/4.03/lib/bolt/bolt_pp.cmo -level NONE" -c -w yz -warn-error A -warn-error -58 -dtypes -g -I +camlp4 -I /home/opam/.opam/4.03/lib/bolt -I /home/opam/.opam/4.03/lib/dyp  -I ../utils  -I ../logic  -I ../datalog.prover dynlink.cma camlp4lib.cma unix.cma bolt.cma  dyp.cma str.cma reduction.mli
# ocamlc.opt -g -pp "camlp4o pa_extend.cmo pa_macro.cmo -DDEBUG -loc loc /home/opam/.opam/4.03/lib/bolt/bolt_pp.cmo -level NONE" -c -w yz -warn-error A -warn-error -58 -dtypes -g -I +camlp4 -I /home/opam/.opam/4.03/lib/bolt -I /home/opam/.opam/4.03/lib/dyp  -I ../utils  -I ../logic  -I ../datalog.prover reduction.ml
# ocamlc.opt -g -pp "camlp4o pa_extend.cmo pa_macro.cmo -DDEBUG -loc loc /home/opam/.opam/4.03/lib/bolt/bolt_pp.cmo -level NONE" -c -w yz -warn-error A -warn-error -58 -dtypes -g -I +camlp4 -I /home/opam/.opam/4.03/lib/bolt -I /home/opam/.opam/4.03/lib/dyp  -I ../utils  -I ../logic  -I ../datalog.prover dynlink.cma camlp4lib.cma unix.cma bolt.cma  dyp.cma str.cma acg_lexicon.mli
# ocamlc.opt -g -pp "camlp4o pa_extend.cmo pa_macro.cmo -DDEBUG -loc loc /home/opam/.opam/4.03/lib/bolt/bolt_pp.cmo -level NONE" -c -w yz -warn-error A -warn-error -58 -dtypes -g -I +camlp4 -I /home/opam/.opam/4.03/lib/bolt -I /home/opam/.opam/4.03/lib/dyp  -I ../utils  -I ../logic  -I ../datalog.prover acg_lexicon.ml
# make[2]: Leaving directory '/home/opam/.opam/4.03/.opam-switch/build/acgtk.1.3.0/src/acg-data'
# make[2]: Entering directory '/home/opam/.opam/4.03/.opam-switch/build/acgtk.1.3.0/src/grammars'
# ../Makefile.common:180: .targets: No such file or directory
# rm -f .targets
# ocamllex.opt data_lexer.mll
# 95 states, 5489 transitions, table size 22526 bytes
# rm -f depend
# ocamlc.opt -g -pp "camlp4o pa_extend.cmo pa_macro.cmo -DDEBUG -loc loc /home/opam/.opam/4.03/lib/bolt/bolt_pp.cmo -level NONE" -c -w yz -warn-error A -warn-error -58 -dtypes -g -I +camlp4 -I /home/opam/.opam/4.03/lib/bolt -I /home/opam/.opam/4.03/lib/dyp -I /home/opam/.opam/4.03/lib/ANSITerminal  -I ../utils  -I ../logic  -I ../datalog.prover  -I ../acg-data dynlink.cma camlp4lib.cma unix.cma bolt.cma  dyp.cma str.cma ANSITerminal.cma  environment.mli
# ocamlc.opt -g -pp "camlp4o pa_extend.cmo pa_macro.cmo -DDEBUG -loc loc /home/opam/.opam/4.03/lib/bolt/bolt_pp.cmo -level NONE" -c -w yz -warn-error A -warn-error -58 -dtypes -g -I +camlp4 -I /home/opam/.opam/4.03/lib/bolt -I /home/opam/.opam/4.03/lib/dyp -I /home/opam/.opam/4.03/lib/ANSITerminal  -I ../utils  -I ../logic  -I ../datalog.prover  -I ../acg-data environment.ml
# ocamlc.opt -g -pp "camlp4o pa_extend.cmo pa_macro.cmo -DDEBUG -loc loc /home/opam/.opam/4.03/lib/bolt/bolt_pp.cmo -level NONE" -c -w yz -warn-error A -warn-error -58 -dtypes -g -I +camlp4 -I /home/opam/.opam/4.03/lib/bolt -I /home/opam/.opam/4.03/lib/dyp -I /home/opam/.opam/4.03/lib/ANSITerminal  -I ../utils  -I ../logic  -I ../datalog.prover  -I ../acg-data dynlink.cma camlp4lib.cma unix.cma bolt.cma  dyp.cma str.cma ANSITerminal.cma  entry.mli
# ocamlc.opt -g -pp "camlp4o pa_extend.cmo pa_macro.cmo -DDEBUG -loc loc /home/opam/.opam/4.03/lib/bolt/bolt_pp.cmo -level NONE" -c -w yz -warn-error A -warn-error -58 -dtypes -g -I +camlp4 -I /home/opam/.opam/4.03/lib/bolt -I /home/opam/.opam/4.03/lib/dyp -I /home/opam/.opam/4.03/lib/ANSITerminal  -I ../utils  -I ../logic  -I ../datalog.prover  -I ../acg-data entry.ml
# ocamlc.opt -g -pp "camlp4o pa_extend.cmo pa_macro.cmo -DDEBUG -loc loc /home/opam/.opam/4.03/lib/bolt/bolt_pp.cmo -level NONE" -c -w yz -warn-error A -warn-error -58 -dtypes -g -I +camlp4 -I /home/opam/.opam/4.03/lib/bolt -I /home/opam/.opam/4.03/lib/dyp -I /home/opam/.opam/4.03/lib/ANSITerminal  -I ../utils  -I ../logic  -I ../datalog.prover  -I ../acg-data dynlink.cma camlp4lib.cma unix.cma bolt.cma  dyp.cma str.cma ANSITerminal.cma  acg_token.mli
# ocamlc.opt -g -pp "camlp4o pa_extend.cmo pa_macro.cmo -DDEBUG -loc loc /home/opam/.opam/4.03/lib/bolt/bolt_pp.cmo -level NONE" -c -w yz -warn-error A -warn-error -58 -dtypes -g -I +camlp4 -I /home/opam/.opam/4.03/lib/bolt -I /home/opam/.opam/4.03/lib/dyp -I /home/opam/.opam/4.03/lib/ANSITerminal  -I ../utils  -I ../logic  -I ../datalog.prover  -I ../acg-data acg_token.ml
# ocamlc.opt -g -pp "camlp4o pa_extend.cmo pa_macro.cmo -DDEBUG -loc loc /home/opam/.opam/4.03/lib/bolt/bolt_pp.cmo -level NONE" -c -w yz -warn-error A -warn-error -58 -dtypes -g -I +camlp4 -I /home/opam/.opam/4.03/lib/bolt -I /home/opam/.opam/4.03/lib/dyp -I /home/opam/.opam/4.03/lib/ANSITerminal  -I ../utils  -I ../logic  -I ../datalog.prover  -I ../acg-data data_lexer.ml
# dypgen.opt --no-pp --no-obj-type --ocamlc "-I +camlp4 -I /home/opam/.opam/4.03/lib/bolt -I /home/opam/.opam/4.03/lib/dyp -I /home/opam/.opam/4.03/lib/ANSITerminal  -I ../utils  -I ../logic  -I ../datalog.prover  -I ../acg-data  -I ../utils  -I ../logic  -I ../datalog.prover  -I ../acg-data" --noemit-token-type data_parser.dyp
# ocamlc.opt -g -pp "camlp4o pa_extend.cmo pa_macro.cmo -DDEBUG -loc loc /home/opam/.opam/4.03/lib/bolt/bolt_pp.cmo -level NONE" -c -w yz -warn-error A -warn-error -58 -dtypes -g -I +camlp4 -I /home/opam/.opam/4.03/lib/bolt -I /home/opam/.opam/4.03/lib/dyp -I /home/opam/.opam/4.03/lib/ANSITerminal  -I ../utils  -I ../logic  -I ../datalog.prover  -I ../acg-data dynlink.cma camlp4lib.cma unix.cma bolt.cma  dyp.cma str.cma ANSITerminal.cma  data_parser.mli
# ocamlc.opt -g -pp "camlp4o pa_extend.cmo pa_macro.cmo -DDEBUG -loc loc /home/opam/.opam/4.03/lib/bolt/bolt_pp.cmo -level NONE" -c -w yz -warn-error A -warn-error -58 -dtypes -g -I +camlp4 -I /home/opam/.opam/4.03/lib/bolt -I /home/opam/.opam/4.03/lib/dyp -I /home/opam/.opam/4.03/lib/ANSITerminal  -I ../utils  -I ../logic  -I ../datalog.prover  -I ../acg-data data_parser.ml
# ocamlc.opt -g -pp "camlp4o pa_extend.cmo pa_macro.cmo -DDEBUG -loc loc /home/opam/.opam/4.03/lib/bolt/bolt_pp.cmo -level NONE" -c -w yz -warn-error A -warn-error -58 -dtypes -g -I +camlp4 -I /home/opam/.opam/4.03/lib/bolt -I /home/opam/.opam/4.03/lib/dyp -I /home/opam/.opam/4.03/lib/ANSITerminal  -I ../utils  -I ../logic  -I ../datalog.prover  -I ../acg-data acgc.ml
# ocamlc.opt -g -o acgc -w yz -warn-error A -warn-error -58 -dtypes -g -I +camlp4 -I /home/opam/.opam/4.03/lib/bolt -I /home/opam/.opam/4.03/lib/dyp -I /home/opam/.opam/4.03/lib/ANSITerminal  -I ../utils  -I ../logic  -I ../datalog.prover  -I ../acg-data dynlink.cma camlp4lib.cma unix.cma bolt.cma  dyp.cma str.cma ANSITerminal.cma  ../utils/utils.cmo ../utils/table.cmo ../utils/tries.cmo ../utils/version.cmo ../utils/focused_list.cmo ../utils/sharedForest.cmo ../utils/idGenerator.cmo ../utils/dependencyManager.cmo ../logic/abstract_syntax.cmo ../logic/lambda.cmo ../logic/type_inference.cmo ../logic/varUnionFind.cmo ../logic/typeInference.cmo ../datalog.prover/persistentArray.cmo ../datalog.prover/arrayTraversal.cmo ../datalog.prover/unionFind.cmo ../datalog.prover/datalog_AbstractSyntax.cmo ../datalog.prover/datalog.cmo ../datalog.prover/db_parser.cmo ../datalog.prover/db_lexer.cmo ../acg-data/error.cmo ../acg-data/type_system.cmo ../acg-data/interface.cmo ../acg-data/signature.cmo ../acg-data/reduction.cmo ../acg-data/acg_lexicon.cmo environment.cmo entry.cmo acg_token.cmo data_lexer.cmo data_parser.cmo acgc.cmo
# make[2]: Leaving directory '/home/opam/.opam/4.03/.opam-switch/build/acgtk.1.3.0/src/grammars'
# ocamlc.opt -g -pp "camlp4o pa_extend.cmo pa_macro.cmo -DDEBUG -loc loc /home/opam/.opam/4.03/lib/bolt/bolt_pp.cmo -level NONE" -c -w yz -warn-error A -warn-error -58 -dtypes -g -I +camlp4 -I /home/opam/.opam/4.03/lib/bolt -I /home/opam/.opam/4.03/lib/dyp -I /home/opam/.opam/4.03/lib/ANSITerminal -I /home/opam/.opam/4.03/lib/cairo2 -I /home/opam/.opam/4.03/lib/biniou -I /home/opam/.opam/4.03/lib/ocf  -I ../utils  -I ../datalog.prover  -I ../logic  -I ../acg-data  -I ../grammars dynlink.cma camlp4lib.cma unix.cma bolt.cma  dyp.cma str.cma ANSITerminal.cma bigarray.cma cairo2.cma /home/opam/.opam/4.03/lib/easy-format/easy_format.cmo biniou.cma /home/opam/.opam/4.03/lib/yojson/yojson.cmo ocf.cma scripting_errors.mli
# ocamlc.opt -g -pp "camlp4o pa_extend.cmo pa_macro.cmo -DDEBUG -loc loc /home/opam/.opam/4.03/lib/bolt/bolt_pp.cmo -level NONE" -c -w yz -warn-error A -warn-error -58 -dtypes -g -I +camlp4 -I /home/opam/.opam/4.03/lib/bolt -I /home/opam/.opam/4.03/lib/dyp -I /home/opam/.opam/4.03/lib/ANSITerminal -I /home/opam/.opam/4.03/lib/cairo2 -I /home/opam/.opam/4.03/lib/biniou -I /home/opam/.opam/4.03/lib/ocf  -I ../utils  -I ../datalog.prover  -I ../logic  -I ../acg-data  -I ../grammars scripting_errors.ml
# ocamlc.opt -g -pp "camlp4o pa_extend.cmo pa_macro.cmo -DDEBUG -loc loc /home/opam/.opam/4.03/lib/bolt/bolt_pp.cmo -level NONE" -c -w yz -warn-error A -warn-error -58 -dtypes -g -I +camlp4 -I /home/opam/.opam/4.03/lib/bolt -I /home/opam/.opam/4.03/lib/dyp -I /home/opam/.opam/4.03/lib/ANSITerminal -I /home/opam/.opam/4.03/lib/cairo2 -I /home/opam/.opam/4.03/lib/biniou -I /home/opam/.opam/4.03/lib/ocf  -I ../utils  -I ../datalog.prover  -I ../logic  -I ../acg-data  -I ../grammars dynlink.cma camlp4lib.cma unix.cma bolt.cma  dyp.cma str.cma ANSITerminal.cma bigarray.cma cairo2.cma /home/opam/.opam/4.03/lib/easy-format/easy_format.cmo biniou.cma /home/opam/.opam/4.03/lib/yojson/yojson.cmo ocf.cma rendering_config.mli
# ocamlc.opt -g -pp "camlp4o pa_extend.cmo pa_macro.cmo -DDEBUG -loc loc /home/opam/.opam/4.03/lib/bolt/bolt_pp.cmo -level NONE" -c -w yz -warn-error A -warn-error -58 -dtypes -g -I +camlp4 -I /home/opam/.opam/4.03/lib/bolt -I /home/opam/.opam/4.03/lib/dyp -I /home/opam/.opam/4.03/lib/ANSITerminal -I /home/opam/.opam/4.03/lib/cairo2 -I /home/opam/.opam/4.03/lib/biniou -I /home/opam/.opam/4.03/lib/ocf  -I ../utils  -I ../datalog.prover  -I ../logic  -I ../acg-data  -I ../grammars rendering_config.ml
# ocamlc.opt -g -pp "camlp4o pa_extend.cmo pa_macro.cmo -DDEBUG -loc loc /home/opam/.opam/4.03/lib/bolt/bolt_pp.cmo -level NONE" -c -w yz -warn-error A -warn-error -58 -dtypes -g -I +camlp4 -I /home/opam/.opam/4.03/lib/bolt -I /home/opam/.opam/4.03/lib/dyp -I /home/opam/.opam/4.03/lib/ANSITerminal -I /home/opam/.opam/4.03/lib/cairo2 -I /home/opam/.opam/4.03/lib/biniou -I /home/opam/.opam/4.03/lib/ocf  -I ../utils  -I ../datalog.prover  -I ../logic  -I ../acg-data  -I ../grammars dynlink.cma camlp4lib.cma unix.cma bolt.cma  dyp.cma str.cma ANSITerminal.cma bigarray.cma cairo2.cma /home/opam/.opam/4.03/lib/easy-format/easy_format.cmo biniou.cma /home/opam/.opam/4.03/lib/yojson/yojson.cmo ocf.cma diagram.mli
# ocamlc.opt -g -pp "camlp4o pa_extend.cmo pa_macro.cmo -DDEBUG -loc loc /home/opam/.opam/4.03/lib/bolt/bolt_pp.cmo -level NONE" -c -w yz -warn-error A -warn-error -58 -dtypes -g -I +camlp4 -I /home/opam/.opam/4.03/lib/bolt -I /home/opam/.opam/4.03/lib/dyp -I /home/opam/.opam/4.03/lib/ANSITerminal -I /home/opam/.opam/4.03/lib/cairo2 -I /home/opam/.opam/4.03/lib/biniou -I /home/opam/.opam/4.03/lib/ocf  -I ../utils  -I ../datalog.prover  -I ../logic  -I ../acg-data  -I ../grammars diagram.ml
# ocamlc.opt -g -pp "camlp4o pa_extend.cmo pa_macro.cmo -DDEBUG -loc loc /home/opam/.opam/4.03/lib/bolt/bolt_pp.cmo -level NONE" -c -w yz -warn-error A -warn-error -58 -dtypes -g -I +camlp4 -I /home/opam/.opam/4.03/lib/bolt -I /home/opam/.opam/4.03/lib/dyp -I /home/opam/.opam/4.03/lib/ANSITerminal -I /home/opam/.opam/4.03/lib/cairo2 -I /home/opam/.opam/4.03/lib/biniou -I /home/opam/.opam/4.03/lib/ocf  -I ../utils  -I ../datalog.prover  -I ../logic  -I ../acg-data  -I ../grammars dynlink.cma camlp4lib.cma unix.cma bolt.cma  dyp.cma str.cma ANSITerminal.cma bigarray.cma cairo2.cma /home/opam/.opam/4.03/lib/easy-format/easy_format.cmo biniou.cma /home/opam/.opam/4.03/lib/yojson/yojson.cmo ocf.cma tree.mli
# ocamlc.opt -g -pp "camlp4o pa_extend.cmo pa_macro.cmo -DDEBUG -loc loc /home/opam/.opam/4.03/lib/bolt/bolt_pp.cmo -level NONE" -c -w yz -warn-error A -warn-error -58 -dtypes -g -I +camlp4 -I /home/opam/.opam/4.03/lib/bolt -I /home/opam/.opam/4.03/lib/dyp -I /home/opam/.opam/4.03/lib/ANSITerminal -I /home/opam/.opam/4.03/lib/cairo2 -I /home/opam/.opam/4.03/lib/biniou -I /home/opam/.opam/4.03/lib/ocf  -I ../utils  -I ../datalog.prover  -I ../logic  -I ../acg-data  -I ../grammars tree.ml
# ocamlc.opt -g -pp "camlp4o pa_extend.cmo pa_macro.cmo -DDEBUG -loc loc /home/opam/.opam/4.03/lib/bolt/bolt_pp.cmo -level NONE" -c -w yz -warn-error A -warn-error -58 -dtypes -g -I +camlp4 -I /home/opam/.opam/4.03/lib/bolt -I /home/opam/.opam/4.03/lib/dyp -I /home/opam/.opam/4.03/lib/ANSITerminal -I /home/opam/.opam/4.03/lib/cairo2 -I /home/opam/.opam/4.03/lib/biniou -I /home/opam/.opam/4.03/lib/ocf  -I ../utils  -I ../datalog.prover  -I ../logic  -I ../acg-data  -I ../grammars show_exts.ml
# ocamlc.opt -g -pp "camlp4o pa_extend.cmo pa_macro.cmo -DDEBUG -loc loc /home/opam/.opam/4.03/lib/bolt/bolt_pp.cmo -level NONE" -c -w yz -warn-error A -warn-error -58 -dtypes -g -I +camlp4 -I /home/opam/.opam/4.03/lib/bolt -I /home/opam/.opam/4.03/lib/dyp -I /home/opam/.opam/4.03/lib/ANSITerminal -I /home/opam/.opam/4.03/lib/cairo2 -I /home/opam/.opam/4.03/lib/biniou -I /home/opam/.opam/4.03/lib/ocf  -I ../utils  -I ../datalog.prover  -I ../logic  -I ../acg-data  -I ../grammars dynlink.cma camlp4lib.cma unix.cma bolt.cma  dyp.cma str.cma ANSITerminal.cma bigarray.cma cairo2.cma /home/opam/.opam/4.03/lib/easy-format/easy_format.cmo biniou.cma /home/opam/.opam/4.03/lib/yojson/yojson.cmo ocf.cma show.mli
# ocamlc.opt -g -pp "camlp4o pa_extend.cmo pa_macro.cmo -DDEBUG -loc loc /home/opam/.opam/4.03/lib/bolt/bolt_pp.cmo -level NONE" -c -w yz -warn-error A -warn-error -58 -dtypes -g -I +camlp4 -I /home/opam/.opam/4.03/lib/bolt -I /home/opam/.opam/4.03/lib/dyp -I /home/opam/.opam/4.03/lib/ANSITerminal -I /home/opam/.opam/4.03/lib/cairo2 -I /home/opam/.opam/4.03/lib/biniou -I /home/opam/.opam/4.03/lib/ocf  -I ../utils  -I ../datalog.prover  -I ../logic  -I ../acg-data  -I ../grammars show.ml
# ocamlc.opt -g -pp "camlp4o pa_extend.cmo pa_macro.cmo -DDEBUG -loc loc /home/opam/.opam/4.03/lib/bolt/bolt_pp.cmo -level NONE" -c -w yz -warn-error A -warn-error -58 -dtypes -g -I +camlp4 -I /home/opam/.opam/4.03/lib/bolt -I /home/opam/.opam/4.03/lib/dyp -I /home/opam/.opam/4.03/lib/ANSITerminal -I /home/opam/.opam/4.03/lib/cairo2 -I /home/opam/.opam/4.03/lib/biniou -I /home/opam/.opam/4.03/lib/ocf  -I ../utils  -I ../datalog.prover  -I ../logic  -I ../acg-data  -I ../grammars show_text_dejavu.ml
# ocamlc.opt -g -pp "camlp4o pa_extend.cmo pa_macro.cmo -DDEBUG -loc loc /home/opam/.opam/4.03/lib/bolt/bolt_pp.cmo -level NONE" -c -w yz -warn-error A -warn-error -58 -dtypes -g -I +camlp4 -I /home/opam/.opam/4.03/lib/bolt -I /home/opam/.opam/4.03/lib/dyp -I /home/opam/.opam/4.03/lib/ANSITerminal -I /home/opam/.opam/4.03/lib/cairo2 -I /home/opam/.opam/4.03/lib/biniou -I /home/opam/.opam/4.03/lib/ocf  -I ../utils  -I ../datalog.prover  -I ../logic  -I ../acg-data  -I ../grammars show_colors_solarized_dark.ml
# ocamlc.opt -g -pp "camlp4o pa_extend.cmo pa_macro.cmo -DDEBUG -loc loc /home/opam/.opam/4.03/lib/bolt/bolt_pp.cmo -level NONE" -c -w yz -warn-error A -warn-error -58 -dtypes -g -I +camlp4 -I /home/opam/.opam/4.03/lib/bolt -I /home/opam/.opam/4.03/lib/dyp -I /home/opam/.opam/4.03/lib/ANSITerminal -I /home/opam/.opam/4.03/lib/cairo2 -I /home/opam/.opam/4.03/lib/biniou -I /home/opam/.opam/4.03/lib/ocf  -I ../utils  -I ../datalog.prover  -I ../logic  -I ../acg-data  -I ../grammars show_embellish_examples.ml
# ocamlc.opt -g -pp "camlp4o pa_extend.cmo pa_macro.cmo -DDEBUG -loc loc /home/opam/.opam/4.03/lib/bolt/bolt_pp.cmo -level NONE" -c -w yz -warn-error A -warn-error -58 -dtypes -g -I +camlp4 -I /home/opam/.opam/4.03/lib/bolt -I /home/opam/.opam/4.03/lib/dyp -I /home/opam/.opam/4.03/lib/ANSITerminal -I /home/opam/.opam/4.03/lib/cairo2 -I /home/opam/.opam/4.03/lib/biniou -I /home/opam/.opam/4.03/lib/ocf  -I ../utils  -I ../datalog.prover  -I ../logic  -I ../acg-data  -I ../grammars dynlink.cma camlp4lib.cma unix.cma bolt.cma  dyp.cma str.cma ANSITerminal.cma bigarray.cma cairo2.cma /home/opam/.opam/4.03/lib/easy-format/easy_format.cmo biniou.cma /home/opam/.opam/4.03/lib/yojson/yojson.cmo ocf.cma functions.mli
# ocamlc.opt -g -pp "camlp4o pa_extend.cmo pa_macro.cmo -DDEBUG -loc loc /home/opam/.opam/4.03/lib/bolt/bolt_pp.cmo -level NONE" -c -w yz -warn-error A -warn-error -58 -dtypes -g -I +camlp4 -I /home/opam/.opam/4.03/lib/bolt -I /home/opam/.opam/4.03/lib/dyp -I /home/opam/.opam/4.03/lib/ANSITerminal -I /home/opam/.opam/4.03/lib/cairo2 -I /home/opam/.opam/4.03/lib/biniou -I /home/opam/.opam/4.03/lib/ocf  -I ../utils  -I ../datalog.prover  -I ../logic  -I ../acg-data  -I ../grammars functions.ml
# ocamlc.opt -g -pp "camlp4o pa_extend.cmo pa_macro.cmo -DDEBUG -loc loc /home/opam/.opam/4.03/lib/bolt/bolt_pp.cmo -level NONE" -c -w yz -warn-error A -warn-error -58 -dtypes -g -I +camlp4 -I /home/opam/.opam/4.03/lib/bolt -I /home/opam/.opam/4.03/lib/dyp -I /home/opam/.opam/4.03/lib/ANSITerminal -I /home/opam/.opam/4.03/lib/cairo2 -I /home/opam/.opam/4.03/lib/biniou -I /home/opam/.opam/4.03/lib/ocf  -I ../utils  -I ../datalog.prover  -I ../logic  -I ../acg-data  -I ../grammars script_lexer.ml
# dypgen.opt --no-pp --no-obj-type --ocamlc "-I +camlp4 -I /home/opam/.opam/4.03/lib/bolt -I /home/opam/.opam/4.03/lib/dyp -I /home/opam/.opam/4.03/lib/ANSITerminal -I /home/opam/.opam/4.03/lib/cairo2 -I /home/opam/.opam/4.03/lib/biniou -I /home/opam/.opam/4.03/lib/ocf  -I ../utils  -I ../datalog.prover  -I ../logic  -I ../acg-data  -I ../grammars  -I ../utils  -I ../datalog.prover  -I ../logic  -I ../acg-data  -I ../grammars" --noemit-token-type script_parser.dyp
# ocamlc.opt -g -pp "camlp4o pa_extend.cmo pa_macro.cmo -DDEBUG -loc loc /home/opam/.opam/4.03/lib/bolt/bolt_pp.cmo -level NONE" -c -w yz -warn-error A -warn-error -58 -dtypes -g -I +camlp4 -I /home/opam/.opam/4.03/lib/bolt -I /home/opam/.opam/4.03/lib/dyp -I /home/opam/.opam/4.03/lib/ANSITerminal -I /home/opam/.opam/4.03/lib/cairo2 -I /home/opam/.opam/4.03/lib/biniou -I /home/opam/.opam/4.03/lib/ocf  -I ../utils  -I ../datalog.prover  -I ../logic  -I ../acg-data  -I ../grammars dynlink.cma camlp4lib.cma unix.cma bolt.cma  dyp.cma str.cma ANSITerminal.cma bigarray.cma cairo2.cma /home/opam/.opam/4.03/lib/easy-format/easy_format.cmo biniou.cma /home/opam/.opam/4.03/lib/yojson/yojson.cmo ocf.cma script_parser.mli
# ocamlc.opt -g -pp "camlp4o pa_extend.cmo pa_macro.cmo -DDEBUG -loc loc /home/opam/.opam/4.03/lib/bolt/bolt_pp.cmo -level NONE" -c -w yz -warn-error A -warn-error -58 -dtypes -g -I +camlp4 -I /home/opam/.opam/4.03/lib/bolt -I /home/opam/.opam/4.03/lib/dyp -I /home/opam/.opam/4.03/lib/ANSITerminal -I /home/opam/.opam/4.03/lib/cairo2 -I /home/opam/.opam/4.03/lib/biniou -I /home/opam/.opam/4.03/lib/ocf  -I ../utils  -I ../datalog.prover  -I ../logic  -I ../acg-data  -I ../grammars script_parser.ml
# ocamlc.opt -g -pp "camlp4o pa_extend.cmo pa_macro.cmo -DDEBUG -loc loc /home/opam/.opam/4.03/lib/bolt/bolt_pp.cmo -level NONE" -c -w yz -warn-error A -warn-error -58 -dtypes -g -I +camlp4 -I /home/opam/.opam/4.03/lib/bolt -I /home/opam/.opam/4.03/lib/dyp -I /home/opam/.opam/4.03/lib/ANSITerminal -I /home/opam/.opam/4.03/lib/cairo2 -I /home/opam/.opam/4.03/lib/biniou -I /home/opam/.opam/4.03/lib/ocf  -I ../utils  -I ../datalog.prover  -I ../logic  -I ../acg-data  -I ../grammars acg.ml
# ocamlc.opt -g -o acg -w yz -warn-error A -warn-error -58 -dtypes -g -I +camlp4 -I /home/opam/.opam/4.03/lib/bolt -I /home/opam/.opam/4.03/lib/dyp -I /home/opam/.opam/4.03/lib/ANSITerminal -I /home/opam/.opam/4.03/lib/cairo2 -I /home/opam/.opam/4.03/lib/biniou -I /home/opam/.opam/4.03/lib/ocf  -I ../utils  -I ../datalog.prover  -I ../logic  -I ../acg-data  -I ../grammars dynlink.cma camlp4lib.cma unix.cma bolt.cma  dyp.cma str.cma ANSITerminal.cma bigarray.cma cairo2.cma /home/opam/.opam/4.03/lib/easy-format/easy_format.cmo biniou.cma /home/opam/.opam/4.03/lib/yojson/yojson.cmo ocf.cma ../utils/utils.cmo ../utils/table.cmo ../utils/tries.cmo ../utils/version.cmo ../utils/focused_list.cmo ../utils/sharedForest.cmo ../utils/idGenerator.cmo ../utils/dependencyManager.cmo ../datalog.prover/persistentArray.cmo ../datalog.prover/arrayTraversal.cmo ../datalog.prover/unionFind.cmo ../datalog.prover/datalog_AbstractSyntax.cmo ../datalog.prover/datalog.cmo ../datalog.prover/db_parser.cmo ../datalog.prover/db_lexer.cmo ../logic/abstract_syntax.cmo ../logic/lambda.cmo ../logic/type_inference.cmo ../logic/varUnionFind.cmo ../logic/typeInference.cmo ../acg-data/error.cmo ../acg-data/type_system.cmo ../acg-data/interface.cmo ../acg-data/signature.cmo ../acg-data/reduction.cmo ../acg-data/acg_lexicon.cmo ../grammars/environment.cmo ../grammars/entry.cmo ../grammars/acg_token.cmo ../grammars/data_lexer.cmo ../grammars/data_parser.cmo scripting_errors.cmo rendering_config.cmo diagram.cmo tree.cmo show_exts.cmo show.cmo show_text_dejavu.cmo show_colors_solarized_dark.cmo show_embellish_examples.cmo functions.cmo script_lexer.cmo script_parser.cmo acg.cmo
# File "_none_", line 1:
# Error: Cannot find file /home/opam/.opam/4.03/lib/yojson/yojson.cmo
# ../Makefile.common:65: recipe for target 'acg' failed
# make[1]: *** [acg] Error 2
# make[1]: Leaving directory '/home/opam/.opam/4.03/.opam-switch/build/acgtk.1.3.0/src/scripting'
# Makefile:51: recipe for target 'acg' failed
# make: *** [acg] Error 2



<><> Error report <><><><><><><><><><><><><><><><><><><><><><><><><><><><><><><>
+- The following actions failed
| - build acgtk 1.3.0
+- 
+- The following changes have been performed
| - install ANSITerminal    0.8
| - install base-bytes      base
| - install biniou          1.2.0
| - install bolt            1.4
| - install cairo2          0.5
| - install camlp4          4.03+1
| - install conf-cairo      1
| - install conf-pkg-config 1.1
| - install conf-which      1
| - install cppo            1.6.4
| - install dypgen          20120619-1
| - install easy-format     1.3.1
| - install ocamlbuild      0.12.0
| - install ocf             0.5.0
| - install ppx_tools       5.0+4.03.0
| - install yojson          1.4.1
+- 
# Run eval $(opam env) to update the current shell environment

The former state can be restored with:
    opam switch import "/home/opam/.opam/4.03/.opam-switch/backup/state-20180806034410.export"
31 1533527028 1533527210