$ opam depext -iy -j 2 npy.0.0.4
# Detecting depexts using vars: arch=x86_64, os=linux, os-distribution=fedora, os-family=fedora
# The following system packages are needed:
m4
zlib-devel
Name        : m4
Version     : 1.4.18
Release     : 6.fc28
Architecture: x86_64
Install Date: Sun Jul 22 20:08:43 2018
Group       : Applications/Text
Size        : 372272
License     : GPLv3+
Signature   : RSA/SHA256, Sun Feb 25 11:01:47 2018, Key ID e08e7e629db62fb1
Source RPM  : m4-1.4.18-6.fc28.src.rpm
Build Date  : Sun Feb 25 10:58:14 2018
Build Host  : buildvm-25.phx2.fedoraproject.org
Relocations : (not relocatable)
Packager    : Fedora Project
Vendor      : Fedora Project
URL         : http://www.gnu.org/software/m4/
Bug URL     : https://bugz.fedoraproject.org/m4
Summary     : The GNU macro processor
Description :
A GNU implementation of the traditional UNIX macro processor.  M4 is
useful for writing text files which can be logically parsed, and is used
by many programs as part of their build process.  M4 has built-in
functions for including files, running shell commands, doing arithmetic,
etc.  The autoconf program needs m4 for generating configure scripts, but
not for running configure scripts.

Install m4 if you need a macro processor.
package zlib-devel is not installed
# The following new OS packages need to be installed: zlib-devel
The following command needs to be run through "sudo":
    yum install -y zlib-devel
Last metadata expiration check: 4:48:02 ago on Sun Jul 22 20:08:17 2018.
Dependencies resolved.
================================================================================
 Package            Arch           Version                Repository       Size
================================================================================
Installing:
 zlib-devel         x86_64         1.2.11-8.fc28          updates          55 k

Transaction Summary
================================================================================
Install  1 Package

Total download size: 55 k
Installed size: 138 k
Downloading Packages:
zlib-devel-1.2.11-8.fc28.x86_64.rpm             586 kB/s |  55 kB     00:00    
--------------------------------------------------------------------------------
Total                                            87 kB/s |  55 kB     00:00     
Running transaction check
Transaction check succeeded.
Running transaction test
Transaction test succeeded.
Running transaction
  Preparing        :                                                        1/1 
  Installing       : zlib-devel-1.2.11-8.fc28.x86_64                        1/1 
  Running scriptlet: zlib-devel-1.2.11-8.fc28.x86_64                        1/1 
  Verifying        : zlib-devel-1.2.11-8.fc28.x86_64                        1/1 

Installed:
  zlib-devel.x86_64 1.2.11-8.fc28                                               

Complete!
The following command needs to be run through "sudo":
    rpm -q --whatprovides zlib-devel
zlib-devel-1.2.11-8.fc28.x86_64
# OS packages installation successful
# Now letting OPAM install the packages
The following actions will be performed:
  - install camlzip    1.07   [required by npy]
  - install ocamlbuild 0.12.0 [required by npy]
  - install npy        0.0.4
===== 3 to install =====

<><> Gathering sources ><><><><><><><><><><><><><><><><><><><><><><><><><><><><>
[camlzip.1.07] found in cache
[npy.0.0.4] found in cache
[ocamlbuild.0.12.0] found in cache

<><> Processing actions <><><><><><><><><><><><><><><><><><><><><><><><><><><><>
-> installed camlzip.1.07
-> installed ocamlbuild.0.12.0
[ERROR] The compilation of npy failed at "/usr/bin/make npy.lib".

#=== ERROR while compiling npy.0.0.4 ==========================================#
# context              2.0.0~rc3 | linux/x86_64 | ocaml-base-compiler.4.06.1 | git+file:///home/opam/opam-repository
# path                 ~/.opam/4.06/.opam-switch/build/npy.0.0.4
# command              /usr/bin/make npy.lib
# exit-code            2
# env-file             ~/.opam/log/npy-10-06fa5f.env
# output-file          ~/.opam/log/npy-10-06fa5f.out
### output ###
# ocamlbuild npy.cmxa npy.cma npy.cmxs npy.cmx
# /home/opam/.opam/4.06/bin/ocamlopt.opt unix.cmxa -I /home/opam/.opam/4.06/lib/ocamlbuild /home/opam/.opam/4.06/lib/ocamlbuild/ocamlbuildlib.cmxa myocamlbuild.ml /home/opam/.opam/4.06/lib/ocamlbuild/ocamlbuild.cmx -o myocamlbuild
# ocamlfind ocamldep -package camlzip -modules src/npy.ml > src/npy.ml.depends
# ocamlfind ocamldep -package camlzip -modules src/npy.mli > src/npy.mli.depends
# ocamlfind ocamlc -c -for-pack Npy -warn-error A-4-29-40-41-42-44-45-48-56-58 -w A-4-29-40-41-42-44-45-48-56-58 -package camlzip -I src -o src/npy.cmi src/npy.mli
# ocamlfind ocamlopt -c -for-pack Npy -warn-error A-4-29-40-41-42-44-45-48-56-58 -w A-4-29-40-41-42-44-45-48-56-58 -package camlzip -I src -o src/npy.cmx src/npy.ml
# + ocamlfind ocamlopt -c -for-pack Npy -warn-error A-4-29-40-41-42-44-45-48-56-58 -w A-4-29-40-41-42-44-45-48-56-58 -package camlzip -I src -o src/npy.cmx src/npy.ml
# File "src/npy.ml", line 94, characters 29-40:
# Error: This expression has type string but an expression was expected of type
#          bytes
# Command exited with code 2.
# make: *** [Makefile:2: npy.lib] Error 10



<><> Error report <><><><><><><><><><><><><><><><><><><><><><><><><><><><><><><>
+- The following actions failed
| - build npy 0.0.4
+- 
+- The following changes have been performed
| - install camlzip    1.07
| - install ocamlbuild 0.12.0
+- 
# Run eval $(opam env) to update the current shell environment

The former state can be restored with:
    opam switch import "/home/opam/.opam/4.06/.opam-switch/backup/state-20180723005622.export"
31 1532307375 1532307391