$ opam depext -iy -j 2 elasticsearch-cli.0.1
# Detecting depexts using vars: arch=x86_64, os=linux, os-distribution=opensuse, os-family=suse
# The following system packages are needed:
libcurl-devel
m4
pcre-devel
which
# The following new OS packages need to be installed: libcurl-devel pcre-devel
The following command needs to be run through "sudo":
    zypper --non-interactive install libcurl-devel pcre-devel
Retrieving repository 'OSS Update' metadata [....done]
Building repository 'OSS Update' cache [....done]
Loading repository data...
Reading installed packages...
Resolving package dependencies...

The following 6 NEW packages are going to be installed:
  libcurl-devel libpcre16-0 libpcrecpp0 libpcreposix0 libstdc++-devel pcre-devel

6 new packages to install.
Overall download size: 643.4 KiB. Already cached: 0 B. After the operation, additional 1.0 MiB will be used.
Continue? [y/n/...? shows all options] (y): y
Retrieving package libstdc++-devel-4.8-11.16.x86_64 (1/6),   4.8 KiB (   72   B unpacked)
Retrieving: libstdc++-devel-4.8-11.16.x86_64.rpm [.done]
Retrieving package libcurl-devel-7.37.0-36.1.x86_64 (2/6), 227.2 KiB (357.2 KiB unpacked)
Retrieving: libcurl-devel-7.37.0-36.1.x86_64.rpm [done]
Retrieving package libpcre16-0-8.39-11.1.x86_64 (3/6), 147.2 KiB (406.3 KiB unpacked)
Retrieving: libpcre16-0-8.39-11.1.x86_64.rpm [.done (3.1 MiB/s)]
Retrieving package libpcrecpp0-8.39-11.1.x86_64 (4/6),  24.0 KiB ( 34.6 KiB unpacked)
Retrieving: libpcrecpp0-8.39-11.1.x86_64.rpm [done]
Retrieving package libpcreposix0-8.39-11.1.x86_64 (5/6),  15.7 KiB ( 10.2 KiB unpacked)
Retrieving: libpcreposix0-8.39-11.1.x86_64.rpm [done]
Retrieving package pcre-devel-8.39-11.1.x86_64 (6/6), 224.5 KiB (263.5 KiB unpacked)
Retrieving: pcre-devel-8.39-11.1.x86_64.rpm [done]
Checking for file conflicts: [......done]
(1/6) Installing: libstdc++-devel-4.8-11.16.x86_64 [.....done]
(2/6) Installing: libcurl-devel-7.37.0-36.1.x86_64 [...........done]
(3/6) Installing: libpcre16-0-8.39-11.1.x86_64 [.........done]
(4/6) Installing: libpcrecpp0-8.39-11.1.x86_64 [....done]
(5/6) Installing: libpcreposix0-8.39-11.1.x86_64 [.....done]
(6/6) Installing: pcre-devel-8.39-11.1.x86_64 [..........done]
# OS packages installation successful
# Now letting OPAM install the packages
The following actions will be performed:
  - install jane-street-headers     v0.11.0  [required by core_kernel]
  - install re                      1.7.3    [required by ppx_expect]
  - install num                     1.1      [required by sexplib]
  - install libevent                0.8.1    [required by devkit]
  - install result                  1.3      [required by lwt]
  - install ocamlbuild              0.12.0   [required by elasticsearch-cli]
  - install base-bytes              base     [required by devkit]
  - install conf-pkg-config         1.1      [required by conf-libcurl]
  - install octavius                1.2.0    [required by ppx_js_style]
  - install camlzip                 1.07     [required by devkit]
  - install ocaml-compiler-libs     v0.11.0  [required by ppxlib]
  - install sexplib0                v0.11.0  [required by sexplib]
  - install easy-format             1.3.1    [required by atd]
  - install ppx_derivers            1.0      [required by ppxlib]
  - install conf-which              1        [required by biniou]
  - install ocaml-migrate-parsetree 1.0.11   [required by re2]
  - install ocamlmod                0.0.9    [required by oasis]
  - install ocamlify                0.0.1    [required by oasis]
  - install mybuild                 5        [required by elasticsearch-cli]
  - install menhir                  20180703 [required by atd]
  - install camlp4                  4.06+1   [required by devkit]
  - install ounit                   2.0.8    [required by devkit]
  - install cppo                    1.6.4    [required by extlib, lwt]
  - install conf-libpcre            1        [required by pcre]
  - install conf-libcurl            1        [required by ocurl]
  - install parsexp                 v0.11.0  [required by sexplib]
  - install base                    v0.11.1  [required by core_kernel]
  - install biniou                  1.2.0    [required by atdgen]
  - install ppx_tools_versioned     5.2      [required by lwt, lwt_ppx]
  - install oasis                   0.4.11   [required by elasticsearch-cli]
  - install atd                     2.0.0    [required by atdgen]
  - install extunix                 0.1.6    [required by devkit]
  - install extlib                  1.7.5    [required by elasticsearch-cli]
  - install sexplib                 v0.11.0  [required by core_kernel]
  - install typerep                 v0.11.0  [required by core_kernel]
  - install stdio                   v0.11.0  [required by core_kernel]
  - install yojson                  1.4.1    [required by atdgen, devkit]
  - install lwt                     3.3.0    [required by elasticsearch-cli]                               For the Camlp4 syntax, please install package lwt_camlp4
                                                                                                           For Lwt_log and Lwt_daemon, please install package lwt_log
  - install ppxlib                  0.3.0    [required by ppx_inline_test, ppx_assert, ppx_base, ppx_jane]
  - install configurator            v0.11.0  [required by core_kernel]
  - install atdgen-runtime          2.0.0    [required by atdgen]
  - install ocurl                   0.8.1    [required by devkit]
  - install lwt_ppx                 1.2.1    [required by devkit]
  - install variantslib             v0.11.0  [required by core_kernel]
  - install ppx_typerep_conv        v0.11.1  [required by ppx_jane]
  - install ppx_sexp_conv           v0.11.2  [required by core_kernel]
  - install ppx_pipebang            v0.11.0  [required by ppx_jane]
  - install ppx_optional            v0.11.0  [required by ppx_jane]
  - install ppx_optcomp             v0.11.0  [required by ppx_jane]
  - install ppx_let                 v0.11.0  [required by ppx_jane]
  - install ppx_js_style            v0.11.0  [required by ppx_base]
  - install ppx_inline_test         v0.11.0  [required by core_kernel]
  - install ppx_here                v0.11.0  [required by ppx_assert, ppx_jane]
  - install ppx_enumerate           v0.11.1  [required by ppx_base]
  - install ppx_compare             v0.11.1  [required by ppx_assert, bin_prot, ppx_base]
  - install fieldslib               v0.11.0  [required by core_kernel]
  - install pcre                    7.3.4    [required by devkit]
  - install atdgen                  2.0.0    [required by elasticsearch-cli]
  - install ppx_variants_conv       v0.11.1  [required by bin_prot, ppx_jane]
  - install ppx_custom_printf       v0.11.0  [required by bin_prot, ppx_jane]
  - install ppx_bench               v0.11.0  [required by ppx_jane]
  - install ppx_sexp_value          v0.11.0  [required by ppx_jane]
  - install ppx_sexp_message        v0.11.0  [required by core_kernel]
  - install ppx_fail                v0.11.0  [required by ppx_jane]
  - install ppx_hash                v0.11.1  [required by core_kernel]
  - install ppx_assert              v0.11.0  [required by core_kernel]
  - install ppx_fields_conv         v0.11.0  [required by bin_prot, ppx_jane]
  - install ocamlnet                4.1.6    [required by devkit]
  - install ppx_base                v0.11.0  [required by core_kernel]
  - install ppx_expect              v0.11.0  [required by ppx_jane]
  - install bin_prot                v0.11.0  [required by core_kernel]
  - install devkit                  0.6      [required by elasticsearch-cli]
  - install ppx_bin_prot            v0.11.1  [required by ppx_jane]
  - install ppx_jane                v0.11.0  [required by re2]
  - install splittable_random       v0.11.0  [required by core_kernel]
  - install core_kernel             v0.11.1  [required by re2]
  - install re2                     v0.11.0  [required by elasticsearch-cli]
  - install elasticsearch-cli       0.1
===== 78 to install =====

<><> Gathering sources ><><><><><><><><><><><><><><><><><><><><><><><><><><><><>
[atd.2.0.0] found in cache
[atdgen.2.0.0] found in cache
[atdgen-runtime.2.0.0] found in cache
[base.v0.11.1] found in cache
[bin_prot.v0.11.0] found in cache
[biniou.1.2.0] found in cache
[camlp4.4.06+1] found in cache
[camlzip.1.07] found in cache
[configurator.v0.11.0] found in cache
[core_kernel.v0.11.1] found in cache
[cppo.1.6.4] found in cache
[devkit.0.6] found in cache
[easy-format.1.3.1] found in cache
[elasticsearch-cli.0.1] found in cache
[extlib.1.7.5] found in cache
[extunix.0.1.6] found in cache
[fieldslib.v0.11.0] found in cache
[jane-street-headers.v0.11.0] found in cache
[libevent.0.8.1] found in cache
[lwt.3.3.0] found in cache
[lwt_ppx.1.2.1] found in cache
[menhir.20180703] found in cache
[mybuild.5] found in cache
[num.1.1] found in cache
[oasis.0.4.11] found in cache
[ocaml-compiler-libs.v0.11.0] found in cache
[ocaml-migrate-parsetree.1.0.11] found in cache
[ocamlbuild.0.12.0] found in cache
[ocamlify.0.0.1] found in cache
[ocamlmod.0.0.9] found in cache
[ocamlnet.4.1.6] found in cache
[octavius.1.2.0] found in cache
[ocurl.0.8.1] found in cache
[ounit.2.0.8] found in cache
[parsexp.v0.11.0] found in cache
[pcre.7.3.4] found in cache
[ppx_assert.v0.11.0] found in cache
[ppx_base.v0.11.0] found in cache
[ppx_bench.v0.11.0] found in cache
[ppx_bin_prot.v0.11.1] found in cache
[ppx_compare.v0.11.1] found in cache
[ppx_custom_printf.v0.11.0] found in cache
[ppx_derivers.1.0] found in cache
[ppx_enumerate.v0.11.1] found in cache
[ppx_expect.v0.11.0] found in cache
[ppx_fail.v0.11.0] found in cache
[ppx_fields_conv.v0.11.0] found in cache
[ppx_hash.v0.11.1] found in cache
[ppx_here.v0.11.0] found in cache
[ppx_inline_test.v0.11.0] found in cache
[ppx_jane.v0.11.0] found in cache
[ppx_js_style.v0.11.0] found in cache
[ppx_let.v0.11.0] found in cache
[ppx_optcomp.v0.11.0] found in cache
[ppx_optional.v0.11.0] found in cache
[ppx_pipebang.v0.11.0] found in cache
[ppx_sexp_conv.v0.11.2] found in cache
[ppx_sexp_message.v0.11.0] found in cache
[ppx_sexp_value.v0.11.0] found in cache
[ppx_tools_versioned.5.2] found in cache
[ppx_typerep_conv.v0.11.1] found in cache
[ppx_variants_conv.v0.11.1] found in cache
[ppxlib.0.3.0] found in cache
[re.1.7.3] found in cache
[re2.v0.11.0] found in cache
[result.1.3] found in cache
[sexplib.v0.11.0] found in cache
[sexplib0.v0.11.0] found in cache
[splittable_random.v0.11.0] found in cache
[stdio.v0.11.0] found in cache
[typerep.v0.11.0] found in cache
[variantslib.v0.11.0] found in cache
[yojson.1.4.1] found in cache

<><> Processing actions <><><><><><><><><><><><><><><><><><><><><><><><><><><><>
[ERROR] The compilation of libevent failed at "/usr/bin/make".
-> installed base-bytes.base
-> installed camlzip.1.07
-> installed conf-pkg-config.1.1
-> installed conf-libcurl.1
-> installed conf-libpcre.1
-> installed conf-which.1
-> installed cppo.1.6.4
-> installed easy-format.1.3.1
-> installed biniou.1.2.0
-> installed extlib.1.7.5
-> installed jane-street-headers.v0.11.0
-> installed num.1.1
-> installed ocaml-compiler-libs.v0.11.0
-> installed ocamlbuild.0.12.0
-> installed menhir.20180703
-> installed atd.2.0.0
-> installed mybuild.5
-> installed ocamlify.0.0.1
-> installed ocamlmod.0.0.9
-> installed oasis.0.4.11
-> installed octavius.1.2.0
-> installed ounit.2.0.8
-> installed ppx_derivers.1.0
-> installed re.1.7.3
-> installed result.1.3
-> installed ocaml-migrate-parsetree.1.0.11
-> installed camlp4.4.06+1
-> installed ppx_tools_versioned.5.2
-> installed lwt.3.3.0
-> installed extunix.0.1.6
-> installed lwt_ppx.1.2.1
-> installed sexplib0.v0.11.0
-> installed base.v0.11.1
-> installed parsexp.v0.11.0
-> installed ocurl.0.8.1
-> installed stdio.v0.11.0
-> installed configurator.v0.11.0
-> installed pcre.7.3.4
-> installed ppxlib.0.3.0
-> installed fieldslib.v0.11.0
-> installed ppx_compare.v0.11.1
-> installed ppx_enumerate.v0.11.1
-> installed ppx_fields_conv.v0.11.0
-> installed ppx_here.v0.11.0
-> installed ppx_fail.v0.11.0
-> installed ppx_inline_test.v0.11.0
-> installed ppx_bench.v0.11.0
-> installed ppx_js_style.v0.11.0
-> installed ppx_let.v0.11.0
-> installed ppx_optcomp.v0.11.0
-> installed ppx_optional.v0.11.0
-> installed ppx_pipebang.v0.11.0
-> installed ppx_sexp_conv.v0.11.2
-> installed ppx_assert.v0.11.0
-> installed ppx_custom_printf.v0.11.0
-> installed ppx_hash.v0.11.1
-> installed ppx_base.v0.11.0
-> installed ppx_sexp_message.v0.11.0
-> installed ppx_sexp_value.v0.11.0
-> installed sexplib.v0.11.0
-> installed typerep.v0.11.0
-> installed ppx_typerep_conv.v0.11.1
-> installed variantslib.v0.11.0
-> installed ppx_variants_conv.v0.11.1
-> installed bin_prot.v0.11.0
-> installed ppx_bin_prot.v0.11.1
-> installed ppx_expect.v0.11.0
-> installed ppx_jane.v0.11.0
-> installed splittable_random.v0.11.0
-> installed core_kernel.v0.11.1
-> installed ocamlnet.4.1.6
-> installed yojson.1.4.1
-> installed atdgen-runtime.2.0.0
-> installed atdgen.2.0.0
-> installed re2.v0.11.0

#=== ERROR while compiling libevent.0.8.1 =====================================#
# context              2.0.0~rc3 | linux/x86_64 | ocaml-base-compiler.4.06.1 | git+file:///home/opam/opam-repository
# path                 ~/.opam/4.06/.opam-switch/build/libevent.0.8.1
# command              /usr/bin/make
# exit-code            2
# env-file             ~/.opam/log/libevent-12-83ba5a.env
# output-file          ~/.opam/log/libevent-12-83ba5a.out
### output ###
# ocamlc -c -ccopt "-DFULL_UNROLL -Wall -O2 -I/usr/local/include" event_stubs.c
# event_stubs.c:13:19: fatal error: event.h: No such file or directory
#  #include <event.h>
#                    ^
# compilation terminated.
# Makefile:102: recipe for target 'event_stubs.o' failed
# make: *** [event_stubs.o] Error 2



<><> Error report <><><><><><><><><><><><><><><><><><><><><><><><><><><><><><><>
+- The following actions failed
| - build libevent 0.8.1
+- 
+- The following changes have been performed (the rest was aborted)
| - install atd                     2.0.0
| - install atdgen                  2.0.0
| - install atdgen-runtime          2.0.0
| - install base                    v0.11.1
| - install base-bytes              base
| - install bin_prot                v0.11.0
| - install biniou                  1.2.0
| - install camlp4                  4.06+1
| - install camlzip                 1.07
| - install conf-libcurl            1
| - install conf-libpcre            1
| - install conf-pkg-config         1.1
| - install conf-which              1
| - install configurator            v0.11.0
| - install core_kernel             v0.11.1
| - install cppo                    1.6.4
| - install easy-format             1.3.1
| - install extlib                  1.7.5
| - install extunix                 0.1.6
| - install fieldslib               v0.11.0
| - install jane-street-headers     v0.11.0
| - install lwt                     3.3.0
| - install lwt_ppx                 1.2.1
| - install menhir                  20180703
| - install mybuild                 5
| - install num                     1.1
| - install oasis                   0.4.11
| - install ocaml-compiler-libs     v0.11.0
| - install ocaml-migrate-parsetree 1.0.11
| - install ocamlbuild              0.12.0
| - install ocamlify                0.0.1
| - install ocamlmod                0.0.9
| - install ocamlnet                4.1.6
| - install octavius                1.2.0
| - install ocurl                   0.8.1
| - install ounit                   2.0.8
| - install parsexp                 v0.11.0
| - install pcre                    7.3.4
| - install ppx_assert              v0.11.0
| - install ppx_base                v0.11.0
| - install ppx_bench               v0.11.0
| - install ppx_bin_prot            v0.11.1
| - install ppx_compare             v0.11.1
| - install ppx_custom_printf       v0.11.0
| - install ppx_derivers            1.0
| - install ppx_enumerate           v0.11.1
| - install ppx_expect              v0.11.0
| - install ppx_fail                v0.11.0
| - install ppx_fields_conv         v0.11.0
| - install ppx_hash                v0.11.1
| - install ppx_here                v0.11.0
| - install ppx_inline_test         v0.11.0
| - install ppx_jane                v0.11.0
| - install ppx_js_style            v0.11.0
| - install ppx_let                 v0.11.0
| - install ppx_optcomp             v0.11.0
| - install ppx_optional            v0.11.0
| - install ppx_pipebang            v0.11.0
| - install ppx_sexp_conv           v0.11.2
| - install ppx_sexp_message        v0.11.0
| - install ppx_sexp_value          v0.11.0
| - install ppx_tools_versioned     5.2
| - install ppx_typerep_conv        v0.11.1
| - install ppx_variants_conv       v0.11.1
| - install ppxlib                  0.3.0
| - install re                      1.7.3
| - install re2                     v0.11.0
| - install result                  1.3
| - install sexplib                 v0.11.0
| - install sexplib0                v0.11.0
| - install splittable_random       v0.11.0
| - install stdio                   v0.11.0
| - install typerep                 v0.11.0
| - install variantslib             v0.11.0
| - install yojson                  1.4.1
+- 
# Run eval $(opam env) to update the current shell environment

The former state can be restored with:
    opam switch import "/home/opam/.opam/4.06/.opam-switch/backup/state-20180804043355.export"
31 1533356865 1533357535