$ opam depext -iy -j 2 mqtt_client.0.0.1
# Detecting depexts using vars: arch=x86_64, os=linux, os-distribution=opensuse, os-family=suse
# The following system packages are needed:
m4
# All required OS packages found.
# Now letting OPAM install the packages
The following actions will be performed:
  - install jane-street-headers     v0.9.0 [required by core_kernel]
  - install spawn                   v0.9.0 [required by core]
  - install re                      1.7.3  [required by ppx_expect]
  - install ocaml-compiler-libs     v0.9.0 [required by ppx_core]
  - install num                     1.1    [required by sexplib]
  - install octavius                1.2.0  [required by ppx_js_style]
  - install ppx_derivers            1.0    [required by ppx_type_conv]
  - install result                  1.3    [required by ocaml-migrate-parsetree]
  - install ocamlbuild              0.12.0 [required by mqtt_client]
  - install ppx_traverse_builtins   v0.9.0 [required by ppx_core, ppx_metaquot]
  - install sexplib                 v0.9.3 [required by core_kernel, core]
  - install ocaml-migrate-parsetree 1.0.11 [required by async]
  - install ocamlmod                0.0.9  [required by oasis]
  - install ocamlify                0.0.1  [required by oasis]
  - install base                    v0.9.4 [required by core_kernel, core]
  - install ppx_ast                 v0.9.2 [required by ppx_core]
  - install oasis                   0.4.11 [required by mqtt_client]
  - install typerep                 v0.9.0 [required by core_kernel]
  - install stdio                   v0.9.1 [required by core_kernel, core]
  - install ppx_core                v0.9.3 [required by ppx_assert, ppx_inline_test]
  - install ppx_optcomp             v0.9.0 [required by ppx_driver]
  - install ppx_driver              v0.9.2 [required by async]
  - install variantslib             v0.9.0 [required by core_kernel]
  - install ppx_metaquot            v0.9.0 [required by ppx_assert, ppx_inline_test]
  - install ppx_let                 v0.9.0 [required by ppx_jane]
  - install ppx_here                v0.9.1 [required by ppx_assert, ppx_jane]
  - install fieldslib               v0.9.0 [required by core_kernel]
  - install ppx_type_conv           v0.9.1 [required by ppx_assert]
  - install ppx_pipebang            v0.9.0 [required by ppx_jane]
  - install ppx_optional            v0.9.0 [required by ppx_jane]
  - install ppx_js_style            v0.9.0 [required by ppx_base]
  - install ppx_inline_test         v0.9.2 [required by core_kernel]
  - install ppx_fail                v0.9.0 [required by ppx_jane]
  - install ppx_variants_conv       v0.9.0 [required by bin_prot, ppx_jane]
  - install ppx_typerep_conv        v0.9.0 [required by ppx_jane]
  - install ppx_traverse            v0.9.0 [required by ppx_custom_printf, ppx_expect]
  - install ppx_sexp_conv           v0.9.0 [required by core_kernel]
  - install ppx_fields_conv         v0.9.0 [required by bin_prot, ppx_jane]
  - install ppx_enumerate           v0.9.0 [required by ppx_base]
  - install ppx_compare             v0.9.0 [required by bin_prot, ppx_assert]
  - install ppx_bench               v0.9.1 [required by ppx_jane]
  - install ppx_sexp_value          v0.9.0 [required by ppx_jane]
  - install ppx_sexp_message        v0.9.0 [required by core_kernel]
  - install ppx_custom_printf       v0.9.0 [required by bin_prot, ppx_jane]
  - install ppx_hash                v0.9.0 [required by core_kernel]
  - install ppx_assert              v0.9.0 [required by core_kernel, core]
  - install bin_prot                v0.9.2 [required by core_kernel]
  - install ppx_base                v0.9.0 [required by core_kernel]
  - install ppx_expect              v0.9.0 [required by ppx_jane]
  - install ppx_bin_prot            v0.9.0 [required by ppx_jane]
  - install configurator            v0.9.1 [required by core_kernel, core]
  - install ppx_jane                v0.9.0 [required by async]
  - install core_kernel             v0.9.1 [required by async_kernel, async_rpc_kernel]
  - install core                    v0.9.2 [required by mqtt_client]
  - install async_kernel            v0.9.0 [required by async]
  - install async_unix              v0.9.1 [required by async]
  - install async_rpc_kernel        v0.9.0 [required by async_extra]
  - install async_extra             v0.9.0 [required by async]
  - install async                   v0.9.0 [required by mqtt_client]
  - install mqtt_client             0.0.1
===== 60 to install =====

<><> Gathering sources ><><><><><><><><><><><><><><><><><><><><><><><><><><><><>
[async.v0.9.0] found in cache
[async_extra.v0.9.0] found in cache
[async_kernel.v0.9.0] found in cache
[async_rpc_kernel.v0.9.0] found in cache
[async_unix.v0.9.1] found in cache
[base.v0.9.4] found in cache
[bin_prot.v0.9.2] found in cache
[configurator.v0.9.1] found in cache
[core.v0.9.2] found in cache
[core_kernel.v0.9.1] found in cache
[fieldslib.v0.9.0] found in cache
[jane-street-headers.v0.9.0] found in cache
[mqtt_client.0.0.1] found in cache
[num.1.1] found in cache
[oasis.0.4.11] found in cache
[ocaml-compiler-libs.v0.9.0] found in cache
[ocaml-migrate-parsetree.1.0.11] found in cache
[ocamlbuild.0.12.0] found in cache
[ocamlify.0.0.1] found in cache
[ocamlmod.0.0.9] found in cache
[octavius.1.2.0] found in cache
[ppx_assert.v0.9.0] found in cache
[ppx_ast.v0.9.2] found in cache
[ppx_base.v0.9.0] found in cache
[ppx_bench.v0.9.1] found in cache
[ppx_bin_prot.v0.9.0] found in cache
[ppx_compare.v0.9.0] found in cache
[ppx_core.v0.9.3] found in cache
[ppx_custom_printf.v0.9.0] found in cache
[ppx_derivers.1.0] found in cache
[ppx_driver.v0.9.2] found in cache
[ppx_enumerate.v0.9.0] found in cache
[ppx_expect.v0.9.0] found in cache
[ppx_fail.v0.9.0] found in cache
[ppx_fields_conv.v0.9.0] found in cache
[ppx_hash.v0.9.0] found in cache
[ppx_here.v0.9.1] found in cache
[ppx_inline_test.v0.9.2] found in cache
[ppx_jane.v0.9.0] found in cache
[ppx_js_style.v0.9.0] found in cache
[ppx_let.v0.9.0] found in cache
[ppx_metaquot.v0.9.0] found in cache
[ppx_optcomp.v0.9.0] found in cache
[ppx_optional.v0.9.0] found in cache
[ppx_pipebang.v0.9.0] found in cache
[ppx_sexp_conv.v0.9.0] found in cache
[ppx_sexp_message.v0.9.0] found in cache
[ppx_sexp_value.v0.9.0] found in cache
[ppx_traverse.v0.9.0] found in cache
[ppx_traverse_builtins.v0.9.0] found in cache
[ppx_type_conv.v0.9.1] found in cache
[ppx_typerep_conv.v0.9.0] found in cache
[ppx_variants_conv.v0.9.0] found in cache
[re.1.7.3] found in cache
[result.1.3] found in cache
[sexplib.v0.9.3] found in cache
[spawn.v0.9.0] found in cache
[stdio.v0.9.1] found in cache
[typerep.v0.9.0] found in cache
[variantslib.v0.9.0] found in cache

<><> Processing actions <><><><><><><><><><><><><><><><><><><><><><><><><><><><>
-> installed jane-street-headers.v0.9.0
-> installed num.1.1
-> installed ocaml-compiler-libs.v0.9.0
-> installed ocamlbuild.0.12.0
-> installed ocamlify.0.0.1
-> installed octavius.1.2.0
-> installed ppx_derivers.1.0
-> installed ppx_traverse_builtins.v0.9.0
-> installed re.1.7.3
-> installed result.1.3
-> installed ocamlmod.0.0.9
-> installed ocaml-migrate-parsetree.1.0.11
-> installed ppx_ast.v0.9.2
-> installed sexplib.v0.9.3
-> installed base.v0.9.4
-> installed oasis.0.4.11
-> installed spawn.v0.9.0
-> installed stdio.v0.9.1
-> installed typerep.v0.9.0
-> installed ppx_core.v0.9.3
-> installed ppx_optcomp.v0.9.0
-> installed ppx_driver.v0.9.2
-> installed fieldslib.v0.9.0
-> installed ppx_here.v0.9.1
-> installed ppx_let.v0.9.0
-> installed ppx_metaquot.v0.9.0
-> installed ppx_fail.v0.9.0
-> installed ppx_inline_test.v0.9.2
-> installed ppx_js_style.v0.9.0
-> installed ppx_optional.v0.9.0
-> installed ppx_pipebang.v0.9.0
-> installed ppx_type_conv.v0.9.1
-> installed ppx_bench.v0.9.1
-> installed ppx_compare.v0.9.0
-> installed ppx_enumerate.v0.9.0
-> installed ppx_fields_conv.v0.9.0
-> installed ppx_sexp_conv.v0.9.0
-> installed ppx_assert.v0.9.0
-> installed ppx_hash.v0.9.0
-> installed ppx_sexp_message.v0.9.0
-> installed ppx_sexp_value.v0.9.0
-> installed ppx_traverse.v0.9.0
-> installed ppx_base.v0.9.0
-> installed configurator.v0.9.1
-> installed ppx_typerep_conv.v0.9.0
-> installed variantslib.v0.9.0
-> installed ppx_custom_printf.v0.9.0
-> installed ppx_variants_conv.v0.9.0
-> installed bin_prot.v0.9.2
-> installed ppx_expect.v0.9.0
-> installed ppx_bin_prot.v0.9.0
-> installed ppx_jane.v0.9.0
-> installed core_kernel.v0.9.1
-> installed async_kernel.v0.9.0
-> installed core.v0.9.2
-> installed async_rpc_kernel.v0.9.0
-> installed async_unix.v0.9.1
-> installed async_extra.v0.9.0
-> installed async.v0.9.0
[ERROR] The compilation of mqtt_client failed at "/usr/bin/make all".

#=== ERROR while compiling mqtt_client.0.0.1 ==================================#
# context              2.0.0~rc3 | linux/x86_64 | ocaml-base-compiler.4.06.1 | git+file:///home/opam/opam-repository
# path                 ~/.opam/4.06/.opam-switch/build/mqtt_client.0.0.1
# command              /usr/bin/make all
# exit-code            2
# env-file             ~/.opam/log/mqtt_client-12-2516e3.env
# output-file          ~/.opam/log/mqtt_client-12-2516e3.out
### output ###
# oasis setup
# W: file "_oasis", line 17, characters 0-3: extraneous blanks at the beginning of the line
# W: file "_oasis", line 25, characters 0-3: extraneous blanks at the beginning of the line
# ocaml setup.ml -configure
# 
# Configuration:
# ocamlfind: ........................................... /home/opam/.opam/4.06/bin/ocamlfind
# ocamlc: .............................................. /home/opam/.opam/4.06/bin/ocamlc.opt
# ocamlopt: ............................................ /home/opam/.opam/4.06/bin/ocamlopt.opt
# ocamlbuild: .......................................... /home/opam/.opam/4.06/bin/ocamlbuild
# Package name: ........................................ mqtt_client
# Package version: ..................................... 0.0.1
# os_type: ............................................. Unix
# system: .............................................. linux
# architecture: ........................................ amd64
# ccomp_type: .......................................... cc
# ocaml_version: ....................................... 4.06.1
# standard_library_default: ............................ /home/opam/.opam/4.06/lib/ocaml
# standard_library: .................................... /home/opam/.opam/4.06/lib/ocaml
# standard_runtime: .................................... /home/opam/.opam/4.06/bin/ocamlrun
# bytecomp_c_compiler: ................................. gcc -std=gnu99 -O2 -fno-strict-aliasing -fwrapv -fno-builtin-memcmp -fPIC -D_FILE_OFFSET_BITS=64 -D_REENTRANT
# native_c_compiler: ................................... gcc -std=gnu99 -O2 -fno-strict-aliasing -fwrapv -fno-builtin-memcmp -D_FILE_OFFSET_BITS=64 -D_REENTRANT
# model: ............................................... default
# ext_obj: ............................................. .o
# ext_asm: ............................................. .s
# ext_lib: ............................................. .a
# ext_dll: ............................................. .so
# default_executable_name: ............................. a.out
# systhread_supported: ................................. true
# Install architecture-independent files dir: .......... /usr/local
# Install architecture-dependent files in dir: ......... $prefix
# User executables: .................................... $exec_prefix/bin
# System admin executables: ............................ $exec_prefix/sbin
# Program executables: ................................. $exec_prefix/libexec
# Read-only single-machine data: ....................... $prefix/etc
# Modifiable architecture-independent data: ............ $prefix/com
# Modifiable single-machine data: ...................... $prefix/var
# Object code libraries: ............................... $exec_prefix/lib
# Read-only arch-independent data root: ................ $prefix/share
# Read-only architecture-independent data: ............. $datarootdir
# Info documentation: .................................. $datarootdir/info
# Locale-dependent data: ............................... $datarootdir/locale
# Man documentation: ................................... $datarootdir/man
# Documentation root: .................................. $datarootdir/doc/$pkg_name
# HTML documentation: .................................. $docdir
# DVI documentation: ................................... $docdir
# PDF documentation: ................................... $docdir
# PS documentation: .................................... $docdir
# findlib_version: ..................................... 1.8.0
# is_native: ........................................... true
# suffix_program: ......................................
# Remove a file.: ...................................... rm -f
# Remove a directory.: ................................. rm -rf
# Turn ocaml debug flag on: ............................ true
# Turn ocaml profile flag on: .......................... false
# Compiler support generation of .cmxs.: ............... true
# OCamlbuild additional flags: .........................
# Create documentations: ............................... true
# Compile tests executable and library and run them: ... false
# pkg_core: ............................................ /home/opam/.opam/4.06/lib/core
# pkg_async: ........................................... /home/opam/.opam/4.06/lib/async
# pkg_unix: ............................................ /home/opam/.opam/4.06/lib/ocaml
# pkg_threads: ......................................... /home/opam/.opam/4.06/lib/ocaml
# 
# ocaml setup.ml -build
# /home/opam/.opam/4.06/bin/ocamlopt.opt unix.cmxa -I /home/opam/.opam/4.06/lib/ocamlbuild /home/opam/.opam/4.06/lib/ocamlbuild/ocamlbuildlib.cmxa myocamlbuild.ml /home/opam/.opam/4.06/lib/ocamlbuild/ocamlbuild.cmx -o myocamlbuild
# /home/opam/.opam/4.06/bin/ocamlfind ocamldep -package async -package core -package threads -package unix -modules mqtt_async.ml > mqtt_async.ml.depends
# /home/opam/.opam/4.06/bin/ocamlfind ocamlc -c -g -annot -bin-annot -package async -package core -package threads -package unix -thread -o mqtt_async.cmo mqtt_async.ml
# + /home/opam/.opam/4.06/bin/ocamlfind ocamlc -c -g -annot -bin-annot -package async -package core -package threads -package unix -thread -o mqtt_async.cmo mqtt_async.ml
# File "mqtt_async.ml", line 7, characters 5-14:
# Warning 3: deprecated: module Async.Std
# [since 2017-02] use Async. The Std sub-module is no longer needed
# File "mqtt_async.ml", line 47, characters 12-25:
# Warning 3: deprecated: String.create
# Use Bytes.create instead.
# File "mqtt_async.ml", line 50, characters 14-26:
# Warning 3: deprecated: String.set
# Use Bytes.set instead.
# File "mqtt_async.ml", line 198, characters 19-32:
# Warning 3: deprecated: String.create
# Use Bytes.create instead.
# File "mqtt_async.ml", line 199, characters 58-64:
# Error: This expression has type bytes but an expression was expected of type
#          string
# Command exited with code 2.
# E: Failure("Command ''/home/opam/.opam/4.06/bin/ocamlbuild' mqtt_client.cma mqtt_client.cmxa mqtt_client.a mqtt_client.cmxs ./examples/test_mqtt.native -tag debug' terminated with error code 10")
# Makefile:10: recipe for target 'build' failed
# make: *** [build] Error 1



<><> Error report <><><><><><><><><><><><><><><><><><><><><><><><><><><><><><><>
+- The following actions failed
| - build mqtt_client 0.0.1
+- 
+- The following changes have been performed
| - install async                   v0.9.0
| - install async_extra             v0.9.0
| - install async_kernel            v0.9.0
| - install async_rpc_kernel        v0.9.0
| - install async_unix              v0.9.1
| - install base                    v0.9.4
| - install bin_prot                v0.9.2
| - install configurator            v0.9.1
| - install core                    v0.9.2
| - install core_kernel             v0.9.1
| - install fieldslib               v0.9.0
| - install jane-street-headers     v0.9.0
| - install num                     1.1
| - install oasis                   0.4.11
| - install ocaml-compiler-libs     v0.9.0
| - install ocaml-migrate-parsetree 1.0.11
| - install ocamlbuild              0.12.0
| - install ocamlify                0.0.1
| - install ocamlmod                0.0.9
| - install octavius                1.2.0
| - install ppx_assert              v0.9.0
| - install ppx_ast                 v0.9.2
| - install ppx_base                v0.9.0
| - install ppx_bench               v0.9.1
| - install ppx_bin_prot            v0.9.0
| - install ppx_compare             v0.9.0
| - install ppx_core                v0.9.3
| - install ppx_custom_printf       v0.9.0
| - install ppx_derivers            1.0
| - install ppx_driver              v0.9.2
| - install ppx_enumerate           v0.9.0
| - install ppx_expect              v0.9.0
| - install ppx_fail                v0.9.0
| - install ppx_fields_conv         v0.9.0
| - install ppx_hash                v0.9.0
| - install ppx_here                v0.9.1
| - install ppx_inline_test         v0.9.2
| - install ppx_jane                v0.9.0
| - install ppx_js_style            v0.9.0
| - install ppx_let                 v0.9.0
| - install ppx_metaquot            v0.9.0
| - install ppx_optcomp             v0.9.0
| - install ppx_optional            v0.9.0
| - install ppx_pipebang            v0.9.0
| - install ppx_sexp_conv           v0.9.0
| - install ppx_sexp_message        v0.9.0
| - install ppx_sexp_value          v0.9.0
| - install ppx_traverse            v0.9.0
| - install ppx_traverse_builtins   v0.9.0
| - install ppx_type_conv           v0.9.1
| - install ppx_typerep_conv        v0.9.0
| - install ppx_variants_conv       v0.9.0
| - install re                      1.7.3
| - install result                  1.3
| - install sexplib                 v0.9.3
| - install spawn                   v0.9.0
| - install stdio                   v0.9.1
| - install typerep                 v0.9.0
| - install variantslib             v0.9.0
+- 
# Run eval $(opam env) to update the current shell environment

The former state can be restored with:
    opam switch import "/home/opam/.opam/4.06/.opam-switch/backup/state-20180803043515.export"
31 1533270854 1533271152