$ opam depext -iy -j 2 aws-s3-lwt.2.0.0
# Detecting depexts using vars: arch=ppc64, os=linux, os-distribution=debian, os-family=debian
# The following system packages are needed:
debianutils
libgmp-dev
libpcre3-dev
libssl-dev
m4
perl
pkg-config
zlib1g-dev
The following command needs to be run through "sudo":
    apt-get install -qq -yy debianutils libgmp-dev libpcre3-dev libssl-dev m4 perl pkg-config zlib1g-dev
debconf: delaying package configuration, since apt-utils is not installed
Selecting previously unselected package libpcrecpp0v5:ppc64el.
(Reading database ... (Reading database ... 5%(Reading database ... 10%(Reading database ... 15%(Reading database ... 20%(Reading database ... 25%(Reading database ... 30%(Reading database ... 35%(Reading database ... 40%(Reading database ... 45%(Reading database ... 50%(Reading database ... 55%(Reading database ... 60%(Reading database ... 65%(Reading database ... 70%(Reading database ... 75%(Reading database ... 80%(Reading database ... 85%(Reading database ... 90%(Reading database ... 95%(Reading database ... 100%(Reading database ... 17539 files and directories currently installed.)
Preparing to unpack .../00-libpcrecpp0v5_2%3a8.39-3_ppc64el.deb ...
Unpacking libpcrecpp0v5:ppc64el (2:8.39-3) ...
Selecting previously unselected package sgml-base.
Preparing to unpack .../01-sgml-base_1.29_all.deb ...
Unpacking sgml-base (1.29) ...
Selecting previously unselected package libicu57:ppc64el.
Preparing to unpack .../02-libicu57_57.1-6+deb9u2_ppc64el.deb ...
Unpacking libicu57:ppc64el (57.1-6+deb9u2) ...
Selecting previously unselected package libxml2:ppc64el.
Preparing to unpack .../03-libxml2_2.9.4+dfsg1-2.2+deb9u2_ppc64el.deb ...
Unpacking libxml2:ppc64el (2.9.4+dfsg1-2.2+deb9u2) ...
Selecting previously unselected package libglib2.0-0:ppc64el.
Preparing to unpack .../04-libglib2.0-0_2.50.3-2_ppc64el.deb ...
Unpacking libglib2.0-0:ppc64el (2.50.3-2) ...
Selecting previously unselected package libglib2.0-data.
Preparing to unpack .../05-libglib2.0-data_2.50.3-2_all.deb ...
Unpacking libglib2.0-data (2.50.3-2) ...
Selecting previously unselected package libgmpxx4ldbl:ppc64el.
Preparing to unpack .../06-libgmpxx4ldbl_2%3a6.1.2+dfsg-1_ppc64el.deb ...
Unpacking libgmpxx4ldbl:ppc64el (2:6.1.2+dfsg-1) ...
Selecting previously unselected package libgmp-dev:ppc64el.
Preparing to unpack .../07-libgmp-dev_2%3a6.1.2+dfsg-1_ppc64el.deb ...
Unpacking libgmp-dev:ppc64el (2:6.1.2+dfsg-1) ...
Selecting previously unselected package libpcre16-3:ppc64el.
Preparing to unpack .../08-libpcre16-3_2%3a8.39-3_ppc64el.deb ...
Unpacking libpcre16-3:ppc64el (2:8.39-3) ...
Selecting previously unselected package libpcre32-3:ppc64el.
Preparing to unpack .../09-libpcre32-3_2%3a8.39-3_ppc64el.deb ...
Unpacking libpcre32-3:ppc64el (2:8.39-3) ...
Selecting previously unselected package libpcre3-dev:ppc64el.
Preparing to unpack .../10-libpcre3-dev_2%3a8.39-3_ppc64el.deb ...
Unpacking libpcre3-dev:ppc64el (2:8.39-3) ...
Selecting previously unselected package libssl-dev:ppc64el.
Preparing to unpack .../11-libssl-dev_1.1.0f-3+deb9u2_ppc64el.deb ...
Unpacking libssl-dev:ppc64el (1.1.0f-3+deb9u2) ...
Selecting previously unselected package libssl-doc.
Preparing to unpack .../12-libssl-doc_1.1.0f-3+deb9u2_all.deb ...
Unpacking libssl-doc (1.1.0f-3+deb9u2) ...
Selecting previously unselected package pkg-config.
Preparing to unpack .../13-pkg-config_0.29-4+b1_ppc64el.deb ...
Unpacking pkg-config (0.29-4+b1) ...
Selecting previously unselected package shared-mime-info.
Preparing to unpack .../14-shared-mime-info_1.8-1+deb9u1_ppc64el.deb ...
Unpacking shared-mime-info (1.8-1+deb9u1) ...
Selecting previously unselected package xdg-user-dirs.
Preparing to unpack .../15-xdg-user-dirs_0.15-2+b1_ppc64el.deb ...
Unpacking xdg-user-dirs (0.15-2+b1) ...
Selecting previously unselected package xml-core.
Preparing to unpack .../16-xml-core_0.17_all.deb ...
Unpacking xml-core (0.17) ...
Selecting previously unselected package zlib1g-dev:ppc64el.
Preparing to unpack .../17-zlib1g-dev_1%3a1.2.8.dfsg-5_ppc64el.deb ...
Unpacking zlib1g-dev:ppc64el (1:1.2.8.dfsg-5) ...
Setting up libssl-dev:ppc64el (1.1.0f-3+deb9u2) ...
Setting up libglib2.0-0:ppc64el (2.50.3-2) ...
No schema files found: doing nothing.
Setting up sgml-base (1.29) ...
Setting up libicu57:ppc64el (57.1-6+deb9u2) ...
Setting up libxml2:ppc64el (2.9.4+dfsg1-2.2+deb9u2) ...
Setting up pkg-config (0.29-4+b1) ...
Setting up libglib2.0-data (2.50.3-2) ...
Processing triggers for libc-bin (2.24-11+deb9u3) ...
Setting up shared-mime-info (1.8-1+deb9u1) ...
Setting up libpcrecpp0v5:ppc64el (2:8.39-3) ...
Setting up libpcre32-3:ppc64el (2:8.39-3) ...
Setting up libssl-doc (1.1.0f-3+deb9u2) ...
Setting up libpcre16-3:ppc64el (2:8.39-3) ...
Setting up xml-core (0.17) ...
Setting up libgmpxx4ldbl:ppc64el (2:6.1.2+dfsg-1) ...
Setting up xdg-user-dirs (0.15-2+b1) ...
Setting up zlib1g-dev:ppc64el (1:1.2.8.dfsg-5) ...
Setting up libgmp-dev:ppc64el (2:6.1.2+dfsg-1) ...
Setting up libpcre3-dev:ppc64el (2:8.39-3) ...
Processing triggers for libc-bin (2.24-11+deb9u3) ...
Processing triggers for sgml-base (1.29) ...
# OS packages installation successful
# Now letting OPAM install the packages
The following actions will be performed:
  - install ppx_traverse_builtins   v0.10.0    [required by ppx_metaquot]
  - install conf-gmp                1          [required by conf-gmp-powm-sec, zarith]
  - install mirage-no-xen           1          [required by nocrypto]
  - install ppx_tools               5.1+4.06.0 [required by ppx_deriving]
  - install re                      1.7.3      [required by cohttp]
  - install num                     1.1        [required by sexplib]
  - install result                  1.3        [required by cpuid, ppx_deriving]
  - install ocamlbuild              0.12.0     [required by nocrypto, cryptokit, ounit]
  - install jane-street-headers     v0.10.0    [required by core_kernel]
  - install xml-light               2.4        [required by aws-s3]
  - install spawn                   v0.10.1    [required by core]
  - install mirage-no-solo5         1          [required by nocrypto]
  - install magic-mime              1.1.0      [required by cohttp-lwt-unix]
  - install base-bytes              base       [required by ssl]
  - install conf-perl               1          [required by zarith]
  - install conf-pkg-config         1.1        [required by conf-openssl]
  - install octavius                1.2.0      [required by ppx_js_style]
  - install ocaml-compiler-libs     v0.10.0    [required by ppx_core]
  - install easy-format             1.3.1      [required by yojson]
  - install ppx_derivers            1.0        [required by ppx_deriving]
  - install conf-which              1          [required by ssl]
  - install conf-gmp-powm-sec       1          [required by cryptokit]
  - install sexplib                 v0.10.0    [required by core, cohttp, nocrypto]
  - install ocaml-migrate-parsetree 1.0.11     [required by core]
  - install uchar                   0.0.2      [required by jsonm]
  - install topkg                   0.9.1      [required by nocrypto]
  - install stringext               1.5.0      [required by cohttp]
  - install ounit                   2.0.8      [required by aws-s3]
  - install cppo                    1.6.4      [required by ppx_deriving, yojson]
  - install base64                  2.2.0      [required by cohttp]
  - install zarith                  1.7        [required by cryptokit, nocrypto]
  - install conf-zlib               1          [required by cryptokit]
  - install conf-openssl            1          [required by ssl]
  - install conf-libpcre            1          [required by pcre]
  - install biniou                  1.2.0      [required by yojson]
  - install cstruct                 3.2.1      [required by nocrypto]
  - install base                    v0.10.0    [required by core, ppx_protocol_conv]
  - install ppx_tools_versioned     5.2        [required by lwt]
  - install ppx_ast                 v0.10.0    [required by ppx_core]
  - install cmdliner                1.0.2      [required by cohttp-lwt-unix]
  - install astring                 0.8.3      [required by ocb-stubblr, conduit]
  - install ocplib-endian           1.0        [required by msgpck]
  - install cppo_ocamlbuild         1.6.0      [required by ppx_deriving]
  - install cryptokit               1.13       [required by aws-s3]
  - install ssl                     0.5.5      [required by aws-s3-lwt]
  - install yojson                  1.4.1      [required by aws-s3]
  - install typerep                 v0.10.0    [required by core_kernel]
  - install stdio                   v0.10.0    [required by core]
  - install lwt                     3.3.0      [required by aws-s3-lwt]                         For the PPX, please install package lwt_ppx
                                                                                                For Lwt_log and Lwt_daemon, please install package lwt_log
  - install uutf                    1.0.1      [required by jsonm]
  - install fmt                     0.8.5      [required by cohttp-lwt-unix]
  - install ocb-stubblr             0.1.1      [required by nocrypto]
  - install msgpck                  1.4        [required by ppx_protocol_conv]
  - install ppx_deriving            4.2.1      [required by nocrypto]
  - install ppx_core                v0.10.0    [required by ppx_protocol_conv]
  - install configurator            v0.10.0    [required by core]
  - install cstruct-lwt             3.2.1      [required by nocrypto]
  - install jsonm                   1.0.1      [required by cohttp]
  - install logs                    0.6.2      [required by cohttp-lwt-unix]
  - install cpuid                   0.1.1      [required by nocrypto]
  - install ppx_optcomp             v0.10.0    [required by ppx_driver]
  - install pcre                    7.3.4      [required by ocaml-inifiles]
  - install ppx_driver              v0.10.4    [required by core, ppx_protocol_conv]
  - install ocaml-inifiles          1.2        [required by aws-s3]
  - install variantslib             v0.10.0    [required by core_kernel]
  - install ppx_metaquot            v0.10.0    [required by ppx_protocol_conv]
  - install ppx_let                 v0.10.0    [required by ppx_jane]
  - install ppx_here                v0.10.0    [required by ppx_assert, ppx_jane]
  - install fieldslib               v0.10.0    [required by cohttp]
  - install ppx_type_conv           v0.10.0    [required by cohttp, ppx_protocol_conv]
  - install ppx_pipebang            v0.10.0    [required by ppx_jane]
  - install ppx_optional            v0.10.0    [required by ppx_jane]
  - install ppx_js_style            v0.10.0    [required by ppx_base]
  - install ppx_inline_test         v0.10.1    [required by core_kernel]
  - install ppx_fail                v0.10.0    [required by ppx_jane]
  - install ppx_variants_conv       v0.10.0    [required by bin_prot, ppx_jane]
  - install ppx_typerep_conv        v0.10.0    [required by ppx_jane]
  - install ppx_traverse            v0.10.0    [required by ppx_custom_printf, ppx_expect]
  - install ppx_sexp_conv           v0.10.0    [required by nocrypto, cohttp, conduit-lwt-unix]
  - install ppx_protocol_conv       1.0.0      [required by aws-s3]
  - install ppx_fields_conv         v0.10.0    [required by cohttp]
  - install ppx_enumerate           v0.10.0    [required by ppx_base]
  - install ppx_compare             v0.10.0    [required by ppx_assert, bin_prot, ppx_base]
  - install ppx_bench               v0.10.0    [required by ppx_jane]
  - install uri                     1.9.7      [required by cohttp, conduit-lwt-unix]
  - install ppx_sexp_value          v0.10.0    [required by ppx_jane]
  - install ppx_sexp_message        v0.10.0    [required by core_kernel]
  - install ppx_custom_printf       v0.10.0    [required by bin_prot, ppx_jane]
  - install nocrypto                0.5.4-1    [required by aws-s3]
  - install ipaddr                  2.8.0      [required by conduit-lwt-unix]
  - install ppx_hash                v0.10.0    [required by core_kernel]
  - install ppx_assert              v0.10.0    [required by core]
  - install cohttp                  1.1.0      [required by aws-s3]
  - install bin_prot                v0.10.0    [required by core_kernel]
  - install conduit                 1.1.0      [required by conduit-lwt]
  - install ppx_base                v0.10.0    [required by core_kernel]
  - install ppx_expect              v0.10.1    [required by ppx_jane]
  - install cohttp-lwt              1.0.2      [required by cohttp-lwt-unix]
  - install ppx_bin_prot            v0.10.0    [required by ppx_jane]
  - install conduit-lwt             1.1.0      [required by conduit-lwt-unix]
  - install ppx_jane                v0.10.0    [required by core]
  - install conduit-lwt-unix        1.1.0      [required by cohttp-lwt-unix]
  - install core_kernel             v0.10.0    [required by core]
  - install cohttp-lwt-unix         1.0.2      [required by aws-s3-lwt]
  - install core                    v0.10.0    [required by aws-s3]
  - install aws-s3                  2.0.0      [required by aws-s3-lwt]
  - install aws-s3-lwt              2.0.0
===== 107 to install =====

<><> Gathering sources ><><><><><><><><><><><><><><><><><><><><><><><><><><><><>
[astring.0.8.3] found in cache
[aws-s3.2.0.0] found in cache
[aws-s3-lwt.2.0.0] found in cache
[base.v0.10.0] found in cache
[base64.2.2.0] found in cache
[bin_prot.v0.10.0] found in cache
[biniou.1.2.0] found in cache
[cmdliner.1.0.2] found in cache
[cohttp.1.1.0] found in cache
[cohttp-lwt.1.0.2] found in cache
[cohttp-lwt-unix.1.0.2] found in cache
[conduit.1.1.0] found in cache
[conduit-lwt.1.1.0] found in cache
[conduit-lwt-unix.1.1.0] found in cache
[configurator.v0.10.0] found in cache
[core.v0.10.0] found in cache
[core_kernel.v0.10.0] found in cache
[cppo.1.6.4] found in cache
[cppo_ocamlbuild.1.6.0] found in cache
[cpuid.0.1.1] found in cache
[cryptokit.1.13] found in cache
[cstruct.3.2.1] found in cache
[cstruct-lwt.3.2.1] found in cache
[easy-format.1.3.1] found in cache
[fieldslib.v0.10.0] found in cache
[fmt.0.8.5] found in cache
[ipaddr.2.8.0] found in cache
[jane-street-headers.v0.10.0] found in cache
[jsonm.1.0.1] found in cache
[logs.0.6.2] found in cache
[lwt.3.3.0] found in cache
[magic-mime.1.1.0] found in cache
[msgpck.1.4] found in cache
[nocrypto.0.5.4-1] found in cache
[num.1.1] found in cache
[ocaml-compiler-libs.v0.10.0] found in cache
[ocaml-inifiles.1.2] found in cache
[ocaml-migrate-parsetree.1.0.11] found in cache
[ocamlbuild.0.12.0] found in cache
[ocb-stubblr.0.1.1] found in cache
[ocplib-endian.1.0] found in cache
[octavius.1.2.0] found in cache
[ounit.2.0.8] found in cache
[pcre.7.3.4] found in cache
[ppx_assert.v0.10.0] found in cache
[ppx_ast.v0.10.0] found in cache
[ppx_base.v0.10.0] found in cache
[ppx_bench.v0.10.0] found in cache
[ppx_bin_prot.v0.10.0] found in cache
[ppx_compare.v0.10.0] found in cache
[ppx_core.v0.10.0] found in cache
[ppx_custom_printf.v0.10.0] found in cache
[ppx_derivers.1.0] found in cache
[ppx_deriving.4.2.1] found in cache
[ppx_driver.v0.10.4] found in cache
[ppx_enumerate.v0.10.0] found in cache
[ppx_expect.v0.10.1] found in cache
[ppx_fail.v0.10.0] found in cache
[ppx_fields_conv.v0.10.0] found in cache
[ppx_hash.v0.10.0] found in cache
[ppx_here.v0.10.0] found in cache
[ppx_inline_test.v0.10.1] found in cache
[ppx_jane.v0.10.0] found in cache
[ppx_js_style.v0.10.0] found in cache
[ppx_let.v0.10.0] found in cache
[ppx_metaquot.v0.10.0] found in cache
[ppx_optcomp.v0.10.0] found in cache
[ppx_optional.v0.10.0] found in cache
[ppx_pipebang.v0.10.0] found in cache
[ppx_protocol_conv.1.0.0] found in cache
[ppx_sexp_conv.v0.10.0] found in cache
[ppx_sexp_message.v0.10.0] found in cache
[ppx_sexp_value.v0.10.0] found in cache
[ppx_tools.5.1+4.06.0] found in cache
[ppx_tools_versioned.5.2] found in cache
[ppx_traverse.v0.10.0] found in cache
[ppx_traverse_builtins.v0.10.0] found in cache
[ppx_type_conv.v0.10.0] found in cache
[ppx_typerep_conv.v0.10.0] found in cache
[ppx_variants_conv.v0.10.0] found in cache
[re.1.7.3] found in cache
[result.1.3] found in cache
[sexplib.v0.10.0] found in cache
[spawn.v0.10.1] found in cache
[ssl.0.5.5] found in cache
[stdio.v0.10.0] found in cache
[stringext.1.5.0] found in cache
[topkg.0.9.1] found in cache
[typerep.v0.10.0] found in cache
[uchar.0.0.2] found in cache
[uri.1.9.7] found in cache
[uutf.1.0.1] found in cache
[variantslib.v0.10.0] found in cache
[xml-light.2.4] found in cache
[yojson.1.4.1] found in cache
[zarith.1.7] found in cache

<><> Processing actions <><><><><><><><><><><><><><><><><><><><><><><><><><><><>
-> installed base-bytes.base
-> installed base64.2.2.0
-> installed conf-gmp.1
-> installed conf-gmp-powm-sec.1
-> installed conf-perl.1
-> installed conf-pkg-config.1.1
-> installed conf-libpcre.1
-> installed conf-openssl.1
-> installed conf-which.1
-> installed conf-zlib.1
-> installed cppo.1.6.4
-> installed easy-format.1.3.1
-> installed jane-street-headers.v0.10.0
-> installed magic-mime.1.1.0
-> installed mirage-no-solo5.1
-> installed mirage-no-xen.1
-> installed num.1.1
-> installed biniou.1.2.0
-> installed ocaml-compiler-libs.v0.10.0
-> installed ocamlbuild.0.12.0
-> installed cppo_ocamlbuild.1.6.0
-> installed ocplib-endian.1.0
-> installed msgpck.1.4
-> installed octavius.1.2.0
-> installed ppx_derivers.1.0
-> installed ppx_tools.5.1+4.06.0
-> installed ounit.2.0.8
-> installed ppx_traverse_builtins.v0.10.0
-> installed re.1.7.3
-> installed result.1.3
-> installed sexplib.v0.10.0
-> installed cstruct.3.2.1
-> installed ocaml-migrate-parsetree.1.0.11
-> installed base.v0.10.0
-> installed ppx_ast.v0.10.0
-> installed ppx_deriving.4.2.1
-> installed ppx_tools_versioned.5.2
-> installed spawn.v0.10.1
-> installed ssl.0.5.5
-> installed stdio.v0.10.0
-> installed configurator.v0.10.0
-> installed lwt.3.3.0
-> installed pcre.7.3.4
-> installed cstruct-lwt.3.2.1
-> installed ppx_core.v0.10.0
-> installed ocaml-inifiles.1.2
-> installed stringext.1.5.0
-> installed topkg.0.9.1
-> installed astring.0.8.3
-> installed ocb-stubblr.0.1.1
-> installed cmdliner.1.0.2
-> installed ppx_optcomp.v0.10.0
-> installed cpuid.0.1.1
-> installed typerep.v0.10.0
-> installed uchar.0.0.2
-> installed fmt.0.8.5
-> installed ppx_driver.v0.10.4
-> installed fieldslib.v0.10.0
-> installed logs.0.6.2
-> installed ppx_here.v0.10.0
-> installed ppx_let.v0.10.0
-> installed ppx_metaquot.v0.10.0
-> installed ppx_fail.v0.10.0
-> installed ppx_inline_test.v0.10.1
-> installed ppx_js_style.v0.10.0
-> installed ppx_optional.v0.10.0
-> installed ppx_pipebang.v0.10.0
-> installed ppx_type_conv.v0.10.0
-> installed ppx_bench.v0.10.0
-> installed ppx_compare.v0.10.0
-> installed ppx_enumerate.v0.10.0
-> installed ppx_fields_conv.v0.10.0
-> installed ppx_sexp_conv.v0.10.0
-> installed ipaddr.2.8.0
-> installed ppx_assert.v0.10.0
-> installed ppx_hash.v0.10.0
-> installed ppx_base.v0.10.0
-> installed ppx_sexp_message.v0.10.0
-> installed ppx_sexp_value.v0.10.0
-> installed ppx_traverse.v0.10.0
-> installed ppx_typerep_conv.v0.10.0
-> installed uri.1.9.7
-> installed conduit.1.1.0
-> installed ppx_custom_printf.v0.10.0
-> installed uutf.1.0.1
-> installed conduit-lwt.1.1.0
-> installed jsonm.1.0.1
-> installed conduit-lwt-unix.1.1.0
-> installed variantslib.v0.10.0
-> installed cohttp.1.1.0
-> installed ppx_variants_conv.v0.10.0
-> installed bin_prot.v0.10.0
-> installed cohttp-lwt.1.0.2
-> installed ppx_bin_prot.v0.10.0
-> installed ppx_expect.v0.10.1
[ERROR] The compilation of cohttp-lwt-unix failed at "/home/opam/.opam/4.06/bin/jbuilder build -p cohttp-lwt-unix -j 79".
-> installed xml-light.2.4
-> installed yojson.1.4.1
-> installed ppx_jane.v0.10.0
-> installed ppx_protocol_conv.1.0.0
-> installed zarith.1.7
-> installed cryptokit.1.13
-> installed nocrypto.0.5.4-1
-> installed core_kernel.v0.10.0
[ERROR] The compilation of core failed at "/home/opam/.opam/4.06/bin/jbuilder build -p core -j 79".

#=== ERROR while compiling core.v0.10.0 =======================================#
# context              2.0.0~rc3 | linux/ppc64 | ocaml-base-compiler.4.06.1 | git+file:///home/opam/opam-repository
# path                 ~/.opam/4.06/.opam-switch/build/core.v0.10.0
# command              ~/.opam/4.06/bin/jbuilder build -p core -j 79
# exit-code            1
# env-file             ~/.opam/log/core-11-91d0be.env
# output-file          ~/.opam/log/core-11-91d0be.out
### output ###
#     discover src/config.h (exit 2)
# (cd _build/default/src && config/discover.exe -ocamlc /home/opam/.opam/4.06/bin/ocamlc.opt)
# run: /home/opam/.opam/4.06/bin/ocamlc.opt -config
# -> process exited with code 0
# -> stdout:
#  | version: 4.06.1
#  | standard_library_default: /home/opam/.opam/4.06/lib/ocaml
#  | standard_library: /home/opam/.opam/4.06/lib/ocaml
#  | standard_runtime: /home/opam/.opam/4.06/bin/ocamlrun
#  | ccomp_type: cc
#  | c_compiler: gcc
#  | ocamlc_cflags: -O2 -fno-strict-aliasing -fwrapv -fPIC
#  | ocamlc_cppflags: -D_FILE_OFFSET_BITS=64 -D_REENTRANT
#  | ocamlopt_cflags: -O2 -fno-strict-aliasing -fwrapv
#  | ocamlopt_cppflags: -D_FILE_OFFSET_BITS=64 -D_REENTRANT
#  | bytecomp_c_compiler: gcc -O2 -fno-strict-aliasing -fwrapv -fPIC -D_FILE_OFFSET_BITS=64 -D_REENTRANT
#  | native_c_compiler: gcc -O2 -fno-strict-aliasing -fwrapv -D_FILE_OFFSET_BITS=64 -D_REENTRANT
#  | bytecomp_c_libraries: -lm  -ldl  -lpthread                  
#  | native_c_libraries: -lm  -ldl
#  | native_pack_linker: ld -r -m elf64lppc -o 
#  | ranlib: ranlib
#  | cc_profile: -pg
#  | architecture: power
#  | model: ppc64le
#  | int_size: 63
#  | word_size: 64
#  | system: elf
#  | asm: as -a64 -mppc64
#  | asm_cfi_supported: true
#  | with_frame_pointers: false
#  | ext_exe: 
#  | ext_obj: .o
#  | ext_asm: .s
#  | ext_lib: .a
#  | ext_dll: .so
#  | os_type: Unix
#  | default_executable_name: a.out
#  | systhread_supported: true
#  | host: powerpc64le-unknown-linux-gnu
#  | target: powerpc64le-unknown-linux-gnu
#  | profiling: true
#  | flambda: false
#  | spacetime: false
#  | safe_string: false
#  | default_safe_string: true
#  | flat_float_array: true
#  | afl_instrument: false
#  | windows_unicode: false
#  | exec_magic_number: Caml1999X011
#  | cmi_magic_number: Caml1999I022
#  | cmo_magic_number: Caml1999O022
#  | cma_magic_number: Caml1999A022
#  | cmx_magic_number: Caml1999Y022
#  | cmxa_magic_number: Caml1999Z022
#  | ast_impl_magic_number: Caml1999M022
#  | ast_intf_magic_number: Caml1999N022
#  | cmxs_magic_number: Caml1999D022
#  | cmt_magic_number: Caml1999T022
# -> stderr:
# compiling c program:
#  | 
#  | #include <time.h>
#  | 
#  | int main()
#  | {
#  |   struct timespec ts;
#  |   clock_gettime(CLOCK_REALTIME, &ts);
#  |   clock_settime(CLOCK_REALTIME, &ts);
#  |   clock_getres(CLOCK_REALTIME, &ts);
#  |   return 0;
#  | }
# run: gcc -O2 -fno-strict-aliasing -fwrapv -fPIC '-I' '/home/opam/.opam/4.06/lib/ocaml' '-o' '/tmp/ocaml-configurator9ff38b/c-test-1/test.exe' '/tmp/ocaml-configurator9ff38b/c-test-1/test.c' '-lrt'
# -> process exited with code 0
# -> stdout:
# -> stderr:
# compiling c program:
#  | 
#  | #define JSC_THREAD_ID_METHOD 1
#  | #include "/home/opam/.opam/4.06/.opam-switch/build/core.v0.10.0/_build/default/src/thread_id.h"
#  | 
#  | int main ()
#  | {
#  |   GET_THREAD_ID;
#  |   return 0;
#  | }
# run: gcc -O2 -fno-strict-aliasing -fwrapv -fPIC '-I' '/home/opam/.opam/4.06/lib/ocaml' '-o' '/tmp/ocaml-configurator9ff38b/c-test-3/test.exe' '/tmp/ocaml-configurator9ff38b/c-test-3/test.c'
# -> process exited with code 0
# -> stdout:
# -> stderr:
#  | In file included from /tmp/ocaml-configurator9ff38b/c-test-3/test.c:3:0:
#  | /tmp/ocaml-configurator9ff38b/c-test-3/test.c: In function 'main':
#  | /home/opam/.opam/4.06/.opam-switch/build/core.v0.10.0/_build/default/src/thread_id.h:11:23: warning: implicit declaration of function 'syscall' [-Wimplicit-function-declaration]
#  |  #define GET_THREAD_ID syscall(SYS_gettid)
#  |                        ^
#  | /tmp/ocaml-configurator9ff38b/c-test-3/test.c:7:3: note: in expansion of macro 'GET_THREAD_ID'
#  |    GET_THREAD_ID;
#  |    ^~~~~~~~~~~~~
# compiling c program:
#  | 
#  | #include <sys/eventfd.h>
#  | 
#  | int main()
#  | {
#  |   int fd = eventfd(0, 0);
#  |   return 0;
#  | }
# run: gcc -O2 -fno-strict-aliasing -fwrapv -fPIC '-I' '/home/opam/.opam/4.06/lib/ocaml' '-o' '/tmp/ocaml-configurator9ff38b/c-test-5/test.exe' '/tmp/ocaml-configurator9ff38b/c-test-5/test.c'
# -> process exited with code 0
# -> stdout:
# -> stderr:
# compiling c program:
#  | 
#  | #include <sys/timerfd.h>
#  | 
#  | int main()
#  | {
#  |   timerfd_create(0, 0);
#  |   return 0;
#  | }
# run: gcc -O2 -fno-strict-aliasing -fwrapv -fPIC '-I' '/home/opam/.opam/4.06/lib/ocaml' '-o' '/tmp/ocaml-configurator9ff38b/c-test-7/test.exe' '/tmp/ocaml-configurator9ff38b/c-test-7/test.c'
# -> process exited with code 0
# -> stdout:
# -> stderr:
# compiling c program:
#  | 
#  | #include <wordexp.h>
#  | 
#  | int main()
#  | {
#  |   wordexp_t w;
#  |   wordexp("", &w, 0);
#  |   return 0;
#  | }
# run: gcc -O2 -fno-strict-aliasing -fwrapv -fPIC '-I' '/home/opam/.opam/4.06/lib/ocaml' '-o' '/tmp/ocaml-configurator9ff38b/c-test-9/test.exe' '/tmp/ocaml-configurator9ff38b/c-test-9/test.c'
# -> process exited with code 0
# -> stdout:
# -> stderr:
# compiling c program:
#  | 
#  | #include <sys/types.h>
#  | #include <sys/socket.h>
#  | 
#  | int main()
#  | {
#  |    send(0, "", 0, MSG_NOSIGNAL);
#  |    return 0;
#  | }
# run: gcc -O2 -fno-strict-aliasing -fwrapv -fPIC '-I' '/home/opam/.opam/4.06/lib/ocaml' '-o' '/tmp/ocaml-configurator9ff38b/c-test-11/test.exe' '/tmp/ocaml-configurator9ff38b/c-test-11/test.c'
# -> process exited with code 0
# -> stdout:
# -> stderr:
# compiling c program:
#  | 
#  | #include <sys/types.h>
#  | #include <sys/socket.h>
#  | 
#  | int main()
#  | {
#  |    send(0, "", 0, SO_NOSIGPIPE);
#  |    return 0;
#  | }
# run: gcc -O2 -fno-strict-aliasing -fwrapv -fPIC '-I' '/home/opam/.opam/4.06/lib/ocaml' '-o' '/tmp/ocaml-configurator9ff38b/c-test-13/test.exe' '/tmp/ocaml-configurator9ff38b/c-test-13/test.c'
# -> process exited with code 1
# -> stdout:
# -> stderr:
#  | /tmp/ocaml-configurator9ff38b/c-test-13/test.c: In function 'main':
#  | /tmp/ocaml-configurator9ff38b/c-test-13/test.c:7:19: error: 'SO_NOSIGPIPE' undeclared (first use in this function)
#  |     send(0, "", 0, SO_NOSIGPIPE);
#  |                    ^~~~~~~~~~~~
#  | /tmp/ocaml-configurator9ff38b/c-test-13/test.c:7:19: note: each undeclared identifier is reported only once for each function it appears in
# compiling c program:
#  | 
#  | #include <unistd.h>
#  | 
#  | int main()
#  | {
#  |   fdatasync(0);
#  |   return 0;
#  | }
# run: gcc -O2 -fno-strict-aliasing -fwrapv -fPIC '-I' '/home/opam/.opam/4.06/lib/ocaml' '-o' '/tmp/ocaml-configurator9ff38b/c-test-15/test.exe' '/tmp/ocaml-configurator9ff38b/c-test-15/test.c'
# -> process exited with code 0
# -> stdout:
# -> stderr:
# compiling c program:
#  | 
#  | #define _GNU_SOURCE
#  | #include <sys/socket.h>
#  | 
#  | int main () {
#  |   recvmmsg(0, 0, 0, 0, 0);
#  |   return 0;
#  | }
# run: gcc -O2 -fno-strict-aliasing -fwrapv -fPIC '-I' '/home/opam/.opam/4.06/lib/ocaml' '-o' '/tmp/ocaml-configurator9ff38b/c-test-17/test.exe' '/tmp/ocaml-configurator9ff38b/c-test-17/test.c'
# -> process exited with code 0
# -> stdout:
# -> stderr:
# compiling c program:
#  | 
#  | #include <pthread.h>
#  | #include <time.h>
#  | 
#  | int main()
#  | {
#  |    pthread_mutex_t m;
#  |    struct timespec ts;
#  |    pthread_mutex_timedlock(&m, &ts);
#  |    return 0;
#  | }
# run: gcc -O2 -fno-strict-aliasing -fwrapv -fPIC '-I' '/home/opam/.opam/4.06/lib/ocaml' '-o' '/tmp/ocaml-configurator9ff38b/c-test-19/test.exe' '/tmp/ocaml-configurator9ff38b/c-test-19/test.c' '-lpthread'
# -> process exited with code 0
# -> stdout:
# -> stderr:
# compiling c program:
#  | 
#  | #include <pthread.h>
#  | #include <time.h>
#  | 
#  | int main()
#  | {
#  |    clockid_t clock;
#  |    pthread_getcpuclockid(pthread_self(), &clock);
#  |    return 0;
#  | }
# run: gcc -O2 -fno-strict-aliasing -fwrapv -fPIC '-I' '/home/opam/.opam/4.06/lib/ocaml' '-o' '/tmp/ocaml-configurator9ff38b/c-test-21/test.exe' '/tmp/ocaml-configurator9ff38b/c-test-21/test.c' '-lpthread'
# -> process exited with code 0
# -> stdout:
# -> stderr:
# compiling c program:
#  | 
#  | #include <stdlib.h>
#  | 
#  | int main () {
#  |   mkostemp("", 0);
#  |   return 0;
#  | }
# run: gcc -O2 -fno-strict-aliasing -fwrapv -fPIC '-I' '/home/opam/.opam/4.06/lib/ocaml' '-o' '/tmp/ocaml-configurator9ff38b/c-test-23/test.exe' '/tmp/ocaml-configurator9ff38b/c-test-23/test.c'
# -> process exited with code 0
# -> stdout:
# -> stderr:
#  | /tmp/ocaml-configurator9ff38b/c-test-23/test.c: In function 'main':
#  | /tmp/ocaml-configurator9ff38b/c-test-23/test.c:5:3: warning: implicit declaration of function 'mkostemp' [-Wimplicit-function-declaration]
#  |    mkostemp("", 0);
#  |    ^~~~~~~~
# compiling c program:
#  | #include <stdio.h>
#  | #include <sys/resource.h>
#  | 
#  | int main()
#  | {
#  | #if defined(RLIMIT_AS)
#  |   printf("RLIMIT_AS=b:true\n");
#  | #else
#  |   printf("RLIMIT_AS=b:false\n");
#  | #endif
#  | #if defined(RLIMIT_NICE)
#  |   printf("RLIMIT_NICE=b:true\n");
#  | #else
#  |   printf("RLIMIT_NICE=b:false\n");
#  | #endif
#  |   return 0;
#  | }
# run: gcc -O2 -fno-strict-aliasing -fwrapv -fPIC '-I' '/home/opam/.opam/4.06/lib/ocaml' '-o' '/tmp/ocaml-configurator9ff38b/c-test-25/test.exe' '/tmp/ocaml-configurator9ff38b/c-test-25/test.c'
# -> process exited with code 0
# -> stdout:
# -> stderr:
# run: /tmp/ocaml-configurator9ff38b/c-test-25/test.exe
# -> process exited with code 0
# -> stdout:
#  | RLIMIT_AS=b:true
#  | RLIMIT_NICE=b:true
# -> stderr:
# compiling c program:
#  | #include <stdio.h>
#  | #include <caml/config.h>
#  | 
#  | int main()
#  | {
#  | #if defined(ARCH_BIG_ENDIAN)
#  |   printf("ARCH_BIG_ENDIAN=b:true\n");
#  | #else
#  |   printf("ARCH_BIG_ENDIAN=b:false\n");
#  | #endif
#  | #if defined(ARCH_SIXTYFOUR)
#  |   printf("ARCH_SIXTYFOUR=b:true\n");
#  | #else
#  |   printf("ARCH_SIXTYFOUR=b:false\n");
#  | #endif
#  |   return 0;
#  | }
# run: gcc -O2 -fno-strict-aliasing -fwrapv -fPIC '-I' '/home/opam/.opam/4.06/lib/ocaml' '-o' '/tmp/ocaml-configurator9ff38b/c-test-28/test.exe' '/tmp/ocaml-configurator9ff38b/c-test-28/test.c'
# -> process exited with code 0
# -> stdout:
# -> stderr:
# run: /tmp/ocaml-configurator9ff38b/c-test-28/test.exe
# -> process exited with code 0
# -> stdout:
#  | ARCH_BIG_ENDIAN=b:false
#  | ARCH_SIXTYFOUR=b:true
# -> stderr:
# Fatal error: exception (runtime-lib/runtime.ml.E "comparison failed"
#   ((switch true) vs (switch false) (Loc src/config/discover.ml:205:15)))
# Raised at file "src/import0.ml" (inlined), line 237, characters 22-32
# Called from file "src/configurator.ml", line 511, characters 13-22
# Called from file "src/config/discover.ml", line 136, characters 2-1023


#=== ERROR while compiling cohttp-lwt-unix.1.0.2 ==============================#
# context              2.0.0~rc3 | linux/ppc64 | ocaml-base-compiler.4.06.1 | git+file:///home/opam/opam-repository
# path                 ~/.opam/4.06/.opam-switch/build/cohttp-lwt-unix.1.0.2
# command              ~/.opam/4.06/bin/jbuilder build -p cohttp-lwt-unix -j 79
# exit-code            1
# env-file             ~/.opam/log/cohttp-lwt-unix-11-435276.env
# output-file          ~/.opam/log/cohttp-lwt-unix-11-435276.out
### output ###
#     ocamlopt cohttp-lwt-unix/bin/cohttp_curl_lwt.exe (exit 2)
# (cd _build/default && /home/opam/.opam/4.06/bin/ocamlopt.opt -w -40 -g -o cohttp-lwt-unix/bin/cohttp_curl_lwt.exe -I /home/opam/.opam/4.06/lib/astring -I /home/opam/.opam/4.06/lib/base -I /home/opam/.opam/4.06/lib/base/caml -I /home/opam/.opam/4.06/lib/base/shadow_stdlib -I /home/opam/.opam/4.06/lib/base64 -I /home/opam/.opam/4.06/lib/bytes -I /home/opam/.opam/4.06/lib/cmdliner -I /home/opam/.opam/4.06/lib/cohttp -I /home/opam/.opam/4.06/lib/cohttp-lwt -I /home/opam/.opam/4.06/lib/conduit -I /home/opam/.opam/4.06/lib/conduit-lwt -I /home/opam/.opam/4.06/lib/conduit-lwt-unix -I /home/opam/.opam/4.06/lib/fieldslib -I /home/opam/.opam/4.06/lib/fmt -I /home/opam/.opam/4.06/lib/ipaddr -I /home/opam/.opam/4.06/lib/ipaddr/unix -I /home/opam/.opam/4.06/lib/logs -I /home/opam/.opam/4.06/lib/lwt -I /home/opam/.opam/4.06/lib/magic-mime -I /home/opam/.opam/4.06/lib/ocaml/threads -I /home/opam/.opam/4.06/lib/re -I /home/opam/.opam/4.06/lib/re/posix -I /home/opam/.opam/4.06/lib/result -I /home/opam/.opam/4.06/lib/sexplib -I /home/opam/.opam/4.06/lib/sexplib/0 -I /home/opam/.opam/4.06/lib/stringext -I /home/opam/.opam/4.06/lib/uchar -I /home/opam/.opam/4.06/lib/uri -I /home/opam/.opam/4.06/lib/uri/services -I cohttp-lwt-unix/src -I cohttp_server /home/opam/.opam/4.06/lib/ocaml/unix.cmxa /home/opam/.opam/4.06/lib/ocaml/bigarray.cmxa /home/opam/.opam/4.06/lib/sexplib/0/sexplib0.cmxa /home/opam/.opam/4.06/lib/sexplib/sexplib.cmxa /home/opam/.opam/4.06/lib/result/result.cmxa /home/opam/.opam/4.06/lib/fmt/fmt.cmxa /home/opam/.opam/4.06/lib/logs/logs.cmxa /home/opam/.opam/4.06/lib/lwt/lwt.cmxa /home/opam/.opam/4.06/lib/logs/logs_lwt.cmxa /home/opam/.opam/4.06/lib/astring/astring.cmxa /home/opam/.opam/4.06/lib/ipaddr/ipaddr.cmxa /home/opam/.opam/4.06/lib/re/re.cmxa /home/opam/.opam/4.06/lib/re/posix/re_posix.cmxa /home/opam/.opam/4.06/lib/stringext/stringext.cmxa /home/opam/.opam/4.06/lib/uri/uri.cmxa /home/opam/.opam/4.06/lib/conduit/conduit.cmxa /home/opam/.opam/4.06/lib/conduit-lwt/conduit_lwt.cmxa /home/opam/.opam/4.06/lib/ipaddr/unix/ipaddr_unix.cmxa /home/opam/.opam/4.06/lib/lwt/lwt_log.cmxa /home/opam/.opam/4.06/lib/ocaml/threads/threads.cmxa /home/opam/.opam/4.06/lib/lwt/lwt_unix.cmxa /home/opam/.opam/4.06/lib/uri/services/uri_services.cmxa /home/opam/.opam/4.06/lib/conduit-lwt-unix/conduit_lwt_unix.cmxa /home/opam/.opam/4.06/lib/magic-mime/magic_mime_library.cmxa /home/opam/.opam/4.06/lib/base64/base64.cmxa /home/opam/.opam/4.06/lib/base/caml/caml.cmxa /home/opam/.opam/4.06/lib/base/shadow_stdlib/shadow_stdlib.cmxa /home/opam/.opam/4.06/lib/base/base.cmxa /home/opam/.opam/4.06/lib/fieldslib/fieldslib.cmxa /home/opam/.opam/4.06/lib/cohttp/cohttp.cmxa /home/opam/.opam/4.06/lib/cohttp-lwt/cohttp_lwt.cmxa cohttp-lwt-unix/src/cohttp_lwt_unix.cmxa cohttp_server/cohttp_server.cmxa /home/opam/.opam/4.06/lib/cmdliner/cmdliner.cmxa cohttp-lwt-unix/bin/.cohttp_curl_lwt.eobjs/cohttp_curl_lwt.cmx)
# /usr/bin/ld: /home/opam/.opam/4.06/lib/lwt/liblwt_unix_stubs.a(unix_lseek_job.o): In function `result_lseek':
# /home/opam/.opam/4.06/.opam-switch/build/lwt.3.3.0/_build/default/src/unix/unix_lseek_job.c:113:(.text+0xb8): call to `result_lseek.part.0' lacks nop, can't restore toc; (-mcmodel=small toc adjust stub)
# /usr/bin/ld: /home/opam/.opam/4.06/lib/lwt/liblwt_unix_stubs.a(unix_lseek_job.o): In function `result_lseek_64':
# /home/opam/.opam/4.06/.opam-switch/build/lwt.3.3.0/_build/default/src/unix/unix_lseek_job.c:134:(.text+0x134): call to `result_lseek_64.part.1' lacks nop, can't restore toc; (-mcmodel=small toc adjust stub)
# /usr/bin/ld: final link failed: Bad value
# collect2: error: ld returned 1 exit status
# File "caml_startup", line 1:
# Error: Error during linking
#     ocamlopt cohttp-lwt-unix/bin/cohttp_proxy_lwt.exe (exit 2)
# (cd _build/default && /home/opam/.opam/4.06/bin/ocamlopt.opt -w -40 -g -o cohttp-lwt-unix/bin/cohttp_proxy_lwt.exe -I /home/opam/.opam/4.06/lib/astring -I /home/opam/.opam/4.06/lib/base -I /home/opam/.opam/4.06/lib/base/caml -I /home/opam/.opam/4.06/lib/base/shadow_stdlib -I /home/opam/.opam/4.06/lib/base64 -I /home/opam/.opam/4.06/lib/bytes -I /home/opam/.opam/4.06/lib/cmdliner -I /home/opam/.opam/4.06/lib/cohttp -I /home/opam/.opam/4.06/lib/cohttp-lwt -I /home/opam/.opam/4.06/lib/conduit -I /home/opam/.opam/4.06/lib/conduit-lwt -I /home/opam/.opam/4.06/lib/conduit-lwt-unix -I /home/opam/.opam/4.06/lib/fieldslib -I /home/opam/.opam/4.06/lib/fmt -I /home/opam/.opam/4.06/lib/ipaddr -I /home/opam/.opam/4.06/lib/ipaddr/unix -I /home/opam/.opam/4.06/lib/logs -I /home/opam/.opam/4.06/lib/lwt -I /home/opam/.opam/4.06/lib/magic-mime -I /home/opam/.opam/4.06/lib/ocaml/threads -I /home/opam/.opam/4.06/lib/re -I /home/opam/.opam/4.06/lib/re/posix -I /home/opam/.opam/4.06/lib/result -I /home/opam/.opam/4.06/lib/sexplib -I /home/opam/.opam/4.06/lib/sexplib/0 -I /home/opam/.opam/4.06/lib/stringext -I /home/opam/.opam/4.06/lib/uchar -I /home/opam/.opam/4.06/lib/uri -I /home/opam/.opam/4.06/lib/uri/services -I cohttp-lwt-unix/src -I cohttp_server /home/opam/.opam/4.06/lib/ocaml/unix.cmxa /home/opam/.opam/4.06/lib/ocaml/bigarray.cmxa /home/opam/.opam/4.06/lib/sexplib/0/sexplib0.cmxa /home/opam/.opam/4.06/lib/sexplib/sexplib.cmxa /home/opam/.opam/4.06/lib/result/result.cmxa /home/opam/.opam/4.06/lib/fmt/fmt.cmxa /home/opam/.opam/4.06/lib/logs/logs.cmxa /home/opam/.opam/4.06/lib/lwt/lwt.cmxa /home/opam/.opam/4.06/lib/logs/logs_lwt.cmxa /home/opam/.opam/4.06/lib/astring/astring.cmxa /home/opam/.opam/4.06/lib/ipaddr/ipaddr.cmxa /home/opam/.opam/4.06/lib/re/re.cmxa /home/opam/.opam/4.06/lib/re/posix/re_posix.cmxa /home/opam/.opam/4.06/lib/stringext/stringext.cmxa /home/opam/.opam/4.06/lib/uri/uri.cmxa /home/opam/.opam/4.06/lib/conduit/conduit.cmxa /home/opam/.opam/4.06/lib/conduit-lwt/conduit_lwt.cmxa /home/opam/.opam/4.06/lib/ipaddr/unix/ipaddr_unix.cmxa /home/opam/.opam/4.06/lib/lwt/lwt_log.cmxa /home/opam/.opam/4.06/lib/ocaml/threads/threads.cmxa /home/opam/.opam/4.06/lib/lwt/lwt_unix.cmxa /home/opam/.opam/4.06/lib/uri/services/uri_services.cmxa /home/opam/.opam/4.06/lib/conduit-lwt-unix/conduit_lwt_unix.cmxa /home/opam/.opam/4.06/lib/magic-mime/magic_mime_library.cmxa /home/opam/.opam/4.06/lib/base64/base64.cmxa /home/opam/.opam/4.06/lib/base/caml/caml.cmxa /home/opam/.opam/4.06/lib/base/shadow_stdlib/shadow_stdlib.cmxa /home/opam/.opam/4.06/lib/base/base.cmxa /home/opam/.opam/4.06/lib/fieldslib/fieldslib.cmxa /home/opam/.opam/4.06/lib/cohttp/cohttp.cmxa /home/opam/.opam/4.06/lib/cohttp-lwt/cohttp_lwt.cmxa cohttp-lwt-unix/src/cohttp_lwt_unix.cmxa cohttp_server/cohttp_server.cmxa /home/opam/.opam/4.06/lib/cmdliner/cmdliner.cmxa cohttp-lwt-unix/bin/.cohttp_curl_lwt.eobjs/cohttp_proxy_lwt.cmx)
# /usr/bin/ld: /home/opam/.opam/4.06/lib/lwt/liblwt_unix_stubs.a(unix_lseek_job.o): In function `result_lseek':
# /home/opam/.opam/4.06/.opam-switch/build/lwt.3.3.0/_build/default/src/unix/unix_lseek_job.c:113:(.text+0xb8): call to `result_lseek.part.0' lacks nop, can't restore toc; (-mcmodel=small toc adjust stub)
# /usr/bin/ld: /home/opam/.opam/4.06/lib/lwt/liblwt_unix_stubs.a(unix_lseek_job.o): In function `result_lseek_64':
# /home/opam/.opam/4.06/.opam-switch/build/lwt.3.3.0/_build/default/src/unix/unix_lseek_job.c:134:(.text+0x134): call to `result_lseek_64.part.1' lacks nop, can't restore toc; (-mcmodel=small toc adjust stub)
# /usr/bin/ld: final link failed: Bad value
# collect2: error: ld returned 1 exit status
# File "caml_startup", line 1:
# Error: Error during linking
#     ocamlopt cohttp-lwt-unix/bin/cohttp_server_lwt.exe (exit 2)
# (cd _build/default && /home/opam/.opam/4.06/bin/ocamlopt.opt -w -40 -g -o cohttp-lwt-unix/bin/cohttp_server_lwt.exe -I /home/opam/.opam/4.06/lib/astring -I /home/opam/.opam/4.06/lib/base -I /home/opam/.opam/4.06/lib/base/caml -I /home/opam/.opam/4.06/lib/base/shadow_stdlib -I /home/opam/.opam/4.06/lib/base64 -I /home/opam/.opam/4.06/lib/bytes -I /home/opam/.opam/4.06/lib/cmdliner -I /home/opam/.opam/4.06/lib/cohttp -I /home/opam/.opam/4.06/lib/cohttp-lwt -I /home/opam/.opam/4.06/lib/conduit -I /home/opam/.opam/4.06/lib/conduit-lwt -I /home/opam/.opam/4.06/lib/conduit-lwt-unix -I /home/opam/.opam/4.06/lib/fieldslib -I /home/opam/.opam/4.06/lib/fmt -I /home/opam/.opam/4.06/lib/ipaddr -I /home/opam/.opam/4.06/lib/ipaddr/unix -I /home/opam/.opam/4.06/lib/logs -I /home/opam/.opam/4.06/lib/lwt -I /home/opam/.opam/4.06/lib/magic-mime -I /home/opam/.opam/4.06/lib/ocaml/threads -I /home/opam/.opam/4.06/lib/re -I /home/opam/.opam/4.06/lib/re/posix -I /home/opam/.opam/4.06/lib/result -I /home/opam/.opam/4.06/lib/sexplib -I /home/opam/.opam/4.06/lib/sexplib/0 -I /home/opam/.opam/4.06/lib/stringext -I /home/opam/.opam/4.06/lib/uchar -I /home/opam/.opam/4.06/lib/uri -I /home/opam/.opam/4.06/lib/uri/services -I cohttp-lwt-unix/src -I cohttp_server /home/opam/.opam/4.06/lib/ocaml/unix.cmxa /home/opam/.opam/4.06/lib/ocaml/bigarray.cmxa /home/opam/.opam/4.06/lib/sexplib/0/sexplib0.cmxa /home/opam/.opam/4.06/lib/sexplib/sexplib.cmxa /home/opam/.opam/4.06/lib/result/result.cmxa /home/opam/.opam/4.06/lib/fmt/fmt.cmxa /home/opam/.opam/4.06/lib/logs/logs.cmxa /home/opam/.opam/4.06/lib/lwt/lwt.cmxa /home/opam/.opam/4.06/lib/logs/logs_lwt.cmxa /home/opam/.opam/4.06/lib/astring/astring.cmxa /home/opam/.opam/4.06/lib/ipaddr/ipaddr.cmxa /home/opam/.opam/4.06/lib/re/re.cmxa /home/opam/.opam/4.06/lib/re/posix/re_posix.cmxa /home/opam/.opam/4.06/lib/stringext/stringext.cmxa /home/opam/.opam/4.06/lib/uri/uri.cmxa /home/opam/.opam/4.06/lib/conduit/conduit.cmxa /home/opam/.opam/4.06/lib/conduit-lwt/conduit_lwt.cmxa /home/opam/.opam/4.06/lib/ipaddr/unix/ipaddr_unix.cmxa /home/opam/.opam/4.06/lib/lwt/lwt_log.cmxa /home/opam/.opam/4.06/lib/ocaml/threads/threads.cmxa /home/opam/.opam/4.06/lib/lwt/lwt_unix.cmxa /home/opam/.opam/4.06/lib/uri/services/uri_services.cmxa /home/opam/.opam/4.06/lib/conduit-lwt-unix/conduit_lwt_unix.cmxa /home/opam/.opam/4.06/lib/magic-mime/magic_mime_library.cmxa /home/opam/.opam/4.06/lib/base64/base64.cmxa /home/opam/.opam/4.06/lib/base/caml/caml.cmxa /home/opam/.opam/4.06/lib/base/shadow_stdlib/shadow_stdlib.cmxa /home/opam/.opam/4.06/lib/base/base.cmxa /home/opam/.opam/4.06/lib/fieldslib/fieldslib.cmxa /home/opam/.opam/4.06/lib/cohttp/cohttp.cmxa /home/opam/.opam/4.06/lib/cohttp-lwt/cohttp_lwt.cmxa cohttp-lwt-unix/src/cohttp_lwt_unix.cmxa cohttp_server/cohttp_server.cmxa /home/opam/.opam/4.06/lib/cmdliner/cmdliner.cmxa cohttp-lwt-unix/bin/.cohttp_curl_lwt.eobjs/cohttp_server_lwt.cmx)
# /usr/bin/ld: /home/opam/.opam/4.06/lib/lwt/liblwt_unix_stubs.a(unix_lseek_job.o): In function `result_lseek':
# /home/opam/.opam/4.06/.opam-switch/build/lwt.3.3.0/_build/default/src/unix/unix_lseek_job.c:113:(.text+0xb8): call to `result_lseek.part.0' lacks nop, can't restore toc; (-mcmodel=small toc adjust stub)
# /usr/bin/ld: /home/opam/.opam/4.06/lib/lwt/liblwt_unix_stubs.a(unix_lseek_job.o): In function `result_lseek_64':
# /home/opam/.opam/4.06/.opam-switch/build/lwt.3.3.0/_build/default/src/unix/unix_lseek_job.c:134:(.text+0x134): call to `result_lseek_64.part.1' lacks nop, can't restore toc; (-mcmodel=small toc adjust stub)
# /usr/bin/ld: final link failed: Bad value
# collect2: error: ld returned 1 exit status
# File "caml_startup", line 1:
# Error: Error during linking



<><> Error report <><><><><><><><><><><><><><><><><><><><><><><><><><><><><><><>
+- The following actions failed
| - build cohttp-lwt-unix 1.0.2
| - build core            v0.10.0
+- 
+- The following changes have been performed (the rest was aborted)
| - install astring                 0.8.3
| - install base                    v0.10.0
| - install base-bytes              base
| - install base64                  2.2.0
| - install bin_prot                v0.10.0
| - install biniou                  1.2.0
| - install cmdliner                1.0.2
| - install cohttp                  1.1.0
| - install cohttp-lwt              1.0.2
| - install conduit                 1.1.0
| - install conduit-lwt             1.1.0
| - install conduit-lwt-unix        1.1.0
| - install conf-gmp                1
| - install conf-gmp-powm-sec       1
| - install conf-libpcre            1
| - install conf-openssl            1
| - install conf-perl               1
| - install conf-pkg-config         1.1
| - install conf-which              1
| - install conf-zlib               1
| - install configurator            v0.10.0
| - install core_kernel             v0.10.0
| - install cppo                    1.6.4
| - install cppo_ocamlbuild         1.6.0
| - install cpuid                   0.1.1
| - install cryptokit               1.13
| - install cstruct                 3.2.1
| - install cstruct-lwt             3.2.1
| - install easy-format             1.3.1
| - install fieldslib               v0.10.0
| - install fmt                     0.8.5
| - install ipaddr                  2.8.0
| - install jane-street-headers     v0.10.0
| - install jsonm                   1.0.1
| - install logs                    0.6.2
| - install lwt                     3.3.0
| - install magic-mime              1.1.0
| - install mirage-no-solo5         1
| - install mirage-no-xen           1
| - install msgpck                  1.4
| - install nocrypto                0.5.4-1
| - install num                     1.1
| - install ocaml-compiler-libs     v0.10.0
| - install ocaml-inifiles          1.2
| - install ocaml-migrate-parsetree 1.0.11
| - install ocamlbuild              0.12.0
| - install ocb-stubblr             0.1.1
| - install ocplib-endian           1.0
| - install octavius                1.2.0
| - install ounit                   2.0.8
| - install pcre                    7.3.4
| - install ppx_assert              v0.10.0
| - install ppx_ast                 v0.10.0
| - install ppx_base                v0.10.0
| - install ppx_bench               v0.10.0
| - install ppx_bin_prot            v0.10.0
| - install ppx_compare             v0.10.0
| - install ppx_core                v0.10.0
| - install ppx_custom_printf       v0.10.0
| - install ppx_derivers            1.0
| - install ppx_deriving            4.2.1
| - install ppx_driver              v0.10.4
| - install ppx_enumerate           v0.10.0
| - install ppx_expect              v0.10.1
| - install ppx_fail                v0.10.0
| - install ppx_fields_conv         v0.10.0
| - install ppx_hash                v0.10.0
| - install ppx_here                v0.10.0
| - install ppx_inline_test         v0.10.1
| - install ppx_jane                v0.10.0
| - install ppx_js_style            v0.10.0
| - install ppx_let                 v0.10.0
| - install ppx_metaquot            v0.10.0
| - install ppx_optcomp             v0.10.0
| - install ppx_optional            v0.10.0
| - install ppx_pipebang            v0.10.0
| - install ppx_protocol_conv       1.0.0
| - install ppx_sexp_conv           v0.10.0
| - install ppx_sexp_message        v0.10.0
| - install ppx_sexp_value          v0.10.0
| - install ppx_tools               5.1+4.06.0
| - install ppx_tools_versioned     5.2
| - install ppx_traverse            v0.10.0
| - install ppx_traverse_builtins   v0.10.0
| - install ppx_type_conv           v0.10.0
| - install ppx_typerep_conv        v0.10.0
| - install ppx_variants_conv       v0.10.0
| - install re                      1.7.3
| - install result                  1.3
| - install sexplib                 v0.10.0
| - install spawn                   v0.10.1
| - install ssl                     0.5.5
| - install stdio                   v0.10.0
| - install stringext               1.5.0
| - install topkg                   0.9.1
| - install typerep                 v0.10.0
| - install uchar                   0.0.2
| - install uri                     1.9.7
| - install uutf                    1.0.1
| - install variantslib             v0.10.0
| - install xml-light               2.4
| - install yojson                  1.4.1
| - install zarith                  1.7
+- 
# Run eval $(opam env) to update the current shell environment

The former state can be restored with:
    opam switch import "/home/opam/.opam/4.06/.opam-switch/backup/state-20180723200013.export"
31 1532375993 1532376231