$ opam depext -iy -j 2 tlstunnel.0.2.0
# Detecting depexts using vars: arch=ppc64, os=linux, os-distribution=debian, os-family=debian
# The following system packages are needed:
libgmp-dev
m4
perl
The following command needs to be run through "sudo":
    apt-get install -qq -yy libgmp-dev m4 perl
debconf: delaying package configuration, since apt-utils is not installed
Selecting previously unselected package libgmpxx4ldbl:ppc64el.
(Reading database ... (Reading database ... 5%(Reading database ... 10%(Reading database ... 15%(Reading database ... 20%(Reading database ... 25%(Reading database ... 30%(Reading database ... 35%(Reading database ... 40%(Reading database ... 45%(Reading database ... 50%(Reading database ... 55%(Reading database ... 60%(Reading database ... 65%(Reading database ... 70%(Reading database ... 75%(Reading database ... 80%(Reading database ... 85%(Reading database ... 90%(Reading database ... 95%(Reading database ... 100%(Reading database ... 17539 files and directories currently installed.)
Preparing to unpack .../libgmpxx4ldbl_2%3a6.1.2+dfsg-1_ppc64el.deb ...
Unpacking libgmpxx4ldbl:ppc64el (2:6.1.2+dfsg-1) ...
Selecting previously unselected package libgmp-dev:ppc64el.
Preparing to unpack .../libgmp-dev_2%3a6.1.2+dfsg-1_ppc64el.deb ...
Unpacking libgmp-dev:ppc64el (2:6.1.2+dfsg-1) ...
Processing triggers for libc-bin (2.24-11+deb9u3) ...
Setting up libgmpxx4ldbl:ppc64el (2:6.1.2+dfsg-1) ...
Setting up libgmp-dev:ppc64el (2:6.1.2+dfsg-1) ...
Processing triggers for libc-bin (2.24-11+deb9u3) ...
# OS packages installation successful
# Now letting OPAM install the packages
The following actions will be performed:
  - install ppx_traverse_builtins   v0.10.0    [required by ppx_core, ppx_metaquot]
  - install conf-gmp                1          [required by zarith]
  - install mirage-no-xen           1          [required by nocrypto]
  - install mirage-no-solo5         1          [required by nocrypto]
  - install ppx_tools               5.1+4.06.0 [required by ppx_deriving]
  - install base-bytes              base       [required by cppo]
  - install conf-perl               1          [required by zarith]
  - install num                     1.1        [required by sexplib]
  - install ocaml-compiler-libs     v0.10.0    [required by ppx_core]
  - install ppx_derivers            1.0        [required by ppx_deriving]
  - install result                  1.3        [required by lwt, cmdliner, tls]
  - install ocamlbuild              0.12.0     [required by tlstunnel]
  - install cppo                    1.6.4      [required by lwt]
  - install zarith                  1.7        [required by nocrypto]
  - install sexplib                 v0.10.0    [required by tlstunnel]
  - install ocaml-migrate-parsetree 1.0.11     [required by ppx_sexp_conv, ppx_deriving, ppx_cstruct]
  - install topkg                   0.9.1      [required by tlstunnel]
  - install lwt                     4.1.0      [required by tlstunnel]                                For the PPX, please install package lwt_ppx
                                                                                                      For Lwt_log and Lwt_daemon, please install package lwt_log
  - install cppo_ocamlbuild         1.6.0      [required by ppx_deriving]
  - install cstruct                 3.2.1      [required by nocrypto, tls]
  - install base                    v0.10.0    [required by ppx_core]
  - install ppx_tools_versioned     5.2        [required by ppx_cstruct]
  - install ppx_ast                 v0.10.0    [required by ppx_core]
  - install ptime                   0.8.3      [required by tls]
  - install cmdliner                1.0.2      [required by tlstunnel]
  - install astring                 0.8.3      [required by x509]
  - install ppx_deriving            4.2.1      [required by nocrypto, tls]
  - install cstruct-lwt             3.2.1      [required by nocrypto]
  - install stdio                   v0.10.0    [required by ppx_core]
  - install ppx_cstruct             3.2.1      [required by tls]
  - install asn1-combinators        0.2.0      [required by x509]
  - install ocb-stubblr             0.1.1      [required by nocrypto]
  - install ppx_core                v0.10.0    [required by ppx_sexp_conv]
  - install cpuid                   0.1.1      [required by nocrypto]
  - install ppx_optcomp             v0.10.0    [required by ppx_driver]
  - install ppx_driver              v0.10.4    [required by ppx_sexp_conv]
  - install ppx_metaquot            v0.10.0    [required by ppx_sexp_conv]
  - install ppx_type_conv           v0.10.0    [required by ppx_sexp_conv]
  - install ppx_sexp_conv           v0.10.0    [required by nocrypto, tls]
  - install nocrypto                0.5.4-1    [required by tlstunnel]
  - install x509                    0.6.1      [required by tlstunnel]
  - install tls                     0.9.1      [required by tlstunnel]
  - install tlstunnel               0.2.0
===== 43 to install =====

<><> Gathering sources ><><><><><><><><><><><><><><><><><><><><><><><><><><><><>
[asn1-combinators.0.2.0] found in cache
[astring.0.8.3] found in cache
[base.v0.10.0] found in cache
[cmdliner.1.0.2] found in cache
[cppo.1.6.4] found in cache
[cppo_ocamlbuild.1.6.0] found in cache
[cpuid.0.1.1] found in cache
[cstruct.3.2.1] found in cache
[cstruct-lwt.3.2.1] found in cache
[lwt.4.1.0] found in cache
[nocrypto.0.5.4-1] found in cache
[num.1.1] found in cache
[ocaml-compiler-libs.v0.10.0] found in cache
[ocaml-migrate-parsetree.1.0.11] found in cache
[ocamlbuild.0.12.0] found in cache
[ocb-stubblr.0.1.1] found in cache
[ppx_ast.v0.10.0] found in cache
[ppx_core.v0.10.0] found in cache
[ppx_cstruct.3.2.1] found in cache
[ppx_derivers.1.0] found in cache
[ppx_deriving.4.2.1] found in cache
[ppx_driver.v0.10.4] found in cache
[ppx_metaquot.v0.10.0] found in cache
[ppx_optcomp.v0.10.0] found in cache
[ppx_sexp_conv.v0.10.0] found in cache
[ppx_tools.5.1+4.06.0] found in cache
[ppx_tools_versioned.5.2] found in cache
[ppx_traverse_builtins.v0.10.0] found in cache
[ppx_type_conv.v0.10.0] found in cache
[ptime.0.8.3] found in cache
[result.1.3] found in cache
[sexplib.v0.10.0] found in cache
[stdio.v0.10.0] found in cache
[tls.0.9.1] found in cache
[tlstunnel.0.2.0] found in cache
[topkg.0.9.1] found in cache
[x509.0.6.1] found in cache
[zarith.1.7] found in cache

<><> Processing actions <><><><><><><><><><><><><><><><><><><><><><><><><><><><>
-> installed base-bytes.base
-> installed conf-gmp.1
-> installed conf-perl.1
-> installed cppo.1.6.4
-> installed mirage-no-solo5.1
-> installed mirage-no-xen.1
-> installed num.1.1
-> installed ocaml-compiler-libs.v0.10.0
-> installed ocamlbuild.0.12.0
-> installed ppx_derivers.1.0
-> installed ppx_tools.5.1+4.06.0
-> installed ppx_traverse_builtins.v0.10.0
-> installed result.1.3
-> installed cppo_ocamlbuild.1.6.0
-> installed lwt.4.1.0
-> installed ocaml-migrate-parsetree.1.0.11
-> installed ppx_ast.v0.10.0
-> installed ppx_deriving.4.2.1
-> installed sexplib.v0.10.0
-> installed cstruct.3.2.1
-> installed cstruct-lwt.3.2.1
-> installed ppx_tools_versioned.5.2
-> installed ppx_cstruct.3.2.1
-> installed topkg.0.9.1
-> installed astring.0.8.3
-> installed base.v0.10.0
-> installed cmdliner.1.0.2
-> installed ocb-stubblr.0.1.1
-> installed ptime.0.8.3
-> installed stdio.v0.10.0
-> installed cpuid.0.1.1
-> installed zarith.1.7
-> installed asn1-combinators.0.2.0
-> installed ppx_core.v0.10.0
-> installed ppx_optcomp.v0.10.0
-> installed ppx_driver.v0.10.4
-> installed ppx_metaquot.v0.10.0
-> installed ppx_type_conv.v0.10.0
-> installed ppx_sexp_conv.v0.10.0
-> installed nocrypto.0.5.4-1
-> installed x509.0.6.1
-> installed tls.0.9.1
[ERROR] The compilation of tlstunnel failed at "/home/opam/.opam/4.06/bin/ocaml pkg/pkg.ml build --pinned false".

#=== ERROR while compiling tlstunnel.0.2.0 ====================================#
# context              2.0.0~rc3 | linux/ppc64 | ocaml-base-compiler.4.06.1 | git+file:///home/opam/opam-repository
# path                 ~/.opam/4.06/.opam-switch/build/tlstunnel.0.2.0
# command              ~/.opam/4.06/bin/ocaml pkg/pkg.ml build --pinned false
# exit-code            1
# env-file             ~/.opam/log/tlstunnel-11-018f61.env
# output-file          ~/.opam/log/tlstunnel-11-018f61.out
### output ###
# ocamlfind ocamldep -package 'tls x509 nocrypto lwt cmdliner sexplib lwt.unix tls.lwt' -modules tlstunnel.ml > tlstunnel.ml.depends
# ocamlfind ocamlc -c -g -bin-annot -safe-string -principal -package 'tls x509 nocrypto lwt cmdliner sexplib lwt.unix tls.lwt' -w +A-4-44 -color always -o tlstunnel.cmo tlstunnel.ml
# + ocamlfind ocamlc -c -g -bin-annot -safe-string -principal -package 'tls x509 nocrypto lwt cmdliner sexplib lwt.unix tls.lwt' -w +A-4-44 -color always -o tlstunnel.cmo tlstunnel.ml
# ocamlfind: [WARNING] Package `threads': Linking problems may arise because of the missing -thread or -vmthread switch
# ocamlfind ocamlopt -c -g -bin-annot -safe-string -principal -package 'tls x509 nocrypto lwt cmdliner sexplib lwt.unix tls.lwt' -w +A-4-44 -color always -o tlstunnel.cmx tlstunnel.ml
# + ocamlfind ocamlopt -c -g -bin-annot -safe-string -principal -package 'tls x509 nocrypto lwt cmdliner sexplib lwt.unix tls.lwt' -w +A-4-44 -color always -o tlstunnel.cmx tlstunnel.ml
# ocamlfind: [WARNING] Package `threads': Linking problems may arise because of the missing -thread or -vmthread switch
# ocamlfind ocamlopt -linkpkg -g -package 'tls x509 nocrypto lwt cmdliner sexplib lwt.unix tls.lwt' tlstunnel.cmx -o tlstunnel.native
# + ocamlfind ocamlopt -linkpkg -g -package 'tls x509 nocrypto lwt cmdliner sexplib lwt.unix tls.lwt' tlstunnel.cmx -o tlstunnel.native
# ocamlfind: [WARNING] Package `threads': Linking problems may arise because of the missing -thread or -vmthread switch
# /usr/bin/ld: /home/opam/.opam/4.06/lib/lwt/unix/liblwt_unix_stubs.a(unix_lseek_job.o): In function `result_lseek':
# /home/opam/.opam/4.06/.opam-switch/build/lwt.4.1.0/_build/default/src/unix/unix_lseek_job.c:96:(.text+0xb8): call to `result_lseek.part.0' lacks nop, can't restore toc; (-mcmodel=small toc adjust stub)
# /usr/bin/ld: /home/opam/.opam/4.06/lib/lwt/unix/liblwt_unix_stubs.a(unix_lseek_job.o): In function `result_lseek_64':
# /home/opam/.opam/4.06/.opam-switch/build/lwt.4.1.0/_build/default/src/unix/unix_lseek_job.c:117:(.text+0x134): call to `result_lseek_64.part.1' lacks nop, can't restore toc; (-mcmodel=small toc adjust stub)
# /usr/bin/ld: final link failed: Bad value
# collect2: error: ld returned 1 exit status
# File "caml_startup", line 1:
# Error: Error during linking
# Command exited with code 2.
# pkg.ml: [ERROR] cmd ['ocamlbuild' '-use-ocamlfind' '-classic-display' '-j' '4' '-tag' 'debug'
#      '-build-dir' '_build' 'opam' 'pkg/META' 'CHANGES.md' 'LICENSE.md'
#      'README.md' 'tlstunnel.native']: exited with 10



<><> Error report <><><><><><><><><><><><><><><><><><><><><><><><><><><><><><><>
+- The following actions failed
| - build tlstunnel 0.2.0
+- 
+- The following changes have been performed
| - install asn1-combinators        0.2.0
| - install astring                 0.8.3
| - install base                    v0.10.0
| - install base-bytes              base
| - install cmdliner                1.0.2
| - install conf-gmp                1
| - install conf-perl               1
| - install cppo                    1.6.4
| - install cppo_ocamlbuild         1.6.0
| - install cpuid                   0.1.1
| - install cstruct                 3.2.1
| - install cstruct-lwt             3.2.1
| - install lwt                     4.1.0
| - install mirage-no-solo5         1
| - install mirage-no-xen           1
| - install nocrypto                0.5.4-1
| - install num                     1.1
| - install ocaml-compiler-libs     v0.10.0
| - install ocaml-migrate-parsetree 1.0.11
| - install ocamlbuild              0.12.0
| - install ocb-stubblr             0.1.1
| - install ppx_ast                 v0.10.0
| - install ppx_core                v0.10.0
| - install ppx_cstruct             3.2.1
| - install ppx_derivers            1.0
| - install ppx_deriving            4.2.1
| - install ppx_driver              v0.10.4
| - install ppx_metaquot            v0.10.0
| - install ppx_optcomp             v0.10.0
| - install ppx_sexp_conv           v0.10.0
| - install ppx_tools               5.1+4.06.0
| - install ppx_tools_versioned     5.2
| - install ppx_traverse_builtins   v0.10.0
| - install ppx_type_conv           v0.10.0
| - install ptime                   0.8.3
| - install result                  1.3
| - install sexplib                 v0.10.0
| - install stdio                   v0.10.0
| - install tls                     0.9.1
| - install topkg                   0.9.1
| - install x509                    0.6.1
| - install zarith                  1.7
+- 
# Run eval $(opam env) to update the current shell environment

The former state can be restored with:
    opam switch import "/home/opam/.opam/4.06/.opam-switch/backup/state-20180723161029.export"
31 1532362216 1532362413