$ opam depext -iy -j 2 decompress.0.8
# Detecting depexts using vars: arch=arm64, os=linux, os-distribution=debian, os-family=debian
# The following system packages are needed:
m4
# All required OS packages found.
# Now letting OPAM install the packages
The following actions will be performed:
  - install result     1.3    [required by cmdliner]
  - install base-bytes base   [required by decompress]
  - install ocamlbuild 0.12.0 [required by cmdliner]
  - install optint     0.0.1  [required by decompress]
  - install topkg      0.9.1  [required by cmdliner]
  - install checkseum  0.0.1  [required by decompress]
  - install cmdliner   1.0.2  [required by decompress]
  - install decompress 0.8
===== 8 to install =====

<><> Gathering sources ><><><><><><><><><><><><><><><><><><><><><><><><><><><><>
[checkseum.0.0.1] found in cache
[cmdliner.1.0.2] found in cache
[decompress.0.8] found in cache
[ocamlbuild.0.12.0] found in cache
[optint.0.0.1] found in cache
[result.1.3] found in cache
[topkg.0.9.1] found in cache

<><> Processing actions <><><><><><><><><><><><><><><><><><><><><><><><><><><><>
-> installed base-bytes.base
-> installed optint.0.0.1
[ERROR] The compilation of checkseum failed at "/home/opam/.opam/4.06/bin/jbuilder build -p checkseum -j 95".
-> installed result.1.3
-> installed ocamlbuild.0.12.0
-> installed topkg.0.9.1
-> installed cmdliner.1.0.2

#=== ERROR while compiling checkseum.0.0.1 ====================================#
# context              2.0.0 | linux/arm64 | ocaml-base-compiler.4.06.1 | git+file:///home/opam/opam-repository
# path                 ~/.opam/4.06/.opam-switch/build/checkseum.0.0.1
# command              ~/.opam/4.06/bin/jbuilder build -p checkseum -j 95
# exit-code            1
# env-file             ~/.opam/log/checkseum-11-1114b2.env
# output-file          ~/.opam/log/checkseum-11-1114b2.out
### output ###
#       ocamlc src-c/native/crc32c.o (exit 2)
# (cd _build/default/src-c/native && /home/opam/.opam/4.06/bin/ocamlc.opt -g -ccopt -I. -o crc32c.o crc32c.c)
# crc32c.c: In function 'crc32c':
# crc32c.c:316:9: error: unknown register name '%edx' in 'asm'
#          __asm__("cpuid" \
#          ^
# crc32c.c:329:5: note: in expansion of macro 'SSE42'
#      SSE42(sse42);
#      ^~~~~
# crc32c.c:316:9: error: unknown register name '%ebx' in 'asm'
#          __asm__("cpuid" \
#          ^
# crc32c.c:329:5: note: in expansion of macro 'SSE42'
#      SSE42(sse42);
#      ^~~~~



<><> Error report <><><><><><><><><><><><><><><><><><><><><><><><><><><><><><><>
+- The following actions failed
| - build checkseum 0.0.1
+- 
+- The following changes have been performed (the rest was aborted)
| - install base-bytes base
| - install cmdliner   1.0.2
| - install ocamlbuild 0.12.0
| - install optint     0.0.1
| - install result     1.3
| - install topkg      0.9.1
+- 
# Run eval $(opam env) to update the current shell environment

The former state can be restored with:
    opam switch import "/home/opam/.opam/4.06/.opam-switch/backup/state-20180804005739.export"
31 1533344244 1533344357