$ opam depext -iy -j 2 rfc1951.0.1
# Detecting depexts using vars: arch=arm64, os=linux, os-distribution=debian, os-family=debian
# The following system packages are needed:
m4
# All required OS packages found.
# Now letting OPAM install the packages
The following actions will be performed:
  - install base-bytes base  [required by rfc1951]
  - install optint     0.0.1 [required by rfc1951]
  - install checkseum  0.0.1 [required by rfc1951]
  - install rfc1951    0.1
===== 4 to install =====

<><> Gathering sources ><><><><><><><><><><><><><><><><><><><><><><><><><><><><>
[checkseum.0.0.1] downloaded from https://github.com/dinosaure/checkseum/releases/download/v0.0.1/checkseum-0.0.1.tbz
[optint.0.0.1] downloaded from https://github.com/dinosaure/optint/releases/download/v0.0.1/optint-0.0.1.tbz
[rfc1951.0.1] downloaded from https://github.com/mirage/decompress/releases/download/v0.8/decompress-0.8.tbz

<><> Processing actions <><><><><><><><><><><><><><><><><><><><><><><><><><><><>
-> installed base-bytes.base
-> installed optint.0.0.1
[ERROR] The compilation of checkseum failed at "/home/opam/.opam/4.06/bin/jbuilder build -p checkseum -j 95".

#=== ERROR while compiling checkseum.0.0.1 ====================================#
# context              2.0.0 | linux/arm64 | ocaml-base-compiler.4.06.1 | git+file:///home/opam/opam-repository
# path                 ~/.opam/4.06/.opam-switch/build/checkseum.0.0.1
# command              ~/.opam/4.06/bin/jbuilder build -p checkseum -j 95
# exit-code            1
# env-file             ~/.opam/log/checkseum-11-f32074.env
# output-file          ~/.opam/log/checkseum-11-f32074.out
### output ###
#       ocamlc src-c/native/crc32c.o (exit 2)
# (cd _build/default/src-c/native && /home/opam/.opam/4.06/bin/ocamlc.opt -g -ccopt -I. -o crc32c.o crc32c.c)
# crc32c.c: In function 'crc32c':
# crc32c.c:316:9: error: unknown register name '%edx' in 'asm'
#          __asm__("cpuid" \
#          ^
# crc32c.c:329:5: note: in expansion of macro 'SSE42'
#      SSE42(sse42);
#      ^~~~~
# crc32c.c:316:9: error: unknown register name '%ebx' in 'asm'
#          __asm__("cpuid" \
#          ^
# crc32c.c:329:5: note: in expansion of macro 'SSE42'
#      SSE42(sse42);
#      ^~~~~



<><> Error report <><><><><><><><><><><><><><><><><><><><><><><><><><><><><><><>
+- The following actions failed
| - build checkseum 0.0.1
+- 
+- The following changes have been performed (the rest was aborted)
| - install base-bytes base
| - install optint     0.0.1
+- 
# Run eval $(opam env) to update the current shell environment

The former state can be restored with:
    opam switch import "/home/opam/.opam/4.06/.opam-switch/backup/state-20180804004532.export"
31 1533343519 1533343552