$ opam depext -iy -j 2 npy.0.0.1
# Detecting depexts using vars: arch=x86_64, os=linux, os-distribution=ubuntu, os-family=debian
# The following system packages are needed:
m4
# All required OS packages found.
# Now letting OPAM install the packages
The following actions will be performed:
  - install ocamlbuild 0.12.0 [required by npy]
  - install npy        0.0.1
===== 2 to install =====

<><> Gathering sources ><><><><><><><><><><><><><><><><><><><><><><><><><><><><>
[npy.0.0.1] found in cache
[ocamlbuild.0.12.0] found in cache

<><> Processing actions <><><><><><><><><><><><><><><><><><><><><><><><><><><><>
-> installed ocamlbuild.0.12.0
[ERROR] The compilation of npy failed at "/usr/bin/make npy.lib".

#=== ERROR while compiling npy.0.0.1 ==========================================#
# context              2.0.0~rc3 | linux/x86_64 | ocaml-base-compiler.4.06.1 | git+file:///home/opam/opam-repository
# path                 ~/.opam/4.06/.opam-switch/build/npy.0.0.1
# command              /usr/bin/make npy.lib
# exit-code            2
# env-file             ~/.opam/log/npy-13-e80101.env
# output-file          ~/.opam/log/npy-13-e80101.out
### output ###
# ocamlbuild npy.cmxa npy.cma npy.cmxs npy.cmx
# /home/opam/.opam/4.06/bin/ocamlopt.opt unix.cmxa -I /home/opam/.opam/4.06/lib/ocamlbuild /home/opam/.opam/4.06/lib/ocamlbuild/ocamlbuildlib.cmxa myocamlbuild.ml /home/opam/.opam/4.06/lib/ocamlbuild/ocamlbuild.cmx -o myocamlbuild
# ocamlfind ocamldep -modules src/npy.ml > src/npy.ml.depends
# ocamlfind ocamldep -modules src/npy.mli > src/npy.mli.depends
# ocamlfind ocamlc -c -for-pack Npy -warn-error A-4-29-40-41-42-44-45-48-56-58 -w A-4-29-40-41-42-44-45-48-56-58 -I src -o src/npy.cmi src/npy.mli
# ocamlfind ocamlopt -c -for-pack Npy -warn-error A-4-29-40-41-42-44-45-48-56-58 -w A-4-29-40-41-42-44-45-48-56-58 -I src -o src/npy.cmx src/npy.ml
# + ocamlfind ocamlopt -c -for-pack Npy -warn-error A-4-29-40-41-42-44-45-48-56-58 -w A-4-29-40-41-42-44-45-48-56-58 -I src -o src/npy.cmx src/npy.ml
# File "src/npy.ml", line 80, characters 29-40:
# Error: This expression has type string but an expression was expected of type
#          bytes
# Command exited with code 2.
# Makefile:2: recipe for target 'npy.lib' failed
# make: *** [npy.lib] Error 10



<><> Error report <><><><><><><><><><><><><><><><><><><><><><><><><><><><><><><>
+- The following actions failed
| - build npy 0.0.1
+- 
+- The following changes have been performed
| - install ocamlbuild 0.12.0
+- 
# Run eval $(opam env) to update the current shell environment

The former state can be restored with:
    opam switch import "/home/opam/.opam/4.06/.opam-switch/backup/state-20180803101826.export"
31 1533291503 1533291514