$ opam depext -iy -j 2 codept.0.10.0
# Detecting depexts using vars: arch=x86_64, os=linux, os-distribution=debian, os-family=debian
# No extra OS packages requirements found.
# All required OS packages found.
# Now letting OPAM install the packages
The following actions will be performed:
  - install codept 0.10.0

<><> Gathering sources ><><><><><><><><><><><><><><><><><><><><><><><><><><><><>
[codept.0.10.0] found in cache

<><> Processing actions <><><><><><><><><><><><><><><><><><><><><><><><><><><><>
[ERROR] The compilation of codept failed at "/usr/bin/make all".

#=== ERROR while compiling codept.0.10.0 ======================================#
# context              2.0.0 | linux/x86_64 | ocaml-variants.4.06.1+default-unsafe-string | git+file:///home/opam/opam-repository
# path                 ~/.opam/4.06+default-unsafe-string/.opam-switch/build/codept.0.10.0
# command              /usr/bin/make all
# exit-code            2
# env-file             ~/.opam/log/codept-11-1872ec.env
# output-file          ~/.opam/log/codept-11-1872ec.out
### output ###
# make -C build -j /home/opam/.opam/4.06+default-unsafe-string/.opam-switch/build/codept.0.10.0/codept
# make[1]: Entering directory '/home/opam/.opam/4.06+default-unsafe-string/.opam-switch/build/codept.0.10.0/build'
# mkdir -p full tests docs precomputed
# ocamllex /home/opam/.opam/4.06+default-unsafe-string/.opam-switch/build/codept.0.10.0/lib/slex.mll -o lib/slex.ml
# 18 states, 262 transitions, table size 1156 bytes
# File "/home/opam/.opam/4.06+default-unsafe-string/.opam-switch/build/codept.0.10.0/lib/ast_converter.ml", line 663, characters 4-22:
# Error: The constructor Pwith_typesubst expects 2 argument(s),
#        but is applied here to 1 argument(s)
# Makefile:39: recipe for target 'lib/ast_converter.cmx' failed
# make[1]: *** [lib/ast_converter.cmx] Error 2
# make[1]: *** Waiting for unfinished jobs....
# make[1]: Leaving directory '/home/opam/.opam/4.06+default-unsafe-string/.opam-switch/build/codept.0.10.0/build'
# Makefile:17: recipe for target 'alt-codept' failed
# make: *** [alt-codept] Error 2



<><> Error report <><><><><><><><><><><><><><><><><><><><><><><><><><><><><><><>
+- The following actions failed
| - build codept 0.10.0
+- 
- No changes have been performed
# Run eval $(opam env) to update the current shell environment
31 1534382809 1534382815