$ opam depext -iy -j 2 aws-s3.1.1.0
# Detecting depexts using vars: arch=ppc64, os=linux, os-distribution=debian, os-family=debian
# The following system packages are needed:
debianutils
libgmp-dev
libpcre3-dev
m4
perl
pkg-config
zlib1g-dev
The following command needs to be run through "sudo":
    apt-get install -qq -yy debianutils libgmp-dev libpcre3-dev m4 perl pkg-config zlib1g-dev
debconf: delaying package configuration, since apt-utils is not installed
Selecting previously unselected package libpcrecpp0v5:ppc64el.
(Reading database ... (Reading database ... 5%(Reading database ... 10%(Reading database ... 15%(Reading database ... 20%(Reading database ... 25%(Reading database ... 30%(Reading database ... 35%(Reading database ... 40%(Reading database ... 45%(Reading database ... 50%(Reading database ... 55%(Reading database ... 60%(Reading database ... 65%(Reading database ... 70%(Reading database ... 75%(Reading database ... 80%(Reading database ... 85%(Reading database ... 90%(Reading database ... 95%(Reading database ... 100%(Reading database ... 17555 files and directories currently installed.)
Preparing to unpack .../00-libpcrecpp0v5_2%3a8.39-3_ppc64el.deb ...
Unpacking libpcrecpp0v5:ppc64el (2:8.39-3) ...
Selecting previously unselected package sgml-base.
Preparing to unpack .../01-sgml-base_1.29_all.deb ...
Unpacking sgml-base (1.29) ...
Selecting previously unselected package libicu57:ppc64el.
Preparing to unpack .../02-libicu57_57.1-6+deb9u2_ppc64el.deb ...
Unpacking libicu57:ppc64el (57.1-6+deb9u2) ...
Selecting previously unselected package libxml2:ppc64el.
Preparing to unpack .../03-libxml2_2.9.4+dfsg1-2.2+deb9u2_ppc64el.deb ...
Unpacking libxml2:ppc64el (2.9.4+dfsg1-2.2+deb9u2) ...
Selecting previously unselected package libglib2.0-0:ppc64el.
Preparing to unpack .../04-libglib2.0-0_2.50.3-2_ppc64el.deb ...
Unpacking libglib2.0-0:ppc64el (2.50.3-2) ...
Selecting previously unselected package libglib2.0-data.
Preparing to unpack .../05-libglib2.0-data_2.50.3-2_all.deb ...
Unpacking libglib2.0-data (2.50.3-2) ...
Selecting previously unselected package libgmpxx4ldbl:ppc64el.
Preparing to unpack .../06-libgmpxx4ldbl_2%3a6.1.2+dfsg-1_ppc64el.deb ...
Unpacking libgmpxx4ldbl:ppc64el (2:6.1.2+dfsg-1) ...
Selecting previously unselected package libgmp-dev:ppc64el.
Preparing to unpack .../07-libgmp-dev_2%3a6.1.2+dfsg-1_ppc64el.deb ...
Unpacking libgmp-dev:ppc64el (2:6.1.2+dfsg-1) ...
Selecting previously unselected package libpcre16-3:ppc64el.
Preparing to unpack .../08-libpcre16-3_2%3a8.39-3_ppc64el.deb ...
Unpacking libpcre16-3:ppc64el (2:8.39-3) ...
Selecting previously unselected package libpcre32-3:ppc64el.
Preparing to unpack .../09-libpcre32-3_2%3a8.39-3_ppc64el.deb ...
Unpacking libpcre32-3:ppc64el (2:8.39-3) ...
Selecting previously unselected package libpcre3-dev:ppc64el.
Preparing to unpack .../10-libpcre3-dev_2%3a8.39-3_ppc64el.deb ...
Unpacking libpcre3-dev:ppc64el (2:8.39-3) ...
Selecting previously unselected package pkg-config.
Preparing to unpack .../11-pkg-config_0.29-4+b1_ppc64el.deb ...
Unpacking pkg-config (0.29-4+b1) ...
Selecting previously unselected package shared-mime-info.
Preparing to unpack .../12-shared-mime-info_1.8-1_ppc64el.deb ...
Unpacking shared-mime-info (1.8-1) ...
Selecting previously unselected package xdg-user-dirs.
Preparing to unpack .../13-xdg-user-dirs_0.15-2+b1_ppc64el.deb ...
Unpacking xdg-user-dirs (0.15-2+b1) ...
Selecting previously unselected package xml-core.
Preparing to unpack .../14-xml-core_0.17_all.deb ...
Unpacking xml-core (0.17) ...
Selecting previously unselected package zlib1g-dev:ppc64el.
Preparing to unpack .../15-zlib1g-dev_1%3a1.2.8.dfsg-5_ppc64el.deb ...
Unpacking zlib1g-dev:ppc64el (1:1.2.8.dfsg-5) ...
Setting up libglib2.0-0:ppc64el (2.50.3-2) ...
No schema files found: doing nothing.
Setting up sgml-base (1.29) ...
Setting up libicu57:ppc64el (57.1-6+deb9u2) ...
Setting up libxml2:ppc64el (2.9.4+dfsg1-2.2+deb9u2) ...
Setting up pkg-config (0.29-4+b1) ...
Setting up libglib2.0-data (2.50.3-2) ...
Processing triggers for libc-bin (2.24-11+deb9u3) ...
Setting up shared-mime-info (1.8-1) ...
Setting up libpcrecpp0v5:ppc64el (2:8.39-3) ...
Setting up libpcre32-3:ppc64el (2:8.39-3) ...
Setting up libpcre16-3:ppc64el (2:8.39-3) ...
Setting up xml-core (0.17) ...
Setting up libgmpxx4ldbl:ppc64el (2:6.1.2+dfsg-1) ...
Setting up xdg-user-dirs (0.15-2+b1) ...
Setting up zlib1g-dev:ppc64el (1:1.2.8.dfsg-5) ...
Setting up libgmp-dev:ppc64el (2:6.1.2+dfsg-1) ...
Setting up libpcre3-dev:ppc64el (2:8.39-3) ...
Processing triggers for libc-bin (2.24-11+deb9u3) ...
Processing triggers for sgml-base (1.29) ...
# OS packages installation successful
# Now letting OPAM install the packages
The following actions will be performed:
  - install   conf-gmp                1                        [required by conf-gmp-powm-sec, zarith]
  - install   mirage-no-xen           1                        [required by nocrypto]
  - remove    dune                    1.0.0                    [conflicts with jbuilder]
  - install   ppx_tools               5.1+4.06.0               [required by ppx_deriving]
  - install   num                     1.1                      [required by sexplib]
  - install   ocamlbuild              0.12.0                   [required by nocrypto, cryptokit, ounit]
  - install   xml-light               2.4                      [required by aws-s3]
  - install   mirage-no-solo5         1                        [required by nocrypto]
  - install   base-bytes              base                     [required by ounit]
  - install   conf-perl               1                        [required by zarith]
  - install   conf-pkg-config         1.1                      [required by conf-zlib]
  - install   conf-which              1                        [required by biniou]
  - install   conf-gmp-powm-sec       1                        [required by cryptokit]
  - downgrade jbuilder                transition to 1.0+beta17 [required by aws-s3]
  - install   uchar                   0.0.2                    [required by jsonm]
  - install   ounit                   2.0.8                    [required by aws-s3]
  - install   zarith                  1.7                      [required by cryptokit, nocrypto]
  - install   conf-zlib               1                        [required by cryptokit]
  - install   conf-libpcre            1                        [required by pcre]
  - install   stringext               1.5.0                    [required by cohttp]
  - install   spawn                   v0.9.0                   [required by core]
  - install   sexplib                 v0.9.3                   [required by nocrypto]
  - install   result                  1.3                      [required by cpuid, ppx_deriving]
  - install   re                      1.7.3                    [required by cohttp]
  - install   ppx_traverse_builtins   v0.9.0                   [required by ppx_core, ppx_metaquot]
  - install   ppx_derivers            1.0                      [required by ppx_deriving]
  - install   octavius                1.2.0                    [required by ppx_js_style]
  - install   ocaml-compiler-libs     v0.9.0                   [required by ppx_core]
  - install   magic-mime              1.1.0                    [required by cohttp-async]
  - install   jane-street-headers     v0.9.0                   [required by core_kernel]
  - install   easy-format             1.3.1                    [required by yojson]
  - install   cppo                    1.6.4                    [required by ppx_deriving, yojson]
  - install   base64                  2.2.0                    [required by cohttp]
  - install   cryptokit               1.13                     [required by aws-s3]
  - install   cstruct                 3.2.1                    [required by nocrypto]
  - install   base                    v0.9.4                   [required by ppx_deriving_protocol]
  - install   topkg                   0.9.1                    [required by nocrypto]
  - install   ocaml-migrate-parsetree 1.0.7                    [required by async, async_extended]
  - install   biniou                  1.2.0                    [required by yojson]
  - install   lwt                     4.1.0                    [required by nocrypto]                                      For the PPX, please install package lwt_ppx
                                                                                                                           For Lwt_log and Lwt_daemon, please install package lwt_log
  - install   cppo_ocamlbuild         1.6.0                    [required by ppx_deriving]
  - install   typerep                 v0.9.0                   [required by core_kernel]
  - install   stdio                   v0.9.1                   [required by pcre]
  - install   uutf                    1.0.1                    [required by jsonm]
  - install   fmt                     0.8.5                    [required by cohttp-async]
  - install   astring                 0.8.3                    [required by conduit, ocb-stubblr]
  - install   ppx_ast                 v0.9.2                   [required by ppx_core]
  - install   yojson                  1.4.1                    [required by aws-s3]
  - install   inotify                 2.3                      [required by async_inotify]
  - install   cstruct-lwt             3.2.1                    [required by nocrypto]
  - install   ppx_deriving            4.2.1                    [required by nocrypto]
  - install   jsonm                   1.0.1                    [required by cohttp]
  - install   logs                    0.6.2                    [required by cohttp-async]
  - install   ocb-stubblr             0.1.1                    [required by nocrypto]
  - install   ppx_core                v0.9.3                   [required by ppx_deriving_protocol]
  - install   cpuid                   0.1.1                    [required by nocrypto]
  - install   ppx_optcomp             v0.9.0                   [required by ppx_driver]
  - install   ppx_driver              v0.9.2                   [required by async_extended, async, ppx_deriving_protocol]
  - install   variantslib             v0.9.0                   [required by core_kernel]
  - install   ppx_metaquot            v0.9.0                   [required by ppx_deriving_protocol]
  - install   ppx_let                 v0.9.0                   [required by ppx_jane]
  - install   ppx_here                v0.9.1                   [required by ppx_assert, ppx_jane]
  - install   fieldslib               v0.9.0                   [required by cohttp]
  - install   ppx_type_conv           v0.9.1                   [required by ppx_deriving_protocol]
  - install   ppx_pipebang            v0.9.0                   [required by ppx_jane]
  - install   ppx_optional            v0.9.0                   [required by ppx_jane]
  - install   ppx_js_style            v0.9.0                   [required by ppx_base]
  - install   ppx_inline_test         v0.9.2                   [required by core_kernel]
  - install   ppx_fail                v0.9.0                   [required by ppx_jane]
  - install   ppx_variants_conv       v0.9.0                   [required by bin_prot, ppx_jane]
  - install   ppx_typerep_conv        v0.9.0                   [required by ppx_jane]
  - install   ppx_traverse            v0.9.0                   [required by ppx_custom_printf, ppx_expect]
  - install   ppx_sexp_conv           v0.9.0                   [required by nocrypto]
  - install   ppx_fields_conv         v0.9.0                   [required by cohttp]
  - install   ppx_enumerate           v0.9.0                   [required by ppx_base]
  - install   ppx_deriving_protocol   0.8                      [required by aws-s3]
  - install   ppx_compare             v0.9.0                   [required by bin_prot, ppx_assert]
  - install   ppx_bench               v0.9.1                   [required by ppx_jane]
  - install   uri                     1.9.7                    [required by cohttp]
  - install   ppx_sexp_value          v0.9.0                   [required by ppx_jane]
  - install   ppx_sexp_message        v0.9.0                   [required by core_kernel]
  - install   ppx_custom_printf       v0.9.0                   [required by bin_prot, ppx_jane]
  - install   nocrypto                0.5.4-1                  [required by aws-s3]
  - install   ipaddr                  2.8.0                    [required by conduit]
  - install   ppx_hash                v0.9.0                   [required by core_kernel]
  - install   ppx_assert              v0.9.0                   [required by core_kernel, core]
  - install   cohttp                  1.1.0                    [required by cohttp-async]
  - install   bin_prot                v0.9.2                   [required by core_extended]
  - install   conduit                 1.1.0                    [required by conduit-async]
  - install   ppx_base                v0.9.0                   [required by core_kernel]
  - install   ppx_expect              v0.9.0                   [required by ppx_jane]
  - install   ppx_bin_prot            v0.9.0                   [required by ppx_jane]
  - install   configurator            v0.9.1                   [required by pcre]
  - install   ppx_jane                v0.9.0                   [required by async, async_extended]
  - install   pcre                    7.3.4                    [required by ocaml-inifiles]
  - install   core_kernel             v0.9.1                   [required by async_rpc_kernel, async_kernel, core_extended]
  - install   ocaml-inifiles          1.2                      [required by aws-s3]
  - install   re2                     v0.9.1                   [required by core_extended]
  - install   core                    v0.9.2                   [required by aws-s3]
  - install   async_kernel            v0.9.0                   [required by async]
  - install   textutils               v0.9.0                   [required by async_extended]
  - install   async_unix              v0.9.1                   [required by async]
  - install   async_rpc_kernel        v0.9.0                   [required by async_extra]
  - install   core_extended           v0.9.1                   [required by async_extended]
  - install   async_extra             v0.9.0                   [required by async]
  - install   async                   v0.9.0                   [required by aws-s3]
  - install   conduit-async           1.0.0                    [required by cohttp-async]
  - install   command_rpc             v0.9.0                   [required by async_extended]
  - install   async_shell             v0.9.1                   [required by async_extended]
  - install   async_interactive       v0.9.0                   [required by async_extended]
  - install   async_find              v0.9.0                   [required by async_extended]
  - install   cohttp-async            1.0.0                    [required by aws-s3]
  - install   async_inotify           v0.9.0                   [required by async_extended]
  - install   async_extended          v0.9.0                   [required by aws-s3]
  - install   aws-s3                  1.1.0
===== 113 to install | 1 to downgrade | 1 to remove =====

<><> Gathering sources ><><><><><><><><><><><><><><><><><><><><><><><><><><><><>
[astring.0.8.3] found in cache
[async.v0.9.0] found in cache
[async_extended.v0.9.0] found in cache
[async_extra.v0.9.0] found in cache
[async_find.v0.9.0] found in cache
[async_inotify.v0.9.0] found in cache
[async_interactive.v0.9.0] found in cache
[async_kernel.v0.9.0] found in cache
[async_rpc_kernel.v0.9.0] found in cache
[async_shell.v0.9.1] found in cache
[async_unix.v0.9.1] found in cache
[aws-s3.1.1.0] found in cache
[base.v0.9.4] found in cache
[base64.2.2.0] found in cache
[bin_prot.v0.9.2] found in cache
[biniou.1.2.0] found in cache
[cohttp.1.1.0] found in cache
[cohttp-async.1.0.0] found in cache
[command_rpc.v0.9.0] found in cache
[conduit.1.1.0] found in cache
[conduit-async.1.0.0] found in cache
[configurator.v0.9.1] found in cache
[core.v0.9.2] found in cache
[core_extended.v0.9.1] found in cache
[core_kernel.v0.9.1] found in cache
[cppo.1.6.4] found in cache
[cppo_ocamlbuild.1.6.0] found in cache
[cpuid.0.1.1] found in cache
[cryptokit.1.13] found in cache
[cstruct.3.2.1] found in cache
[cstruct-lwt.3.2.1] found in cache
[easy-format.1.3.1] found in cache
[fieldslib.v0.9.0] found in cache
[fmt.0.8.5] found in cache
[inotify.2.3] found in cache
[ipaddr.2.8.0] found in cache
[jane-street-headers.v0.9.0] found in cache
[jbuilder.1.0+beta17] found in cache
[jsonm.1.0.1] found in cache
[logs.0.6.2] found in cache
[lwt.4.1.0] found in cache
[magic-mime.1.1.0] found in cache
[nocrypto.0.5.4-1] found in cache
[num.1.1] found in cache
[ocaml-compiler-libs.v0.9.0] found in cache
[ocaml-inifiles.1.2] found in cache
[ocaml-migrate-parsetree.1.0.7] found in cache
[ocamlbuild.0.12.0] found in cache
[ocb-stubblr.0.1.1] found in cache
[octavius.1.2.0] found in cache
[ounit.2.0.8] found in cache
[pcre.7.3.4] found in cache
[ppx_assert.v0.9.0] found in cache
[ppx_ast.v0.9.2] found in cache
[ppx_base.v0.9.0] found in cache
[ppx_bench.v0.9.1] found in cache
[ppx_bin_prot.v0.9.0] found in cache
[ppx_compare.v0.9.0] found in cache
[ppx_core.v0.9.3] found in cache
[ppx_custom_printf.v0.9.0] found in cache
[ppx_derivers.1.0] found in cache
[ppx_deriving.4.2.1] found in cache
[ppx_deriving_protocol.0.8] found in cache
[ppx_driver.v0.9.2] found in cache
[ppx_enumerate.v0.9.0] found in cache
[ppx_expect.v0.9.0] found in cache
[ppx_fail.v0.9.0] found in cache
[ppx_fields_conv.v0.9.0] found in cache
[ppx_hash.v0.9.0] found in cache
[ppx_here.v0.9.1] found in cache
[ppx_inline_test.v0.9.2] found in cache
[ppx_jane.v0.9.0] found in cache
[ppx_js_style.v0.9.0] found in cache
[ppx_let.v0.9.0] found in cache
[ppx_metaquot.v0.9.0] found in cache
[ppx_optcomp.v0.9.0] found in cache
[ppx_optional.v0.9.0] found in cache
[ppx_pipebang.v0.9.0] found in cache
[ppx_sexp_conv.v0.9.0] found in cache
[ppx_sexp_message.v0.9.0] found in cache
[ppx_sexp_value.v0.9.0] found in cache
[ppx_tools.5.1+4.06.0] found in cache
[ppx_traverse.v0.9.0] found in cache
[ppx_traverse_builtins.v0.9.0] found in cache
[ppx_type_conv.v0.9.1] found in cache
[ppx_typerep_conv.v0.9.0] found in cache
[ppx_variants_conv.v0.9.0] found in cache
[re.1.7.3] found in cache
[re2.v0.9.1] found in cache
[result.1.3] found in cache
[sexplib.v0.9.3] found in cache
[spawn.v0.9.0] found in cache
[stdio.v0.9.1] found in cache
[stringext.1.5.0] found in cache
[textutils.v0.9.0] found in cache
[topkg.0.9.1] found in cache
[typerep.v0.9.0] found in cache
[uchar.0.0.2] found in cache
[uri.1.9.7] found in cache
[uutf.1.0.1] found in cache
[variantslib.v0.9.0] found in cache
[xml-light.2.4] found in cache
[yojson.1.4.1] found in cache
[zarith.1.7] found in cache

<><> Processing actions <><><><><><><><><><><><><><><><><><><><><><><><><><><><>
-> removed   jbuilder.transition
-> removed   dune.1.0.0
-> installed base-bytes.base
-> installed conf-gmp.1
-> installed conf-gmp-powm-sec.1
-> installed conf-perl.1
-> installed conf-pkg-config.1.1
-> installed conf-libpcre.1
-> installed conf-which.1
-> installed conf-zlib.1
-> installed jbuilder.1.0+beta17
-> installed base64.2.2.0
-> installed cppo.1.6.4
-> installed easy-format.1.3.1
-> installed jane-street-headers.v0.9.0
-> installed magic-mime.1.1.0
-> installed mirage-no-solo5.1
-> installed mirage-no-xen.1
-> installed num.1.1
-> installed biniou.1.2.0
-> installed ocaml-compiler-libs.v0.9.0
-> installed ocamlbuild.0.12.0
-> installed cppo_ocamlbuild.1.6.0
-> installed octavius.1.2.0
-> installed ppx_derivers.1.0
-> installed ppx_tools.5.1+4.06.0
-> installed ppx_traverse_builtins.v0.9.0
-> installed re.1.7.3
-> installed result.1.3
-> installed lwt.4.1.0
-> installed ocaml-migrate-parsetree.1.0.7
-> installed inotify.2.3
-> installed ounit.2.0.8
-> installed ppx_ast.v0.9.2
-> installed ppx_deriving.4.2.1
-> installed sexplib.v0.9.3
-> installed cstruct.3.2.1
-> installed cstruct-lwt.3.2.1
-> installed spawn.v0.9.0
-> installed stringext.1.5.0
-> installed topkg.0.9.1
-> installed astring.0.8.3
-> installed ocb-stubblr.0.1.1
-> installed cpuid.0.1.1
-> installed uchar.0.0.2
-> installed fmt.0.8.5
-> installed base.v0.9.4
-> installed logs.0.6.2
-> installed stdio.v0.9.1
-> installed typerep.v0.9.0
-> installed uutf.1.0.1
-> installed jsonm.1.0.1
-> installed xml-light.2.4
-> installed yojson.1.4.1
-> installed zarith.1.7
-> installed ppx_core.v0.9.3
-> installed ppx_optcomp.v0.9.0
-> installed ppx_driver.v0.9.2
-> installed cryptokit.1.13
-> installed fieldslib.v0.9.0
-> installed ppx_here.v0.9.1
-> installed ppx_let.v0.9.0
-> installed ppx_metaquot.v0.9.0
-> installed ppx_fail.v0.9.0
-> installed ppx_inline_test.v0.9.2
-> installed ppx_js_style.v0.9.0
-> installed ppx_optional.v0.9.0
-> installed ppx_pipebang.v0.9.0
-> installed ppx_type_conv.v0.9.1
-> installed ppx_bench.v0.9.1
-> installed ppx_compare.v0.9.0
-> installed ppx_deriving_protocol.0.8
-> installed ppx_enumerate.v0.9.0
-> installed ppx_fields_conv.v0.9.0
-> installed ppx_sexp_conv.v0.9.0
-> installed ipaddr.2.8.0
-> installed nocrypto.0.5.4-1
-> installed ppx_assert.v0.9.0
-> installed ppx_hash.v0.9.0
-> installed ppx_sexp_message.v0.9.0
-> installed ppx_sexp_value.v0.9.0
-> installed ppx_traverse.v0.9.0
-> installed ppx_base.v0.9.0
-> installed configurator.v0.9.1
-> installed pcre.7.3.4
-> installed ppx_custom_printf.v0.9.0
-> installed ppx_typerep_conv.v0.9.0
-> installed uri.1.9.7
-> installed conduit.1.1.0
-> installed ocaml-inifiles.1.2
-> installed variantslib.v0.9.0
-> installed cohttp.1.1.0
-> installed ppx_variants_conv.v0.9.0
-> installed bin_prot.v0.9.2
-> installed ppx_expect.v0.9.0
-> installed ppx_bin_prot.v0.9.0
-> installed ppx_jane.v0.9.0
[ERROR] The compilation of core_kernel failed at "/home/opam/.opam/4.06/bin/jbuilder build -p core_kernel -j 79".

#=== ERROR while compiling core_kernel.v0.9.1 =================================#
# context              2.0.0~rc3 | linux/ppc64 | ocaml-base-compiler.4.06.1 | git+file:///home/opam/opam-repository
# path                 ~/.opam/4.06/.opam-switch/build/core_kernel.v0.9.1
# command              ~/.opam/4.06/bin/jbuilder build -p core_kernel -j 79
# exit-code            1
# env-file             ~/.opam/log/core_kernel-11-273a4d.env
# output-file          ~/.opam/log/core_kernel-11-273a4d.out
### output ###
#     ocamldep src/config/discover.depends.ocamldep-output
#       ocamlc base_for_tests/src/base_for_tests.{cmi,cmo,cmt}
#       ocamlc src/core_kernel__.{cmi,cmo,cmt}
#     ocamlopt base_for_tests/src/base_for_tests.{cmx,o}
#       ocamlc src/config/discover.{cmi,cmo,cmt}
#     ocamlopt src/core_kernel__.{cmx,o}
#     ocamlopt src/config/discover.{cmx,o}
#     ocamlopt src/config/discover.exe
#     discover src/config.h,src/rt-flags
#       ocamlc src/bigstring_stubs.o (exit 2)
# (cd _build/default/src && /home/opam/.opam/4.06/bin/ocamlc.opt -g -I /home/opam/.opam/4.06/lib/base -I /home/opam/.opam/4.06/lib/base/caml -I /home/opam/.opam/4.06/lib/base/shadow_stdlib -I /home/opam/.opam/4.06/lib/bin_prot -I /home/opam/.opam/4.06/lib/bin_prot/shape -I /home/opam/.opam/4.06/lib/fieldslib -I /home/opam/.opam/4.06/lib/jane-street-headers -I /home/opam/.opam/4.06/lib/num -I /home/opam/.opam/4.06/lib/ocaml -I /home/opam/.opam/4.06/lib/ppx_assert/runtime-lib -I /home/opam/.opam/4.06/lib/ppx_bench/runtime-lib -I /home/opam/.opam/4.06/lib/ppx_compare/runtime-lib -I /home/opam/.opam/4.06/lib/ppx_expect/collector -I /home/opam/.opam/4.06/lib/ppx_expect/common -I /home/opam/.opam/4.06/lib/ppx_expect/config -I /home/opam/.opam/4.06/lib/ppx_hash/runtime-lib -I /home/opam/.opam/4.06/lib/ppx_inline_test/config -I /home/opam/.opam/4.06/lib/ppx_inline_test/runtime-lib -I /home/opam/.opam/4.06/lib/sexplib -I /home/opam/.opam/4.06/lib/sexplib/0 -I /home/opam/.opam/4.06/lib/stdio -I /home/opam/.opam/4.06/lib/typerep -I /home/opam/.opam/4.06/lib/variantslib -I ../base_for_tests/src -ccopt -g -ccopt -D_LARGEFILE64_SOURCE -ccopt -mpopcnt -o bigstring_stubs.o bigstring_stubs.c)
# gcc: error: unrecognized command line option '-mpopcnt'; did you mean '-mpopcntb'?
#       ocamlc src/bigstring_marshal_stubs.o (exit 2)
# (cd _build/default/src && /home/opam/.opam/4.06/bin/ocamlc.opt -g -I /home/opam/.opam/4.06/lib/base -I /home/opam/.opam/4.06/lib/base/caml -I /home/opam/.opam/4.06/lib/base/shadow_stdlib -I /home/opam/.opam/4.06/lib/bin_prot -I /home/opam/.opam/4.06/lib/bin_prot/shape -I /home/opam/.opam/4.06/lib/fieldslib -I /home/opam/.opam/4.06/lib/jane-street-headers -I /home/opam/.opam/4.06/lib/num -I /home/opam/.opam/4.06/lib/ocaml -I /home/opam/.opam/4.06/lib/ppx_assert/runtime-lib -I /home/opam/.opam/4.06/lib/ppx_bench/runtime-lib -I /home/opam/.opam/4.06/lib/ppx_compare/runtime-lib -I /home/opam/.opam/4.06/lib/ppx_expect/collector -I /home/opam/.opam/4.06/lib/ppx_expect/common -I /home/opam/.opam/4.06/lib/ppx_expect/config -I /home/opam/.opam/4.06/lib/ppx_hash/runtime-lib -I /home/opam/.opam/4.06/lib/ppx_inline_test/config -I /home/opam/.opam/4.06/lib/ppx_inline_test/runtime-lib -I /home/opam/.opam/4.06/lib/sexplib -I /home/opam/.opam/4.06/lib/sexplib/0 -I /home/opam/.opam/4.06/lib/stdio -I /home/opam/.opam/4.06/lib/typerep -I /home/opam/.opam/4.06/lib/variantslib -I ../base_for_tests/src -ccopt -g -ccopt -D_LARGEFILE64_SOURCE -ccopt -mpopcnt -o bigstring_marshal_stubs.o bigstring_marshal_stubs.c)
# gcc: error: unrecognized command line option '-mpopcnt'; did you mean '-mpopcntb'?
#       ocamlc src/core_array_stubs.o (exit 2)
# (cd _build/default/src && /home/opam/.opam/4.06/bin/ocamlc.opt -g -I /home/opam/.opam/4.06/lib/base -I /home/opam/.opam/4.06/lib/base/caml -I /home/opam/.opam/4.06/lib/base/shadow_stdlib -I /home/opam/.opam/4.06/lib/bin_prot -I /home/opam/.opam/4.06/lib/bin_prot/shape -I /home/opam/.opam/4.06/lib/fieldslib -I /home/opam/.opam/4.06/lib/jane-street-headers -I /home/opam/.opam/4.06/lib/num -I /home/opam/.opam/4.06/lib/ocaml -I /home/opam/.opam/4.06/lib/ppx_assert/runtime-lib -I /home/opam/.opam/4.06/lib/ppx_bench/runtime-lib -I /home/opam/.opam/4.06/lib/ppx_compare/runtime-lib -I /home/opam/.opam/4.06/lib/ppx_expect/collector -I /home/opam/.opam/4.06/lib/ppx_expect/common -I /home/opam/.opam/4.06/lib/ppx_expect/config -I /home/opam/.opam/4.06/lib/ppx_hash/runtime-lib -I /home/opam/.opam/4.06/lib/ppx_inline_test/config -I /home/opam/.opam/4.06/lib/ppx_inline_test/runtime-lib -I /home/opam/.opam/4.06/lib/sexplib -I /home/opam/.opam/4.06/lib/sexplib/0 -I /home/opam/.opam/4.06/lib/stdio -I /home/opam/.opam/4.06/lib/typerep -I /home/opam/.opam/4.06/lib/variantslib -I ../base_for_tests/src -ccopt -g -ccopt -D_LARGEFILE64_SOURCE -ccopt -mpopcnt -o core_array_stubs.o core_array_stubs.c)
# gcc: error: unrecognized command line option '-mpopcnt'; did you mean '-mpopcntb'?
#       ocamlc src/core_gc_stubs.o (exit 2)
# (cd _build/default/src && /home/opam/.opam/4.06/bin/ocamlc.opt -g -I /home/opam/.opam/4.06/lib/base -I /home/opam/.opam/4.06/lib/base/caml -I /home/opam/.opam/4.06/lib/base/shadow_stdlib -I /home/opam/.opam/4.06/lib/bin_prot -I /home/opam/.opam/4.06/lib/bin_prot/shape -I /home/opam/.opam/4.06/lib/fieldslib -I /home/opam/.opam/4.06/lib/jane-street-headers -I /home/opam/.opam/4.06/lib/num -I /home/opam/.opam/4.06/lib/ocaml -I /home/opam/.opam/4.06/lib/ppx_assert/runtime-lib -I /home/opam/.opam/4.06/lib/ppx_bench/runtime-lib -I /home/opam/.opam/4.06/lib/ppx_compare/runtime-lib -I /home/opam/.opam/4.06/lib/ppx_expect/collector -I /home/opam/.opam/4.06/lib/ppx_expect/common -I /home/opam/.opam/4.06/lib/ppx_expect/config -I /home/opam/.opam/4.06/lib/ppx_hash/runtime-lib -I /home/opam/.opam/4.06/lib/ppx_inline_test/config -I /home/opam/.opam/4.06/lib/ppx_inline_test/runtime-lib -I /home/opam/.opam/4.06/lib/sexplib -I /home/opam/.opam/4.06/lib/sexplib/0 -I /home/opam/.opam/4.06/lib/stdio -I /home/opam/.opam/4.06/lib/typerep -I /home/opam/.opam/4.06/lib/variantslib -I ../base_for_tests/src -ccopt -g -ccopt -D_LARGEFILE64_SOURCE -ccopt -mpopcnt -o core_gc_stubs.o core_gc_stubs.c)
# gcc: error: unrecognized command line option '-mpopcnt'; did you mean '-mpopcntb'?
#       ocamlc src/time_ns_stubs.o (exit 2)
# (cd _build/default/src && /home/opam/.opam/4.06/bin/ocamlc.opt -g -I /home/opam/.opam/4.06/lib/base -I /home/opam/.opam/4.06/lib/base/caml -I /home/opam/.opam/4.06/lib/base/shadow_stdlib -I /home/opam/.opam/4.06/lib/bin_prot -I /home/opam/.opam/4.06/lib/bin_prot/shape -I /home/opam/.opam/4.06/lib/fieldslib -I /home/opam/.opam/4.06/lib/jane-street-headers -I /home/opam/.opam/4.06/lib/num -I /home/opam/.opam/4.06/lib/ocaml -I /home/opam/.opam/4.06/lib/ppx_assert/runtime-lib -I /home/opam/.opam/4.06/lib/ppx_bench/runtime-lib -I /home/opam/.opam/4.06/lib/ppx_compare/runtime-lib -I /home/opam/.opam/4.06/lib/ppx_expect/collector -I /home/opam/.opam/4.06/lib/ppx_expect/common -I /home/opam/.opam/4.06/lib/ppx_expect/config -I /home/opam/.opam/4.06/lib/ppx_hash/runtime-lib -I /home/opam/.opam/4.06/lib/ppx_inline_test/config -I /home/opam/.opam/4.06/lib/ppx_inline_test/runtime-lib -I /home/opam/.opam/4.06/lib/sexplib -I /home/opam/.opam/4.06/lib/sexplib/0 -I /home/opam/.opam/4.06/lib/stdio -I /home/opam/.opam/4.06/lib/typerep -I /home/opam/.opam/4.06/lib/variantslib -I ../base_for_tests/src -ccopt -g -ccopt -D_LARGEFILE64_SOURCE -ccopt -mpopcnt -o time_ns_stubs.o time_ns_stubs.c)
# gcc: error: unrecognized command line option '-mpopcnt'; did you mean '-mpopcntb'?
#       ocamlc src/version_util_fallback_stubs.o (exit 2)
# (cd _build/default/src && /home/opam/.opam/4.06/bin/ocamlc.opt -g -I /home/opam/.opam/4.06/lib/base -I /home/opam/.opam/4.06/lib/base/caml -I /home/opam/.opam/4.06/lib/base/shadow_stdlib -I /home/opam/.opam/4.06/lib/bin_prot -I /home/opam/.opam/4.06/lib/bin_prot/shape -I /home/opam/.opam/4.06/lib/fieldslib -I /home/opam/.opam/4.06/lib/jane-street-headers -I /home/opam/.opam/4.06/lib/num -I /home/opam/.opam/4.06/lib/ocaml -I /home/opam/.opam/4.06/lib/ppx_assert/runtime-lib -I /home/opam/.opam/4.06/lib/ppx_bench/runtime-lib -I /home/opam/.opam/4.06/lib/ppx_compare/runtime-lib -I /home/opam/.opam/4.06/lib/ppx_expect/collector -I /home/opam/.opam/4.06/lib/ppx_expect/common -I /home/opam/.opam/4.06/lib/ppx_expect/config -I /home/opam/.opam/4.06/lib/ppx_hash/runtime-lib -I /home/opam/.opam/4.06/lib/ppx_inline_test/config -I /home/opam/.opam/4.06/lib/ppx_inline_test/runtime-lib -I /home/opam/.opam/4.06/lib/sexplib -I /home/opam/.opam/4.06/lib/sexplib/0 -I /home/opam/.opam/4.06/lib/stdio -I /home/opam/.opam/4.06/lib/typerep -I /home/opam/.opam/4.06/lib/variantslib -I ../base_for_tests/src -ccopt -g -ccopt -D_LARGEFILE64_SOURCE -ccopt -mpopcnt -o version_util_fallback_stubs.o version_util_fallback_stubs.c)
# gcc: error: unrecognized command line option '-mpopcnt'; did you mean '-mpopcntb'?



<><> Error report <><><><><><><><><><><><><><><><><><><><><><><><><><><><><><><>
+- The following actions failed
| - build core_kernel v0.9.1
+- 
+- The following changes have been performed (the rest was aborted)
| - remove    dune                    1.0.0
| - downgrade jbuilder                transition to 1.0+beta17
| - install   astring                 0.8.3
| - install   base                    v0.9.4
| - install   base-bytes              base
| - install   base64                  2.2.0
| - install   bin_prot                v0.9.2
| - install   biniou                  1.2.0
| - install   cohttp                  1.1.0
| - install   conduit                 1.1.0
| - install   conf-gmp                1
| - install   conf-gmp-powm-sec       1
| - install   conf-libpcre            1
| - install   conf-perl               1
| - install   conf-pkg-config         1.1
| - install   conf-which              1
| - install   conf-zlib               1
| - install   configurator            v0.9.1
| - install   cppo                    1.6.4
| - install   cppo_ocamlbuild         1.6.0
| - install   cpuid                   0.1.1
| - install   cryptokit               1.13
| - install   cstruct                 3.2.1
| - install   cstruct-lwt             3.2.1
| - install   easy-format             1.3.1
| - install   fieldslib               v0.9.0
| - install   fmt                     0.8.5
| - install   inotify                 2.3
| - install   ipaddr                  2.8.0
| - install   jane-street-headers     v0.9.0
| - install   jsonm                   1.0.1
| - install   logs                    0.6.2
| - install   lwt                     4.1.0
| - install   magic-mime              1.1.0
| - install   mirage-no-solo5         1
| - install   mirage-no-xen           1
| - install   nocrypto                0.5.4-1
| - install   num                     1.1
| - install   ocaml-compiler-libs     v0.9.0
| - install   ocaml-inifiles          1.2
| - install   ocaml-migrate-parsetree 1.0.7
| - install   ocamlbuild              0.12.0
| - install   ocb-stubblr             0.1.1
| - install   octavius                1.2.0
| - install   ounit                   2.0.8
| - install   pcre                    7.3.4
| - install   ppx_assert              v0.9.0
| - install   ppx_ast                 v0.9.2
| - install   ppx_base                v0.9.0
| - install   ppx_bench               v0.9.1
| - install   ppx_bin_prot            v0.9.0
| - install   ppx_compare             v0.9.0
| - install   ppx_core                v0.9.3
| - install   ppx_custom_printf       v0.9.0
| - install   ppx_derivers            1.0
| - install   ppx_deriving            4.2.1
| - install   ppx_deriving_protocol   0.8
| - install   ppx_driver              v0.9.2
| - install   ppx_enumerate           v0.9.0
| - install   ppx_expect              v0.9.0
| - install   ppx_fail                v0.9.0
| - install   ppx_fields_conv         v0.9.0
| - install   ppx_hash                v0.9.0
| - install   ppx_here                v0.9.1
| - install   ppx_inline_test         v0.9.2
| - install   ppx_jane                v0.9.0
| - install   ppx_js_style            v0.9.0
| - install   ppx_let                 v0.9.0
| - install   ppx_metaquot            v0.9.0
| - install   ppx_optcomp             v0.9.0
| - install   ppx_optional            v0.9.0
| - install   ppx_pipebang            v0.9.0
| - install   ppx_sexp_conv           v0.9.0
| - install   ppx_sexp_message        v0.9.0
| - install   ppx_sexp_value          v0.9.0
| - install   ppx_tools               5.1+4.06.0
| - install   ppx_traverse            v0.9.0
| - install   ppx_traverse_builtins   v0.9.0
| - install   ppx_type_conv           v0.9.1
| - install   ppx_typerep_conv        v0.9.0
| - install   ppx_variants_conv       v0.9.0
| - install   re                      1.7.3
| - install   result                  1.3
| - install   sexplib                 v0.9.3
| - install   spawn                   v0.9.0
| - install   stdio                   v0.9.1
| - install   stringext               1.5.0
| - install   topkg                   0.9.1
| - install   typerep                 v0.9.0
| - install   uchar                   0.0.2
| - install   uri                     1.9.7
| - install   uutf                    1.0.1
| - install   variantslib             v0.9.0
| - install   xml-light               2.4
| - install   yojson                  1.4.1
| - install   zarith                  1.7
+- 
# Run eval $(opam env) to update the current shell environment

The former state can be restored with:
    opam switch import "/home/opam/.opam/4.06/.opam-switch/backup/state-20180711235628.export"
31 1531353326 1531353546