$ opam depext -iy -j 2 elasticsearch-cli.0.3
# Detecting depexts using vars: arch=ppc64, os=linux, os-distribution=debian, os-family=debian
# The following system packages are needed:
debianutils
libcurl4-gnutls-dev
libevent-dev
libpcre3-dev
m4
pkg-config
zlib1g-dev
The following command needs to be run through "sudo":
    apt-get install -qq -yy debianutils libcurl4-gnutls-dev libevent-dev libpcre3-dev m4 pkg-config zlib1g-dev
debconf: delaying package configuration, since apt-utils is not installed
Selecting previously unselected package libpcrecpp0v5:ppc64el.
(Reading database ... (Reading database ... 5%(Reading database ... 10%(Reading database ... 15%(Reading database ... 20%(Reading database ... 25%(Reading database ... 30%(Reading database ... 35%(Reading database ... 40%(Reading database ... 45%(Reading database ... 50%(Reading database ... 55%(Reading database ... 60%(Reading database ... 65%(Reading database ... 70%(Reading database ... 75%(Reading database ... 80%(Reading database ... 85%(Reading database ... 90%(Reading database ... 95%(Reading database ... 100%(Reading database ... 17555 files and directories currently installed.)
Preparing to unpack .../00-libpcrecpp0v5_2%3a8.39-3_ppc64el.deb ...
Unpacking libpcrecpp0v5:ppc64el (2:8.39-3) ...
Selecting previously unselected package sgml-base.
Preparing to unpack .../01-sgml-base_1.29_all.deb ...
Unpacking sgml-base (1.29) ...
Selecting previously unselected package libevent-2.0-5:ppc64el.
Preparing to unpack .../02-libevent-2.0-5_2.0.21-stable-3_ppc64el.deb ...
Unpacking libevent-2.0-5:ppc64el (2.0.21-stable-3) ...
Selecting previously unselected package libicu57:ppc64el.
Preparing to unpack .../03-libicu57_57.1-6+deb9u2_ppc64el.deb ...
Unpacking libicu57:ppc64el (57.1-6+deb9u2) ...
Selecting previously unselected package libxml2:ppc64el.
Preparing to unpack .../04-libxml2_2.9.4+dfsg1-2.2+deb9u2_ppc64el.deb ...
Unpacking libxml2:ppc64el (2.9.4+dfsg1-2.2+deb9u2) ...
Selecting previously unselected package libcurl4-gnutls-dev:ppc64el.
Preparing to unpack .../05-libcurl4-gnutls-dev_7.52.1-5+deb9u6_ppc64el.deb ...
Unpacking libcurl4-gnutls-dev:ppc64el (7.52.1-5+deb9u6) ...
Selecting previously unselected package libevent-core-2.0-5:ppc64el.
Preparing to unpack .../06-libevent-core-2.0-5_2.0.21-stable-3_ppc64el.deb ...
Unpacking libevent-core-2.0-5:ppc64el (2.0.21-stable-3) ...
Selecting previously unselected package libevent-extra-2.0-5:ppc64el.
Preparing to unpack .../07-libevent-extra-2.0-5_2.0.21-stable-3_ppc64el.deb ...
Unpacking libevent-extra-2.0-5:ppc64el (2.0.21-stable-3) ...
Selecting previously unselected package libevent-pthreads-2.0-5:ppc64el.
Preparing to unpack .../08-libevent-pthreads-2.0-5_2.0.21-stable-3_ppc64el.deb ...
Unpacking libevent-pthreads-2.0-5:ppc64el (2.0.21-stable-3) ...
Selecting previously unselected package libevent-openssl-2.0-5:ppc64el.
Preparing to unpack .../09-libevent-openssl-2.0-5_2.0.21-stable-3_ppc64el.deb ...
Unpacking libevent-openssl-2.0-5:ppc64el (2.0.21-stable-3) ...
Selecting previously unselected package libevent-dev.
Preparing to unpack .../10-libevent-dev_2.0.21-stable-3_ppc64el.deb ...
Unpacking libevent-dev (2.0.21-stable-3) ...
Selecting previously unselected package libglib2.0-0:ppc64el.
Preparing to unpack .../11-libglib2.0-0_2.50.3-2_ppc64el.deb ...
Unpacking libglib2.0-0:ppc64el (2.50.3-2) ...
Selecting previously unselected package libglib2.0-data.
Preparing to unpack .../12-libglib2.0-data_2.50.3-2_all.deb ...
Unpacking libglib2.0-data (2.50.3-2) ...
Selecting previously unselected package libpcre16-3:ppc64el.
Preparing to unpack .../13-libpcre16-3_2%3a8.39-3_ppc64el.deb ...
Unpacking libpcre16-3:ppc64el (2:8.39-3) ...
Selecting previously unselected package libpcre32-3:ppc64el.
Preparing to unpack .../14-libpcre32-3_2%3a8.39-3_ppc64el.deb ...
Unpacking libpcre32-3:ppc64el (2:8.39-3) ...
Selecting previously unselected package libpcre3-dev:ppc64el.
Preparing to unpack .../15-libpcre3-dev_2%3a8.39-3_ppc64el.deb ...
Unpacking libpcre3-dev:ppc64el (2:8.39-3) ...
Selecting previously unselected package pkg-config.
Preparing to unpack .../16-pkg-config_0.29-4+b1_ppc64el.deb ...
Unpacking pkg-config (0.29-4+b1) ...
Selecting previously unselected package shared-mime-info.
Preparing to unpack .../17-shared-mime-info_1.8-1_ppc64el.deb ...
Unpacking shared-mime-info (1.8-1) ...
Selecting previously unselected package xdg-user-dirs.
Preparing to unpack .../18-xdg-user-dirs_0.15-2+b1_ppc64el.deb ...
Unpacking xdg-user-dirs (0.15-2+b1) ...
Selecting previously unselected package xml-core.
Preparing to unpack .../19-xml-core_0.17_all.deb ...
Unpacking xml-core (0.17) ...
Selecting previously unselected package zlib1g-dev:ppc64el.
Preparing to unpack .../20-zlib1g-dev_1%3a1.2.8.dfsg-5_ppc64el.deb ...
Unpacking zlib1g-dev:ppc64el (1:1.2.8.dfsg-5) ...
Setting up libglib2.0-0:ppc64el (2.50.3-2) ...
No schema files found: doing nothing.
Setting up sgml-base (1.29) ...
Setting up libicu57:ppc64el (57.1-6+deb9u2) ...
Setting up libxml2:ppc64el (2.9.4+dfsg1-2.2+deb9u2) ...
Setting up pkg-config (0.29-4+b1) ...
Setting up libglib2.0-data (2.50.3-2) ...
Processing triggers for libc-bin (2.24-11+deb9u3) ...
Setting up libevent-core-2.0-5:ppc64el (2.0.21-stable-3) ...
Setting up shared-mime-info (1.8-1) ...
Setting up libpcrecpp0v5:ppc64el (2:8.39-3) ...
Setting up libpcre32-3:ppc64el (2:8.39-3) ...
Setting up libpcre16-3:ppc64el (2:8.39-3) ...
Setting up xml-core (0.17) ...
Setting up libevent-2.0-5:ppc64el (2.0.21-stable-3) ...
Setting up libcurl4-gnutls-dev:ppc64el (7.52.1-5+deb9u6) ...
Setting up xdg-user-dirs (0.15-2+b1) ...
Setting up zlib1g-dev:ppc64el (1:1.2.8.dfsg-5) ...
Setting up libpcre3-dev:ppc64el (2:8.39-3) ...
Setting up libevent-pthreads-2.0-5:ppc64el (2.0.21-stable-3) ...
Setting up libevent-extra-2.0-5:ppc64el (2.0.21-stable-3) ...
Setting up libevent-openssl-2.0-5:ppc64el (2.0.21-stable-3) ...
Setting up libevent-dev (2.0.21-stable-3) ...
Processing triggers for libc-bin (2.24-11+deb9u3) ...
Processing triggers for sgml-base (1.29) ...
# OS packages installation successful
# Now letting OPAM install the packages
The following actions will be performed:
  - install jane-street-headers     v0.11.0  [required by core_kernel]
  - install re                      1.7.3    [required by ppx_expect]
  - install num                     1.1      [required by sexplib]
  - install result                  1.3      [required by lwt]
  - install ocamlbuild              0.12.0   [required by elasticsearch-cli]
  - install libevent                0.8.0    [required by devkit]
  - install base-bytes              base     [required by devkit]
  - install conf-pkg-config         1.1      [required by conf-libcurl]
  - install octavius                1.2.0    [required by ppx_js_style]
  - install camlzip                 1.07     [required by devkit]
  - install ocaml-compiler-libs     v0.11.0  [required by ppxlib]
  - install sexplib0                v0.11.0  [required by sexplib]
  - install easy-format             1.3.1    [required by atd]
  - install ppx_derivers            1.0      [required by ppxlib]
  - install conf-which              1        [required by biniou]
  - install ocaml-migrate-parsetree 1.0.11   [required by re2]
  - install ocamlmod                0.0.9    [required by oasis]
  - install ocamlify                0.0.1    [required by oasis]
  - install mybuild                 5        [required by elasticsearch-cli]
  - install menhir                  20180703 [required by atd]
  - install camlp4                  4.06+1   [required by devkit]
  - install ounit                   2.0.8    [required by devkit]
  - install cppo                    1.6.4    [required by extlib, lwt]
  - install conf-libpcre            1        [required by pcre]
  - install conf-libcurl            1        [required by ocurl]
  - install parsexp                 v0.11.0  [required by sexplib]
  - install base                    v0.11.0  [required by core_kernel]
  - install biniou                  1.2.0    [required by atdgen]
  - install ppx_tools_versioned     5.2      [required by lwt, lwt_ppx]
  - install oasis                   0.4.11   [required by elasticsearch-cli]
  - install atd                     2.0.0    [required by atdgen]
  - install extunix                 0.1.6    [required by devkit]
  - install extlib                  1.7.5    [required by elasticsearch-cli]
  - install sexplib                 v0.11.0  [required by core_kernel]
  - install typerep                 v0.11.0  [required by core_kernel]
  - install stdio                   v0.11.0  [required by core_kernel]
  - install yojson                  1.4.1    [required by atdgen, devkit]
  - install lwt                     3.3.0    [required by elasticsearch-cli]                               For the Camlp4 syntax, please install package lwt_camlp4
                                                                                                           For Lwt_log and Lwt_daemon, please install package lwt_log
  - install ppxlib                  0.3.0    [required by ppx_inline_test, ppx_assert, ppx_base, ppx_jane]
  - install configurator            v0.11.0  [required by core_kernel]
  - install atdgen-runtime          2.0.0    [required by atdgen]
  - install ocurl                   0.8.1    [required by devkit]
  - install lwt_ppx                 1.2.1    [required by devkit]
  - install variantslib             v0.11.0  [required by core_kernel]
  - install ppx_typerep_conv        v0.11.1  [required by ppx_jane]
  - install ppx_sexp_conv           v0.11.2  [required by core_kernel]
  - install ppx_pipebang            v0.11.0  [required by ppx_jane]
  - install ppx_optional            v0.11.0  [required by ppx_jane]
  - install ppx_optcomp             v0.11.0  [required by ppx_jane]
  - install ppx_let                 v0.11.0  [required by ppx_jane]
  - install ppx_js_style            v0.11.0  [required by ppx_base]
  - install ppx_inline_test         v0.11.0  [required by core_kernel]
  - install ppx_here                v0.11.0  [required by ppx_assert, ppx_jane]
  - install ppx_enumerate           v0.11.1  [required by ppx_base]
  - install ppx_compare             v0.11.1  [required by ppx_assert, bin_prot, ppx_base]
  - install fieldslib               v0.11.0  [required by core_kernel]
  - install pcre                    7.3.4    [required by devkit]
  - install atdgen                  2.0.0    [required by elasticsearch-cli]
  - install ppx_variants_conv       v0.11.1  [required by bin_prot, ppx_jane]
  - install ppx_custom_printf       v0.11.0  [required by bin_prot, ppx_jane]
  - install ppx_bench               v0.11.0  [required by ppx_jane]
  - install ppx_sexp_value          v0.11.0  [required by ppx_jane]
  - install ppx_sexp_message        v0.11.0  [required by core_kernel]
  - install ppx_fail                v0.11.0  [required by ppx_jane]
  - install ppx_hash                v0.11.1  [required by core_kernel]
  - install ppx_assert              v0.11.0  [required by core_kernel]
  - install ppx_fields_conv         v0.11.0  [required by bin_prot, ppx_jane]
  - install ocamlnet                4.1.6    [required by devkit]
  - install ppx_base                v0.11.0  [required by core_kernel]
  - install ppx_expect              v0.11.0  [required by ppx_jane]
  - install bin_prot                v0.11.0  [required by core_kernel]
  - install devkit                  0.6      [required by elasticsearch-cli]
  - install ppx_bin_prot            v0.11.1  [required by ppx_jane]
  - install ppx_jane                v0.11.0  [required by re2]
  - install splittable_random       v0.11.0  [required by core_kernel]
  - install core_kernel             v0.11.0  [required by re2]
  - install re2                     v0.11.0  [required by elasticsearch-cli]
  - install elasticsearch-cli       0.3
===== 78 to install =====

<><> Gathering sources ><><><><><><><><><><><><><><><><><><><><><><><><><><><><>
[atd.2.0.0] found in cache
[atdgen.2.0.0] found in cache
[atdgen-runtime.2.0.0] found in cache
[base.v0.11.0] found in cache
[bin_prot.v0.11.0] found in cache
[biniou.1.2.0] found in cache
[camlp4.4.06+1] found in cache
[camlzip.1.07] found in cache
[configurator.v0.11.0] found in cache
[core_kernel.v0.11.0] found in cache
[cppo.1.6.4] found in cache
[devkit.0.6] found in cache
[easy-format.1.3.1] found in cache
[elasticsearch-cli.0.3] found in cache
[extlib.1.7.5] found in cache
[extunix.0.1.6] found in cache
[fieldslib.v0.11.0] found in cache
[jane-street-headers.v0.11.0] found in cache
[libevent.0.8.0] found in cache
[lwt.3.3.0] found in cache
[lwt_ppx.1.2.1] found in cache
[menhir.20180703] found in cache
[mybuild.5] found in cache
[num.1.1] found in cache
[oasis.0.4.11] found in cache
[ocaml-compiler-libs.v0.11.0] found in cache
[ocaml-migrate-parsetree.1.0.11] found in cache
[ocamlbuild.0.12.0] found in cache
[ocamlify.0.0.1] found in cache
[ocamlmod.0.0.9] found in cache
[ocamlnet.4.1.6] found in cache
[octavius.1.2.0] found in cache
[ocurl.0.8.1] found in cache
[ounit.2.0.8] found in cache
[parsexp.v0.11.0] found in cache
[pcre.7.3.4] found in cache
[ppx_assert.v0.11.0] found in cache
[ppx_base.v0.11.0] found in cache
[ppx_bench.v0.11.0] found in cache
[ppx_bin_prot.v0.11.1] found in cache
[ppx_compare.v0.11.1] found in cache
[ppx_custom_printf.v0.11.0] found in cache
[ppx_derivers.1.0] found in cache
[ppx_enumerate.v0.11.1] found in cache
[ppx_expect.v0.11.0] found in cache
[ppx_fail.v0.11.0] found in cache
[ppx_fields_conv.v0.11.0] found in cache
[ppx_hash.v0.11.1] found in cache
[ppx_here.v0.11.0] found in cache
[ppx_inline_test.v0.11.0] found in cache
[ppx_jane.v0.11.0] found in cache
[ppx_js_style.v0.11.0] found in cache
[ppx_let.v0.11.0] found in cache
[ppx_optcomp.v0.11.0] found in cache
[ppx_optional.v0.11.0] found in cache
[ppx_pipebang.v0.11.0] found in cache
[ppx_sexp_conv.v0.11.2] found in cache
[ppx_sexp_message.v0.11.0] found in cache
[ppx_sexp_value.v0.11.0] found in cache
[ppx_tools_versioned.5.2] found in cache
[ppx_typerep_conv.v0.11.1] found in cache
[ppx_variants_conv.v0.11.1] found in cache
[ppxlib.0.3.0] found in cache
[re.1.7.3] found in cache
[re2.v0.11.0] found in cache
[result.1.3] found in cache
[sexplib.v0.11.0] found in cache
[sexplib0.v0.11.0] found in cache
[splittable_random.v0.11.0] found in cache
[stdio.v0.11.0] found in cache
[typerep.v0.11.0] found in cache
[variantslib.v0.11.0] found in cache
[yojson.1.4.1] found in cache

<><> Processing actions <><><><><><><><><><><><><><><><><><><><><><><><><><><><>
-> installed base-bytes.base
-> installed camlzip.1.07
-> installed conf-pkg-config.1.1
-> installed conf-libcurl.1
-> installed conf-libpcre.1
-> installed conf-which.1
-> installed cppo.1.6.4
-> installed easy-format.1.3.1
-> installed biniou.1.2.0
-> installed extlib.1.7.5
-> installed jane-street-headers.v0.11.0
-> installed libevent.0.8.0
-> installed num.1.1
-> installed ocaml-compiler-libs.v0.11.0
-> installed ocamlbuild.0.12.0
-> installed menhir.20180703
-> installed atd.2.0.0
-> installed mybuild.5
-> installed ocamlify.0.0.1
-> installed ocamlmod.0.0.9
-> installed oasis.0.4.11
-> installed octavius.1.2.0
-> installed ounit.2.0.8
-> installed ppx_derivers.1.0
-> installed re.1.7.3
-> installed result.1.3
-> installed ocaml-migrate-parsetree.1.0.11
-> installed ppx_tools_versioned.5.2
-> installed sexplib0.v0.11.0
-> installed base.v0.11.0
-> installed parsexp.v0.11.0
-> installed sexplib.v0.11.0
-> installed stdio.v0.11.0
-> installed camlp4.4.06+1
-> installed configurator.v0.11.0
-> installed lwt.3.3.0
-> installed extunix.0.1.6
-> installed lwt_ppx.1.2.1
-> installed pcre.7.3.4
-> installed ocurl.0.8.1
-> installed ppxlib.0.3.0
-> installed fieldslib.v0.11.0
-> installed ppx_compare.v0.11.1
-> installed ppx_enumerate.v0.11.1
-> installed ppx_fields_conv.v0.11.0
-> installed ppx_here.v0.11.0
-> installed ppx_fail.v0.11.0
-> installed ppx_inline_test.v0.11.0
-> installed ppx_bench.v0.11.0
-> installed ppx_js_style.v0.11.0
-> installed ppx_let.v0.11.0
-> installed ppx_optcomp.v0.11.0
-> installed ppx_optional.v0.11.0
-> installed ppx_pipebang.v0.11.0
-> installed ppx_sexp_conv.v0.11.2
-> installed ppx_assert.v0.11.0
-> installed ppx_custom_printf.v0.11.0
-> installed ppx_hash.v0.11.1
-> installed ppx_base.v0.11.0
-> installed ppx_sexp_message.v0.11.0
-> installed ppx_sexp_value.v0.11.0
-> installed typerep.v0.11.0
-> installed ppx_typerep_conv.v0.11.1
-> installed variantslib.v0.11.0
-> installed ppx_variants_conv.v0.11.1
-> installed bin_prot.v0.11.0
-> installed ppx_bin_prot.v0.11.1
-> installed ppx_expect.v0.11.0
-> installed ppx_jane.v0.11.0
-> installed splittable_random.v0.11.0
-> installed core_kernel.v0.11.0
-> installed ocamlnet.4.1.6
-> installed yojson.1.4.1
-> installed atdgen-runtime.2.0.0
-> installed atdgen.2.0.0
-> installed devkit.0.6
-> installed re2.v0.11.0
[ERROR] The compilation of elasticsearch-cli failed at "/usr/bin/make".

#=== ERROR while compiling elasticsearch-cli.0.3 ==============================#
# context              2.0.0~rc3 | linux/ppc64 | ocaml-base-compiler.4.06.1 | git+file:///home/opam/opam-repository
# path                 ~/.opam/4.06/.opam-switch/build/elasticsearch-cli.0.3
# command              /usr/bin/make
# exit-code            2
# env-file             ~/.opam/log/elasticsearch-cli-11-9c2cb3.env
# output-file          ~/.opam/log/elasticsearch-cli-11-9c2cb3.out
### output ###
# ocaml setup.ml -build 
# ocamlfind ocamlopt -package unix -package ocamlbuild -linkpkg -package mybuild myocamlbuild_config.ml myocamlbuild.ml /home/opam/.opam/4.06/lib/ocamlbuild/ocamlbuild.cmx -o myocamlbuild
# fatal: Not a git repository (or any of the parent directories): .git
# /home/opam/.opam/4.06/bin/ocamlfind ocamldep -package threads -package re2 -package lwt.ppx -package devkit -package atdgen -modules src/es.ml > src/es.ml.depends
# /home/opam/.opam/4.06/bin/ocamlfind ocamldep -package threads -package re2 -package lwt.ppx -package devkit -package atdgen -modules src/common.ml > src/common.ml.depends
# atdgen -j -j-std src/config.atd
# /home/opam/.opam/4.06/bin/ocamlfind ocamldep -package threads -package re2 -package lwt.ppx -package devkit -package atdgen -modules src/config_j.mli > src/config_j.mli.depends
# atdgen -t src/config.atd
# /home/opam/.opam/4.06/bin/ocamlfind ocamldep -package threads -package re2 -package lwt.ppx -package devkit -package atdgen -modules src/config_t.mli > src/config_t.mli.depends
# /home/opam/.opam/4.06/bin/ocamlfind ocamlc -c -g -annot -bin-annot -thread -package threads -package re2 -package lwt.ppx -package devkit -package atdgen -I src -o src/config_t.cmi src/config_t.mli
# /home/opam/.opam/4.06/bin/ocamlfind ocamldep -modules version.ml > version.ml.depends
# /home/opam/.opam/4.06/bin/ocamlfind ocamlc -c -g -annot -bin-annot -thread -package threads -package re2 -package lwt.ppx -package devkit -package atdgen -I src -o src/config_j.cmi src/config_j.mli
# /home/opam/.opam/4.06/bin/ocamlfind ocamlc -c -g -annot -bin-annot -o version.cmo version.ml
# atdgen -j -j-std src/elastic.atd
# /home/opam/.opam/4.06/bin/ocamlfind ocamldep -package threads -package re2 -package lwt.ppx -package devkit -package atdgen -modules src/elastic_j.mli > src/elastic_j.mli.depends
# atdgen -t src/elastic.atd
# /home/opam/.opam/4.06/bin/ocamlfind ocamldep -package threads -package re2 -package lwt.ppx -package devkit -package atdgen -modules src/elastic_t.mli > src/elastic_t.mli.depends
# /home/opam/.opam/4.06/bin/ocamlfind ocamlc -c -g -annot -bin-annot -thread -package threads -package re2 -package lwt.ppx -package devkit -package atdgen -I src -o src/elastic_t.cmi src/elastic_t.mli
# atdgen -j -j-std src/util.atd
# /home/opam/.opam/4.06/bin/ocamlfind ocamldep -package threads -package re2 -package lwt.ppx -package devkit -package atdgen -modules src/util_j.mli > src/util_j.mli.depends
# atdgen -t src/util.atd
# /home/opam/.opam/4.06/bin/ocamlfind ocamldep -package threads -package re2 -package lwt.ppx -package devkit -package atdgen -modules src/util_t.mli > src/util_t.mli.depends
# /home/opam/.opam/4.06/bin/ocamlfind ocamlc -c -g -annot -bin-annot -thread -package threads -package re2 -package lwt.ppx -package devkit -package atdgen -I src -o src/util_t.cmi src/util_t.mli
# /home/opam/.opam/4.06/bin/ocamlfind ocamlc -c -g -annot -bin-annot -thread -package threads -package re2 -package lwt.ppx -package devkit -package atdgen -I src -o src/common.cmo src/common.ml
# + /home/opam/.opam/4.06/bin/ocamlfind ocamlc -c -g -annot -bin-annot -thread -package threads -package re2 -package lwt.ppx -package devkit -package atdgen -I src -o src/common.cmo src/common.ml
# File "src/common.ml", line 5, characters 13-22:
# Warning 3: deprecated: module Re2.Regex
# [since 2018-02] Use [Re2.foo] instead of [Re2.Regex.foo].
# /home/opam/.opam/4.06/bin/ocamlfind ocamlc -c -g -annot -bin-annot -thread -package threads -package re2 -package lwt.ppx -package devkit -package atdgen -I src -o src/elastic_j.cmi src/elastic_j.mli
# /home/opam/.opam/4.06/bin/ocamlfind ocamlc -c -g -annot -bin-annot -thread -package threads -package re2 -package lwt.ppx -package devkit -package atdgen -I src -o src/util_j.cmi src/util_j.mli
# /home/opam/.opam/4.06/bin/ocamlfind ocamlc -c -g -annot -bin-annot -thread -package threads -package re2 -package lwt.ppx -package devkit -package atdgen -I src -o src/es.cmo src/es.ml
# + /home/opam/.opam/4.06/bin/ocamlfind ocamlc -c -g -annot -bin-annot -thread -package threads -package re2 -package lwt.ppx -package devkit -package atdgen -I src -o src/es.cmo src/es.ml
# File "src/es.ml", line 6, characters 13-22:
# Warning 3: deprecated: module Re2.Regex
# [since 2018-02] Use [Re2.foo] instead of [Re2.Regex.foo].
# /home/opam/.opam/4.06/bin/ocamlfind ocamldep -package threads -package re2 -package lwt.ppx -package devkit -package atdgen -modules src/config_j.ml > src/config_j.ml.depends
# /home/opam/.opam/4.06/bin/ocamlfind ocamldep -package threads -package re2 -package lwt.ppx -package devkit -package atdgen -modules src/config_t.ml > src/config_t.ml.depends
# /home/opam/.opam/4.06/bin/ocamlfind ocamlopt -c -g -annot -bin-annot -thread -package threads -package re2 -package lwt.ppx -package devkit -package atdgen -I src -o src/config_t.cmx src/config_t.ml
# /home/opam/.opam/4.06/bin/ocamlfind ocamlopt -c -g -annot -bin-annot -thread -package threads -package re2 -package lwt.ppx -package devkit -package atdgen -I src -o src/config_j.cmx src/config_j.ml
# /home/opam/.opam/4.06/bin/ocamlfind ocamlopt -c -g -annot -bin-annot -o version.cmx version.ml
# /home/opam/.opam/4.06/bin/ocamlfind ocamldep -package threads -package re2 -package lwt.ppx -package devkit -package atdgen -modules src/elastic_j.ml > src/elastic_j.ml.depends
# /home/opam/.opam/4.06/bin/ocamlfind ocamldep -package threads -package re2 -package lwt.ppx -package devkit -package atdgen -modules src/elastic_t.ml > src/elastic_t.ml.depends
# /home/opam/.opam/4.06/bin/ocamlfind ocamlopt -c -g -annot -bin-annot -thread -package threads -package re2 -package lwt.ppx -package devkit -package atdgen -I src -o src/elastic_t.cmx src/elastic_t.ml
# /home/opam/.opam/4.06/bin/ocamlfind ocamldep -package threads -package re2 -package lwt.ppx -package devkit -package atdgen -modules src/util_j.ml > src/util_j.ml.depends
# /home/opam/.opam/4.06/bin/ocamlfind ocamldep -package threads -package re2 -package lwt.ppx -package devkit -package atdgen -modules src/util_t.ml > src/util_t.ml.depends
# /home/opam/.opam/4.06/bin/ocamlfind ocamlopt -c -g -annot -bin-annot -thread -package threads -package re2 -package lwt.ppx -package devkit -package atdgen -I src -o src/util_t.cmx src/util_t.ml
# /home/opam/.opam/4.06/bin/ocamlfind ocamlopt -c -g -annot -bin-annot -thread -package threads -package re2 -package lwt.ppx -package devkit -package atdgen -I src -o src/common.cmx src/common.ml
# + /home/opam/.opam/4.06/bin/ocamlfind ocamlopt -c -g -annot -bin-annot -thread -package threads -package re2 -package lwt.ppx -package devkit -package atdgen -I src -o src/common.cmx src/common.ml
# File "src/common.ml", line 5, characters 13-22:
# Warning 3: deprecated: module Re2.Regex
# [since 2018-02] Use [Re2.foo] instead of [Re2.Regex.foo].
# /home/opam/.opam/4.06/bin/ocamlfind ocamlopt -c -g -annot -bin-annot -thread -package threads -package re2 -package lwt.ppx -package devkit -package atdgen -I src -o src/elastic_j.cmx src/elastic_j.ml
# /home/opam/.opam/4.06/bin/ocamlfind ocamlopt -c -g -annot -bin-annot -thread -package threads -package re2 -package lwt.ppx -package devkit -package atdgen -I src -o src/util_j.cmx src/util_j.ml
# /home/opam/.opam/4.06/bin/ocamlfind ocamlopt -c -g -annot -bin-annot -thread -package threads -package re2 -package lwt.ppx -package devkit -package atdgen -I src -o src/es.cmx src/es.ml
# + /home/opam/.opam/4.06/bin/ocamlfind ocamlopt -c -g -annot -bin-annot -thread -package threads -package re2 -package lwt.ppx -package devkit -package atdgen -I src -o src/es.cmx src/es.ml
# File "src/es.ml", line 6, characters 13-22:
# Warning 3: deprecated: module Re2.Regex
# [since 2018-02] Use [Re2.foo] instead of [Re2.Regex.foo].
# /home/opam/.opam/4.06/bin/ocamlfind ocamlopt -linkpkg -g -linkpkg -thread -package threads -package re2 -package lwt.ppx -package devkit -package atdgen -I src src/config_t.cmx src/config_j.cmx version.cmx src/common.cmx src/elastic_t.cmx src/elastic_j.cmx src/util_t.cmx src/util_j.cmx src/es.cmx -o src/es.native
# + /home/opam/.opam/4.06/bin/ocamlfind ocamlopt -linkpkg -g -linkpkg -thread -package threads -package re2 -package lwt.ppx -package devkit -package atdgen -I src src/config_t.cmx src/config_j.cmx version.cmx src/common.cmx src/elastic_t.cmx src/elastic_j.cmx src/util_t.cmx src/util_j.cmx src/es.cmx -o src/es.native
# /usr/bin/ld: /home/opam/.opam/4.06/lib/lwt/liblwt_unix_stubs.a(unix_lseek_job.o): In function `result_lseek':
# /home/opam/.opam/4.06/.opam-switch/build/lwt.3.3.0/_build/default/src/unix/unix_lseek_job.c:113:(.text+0xb8): call to `result_lseek.part.0' lacks nop, can't restore toc; (-mcmodel=small toc adjust stub)
# /usr/bin/ld: /home/opam/.opam/4.06/lib/lwt/liblwt_unix_stubs.a(unix_lseek_job.o): In function `result_lseek_64':
# /home/opam/.opam/4.06/.opam-switch/build/lwt.3.3.0/_build/default/src/unix/unix_lseek_job.c:134:(.text+0x134): call to `result_lseek_64.part.1' lacks nop, can't restore toc; (-mcmodel=small toc adjust stub)
# /usr/bin/ld: final link failed: Bad value
# collect2: error: ld returned 1 exit status
# File "caml_startup", line 1:
# Error: Error during linking
# Command exited with code 2.
# E: Failure("Command ''/home/opam/.opam/4.06/bin/ocamlbuild' src/es.native -use-ocamlfind -plugin-tag 'package(mybuild)' -tag debug' terminated with error code 10")
# Makefile:7: recipe for target 'build' failed
# make: *** [build] Error 1



<><> Error report <><><><><><><><><><><><><><><><><><><><><><><><><><><><><><><>
+- The following actions failed
| - build elasticsearch-cli 0.3
+- 
+- The following changes have been performed
| - install atd                     2.0.0
| - install atdgen                  2.0.0
| - install atdgen-runtime          2.0.0
| - install base                    v0.11.0
| - install base-bytes              base
| - install bin_prot                v0.11.0
| - install biniou                  1.2.0
| - install camlp4                  4.06+1
| - install camlzip                 1.07
| - install conf-libcurl            1
| - install conf-libpcre            1
| - install conf-pkg-config         1.1
| - install conf-which              1
| - install configurator            v0.11.0
| - install core_kernel             v0.11.0
| - install cppo                    1.6.4
| - install devkit                  0.6
| - install easy-format             1.3.1
| - install extlib                  1.7.5
| - install extunix                 0.1.6
| - install fieldslib               v0.11.0
| - install jane-street-headers     v0.11.0
| - install libevent                0.8.0
| - install lwt                     3.3.0
| - install lwt_ppx                 1.2.1
| - install menhir                  20180703
| - install mybuild                 5
| - install num                     1.1
| - install oasis                   0.4.11
| - install ocaml-compiler-libs     v0.11.0
| - install ocaml-migrate-parsetree 1.0.11
| - install ocamlbuild              0.12.0
| - install ocamlify                0.0.1
| - install ocamlmod                0.0.9
| - install ocamlnet                4.1.6
| - install octavius                1.2.0
| - install ocurl                   0.8.1
| - install ounit                   2.0.8
| - install parsexp                 v0.11.0
| - install pcre                    7.3.4
| - install ppx_assert              v0.11.0
| - install ppx_base                v0.11.0
| - install ppx_bench               v0.11.0
| - install ppx_bin_prot            v0.11.1
| - install ppx_compare             v0.11.1
| - install ppx_custom_printf       v0.11.0
| - install ppx_derivers            1.0
| - install ppx_enumerate           v0.11.1
| - install ppx_expect              v0.11.0
| - install ppx_fail                v0.11.0
| - install ppx_fields_conv         v0.11.0
| - install ppx_hash                v0.11.1
| - install ppx_here                v0.11.0
| - install ppx_inline_test         v0.11.0
| - install ppx_jane                v0.11.0
| - install ppx_js_style            v0.11.0
| - install ppx_let                 v0.11.0
| - install ppx_optcomp             v0.11.0
| - install ppx_optional            v0.11.0
| - install ppx_pipebang            v0.11.0
| - install ppx_sexp_conv           v0.11.2
| - install ppx_sexp_message        v0.11.0
| - install ppx_sexp_value          v0.11.0
| - install ppx_tools_versioned     5.2
| - install ppx_typerep_conv        v0.11.1
| - install ppx_variants_conv       v0.11.1
| - install ppxlib                  0.3.0
| - install re                      1.7.3
| - install re2                     v0.11.0
| - install result                  1.3
| - install sexplib                 v0.11.0
| - install sexplib0                v0.11.0
| - install splittable_random       v0.11.0
| - install stdio                   v0.11.0
| - install typerep                 v0.11.0
| - install variantslib             v0.11.0
| - install yojson                  1.4.1
+- 
# Run eval $(opam env) to update the current shell environment

The former state can be restored with:
    opam switch import "/home/opam/.opam/4.06/.opam-switch/backup/state-20180712004823.export"
31 1531356486 1531357109