$ opam depext -iy -j 2 spoc.20170724
# Detecting depexts using vars: arch=x86_64, os=linux, os-distribution=fedora, os-family=fedora
# The following system packages are needed:
libffi-devel
m4
pkgconfig
package libffi-devel is not installed
Name        : m4
Version     : 1.4.18
Release     : 6.fc28
Architecture: x86_64
Install Date: Sun Aug 19 20:03:44 2018
Group       : Applications/Text
Size        : 372272
License     : GPLv3+
Signature   : RSA/SHA256, Sun Feb 25 11:01:47 2018, Key ID e08e7e629db62fb1
Source RPM  : m4-1.4.18-6.fc28.src.rpm
Build Date  : Sun Feb 25 10:58:14 2018
Build Host  : buildvm-25.phx2.fedoraproject.org
Relocations : (not relocatable)
Packager    : Fedora Project
Vendor      : Fedora Project
URL         : http://www.gnu.org/software/m4/
Bug URL     : https://bugz.fedoraproject.org/m4
Summary     : The GNU macro processor
Description :
A GNU implementation of the traditional UNIX macro processor.  M4 is
useful for writing text files which can be logically parsed, and is used
by many programs as part of their build process.  M4 has built-in
functions for including files, running shell commands, doing arithmetic,
etc.  The autoconf program needs m4 for generating configure scripts, but
not for running configure scripts.

Install m4 if you need a macro processor.
package pkgconfig is not installed
# The following new OS packages need to be installed: libffi-devel pkgconfig
The following command needs to be run through "sudo":
    yum install -y libffi-devel pkgconfig
Fedora 28 - x86_64 - Updates                     17 MB/s |  22 MB     00:01    
Last metadata expiration check: 0:00:01 ago on Mon Aug 20 05:40:27 2018.
Package pkgconf-pkg-config-1.4.2-1.fc28.x86_64 is already installed, skipping.
Dependencies resolved.
================================================================================
 Package              Arch           Version               Repository      Size
================================================================================
Installing:
 libffi-devel         x86_64         3.1-16.fc28           fedora          27 k

Transaction Summary
================================================================================
Install  1 Package

Total download size: 27 k
Installed size: 27 k
Downloading Packages:
libffi-devel-3.1-16.fc28.x86_64.rpm             379 kB/s |  27 kB     00:00    
--------------------------------------------------------------------------------
Total                                            33 kB/s |  27 kB     00:00     
Running transaction check
Transaction check succeeded.
Running transaction test
Transaction test succeeded.
Running transaction
  Preparing        :                                                        1/1 
  Installing       : libffi-devel-3.1-16.fc28.x86_64                        1/1 
  Running scriptlet: libffi-devel-3.1-16.fc28.x86_64                        1/1 
install-info: No such file or directory for /usr/share/info/libffi.info.gz
  Verifying        : libffi-devel-3.1-16.fc28.x86_64                        1/1 

Installed:
  libffi-devel.x86_64 3.1-16.fc28                                               

Complete!
The following command needs to be run through "sudo":
    rpm -q --whatprovides libffi-devel pkgconfig
libffi-devel-3.1-16.fc28.x86_64
pkgconf-pkg-config-1.4.2-1.fc28.x86_64
# OS packages installation successful
# Now letting OPAM install the packages
The following actions will be performed:
  - install result          1.3      [required by topkg]
  - install base-bytes      base     [required by ctypes]
  - install ocamlbuild      0.12.0   [required by camlp4]
  - install conf-pkg-config 1.1      [required by ctypes]
  - install ctypes-foreign  0.4.0    [required by spoc]
  - install topkg           0.9.1    [required by integers]
  - install camlp4          4.06+1   [required by spoc]
  - install integers        0.2.2    [required by ctypes]
  - install ctypes          0.14.0   [required by spoc]
  - install spoc            20170724
===== 10 to install =====

<><> Gathering sources ><><><><><><><><><><><><><><><><><><><><><><><><><><><><>
[camlp4.4.06+1] found in cache
[ctypes.0.14.0] found in cache
[integers.0.2.2] found in cache
[ocamlbuild.0.12.0] found in cache
[result.1.3] found in cache
[spoc.20170724] found in cache
[topkg.0.9.1] found in cache

<><> Processing actions <><><><><><><><><><><><><><><><><><><><><><><><><><><><>
-> installed base-bytes.base
-> installed conf-pkg-config.1.1
-> installed ctypes-foreign.0.4.0
-> installed result.1.3
-> installed ocamlbuild.0.12.0
-> installed topkg.0.9.1
-> installed integers.0.2.2
-> installed ctypes.0.14.0
-> installed camlp4.4.06+1
[ERROR] The compilation of spoc failed at "/usr/bin/make".

#=== ERROR while compiling spoc.20170724 ======================================#
# context              2.0.0 | linux/x86_64 | ocaml-base-compiler.4.06.1 | git+file:///home/opam/opam-repository
# path                 ~/.opam/4.06/.opam-switch/build/spoc.20170724
# command              /usr/bin/make
# exit-code            2
# env-file             ~/.opam/log/spoc-10-6c6bb7.env
# output-file          ~/.opam/log/spoc-10-6c6bb7.out
### output ###
# cd Spoc && make -j72 && cd ..
# make[1]: Entering directory '/home/opam/.opam/4.06/.opam-switch/build/spoc.20170724/Spoc'
# \033[43m\033[30mBuilding Spoc\033[0m
# \033[33m[Kernel_cuda.o]\033[0m
# \033[33m[Spoc_cu.o]\033[0m
# \033[33m[Spoc_c.o]\033[0m
# \033[33m[Mem_c.o]\033[0m
# \033[33m[Kernel_opencl.o]\033[0m
# \033[33m[cuda_drvapi_dynlink.o]\033[0m
# \033[33m[Custom.o]\033[0m
# \033[33m[Opencl_dynlink.o]\033[0m
# \033[35m[Devices.cmi]\033[0m
# \033[43m\033[30mBuilding Spoc external kernel extension\033[0m
# \033[43m\033[30mBuilding WebSpoc\033[0m
# \033[31m[kernels_ext.cma]\033[0m
# \033[36m[spoc_lib.js]\033[0m
# /bin/sh: line 0: cd: too many arguments
# make[1]: *** [Makefile:26: Js/spoc_lib.js] Error 1
# make[1]: *** Waiting for unfinished jobs....
# make[2]: Entering directory '/home/opam/.opam/4.06/.opam-switch/build/spoc.20170724/Spoc/extension'
# make[2]: warning: jobserver unavailable: using -j1.  Add '+' to parent make rule.
# make[2]: Leaving directory '/home/opam/.opam/4.06/.opam-switch/build/spoc.20170724/Spoc/extension'
# make[1]: Leaving directory '/home/opam/.opam/4.06/.opam-switch/build/spoc.20170724/Spoc'
# make: *** [Makefile:4: all] Error 2



<><> Error report <><><><><><><><><><><><><><><><><><><><><><><><><><><><><><><>
+- The following actions failed
| - build spoc 20170724
+- 
+- The following changes have been performed
| - install base-bytes      base
| - install camlp4          4.06+1
| - install conf-pkg-config 1.1
| - install ctypes          0.14.0
| - install ctypes-foreign  0.4.0
| - install integers        0.2.2
| - install ocamlbuild      0.12.0
| - install result          1.3
| - install topkg           0.9.1
+- 
# Run eval $(opam env) to update the current shell environment

The former state can be restored with:
    opam switch import "/home/opam/.opam/4.06/.opam-switch/backup/state-20180820054033.export"
31 1534743623 1534743737