$ opam depext -iy -j 2 minilight.1.6
# Detecting depexts using vars: arch=x86_64, os=linux, os-distribution=debian, os-family=debian
# No extra OS packages requirements found.
# All required OS packages found.
# Now letting OPAM install the packages
The following actions will be performed:
  - install minilight 1.6

<><> Gathering sources ><><><><><><><><><><><><><><><><><><><><><><><><><><><><>
[minilight.1.6] found in cache

<><> Processing actions <><><><><><><><><><><><><><><><><><><><><><><><><><><><>
[ERROR] The compilation of minilight failed at "/home/opam/.opam/4.04/bin/ocamlopt.opt -verbose -unsafe -nodynlink -inline 100 -I ocaml/src -o minilight-ocaml unix.cmxa ocaml/src/random2.ml ocaml/src/vector3f.ml ocaml/src/triangle.ml ocaml/src/spatialIndex.mli ocaml/src/spatialIndex.ml ocaml/src/scene.ml ocaml/src/surfacePoint.ml ocaml/src/rayTracer.ml ocaml/src/image.ml ocaml/src/camera.ml ocaml/src/minilight.ml".

#=== ERROR while compiling minilight.1.6 ======================================#
# context              2.0.0~rc3 | linux/x86_64 | ocaml-base-compiler.4.04.2 | git+file:///home/opam/opam-repository
# path                 ~/.opam/4.04/.opam-switch/build/minilight.1.6
# command              ~/.opam/4.04/bin/ocamlopt.opt -verbose -unsafe -nodynlink -inline 100 -I ocaml/src -o minilight-ocaml unix.cmxa ocaml/src/random2.ml ocaml/src/vector3f.ml ocaml/src/triangle.ml ocaml/src/spatialIndex.mli ocaml/src/spatialIndex.ml ocaml/src/scene.ml ocaml/src/surfacePoint.ml ocaml/src/rayTracer.ml ocaml/src/image.ml ocaml/src/camera.ml ocaml/src/minilight.ml
# exit-code            2
# env-file             ~/.opam/log/minilight-11-d2c37b.env
# output-file          ~/.opam/log/minilight-11-d2c37b.out
### output ###
# + as -o 'ocaml/src/random2.o' '/tmp/camlasmf2f675.s'
# + as -o 'ocaml/src/vector3f.o' '/tmp/camlasm1145e3.s'
# + as -o 'ocaml/src/triangle.o' '/tmp/camlasm27c839.s'
# + as -o 'ocaml/src/spatialIndex.o' '/tmp/camlasme08921.s'
# + as -o 'ocaml/src/scene.o' '/tmp/camlasme48d14.s'
# + as -o 'ocaml/src/surfacePoint.o' '/tmp/camlasm4e2619.s'
# + as -o 'ocaml/src/rayTracer.o' '/tmp/camlasmf271dc.s'
# + as -o 'ocaml/src/image.o' '/tmp/camlasma18f22.s'
# + as -o 'ocaml/src/camera.o' '/tmp/camlasm894eaf.s'
# + as -o 'ocaml/src/minilight.o' '/tmp/camlasmd2a5e3.s'
# + as -o '/tmp/camlstartup2f9dc2.o' '/tmp/camlstartupa0882f.s'
# + gcc -o 'minilight-ocaml'   '-Locaml/src' '-L/home/opam/.opam/4.04/lib/ocaml'  '/tmp/camlstartup2f9dc2.o' '/home/opam/.opam/4.04/lib/ocaml/std_exit.o' 'ocaml/src/minilight.o' 'ocaml/src/camera.o' 'ocaml/src/image.o' 'ocaml/src/rayTracer.o' 'ocaml/src/surfacePoint.o' 'ocaml/src/scene.o' 'ocaml/src/spatialIndex.o' 'ocaml/src/triangle.o' 'ocaml/src/vector3f.o' 'ocaml/src/random2.o' '/home/opam/.opam/4.04/lib/ocaml/unix.a' '/home/opam/.opam/4.04/lib/ocaml/stdlib.a' '-lunix' '/home/opam/.opam/4.04/lib/ocaml/libasmrun.a' -lm  -ldl
# /usr/bin/ld: ocaml/src/camera.o: relocation R_X86_64_PC32 against symbol `tan@@GLIBC_2.2.5' can not be used when making a shared object; recompile with -fPIC
# /usr/bin/ld: final link failed: Bad value
# collect2: error: ld returned 1 exit status
# File "caml_startup", line 1:
# Error: Error during linking



<><> Error report <><><><><><><><><><><><><><><><><><><><><><><><><><><><><><><>
+- The following actions failed
| - build minilight 1.6
+- 
- No changes have been performed
# Run eval $(opam env) to update the current shell environment
31 1532553847 1532553853