$ opam depext -iy -j 2 sosa.0.1.0
# Detecting depexts using vars: arch=x86_64, os=linux, os-distribution=ubuntu, os-family=debian
# The following system packages are needed:
m4
# All required OS packages found.
# Now letting OPAM install the packages
The following actions will be performed:
  - install ocamlbuild 0.12.0 [required by sosa]
  - install sosa       0.1.0
===== 2 to install =====

<><> Gathering sources ><><><><><><><><><><><><><><><><><><><><><><><><><><><><>
[ocamlbuild.0.12.0] found in cache
[sosa.0.1.0] found in cache

<><> Processing actions <><><><><><><><><><><><><><><><><><><><><><><><><><><><>
-> installed ocamlbuild.0.12.0
[ERROR] The compilation of sosa failed at "/usr/bin/make build".

#=== ERROR while compiling sosa.0.1.0 =========================================#
# context              2.0.0~rc3 | linux/x86_64 | ocaml-base-compiler.4.06.1 | git+file:///home/opam/opam-repository
# path                 ~/.opam/4.06/.opam-switch/build/sosa.0.1.0
# command              /usr/bin/make build
# exit-code            2
# env-file             ~/.opam/log/sosa-13-e80101.env
# output-file          ~/.opam/log/sosa-13-e80101.out
### output ###
# ocamlbuild sosa.cmo sosa.cmx sosa.cma sosa.cmxa sosa.cmxs
# /home/opam/.opam/4.06/bin/ocamldep.opt -modules sosa.ml > sosa.ml.depends
# /home/opam/.opam/4.06/bin/ocamlc.opt -c -o sosa.cmo sosa.ml
# + /home/opam/.opam/4.06/bin/ocamlc.opt -c -o sosa.cmo sosa.ml
# File "sosa.ml", line 603, characters 10-26:
# Warning 3: deprecated: Internal_pervasives.String.set
# Use BytesLabels.set instead.
# File "sosa.ml", line 584, characters 45-760:
# Error: Signature mismatch:
#        ...
#        Values do not match:
#          val write_to_native_string :
#            char ->
#            buf:bytes -> index:int -> (int, [> `out_of_bounds ]) result
#        is not included in
#          val write_to_native_string :
#            t ->
#            buf:String.t -> index:int -> (int, [> `out_of_bounds ]) result
#        File "sosa.ml", line 84, characters 2-96: Expected declaration
#        File "sosa.ml", line 602, characters 8-30: Actual declaration
# Command exited with code 2.
# Makefile:17: recipe for target 'build' failed
# make: *** [build] Error 10



<><> Error report <><><><><><><><><><><><><><><><><><><><><><><><><><><><><><><>
+- The following actions failed
| - build sosa 0.1.0
+- 
+- The following changes have been performed
| - install ocamlbuild 0.12.0
+- 
# Run eval $(opam env) to update the current shell environment

The former state can be restored with:
    opam switch import "/home/opam/.opam/4.06/.opam-switch/backup/state-20180721055002.export"
31 1532152200 1532152212