$ opam depext -iy -j 2 annexlib.0.13.5
# Detecting depexts using vars: arch=x86_64, os=linux, os-distribution=fedora, os-family=fedora
# The following system packages are needed:
m4
pcre-devel
pkgconfig
Name        : m4
Version     : 1.4.18
Release     : 6.fc28
Architecture: x86_64
Install Date: Mon Aug 13 20:10:30 2018
Group       : Applications/Text
Size        : 372272
License     : GPLv3+
Signature   : RSA/SHA256, Sun Feb 25 11:01:47 2018, Key ID e08e7e629db62fb1
Source RPM  : m4-1.4.18-6.fc28.src.rpm
Build Date  : Sun Feb 25 10:58:14 2018
Build Host  : buildvm-25.phx2.fedoraproject.org
Relocations : (not relocatable)
Packager    : Fedora Project
Vendor      : Fedora Project
URL         : http://www.gnu.org/software/m4/
Bug URL     : https://bugz.fedoraproject.org/m4
Summary     : The GNU macro processor
Description :
A GNU implementation of the traditional UNIX macro processor.  M4 is
useful for writing text files which can be logically parsed, and is used
by many programs as part of their build process.  M4 has built-in
functions for including files, running shell commands, doing arithmetic,
etc.  The autoconf program needs m4 for generating configure scripts, but
not for running configure scripts.

Install m4 if you need a macro processor.
package pcre-devel is not installed
package pkgconfig is not installed
# The following new OS packages need to be installed: pcre-devel pkgconfig
The following command needs to be run through "sudo":
    yum install -y pcre-devel pkgconfig
Last metadata expiration check: 4:53:47 ago on Mon Aug 13 20:10:07 2018.
Package pkgconf-pkg-config-1.4.2-1.fc28.x86_64 is already installed, skipping.
Dependencies resolved.
================================================================================
 Package            Arch           Version                Repository       Size
================================================================================
Installing:
 pcre-devel         x86_64         8.42-2.fc28            updates         550 k
Installing dependencies:
 pcre-cpp           x86_64         8.42-2.fc28            updates          46 k
 pcre-utf16         x86_64         8.42-2.fc28            updates         193 k
 pcre-utf32         x86_64         8.42-2.fc28            updates         184 k

Transaction Summary
================================================================================
Install  4 Packages

Total download size: 973 k
Installed size: 2.6 M
Downloading Packages:
(1/4): pcre-cpp-8.42-2.fc28.x86_64.rpm          1.2 MB/s |  46 kB     00:00    
(2/4): pcre-utf16-8.42-2.fc28.x86_64.rpm        2.7 MB/s | 193 kB     00:00    
(3/4): pcre-utf32-8.42-2.fc28.x86_64.rpm        3.0 MB/s | 184 kB     00:00    
(4/4): pcre-devel-8.42-2.fc28.x86_64.rpm        4.3 MB/s | 550 kB     00:00    
--------------------------------------------------------------------------------
Total                                           1.1 MB/s | 973 kB     00:00     
Running transaction check
Transaction check succeeded.
Running transaction test
Transaction test succeeded.
Running transaction
  Preparing        :                                                        1/1 
  Installing       : pcre-utf32-8.42-2.fc28.x86_64                          1/4 
  Installing       : pcre-utf16-8.42-2.fc28.x86_64                          2/4 
  Installing       : pcre-cpp-8.42-2.fc28.x86_64                            3/4 
  Installing       : pcre-devel-8.42-2.fc28.x86_64                          4/4 
  Running scriptlet: pcre-devel-8.42-2.fc28.x86_64                          4/4 
  Verifying        : pcre-devel-8.42-2.fc28.x86_64                          1/4 
  Verifying        : pcre-cpp-8.42-2.fc28.x86_64                            2/4 
  Verifying        : pcre-utf16-8.42-2.fc28.x86_64                          3/4 
  Verifying        : pcre-utf32-8.42-2.fc28.x86_64                          4/4 

Installed:
  pcre-devel.x86_64 8.42-2.fc28          pcre-cpp.x86_64 8.42-2.fc28           
  pcre-utf16.x86_64 8.42-2.fc28          pcre-utf32.x86_64 8.42-2.fc28         

Complete!
The following command needs to be run through "sudo":
    rpm -q --whatprovides pcre-devel pkgconfig
pcre-devel-8.42-2.fc28.x86_64
pkgconf-pkg-config-1.4.2-1.fc28.x86_64
# OS packages installation successful
# Now letting OPAM install the packages
The following actions will be performed:
  - install sexplib0        v0.11.0 [required by base]
  - install base-bytes      base    [required by pcre]
  - install conf-pkg-config 1.1     [required by conf-libpcre]
  - install base            v0.11.1 [required by pcre]
  - install conf-libpcre    1       [required by pcre]
  - install stdio           v0.11.0 [required by pcre]
  - install configurator    v0.11.0 [required by pcre]
  - install pcre            7.3.4   [required by annexlib]
  - install annexlib        0.13.5
===== 9 to install =====

<><> Gathering sources ><><><><><><><><><><><><><><><><><><><><><><><><><><><><>
[annexlib.0.13.5] found in cache
[base.v0.11.1] found in cache
[configurator.v0.11.0] found in cache
[pcre.7.3.4] found in cache
[sexplib0.v0.11.0] found in cache
[stdio.v0.11.0] found in cache

<><> Processing actions <><><><><><><><><><><><><><><><><><><><><><><><><><><><>
-> installed base-bytes.base
-> installed conf-pkg-config.1.1
-> installed conf-libpcre.1
-> installed sexplib0.v0.11.0
-> installed base.v0.11.1
-> installed stdio.v0.11.0
-> installed configurator.v0.11.0
-> installed pcre.7.3.4
[ERROR] The compilation of annexlib failed at "/usr/bin/make all".

#=== ERROR while compiling annexlib.0.13.5 ====================================#
# context              2.0.0 | linux/x86_64 | ocaml-base-compiler.4.06.1 | git+file:///home/opam/opam-repository
# path                 ~/.opam/4.06/.opam-switch/build/annexlib.0.13.5
# command              /usr/bin/make all
# exit-code            2
# env-file             ~/.opam/log/annexlib-10-130d46.env
# output-file          ~/.opam/log/annexlib-10-130d46.out
### output ###
# make[1]: Entering directory '/home/opam/.opam/4.06/.opam-switch/build/annexlib.0.13.5'
# making ._bcdi/variant.di from variant.mli
# making ._bcdi/syslog.di from syslog.mli
# making ._bcdi/find.di from find.mli
# making ._bcdi/glob.di from glob.mli
# making ._bcdi/unixExtras.di from unixExtras.mli
# making ._bcdi/time.di from time.mli
# making ._bcdi/iOExtras.di from iOExtras.mli
# making ._bcdi/strExtras.di from strExtras.mli
# making ._bcdi/charExtras.di from charExtras.mli
# making ._bcdi/locale.di from locale.mli
# making ._bcdi/option.di from option.mli
# making ._bcdi/listExtras.di from listExtras.mli
# making ._bcdi/arrayExtras.di from arrayExtras.mli
# making ._d/variant.d from variant.ml
# making ._d/syslog.d from syslog.ml
# making ._d/find.d from find.ml
# making ._d/glob.d from glob.ml
# making ._d/unixExtras.d from unixExtras.ml
# making ._d/time.d from time.ml
# making ._d/iOExtras.d from iOExtras.ml
# making ._d/strExtras.d from strExtras.ml
# making ._d/charExtras.d from charExtras.ml
# making ._d/locale.d from locale.ml
# making ._d/option.d from option.ml
# making ._d/listExtras.d from listExtras.ml
# making ._d/arrayExtras.d from arrayExtras.ml
# ocamlc -c -cc "gcc" -ccopt "-fPIC -DPIC -g -O2 -fPIC -DPIC -Wall -Wno-unused \
# 			    -o util_stubs.o " util_stubs.c 
# util_stubs.c: In function 'stew_strptime_tm':
# util_stubs.c:400:7: warning: implicit declaration of function 'strptime'; did you mean 'strftime'? [-Wimplicit-function-declaration]
#    s = strptime(String_val(time_str), String_val(fmt), &tm);
#        ^~~~~~~~
#        strftime
# util_stubs.c:400:5: warning: assignment to 'char *' from 'int' makes pointer from integer without a cast [-Wint-conversion]
#    s = strptime(String_val(time_str), String_val(fmt), &tm);
#      ^
# ar rcs libannexlib_stubs.a  util_stubs.o
# ocamlfind ocamlc -package pcre,unix -c arrayExtras.mli
# ocamlfind ocamlc -package pcre,unix -c arrayExtras.ml
# ocamlfind ocamlc -package pcre,unix -c listExtras.mli
# ocamlfind ocamlc -package pcre,unix -c listExtras.ml
# ocamlfind ocamlc -package pcre,unix -c option.mli
# ocamlfind ocamlc -package pcre,unix -c option.ml
# ocamlfind ocamlc -package pcre,unix -c locale.mli
# ocamlfind ocamlc -package pcre,unix -c locale.ml
# ocamlfind ocamlc -package pcre,unix -c charExtras.mli
# ocamlfind ocamlc -package pcre,unix -c charExtras.ml
# File "charExtras.ml", line 31, characters 35-37:
# Warning 3: deprecated: Pervasives.or
# Use (||) instead.
# ocamlfind ocamlc -package pcre,unix -c strExtras.mli
# ocamlfind ocamlc -package pcre,unix -c strExtras.ml
# File "strExtras.ml", line 143, characters 13-26:
# Warning 3: deprecated: String.create
# Use Bytes.create instead.
# File "strExtras.ml", line 145, characters 6-23:
# Warning 3: deprecated: String.unsafe_set
# File "strExtras.ml", line 151, characters 13-26:
# Warning 3: deprecated: String.create
# Use Bytes.create instead.
# File "strExtras.ml", line 153, characters 6-23:
# Warning 3: deprecated: String.unsafe_set
# File "strExtras.ml", line 160, characters 6-23:
# Warning 3: deprecated: String.unsafe_set
# File "strExtras.ml", line 160, characters 24-27:
# Error: This expression has type string but an expression was expected of type
#          bytes
# make[1]: *** [OCamlMakefile:935: strExtras.cmo] Error 2
# make[1]: Leaving directory '/home/opam/.opam/4.06/.opam-switch/build/annexlib.0.13.5'
# make: *** [OCamlMakefile:700: byte-code-library] Error 2



<><> Error report <><><><><><><><><><><><><><><><><><><><><><><><><><><><><><><>
+- The following actions failed
| - build annexlib 0.13.5
+- 
+- The following changes have been performed
| - install base            v0.11.1
| - install base-bytes      base
| - install conf-libpcre    1
| - install conf-pkg-config 1.1
| - install configurator    v0.11.0
| - install pcre            7.3.4
| - install sexplib0        v0.11.0
| - install stdio           v0.11.0
+- 
# Run eval $(opam env) to update the current shell environment

The former state can be restored with:
    opam switch import "/home/opam/.opam/4.06/.opam-switch/backup/state-20180814010358.export"
31 1534208629 1534208682