$ opam depext -iy -j 2 lbvs_consent.1.1.2
# Detecting depexts using vars: arch=x86_64, os=linux, os-distribution=fedora, os-family=fedora
# The following system packages are needed:
autoconf
boost-devel
m4
pkgconfig
python2
which
zlib-devel
package autoconf is not installed
package boost-devel is not installed
Name        : m4
Version     : 1.4.18
Release     : 6.fc28
Architecture: x86_64
Install Date: Mon Aug 13 20:10:30 2018
Group       : Applications/Text
Size        : 372272
License     : GPLv3+
Signature   : RSA/SHA256, Sun Feb 25 11:01:47 2018, Key ID e08e7e629db62fb1
Source RPM  : m4-1.4.18-6.fc28.src.rpm
Build Date  : Sun Feb 25 10:58:14 2018
Build Host  : buildvm-25.phx2.fedoraproject.org
Relocations : (not relocatable)
Packager    : Fedora Project
Vendor      : Fedora Project
URL         : http://www.gnu.org/software/m4/
Bug URL     : https://bugz.fedoraproject.org/m4
Summary     : The GNU macro processor
Description :
A GNU implementation of the traditional UNIX macro processor.  M4 is
useful for writing text files which can be logically parsed, and is used
by many programs as part of their build process.  M4 has built-in
functions for including files, running shell commands, doing arithmetic,
etc.  The autoconf program needs m4 for generating configure scripts, but
not for running configure scripts.

Install m4 if you need a macro processor.
package pkgconfig is not installed
Name        : python2
Version     : 2.7.15
Release     : 2.fc28
Architecture: x86_64
Install Date: Mon Aug 13 06:24:35 2018
Group       : Development/Languages
Size        : 80738
License     : Python
Signature   : RSA/SHA256, Thu May 17 13:51:08 2018, Key ID e08e7e629db62fb1
Source RPM  : python2-2.7.15-2.fc28.src.rpm
Build Date  : Wed May 16 18:20:32 2018
Build Host  : buildhw-09.phx2.fedoraproject.org
Relocations : (not relocatable)
Packager    : Fedora Project
Vendor      : Fedora Project
URL         : https://www.python.org/
Bug URL     : https://bugz.fedoraproject.org/python2
Summary     : An interpreted, interactive, object-oriented programming language
Description :
Python 2 is an old version of the language that is incompatible with the 3.x
line of releases. The language is mostly the same, but many details, especially
how built-in objects like dictionaries and strings work, have changed
considerably, and a lot of deprecated features have finally been removed in the
3.x line.

Note that documentation for Python 2 is provided in the python2-docs
package.

This package provides the "python2" executable; most of the actual
implementation is within the "python2-libs" package.
Name        : which
Version     : 2.21
Release     : 8.fc28
Architecture: x86_64
Install Date: Mon Aug 13 06:26:19 2018
Group       : Unspecified
Size        : 79310
License     : GPLv3
Signature   : RSA/SHA256, Fri Feb 16 17:11:18 2018, Key ID e08e7e629db62fb1
Source RPM  : which-2.21-8.fc28.src.rpm
Build Date  : Fri Feb 16 17:06:50 2018
Build Host  : buildvm-05.phx2.fedoraproject.org
Relocations : (not relocatable)
Packager    : Fedora Project
Vendor      : Fedora Project
URL         : https://savannah.gnu.org/projects/which/
Summary     : Displays where a particular program in your path is located
Description :
The which command shows the full pathname of a specified program, if
the specified program is in your PATH.
package zlib-devel is not installed
# The following new OS packages need to be installed: autoconf boost-devel pkgconfig zlib-devel
The following command needs to be run through "sudo":
    yum install -y autoconf boost-devel pkgconfig zlib-devel
Last metadata expiration check: 4:53:02 ago on Mon Aug 13 20:10:07 2018.
Package pkgconf-pkg-config-1.4.2-1.fc28.x86_64 is already installed, skipping.
Dependencies resolved.
================================================================================
 Package                    Arch        Version              Repository    Size
================================================================================
Installing:
 autoconf                   noarch      2.69-27.fc28         fedora       710 k
 boost-devel                x86_64      1.66.0-8.fc28        updates       10 M
 zlib-devel                 x86_64      1.2.11-8.fc28        updates       55 k
Installing dependencies:
 boost                      x86_64      1.66.0-8.fc28        updates       50 k
 boost-container            x86_64      1.66.0-8.fc28        updates       82 k
 boost-context              x86_64      1.66.0-8.fc28        updates       54 k
 boost-coroutine            x86_64      1.66.0-8.fc28        updates       70 k
 boost-fiber                x86_64      1.66.0-8.fc28        updates      165 k
 boost-filesystem           x86_64      1.66.0-8.fc28        updates       88 k
 boost-graph                x86_64      1.66.0-8.fc28        updates      152 k
 boost-iostreams            x86_64      1.66.0-8.fc28        updates       78 k
 boost-locale               x86_64      1.66.0-8.fc28        updates      304 k
 boost-log                  x86_64      1.66.0-8.fc28        updates      486 k
 boost-math                 x86_64      1.66.0-8.fc28        updates      303 k
 boost-numpy                x86_64      1.66.0-8.fc28        updates       65 k
 boost-program-options      x86_64      1.66.0-8.fc28        updates      179 k
 boost-python2              x86_64      1.66.0-8.fc28        updates      136 k
 boost-random               x86_64      1.66.0-8.fc28        updates       61 k
 boost-regex                x86_64      1.66.0-8.fc28        updates      320 k
 boost-serialization        x86_64      1.66.0-8.fc28        updates      163 k
 boost-signals              x86_64      1.66.0-8.fc28        updates       78 k
 boost-stacktrace           x86_64      1.66.0-8.fc28        updates       75 k
 boost-test                 x86_64      1.66.0-8.fc28        updates      290 k
 boost-timer                x86_64      1.66.0-8.fc28        updates       60 k
 boost-type_erasure         x86_64      1.66.0-8.fc28        updates       69 k
 boost-wave                 x86_64      1.66.0-8.fc28        updates      230 k
 libgfortran                x86_64      8.1.1-5.fc28         updates      656 k
 libicu                     x86_64      60.2-2.fc28          fedora       8.8 M
 libicu-devel               x86_64      60.2-2.fc28          fedora       920 k
 libquadmath                x86_64      8.1.1-5.fc28         updates      186 k
 libquadmath-devel          x86_64      8.1.1-5.fc28         updates       39 k
 openblas                   x86_64      0.3.2-1.fc28         updates       29 k
 openblas-serial            x86_64      0.3.2-1.fc28         updates      4.5 M
 openblas-threads           x86_64      0.3.2-1.fc28         updates      4.7 M
 python2-nose               noarch      1.3.7-19.fc28        fedora       267 k
 python2-numpy              x86_64      1:1.14.5-1.fc28      updates      3.7 M

Transaction Summary
================================================================================
Install  36 Packages

Total download size: 38 M
Installed size: 258 M
Downloading Packages:
(1/36): boost-1.66.0-8.fc28.x86_64.rpm          437 kB/s |  50 kB     00:00    
(2/36): boost-devel-1.66.0-8.fc28.x86_64.rpm     25 MB/s |  10 MB     00:00    
(3/36): autoconf-2.69-27.fc28.noarch.rpm        1.6 MB/s | 710 kB     00:00    
(4/36): boost-container-1.66.0-8.fc28.x86_64.rp 2.0 MB/s |  82 kB     00:00    
(5/36): boost-context-1.66.0-8.fc28.x86_64.rpm  2.1 MB/s |  54 kB     00:00    
(6/36): boost-coroutine-1.66.0-8.fc28.x86_64.rp 4.1 MB/s |  70 kB     00:00    
(7/36): boost-fiber-1.66.0-8.fc28.x86_64.rpm    6.2 MB/s | 165 kB     00:00    
(8/36): boost-filesystem-1.66.0-8.fc28.x86_64.r 2.3 MB/s |  88 kB     00:00    
(9/36): boost-graph-1.66.0-8.fc28.x86_64.rpm    6.0 MB/s | 152 kB     00:00    
(10/36): boost-iostreams-1.66.0-8.fc28.x86_64.r 3.3 MB/s |  78 kB     00:00    
(11/36): boost-log-1.66.0-8.fc28.x86_64.rpm      10 MB/s | 486 kB     00:00    
(12/36): boost-math-1.66.0-8.fc28.x86_64.rpm    8.3 MB/s | 303 kB     00:00    
(13/36): libicu-devel-60.2-2.fc28.x86_64.rpm    1.7 MB/s | 920 kB     00:00    
(14/36): boost-numpy-1.66.0-8.fc28.x86_64.rpm   1.5 MB/s |  65 kB     00:00    
(15/36): boost-python2-1.66.0-8.fc28.x86_64.rpm 3.4 MB/s | 136 kB     00:00    
(16/36): boost-program-options-1.66.0-8.fc28.x8 2.5 MB/s | 179 kB     00:00    
(17/36): boost-random-1.66.0-8.fc28.x86_64.rpm  1.4 MB/s |  61 kB     00:00    
(18/36): boost-regex-1.66.0-8.fc28.x86_64.rpm   6.7 MB/s | 320 kB     00:00    
(19/36): boost-locale-1.66.0-8.fc28.x86_64.rpm  1.2 MB/s | 304 kB     00:00    
(20/36): boost-serialization-1.66.0-8.fc28.x86_ 4.0 MB/s | 163 kB     00:00    
(21/36): boost-stacktrace-1.66.0-8.fc28.x86_64. 3.8 MB/s |  75 kB     00:00    
(22/36): boost-signals-1.66.0-8.fc28.x86_64.rpm 2.2 MB/s |  78 kB     00:00    
(23/36): boost-test-1.66.0-8.fc28.x86_64.rpm    7.9 MB/s | 290 kB     00:00    
(24/36): boost-timer-1.66.0-8.fc28.x86_64.rpm   1.8 MB/s |  60 kB     00:00    
(25/36): boost-type_erasure-1.66.0-8.fc28.x86_6 2.2 MB/s |  69 kB     00:00    
(26/36): boost-wave-1.66.0-8.fc28.x86_64.rpm    7.1 MB/s | 230 kB     00:00    
(27/36): zlib-devel-1.2.11-8.fc28.x86_64.rpm    1.8 MB/s |  55 kB     00:00    
(28/36): libquadmath-devel-8.1.1-5.fc28.x86_64. 1.9 MB/s |  39 kB     00:00    
(29/36): libquadmath-8.1.1-5.fc28.x86_64.rpm    7.1 MB/s | 186 kB     00:00    
(30/36): python2-nose-1.3.7-19.fc28.noarch.rpm  1.7 MB/s | 267 kB     00:00    
(31/36): python2-numpy-1.14.5-1.fc28.x86_64.rpm  15 MB/s | 3.7 MB     00:00    
(32/36): libgfortran-8.1.1-5.fc28.x86_64.rpm     11 MB/s | 656 kB     00:00    
(33/36): openblas-0.3.2-1.fc28.x86_64.rpm       1.6 MB/s |  29 kB     00:00    
(34/36): openblas-threads-0.3.2-1.fc28.x86_64.r  24 MB/s | 4.7 MB     00:00    
(35/36): openblas-serial-0.3.2-1.fc28.x86_64.rp  11 MB/s | 4.5 MB     00:00    
(36/36): libicu-60.2-2.fc28.x86_64.rpm          5.1 MB/s | 8.8 MB     00:01    
--------------------------------------------------------------------------------
Total                                           9.9 MB/s |  38 MB     00:03     
Running transaction check
Transaction check succeeded.
Running transaction test
Transaction test succeeded.
Running transaction
  Preparing        :                                                        1/1 
  Installing       : libicu-60.2-2.fc28.x86_64                             1/36 
  Running scriptlet: libicu-60.2-2.fc28.x86_64                             1/36 
  Installing       : boost-filesystem-1.66.0-8.fc28.x86_64                 2/36 
  Installing       : boost-regex-1.66.0-8.fc28.x86_64                      3/36 
  Installing       : boost-context-1.66.0-8.fc28.x86_64                    4/36 
  Installing       : boost-timer-1.66.0-8.fc28.x86_64                      5/36 
  Installing       : boost-python2-1.66.0-8.fc28.x86_64                    6/36 
  Installing       : boost-test-1.66.0-8.fc28.x86_64                       7/36 
  Installing       : boost-coroutine-1.66.0-8.fc28.x86_64                  8/36 
  Installing       : boost-fiber-1.66.0-8.fc28.x86_64                      9/36 
  Installing       : boost-graph-1.66.0-8.fc28.x86_64                     10/36 
  Installing       : boost-log-1.66.0-8.fc28.x86_64                       11/36 
  Installing       : boost-wave-1.66.0-8.fc28.x86_64                      12/36 
  Installing       : boost-locale-1.66.0-8.fc28.x86_64                    13/36 
  Installing       : openblas-0.3.2-1.fc28.x86_64                         14/36 
  Running scriptlet: openblas-0.3.2-1.fc28.x86_64                         14/36 
  Installing       : libquadmath-8.1.1-5.fc28.x86_64                      15/36 
  Running scriptlet: libquadmath-8.1.1-5.fc28.x86_64                      15/36 
  Installing       : libgfortran-8.1.1-5.fc28.x86_64                      16/36 
  Running scriptlet: libgfortran-8.1.1-5.fc28.x86_64                      16/36 
  Installing       : boost-type_erasure-1.66.0-8.fc28.x86_64              17/36 
  Installing       : boost-stacktrace-1.66.0-8.fc28.x86_64                18/36 
  Installing       : boost-signals-1.66.0-8.fc28.x86_64                   19/36 
  Installing       : boost-serialization-1.66.0-8.fc28.x86_64             20/36 
  Installing       : boost-random-1.66.0-8.fc28.x86_64                    21/36 
  Installing       : boost-program-options-1.66.0-8.fc28.x86_64           22/36 
  Installing       : boost-math-1.66.0-8.fc28.x86_64                      23/36 
  Installing       : boost-iostreams-1.66.0-8.fc28.x86_64                 24/36 
  Installing       : boost-container-1.66.0-8.fc28.x86_64                 25/36 
  Installing       : openblas-threads-0.3.2-1.fc28.x86_64                 26/36 
  Running scriptlet: openblas-threads-0.3.2-1.fc28.x86_64                 26/36 
  Installing       : openblas-serial-0.3.2-1.fc28.x86_64                  27/36 
  Installing       : libquadmath-devel-8.1.1-5.fc28.x86_64                28/36 
  Installing       : libicu-devel-60.2-2.fc28.x86_64                      29/36 
  Installing       : python2-nose-1.3.7-19.fc28.noarch                    30/36 
  Installing       : python2-numpy-1:1.14.5-1.fc28.x86_64                 31/36 
  Installing       : boost-numpy-1.66.0-8.fc28.x86_64                     32/36 
  Installing       : boost-1.66.0-8.fc28.x86_64                           33/36 
  Installing       : boost-devel-1.66.0-8.fc28.x86_64                     34/36 
  Installing       : zlib-devel-1.2.11-8.fc28.x86_64                      35/36 
  Installing       : autoconf-2.69-27.fc28.noarch                         36/36 
  Running scriptlet: autoconf-2.69-27.fc28.noarch                         36/36 
install-info: No such file or directory for /usr/share/info/autoconf.info
  Verifying        : autoconf-2.69-27.fc28.noarch                          1/36 
  Verifying        : boost-devel-1.66.0-8.fc28.x86_64                      2/36 
  Verifying        : boost-1.66.0-8.fc28.x86_64                            3/36 
  Verifying        : libicu-devel-60.2-2.fc28.x86_64                       4/36 
  Verifying        : boost-container-1.66.0-8.fc28.x86_64                  5/36 
  Verifying        : boost-context-1.66.0-8.fc28.x86_64                    6/36 
  Verifying        : boost-coroutine-1.66.0-8.fc28.x86_64                  7/36 
  Verifying        : boost-fiber-1.66.0-8.fc28.x86_64                      8/36 
  Verifying        : boost-filesystem-1.66.0-8.fc28.x86_64                 9/36 
  Verifying        : boost-graph-1.66.0-8.fc28.x86_64                     10/36 
  Verifying        : boost-iostreams-1.66.0-8.fc28.x86_64                 11/36 
  Verifying        : boost-locale-1.66.0-8.fc28.x86_64                    12/36 
  Verifying        : boost-log-1.66.0-8.fc28.x86_64                       13/36 
  Verifying        : boost-math-1.66.0-8.fc28.x86_64                      14/36 
  Verifying        : boost-numpy-1.66.0-8.fc28.x86_64                     15/36 
  Verifying        : boost-program-options-1.66.0-8.fc28.x86_64           16/36 
  Verifying        : boost-python2-1.66.0-8.fc28.x86_64                   17/36 
  Verifying        : boost-random-1.66.0-8.fc28.x86_64                    18/36 
  Verifying        : boost-regex-1.66.0-8.fc28.x86_64                     19/36 
  Verifying        : boost-serialization-1.66.0-8.fc28.x86_64             20/36 
  Verifying        : boost-signals-1.66.0-8.fc28.x86_64                   21/36 
  Verifying        : boost-stacktrace-1.66.0-8.fc28.x86_64                22/36 
  Verifying        : boost-test-1.66.0-8.fc28.x86_64                      23/36 
  Verifying        : boost-timer-1.66.0-8.fc28.x86_64                     24/36 
  Verifying        : boost-type_erasure-1.66.0-8.fc28.x86_64              25/36 
  Verifying        : boost-wave-1.66.0-8.fc28.x86_64                      26/36 
  Verifying        : libicu-60.2-2.fc28.x86_64                            27/36 
  Verifying        : zlib-devel-1.2.11-8.fc28.x86_64                      28/36 
  Verifying        : libquadmath-devel-8.1.1-5.fc28.x86_64                29/36 
  Verifying        : libquadmath-8.1.1-5.fc28.x86_64                      30/36 
  Verifying        : python2-numpy-1:1.14.5-1.fc28.x86_64                 31/36 
  Verifying        : python2-nose-1.3.7-19.fc28.noarch                    32/36 
  Verifying        : openblas-threads-0.3.2-1.fc28.x86_64                 33/36 
  Verifying        : libgfortran-8.1.1-5.fc28.x86_64                      34/36 
  Verifying        : openblas-0.3.2-1.fc28.x86_64                         35/36 
  Verifying        : openblas-serial-0.3.2-1.fc28.x86_64                  36/36 

Installed:
  autoconf.noarch 2.69-27.fc28                                                  
  boost-devel.x86_64 1.66.0-8.fc28                                              
  zlib-devel.x86_64 1.2.11-8.fc28                                               
  boost.x86_64 1.66.0-8.fc28                                                    
  boost-container.x86_64 1.66.0-8.fc28                                          
  boost-context.x86_64 1.66.0-8.fc28                                            
  boost-coroutine.x86_64 1.66.0-8.fc28                                          
  boost-fiber.x86_64 1.66.0-8.fc28                                              
  boost-filesystem.x86_64 1.66.0-8.fc28                                         
  boost-graph.x86_64 1.66.0-8.fc28                                              
  boost-iostreams.x86_64 1.66.0-8.fc28                                          
  boost-locale.x86_64 1.66.0-8.fc28                                             
  boost-log.x86_64 1.66.0-8.fc28                                                
  boost-math.x86_64 1.66.0-8.fc28                                               
  boost-numpy.x86_64 1.66.0-8.fc28                                              
  boost-program-options.x86_64 1.66.0-8.fc28                                    
  boost-python2.x86_64 1.66.0-8.fc28                                            
  boost-random.x86_64 1.66.0-8.fc28                                             
  boost-regex.x86_64 1.66.0-8.fc28                                              
  boost-serialization.x86_64 1.66.0-8.fc28                                      
  boost-signals.x86_64 1.66.0-8.fc28                                            
  boost-stacktrace.x86_64 1.66.0-8.fc28                                         
  boost-test.x86_64 1.66.0-8.fc28                                               
  boost-timer.x86_64 1.66.0-8.fc28                                              
  boost-type_erasure.x86_64 1.66.0-8.fc28                                       
  boost-wave.x86_64 1.66.0-8.fc28                                               
  libgfortran.x86_64 8.1.1-5.fc28                                               
  libicu.x86_64 60.2-2.fc28                                                     
  libicu-devel.x86_64 60.2-2.fc28                                               
  libquadmath.x86_64 8.1.1-5.fc28                                               
  libquadmath-devel.x86_64 8.1.1-5.fc28                                         
  openblas.x86_64 0.3.2-1.fc28                                                  
  openblas-serial.x86_64 0.3.2-1.fc28                                           
  openblas-threads.x86_64 0.3.2-1.fc28                                          
  python2-nose.noarch 1.3.7-19.fc28                                             
  python2-numpy.x86_64 1:1.14.5-1.fc28                                          

Complete!
The following command needs to be run through "sudo":
    rpm -q --whatprovides autoconf boost-devel pkgconfig zlib-devel
autoconf-2.69-27.fc28.noarch
boost-devel-1.66.0-8.fc28.x86_64
pkgconf-pkg-config-1.4.2-1.fc28.x86_64
zlib-devel-1.2.11-8.fc28.x86_64
# OS packages installation successful
# Now letting OPAM install the packages
The following actions will be performed:
  - install camlzip         1.07     [required by lbvs_consent]
  - install obuild          0.1.10   [required by lbvs_consent]
  - install conf-openbabel  0.1      [required by lbvs_consent]
  - install conf-rdkit      0.1      [required by lbvs_consent]
  - install conf-which      1        [required by conf-autoconf]
  - install base-bytes      base     [required by qcheck, qtest]
  - install ocamlbuild      0.12.0   [required by dolog, batteries, parmap]
  - install conf-pkg-config 1.1      [required by conf-boost]
  - install num             1.1      [required by batteries]
  - install conf-python-2-7 1.0      [required by lbvs_consent]
  - install minivpt         2.0.0    [required by lbvs_consent]
  - install conf-autoconf   0.1      [required by bitv]
  - install parmap          1.0-rc10 [required by lbvs_consent]
  - install ounit           2.0.8    [required by qcheck, qtest]
  - install dolog           3.0      [required by lbvs_consent]
  - install conf-boost      1        [required by lbvs_consent]
  - install batteries       2.8.0    [required by lbvs_consent]
  - install bitv            1.3      [required by lbvs_consent]
  - install qcheck          0.8      [required by lbvs_consent]
  - install cpm             4.0.0    [required by lbvs_consent]
  - install qtest           2.9      [required by lbvs_consent]
  - install lbvs_consent    1.1.2
===== 22 to install =====

<><> Gathering sources ><><><><><><><><><><><><><><><><><><><><><><><><><><><><>
[batteries.2.8.0] found in cache
[bitv.1.3] found in cache
[camlzip.1.07] found in cache
[cpm.4.0.0] found in cache
[dolog.3.0] found in cache
[lbvs_consent.1.1.2] found in cache
[minivpt.2.0.0] found in cache
[num.1.1] found in cache
[obuild.0.1.10] found in cache
[ocamlbuild.0.12.0] found in cache
[ounit.2.0.8] found in cache
[parmap.1.0-rc10] found in cache
[qcheck.0.8] found in cache
[qtest.2.9] found in cache

<><> Processing actions <><><><><><><><><><><><><><><><><><><><><><><><><><><><>
[ERROR] The compilation of conf-openbabel failed at "/usr/bin/c++ -I/usr/include/openbabel-2.0 test.cpp -lopenbabel".
[ERROR] The compilation of conf-rdkit failed at "/usr/bin/sh -c c++ test.cpp -o test -I/usr/local/include -L/usr/local/lib -lRDGeneral || \\\n              c++ test.cpp -o test -I/usr/local/include -L/usr/local/lib -lRDKitRDGeneral".
-> installed base-bytes.base
-> installed camlzip.1.07
-> installed conf-pkg-config.1.1
-> installed conf-boost.1
-> installed conf-python-2-7.1.0
-> installed conf-which.1
-> installed conf-autoconf.0.1
-> installed num.1.1
-> installed obuild.0.1.10
-> installed minivpt.2.0.0
-> installed ocamlbuild.0.12.0
-> installed bitv.1.3
-> installed dolog.3.0
-> installed ounit.2.0.8
-> installed parmap.1.0-rc10
-> installed qcheck.0.8
-> installed qtest.2.9
-> installed batteries.2.8.0
-> installed cpm.4.0.0

#=== ERROR while compiling conf-rdkit.0.1 =====================================#
# context              2.0.0 | linux/x86_64 | ocaml-base-compiler.4.06.1 | git+file:///home/opam/opam-repository
# path                 ~/.opam/4.06/.opam-switch/build/conf-rdkit.0.1
# command              /usr/bin/sh -c c++ test.cpp -o test -I/usr/local/include -L/usr/local/lib -lRDGeneral || \
              c++ test.cpp -o test -I/usr/local/include -L/usr/local/lib -lRDKitRDGeneral
# exit-code            1
# env-file             ~/.opam/log/conf-rdkit-10-8b8e2c.env
# output-file          ~/.opam/log/conf-rdkit-10-8b8e2c.out
### output ###
# test.cpp:2:10: fatal error: rdkit/RDGeneral/versions.h: No such file or directory
#  #include "rdkit/RDGeneral/versions.h"
#           ^~~~~~~~~~~~~~~~~~~~~~~~~~~~
# compilation terminated.
# test.cpp:2:10: fatal error: rdkit/RDGeneral/versions.h: No such file or directory
#  #include "rdkit/RDGeneral/versions.h"
#           ^~~~~~~~~~~~~~~~~~~~~~~~~~~~
# compilation terminated.


#=== ERROR while compiling conf-openbabel.0.1 =================================#
# context              2.0.0 | linux/x86_64 | ocaml-base-compiler.4.06.1 | git+file:///home/opam/opam-repository
# path                 ~/.opam/4.06/.opam-switch/build/conf-openbabel.0.1
# command              /usr/bin/c++ -I/usr/include/openbabel-2.0 test.cpp -lopenbabel
# exit-code            1
# env-file             ~/.opam/log/conf-openbabel-10-e80101.env
# output-file          ~/.opam/log/conf-openbabel-10-e80101.out
### output ###
# test.cpp:1:10: fatal error: openbabel/mol.h: No such file or directory
#  #include <openbabel/mol.h>
#           ^~~~~~~~~~~~~~~~~
# compilation terminated.



<><> Error report <><><><><><><><><><><><><><><><><><><><><><><><><><><><><><><>
+- The following actions failed
| - build conf-openbabel 0.1
| - build conf-rdkit     0.1
+- 
+- The following changes have been performed (the rest was aborted)
| - install base-bytes      base
| - install batteries       2.8.0
| - install bitv            1.3
| - install camlzip         1.07
| - install conf-autoconf   0.1
| - install conf-boost      1
| - install conf-pkg-config 1.1
| - install conf-python-2-7 1.0
| - install conf-which      1
| - install cpm             4.0.0
| - install dolog           3.0
| - install minivpt         2.0.0
| - install num             1.1
| - install obuild          0.1.10
| - install ocamlbuild      0.12.0
| - install ounit           2.0.8
| - install parmap          1.0-rc10
| - install qcheck          0.8
| - install qtest           2.9
+- 
# Run eval $(opam env) to update the current shell environment

The former state can be restored with:
    opam switch import "/home/opam/.opam/4.06/.opam-switch/backup/state-20180814010327.export"
31 1534208585 1534208649