$ opam depext -iy -j 2 future.0.2.0
# Detecting depexts using vars: arch=x86_64, os=linux, os-distribution=debian, os-family=debian
# The following system packages are needed:
m4
# All required OS packages found.
# Now letting OPAM install the packages
The following actions will be performed:
  - install re                      1.7.3          [required by ppx_expect]
  - install base-bytes              base           [required by cppo]
  - install ocamlgraph              1.8.8          [required by solvuu-build]
  - install ppx_tools               5.0            [required by ppx_bench, ppx_assert, ppx_expect]
  - install ppx_derivers            1.0            [required by ppx_deriving]
  - install result                  1.3            [required by core_kernel]
  - install ocamlbuild              0.12.0         [required by future]
  - install cppo                    1.6.4          [required by ppx_deriving]
  - install ocaml-migrate-parsetree 1.0.11         [required by ppx_deriving]
  - install variantslib             113.24.00      [required by core]
  - install typerep                 113.24.00      [required by core]
  - install solvuu-build            0.2.0          [required by future]
  - install sexplib                 113.33.00+4.03 [required by core]
  - install ppx_core                113.33.01+4.03 [required by ppx_bench, ppx_assert, ppx_expect]
  - install fieldslib               113.24.00      [required by core]
  - install bin_prot                113.33.00+4.03 [required by core]
  - install cppo_ocamlbuild         1.6.0          [required by ppx_deriving]
  - install ppx_optcomp             113.33.01+4.03 [required by ppx_driver]
  - install ppx_deriving            4.2.1          [required by ppx_type_conv]
  - install ppx_driver              113.33.02+4.03 [required by core]
  - install ppx_type_conv           113.33.02+4.03 [required by ppx_assert]
  - install ppx_pipebang            113.33.00+4.03 [required by ppx_jane]
  - install ppx_let                 113.33.00+4.03 [required by ppx_jane]
  - install ppx_inline_test         113.33.00+4.03 [required by core]
  - install ppx_here                113.33.00      [required by ppx_assert, ppx_jane]
  - install ppx_variants_conv       113.33.00+4.03 [required by ppx_expect, ppx_jane]
  - install ppx_typerep_conv        113.33.00+4.03 [required by ppx_jane]
  - install ppx_sexp_conv           113.33.01+4.03 [required by ppx_expect, ppx_assert, ppx_jane]
  - install ppx_fields_conv         113.33.00+4.03 [required by ppx_expect, ppx_jane]
  - install ppx_enumerate           113.33.00+4.03 [required by ppx_jane]
  - install ppx_compare             113.33.00+4.03 [required by ppx_expect, ppx_assert, ppx_jane]
  - install ppx_bin_prot            113.33.00+4.03 [required by ppx_jane]
  - install ppx_bench               113.33.00+4.03 [required by core]
  - install ppx_fail                113.33.00+4.03 [required by ppx_jane]
  - install ppx_sexp_value          113.33.00+4.03 [required by ppx_jane]
  - install ppx_sexp_message        113.33.00+4.03 [required by ppx_jane]
  - install ppx_custom_printf       113.33.00+4.03 [required by ppx_expect, ppx_jane]
  - install ppx_assert              113.33.00      [required by core]
  - install ppx_expect              113.33.01+4.03 [required by core]
  - install ppx_jane                113.33.00      [required by core]
  - install core_kernel             113.33.02+4.03 [required by cfstream, core]
  - install core                    113.33.02+4.03 [required by future]
  - install cfstream                1.2.1          [required by future]
  - install future                  0.2.0
===== 44 to install =====

<><> Gathering sources ><><><><><><><><><><><><><><><><><><><><><><><><><><><><>
[bin_prot.113.33.00+4.03] found in cache
[cfstream.1.2.1] found in cache
[core.113.33.02+4.03] found in cache
[core_kernel.113.33.02+4.03] found in cache
[cppo.1.6.4] found in cache
[cppo_ocamlbuild.1.6.0] found in cache
[fieldslib.113.24.00] found in cache
[future.0.2.0] found in cache
[ocaml-migrate-parsetree.1.0.11] found in cache
[ocamlbuild.0.12.0] found in cache
[ocamlgraph.1.8.8] found in cache
[ppx_assert.113.33.00] found in cache
[ppx_bench.113.33.00+4.03] found in cache
[ppx_bin_prot.113.33.00+4.03] found in cache
[ppx_compare.113.33.00+4.03] found in cache
[ppx_core.113.33.01+4.03] found in cache
[ppx_custom_printf.113.33.00+4.03] found in cache
[ppx_derivers.1.0] found in cache
[ppx_deriving.4.2.1] found in cache
[ppx_driver.113.33.02+4.03] found in cache
[ppx_enumerate.113.33.00+4.03] found in cache
[ppx_expect.113.33.01+4.03] found in cache
[ppx_fail.113.33.00+4.03] found in cache
[ppx_fields_conv.113.33.00+4.03] found in cache
[ppx_here.113.33.00] found in cache
[ppx_inline_test.113.33.00+4.03] found in cache
[ppx_jane.113.33.00] found in cache
[ppx_let.113.33.00+4.03] found in cache
[ppx_optcomp.113.33.01+4.03] found in cache
[ppx_pipebang.113.33.00+4.03] found in cache
[ppx_sexp_conv.113.33.01+4.03] found in cache
[ppx_sexp_message.113.33.00+4.03] found in cache
[ppx_sexp_value.113.33.00+4.03] found in cache
[ppx_tools.5.0] found in cache
[ppx_type_conv.113.33.02+4.03] found in cache
[ppx_typerep_conv.113.33.00+4.03] found in cache
[ppx_variants_conv.113.33.00+4.03] found in cache
[re.1.7.3] found in cache
[result.1.3] found in cache
[sexplib.113.33.00+4.03] found in cache
[solvuu-build.0.2.0] found in cache
[typerep.113.24.00] found in cache
[variantslib.113.24.00] found in cache

<><> Processing actions <><><><><><><><><><><><><><><><><><><><><><><><><><><><>
-> installed base-bytes.base
-> installed ocamlbuild.0.12.0
-> installed bin_prot.113.33.00+4.03
-> installed cppo.1.6.4
-> installed cppo_ocamlbuild.1.6.0
-> installed fieldslib.113.24.00
-> installed ocamlgraph.1.8.8
-> installed ppx_derivers.1.0
-> installed ppx_tools.5.0
-> installed re.1.7.3
-> installed result.1.3
-> installed ocaml-migrate-parsetree.1.0.11
-> installed ppx_core.113.33.01+4.03
-> installed ppx_deriving.4.2.1
-> installed sexplib.113.33.00+4.03
-> installed solvuu-build.0.2.0
-> installed typerep.113.24.00
-> installed variantslib.113.24.00
[ERROR] The compilation of ppx_optcomp failed at "/usr/bin/make".

#=== ERROR while compiling ppx_optcomp.113.33.01+4.03 =========================#
# context              2.0.0~rc3 | linux/x86_64 | ocaml-base-compiler.4.04.2 | git+file:///home/opam/opam-repository
# path                 ~/.opam/4.04/.opam-switch/build/ppx_optcomp.113.33.01+4.03
# command              /usr/bin/make
# exit-code            2
# env-file             ~/.opam/log/ppx_optcomp-11-54c81f.env
# output-file          ~/.opam/log/ppx_optcomp-11-54c81f.out
### output ###
# ocamlopt -o setup.exe setup.ml || \
#   ocamlc -o setup.exe setup.ml || true
# for f in setup.*; do [ $f = setup.exe -o $f = setup.ml ] || rm -f $f; done
# ./setup.exe -configure 
# 
# Configuration: 
# ocamlfind: ........................................... /home/opam/.opam/4.04/bin/ocamlfind
# ocamlc: .............................................. /home/opam/.opam/4.04/bin/ocamlc.opt
# ocamlopt: ............................................ /home/opam/.opam/4.04/bin/ocamlopt.opt
# ocamlbuild: .......................................... /home/opam/.opam/4.04/bin/ocamlbuild
# Package name: ........................................ ppx_optcomp
# Package version: ..................................... 113.33.00+4.03
# os_type: ............................................. Unix
# system: .............................................. linux
# architecture: ........................................ amd64
# ccomp_type: .......................................... cc
# ocaml_version: ....................................... 4.04.2
# standard_library_default: ............................ /home/opam/.opam/4.04/lib/ocaml
# standard_library: .................................... /home/opam/.opam/4.04/lib/ocaml
# standard_runtime: .................................... /home/opam/.opam/4.04/bin/ocamlrun
# bytecomp_c_compiler: ................................. gcc -std=gnu99 -O2 -fno-strict-aliasing -fwrapv -Wall -D_FILE_OFFSET_BITS=64 -D_REENTRANT -fPIC
# native_c_compiler: ................................... gcc -std=gnu99 -O2 -fno-strict-aliasing -fwrapv -Wall -D_FILE_OFFSET_BITS=64 -D_REENTRANT
# model: ............................................... default
# ext_obj: ............................................. .o
# ext_asm: ............................................. .s
# ext_lib: ............................................. .a
# ext_dll: ............................................. .so
# default_executable_name: ............................. a.out
# systhread_supported: ................................. true
# Install architecture-independent files dir: .......... /usr/local
# Install architecture-dependent files in dir: ......... $prefix
# User executables: .................................... $exec_prefix/bin
# System admin executables: ............................ $exec_prefix/sbin
# Program executables: ................................. $exec_prefix/libexec
# Read-only single-machine data: ....................... $prefix/etc
# Modifiable architecture-independent data: ............ $prefix/com
# Modifiable single-machine data: ...................... $prefix/var
# Object code libraries: ............................... $exec_prefix/lib
# Read-only arch-independent data root: ................ $prefix/share
# Read-only architecture-independent data: ............. $datarootdir
# Info documentation: .................................. $datarootdir/info
# Locale-dependent data: ............................... $datarootdir/locale
# Man documentation: ................................... $datarootdir/man
# Documentation root: .................................. $datarootdir/doc/$pkg_name
# HTML documentation: .................................. $docdir
# DVI documentation: ................................... $docdir
# PDF documentation: ................................... $docdir
# PS documentation: .................................... $docdir
# findlib_version: ..................................... 1.8.0
# is_native: ........................................... true
# suffix_program: ...................................... 
# Remove a file.: ...................................... rm -f
# Remove a directory.: ................................. rm -rf
# Turn ocaml debug flag on: ............................ true
# Turn ocaml profile flag on: .......................... false
# Compiler support generation of .cmxs.: ............... true
# OCamlbuild additional flags: ......................... 
# Create documentations: ............................... true
# Compile tests executable and library and run them: ... false
# pkg_ppx_core: ........................................ /home/opam/.opam/4.04/lib/ppx_core
# pkg_ppx_tools_metaquot: .............................. /home/opam/.opam/4.04/lib/ppx_tools
# 
# ./setup.exe -build 
# ocamlfind ocamlopt unix.cmxa -I /home/opam/.opam/4.04/lib/ocamlbuild /home/opam/.opam/4.04/lib/ocamlbuild/ocamlbuildlib.cmxa -linkpkg myocamlbuild.ml /home/opam/.opam/4.04/lib/ocamlbuild/ocamlbuild.cmx -o myocamlbuild
# /home/opam/.opam/4.04/bin/ocamlfind ocamldep -package ppx_tools.metaquot -package ppx_core -predicates ppx_driver -predicates ppx_driver -modules src/ppx_optcomp.mli > src/ppx_optcomp.mli.depends
# /home/opam/.opam/4.04/bin/ocamlfind ocamlc -c -g -annot -bin-annot -no-alias-deps -thread -package ppx_tools.metaquot -package ppx_core -predicates ppx_driver -w -40 -I src -o src/ppx_optcomp.cmi src/ppx_optcomp.mli
# + /home/opam/.opam/4.04/bin/ocamlfind ocamlc -c -g -annot -bin-annot -no-alias-deps -thread -package ppx_tools.metaquot -package ppx_core -predicates ppx_driver -w -40 -I src -o src/ppx_optcomp.cmi src/ppx_optcomp.mli
# findlib: [WARNING] Interface topdirs.cmi occurs in several directories: /home/opam/.opam/4.04/lib/ocaml/compiler-libs, /home/opam/.opam/4.04/lib/ocaml
# Uncaught exception: Fl_topo.Inconsistent_ordering
# Command exited with code 3.
# E: Failure("Command ''/home/opam/.opam/4.04/bin/ocamlbuild' src/ppx_optcomp.cma src/ppx_optcomp.cmxa src/ppx_optcomp.a src/ppx_optcomp.cmxs bin/optcomp.native -use-ocamlfind -tag debug' terminated with error code 10")
# Makefile:16: recipe for target 'build' failed
# make: *** [build] Error 1



<><> Error report <><><><><><><><><><><><><><><><><><><><><><><><><><><><><><><>
+- The following actions failed
| - build ppx_optcomp 113.33.01+4.03
+- 
+- The following changes have been performed (the rest was aborted)
| - install base-bytes              base
| - install bin_prot                113.33.00+4.03
| - install cppo                    1.6.4
| - install cppo_ocamlbuild         1.6.0
| - install fieldslib               113.24.00
| - install ocaml-migrate-parsetree 1.0.11
| - install ocamlbuild              0.12.0
| - install ocamlgraph              1.8.8
| - install ppx_core                113.33.01+4.03
| - install ppx_derivers            1.0
| - install ppx_deriving            4.2.1
| - install ppx_tools               5.0
| - install re                      1.7.3
| - install result                  1.3
| - install sexplib                 113.33.00+4.03
| - install solvuu-build            0.2.0
| - install typerep                 113.24.00
| - install variantslib             113.24.00
+- 
# Run eval $(opam env) to update the current shell environment

The former state can be restored with:
    opam switch import "/home/opam/.opam/4.04/.opam-switch/backup/state-20180726234734.export"
31 1532648852 1532648916