$ opam depext -iy -j 2 orocksdb.0.1.0
# Detecting depexts using vars: arch=x86_64, os=linux, os-distribution=debian, os-family=debian
# The following system packages are needed:
libffi-dev
librocksdb-dev
m4
pkg-config
The following command needs to be run through "sudo":
    apt-get install -qq -yy libffi-dev librocksdb-dev m4 pkg-config
debconf: delaying package configuration, since apt-utils is not installed
Selecting previously unselected package sgml-base.
(Reading database ... (Reading database ... 5%(Reading database ... 10%(Reading database ... 15%(Reading database ... 20%(Reading database ... 25%(Reading database ... 30%(Reading database ... 35%(Reading database ... 40%(Reading database ... 45%(Reading database ... 50%(Reading database ... 55%(Reading database ... 60%(Reading database ... 65%(Reading database ... 70%(Reading database ... 75%(Reading database ... 80%(Reading database ... 85%(Reading database ... 90%(Reading database ... 95%(Reading database ... 100%(Reading database ... 17681 files and directories currently installed.)
Preparing to unpack .../00-sgml-base_1.29_all.deb ...
Unpacking sgml-base (1.29) ...
Selecting previously unselected package libicu57:amd64.
Preparing to unpack .../01-libicu57_57.1-6+deb9u2_amd64.deb ...
Unpacking libicu57:amd64 (57.1-6+deb9u2) ...
Selecting previously unselected package libxml2:amd64.
Preparing to unpack .../02-libxml2_2.9.4+dfsg1-2.2+deb9u2_amd64.deb ...
Unpacking libxml2:amd64 (2.9.4+dfsg1-2.2+deb9u2) ...
Selecting previously unselected package libffi-dev:amd64.
Preparing to unpack .../03-libffi-dev_3.2.1-6_amd64.deb ...
Unpacking libffi-dev:amd64 (3.2.1-6) ...
Selecting previously unselected package libgflags2v5.
Preparing to unpack .../04-libgflags2v5_2.1.2-4_amd64.deb ...
Unpacking libgflags2v5 (2.1.2-4) ...
Selecting previously unselected package libglib2.0-0:amd64.
Preparing to unpack .../05-libglib2.0-0_2.50.3-2_amd64.deb ...
Unpacking libglib2.0-0:amd64 (2.50.3-2) ...
Selecting previously unselected package libglib2.0-data.
Preparing to unpack .../06-libglib2.0-data_2.50.3-2_all.deb ...
Unpacking libglib2.0-data (2.50.3-2) ...
Selecting previously unselected package libsnappy1v5:amd64.
Preparing to unpack .../07-libsnappy1v5_1.1.3-3_amd64.deb ...
Unpacking libsnappy1v5:amd64 (1.1.3-3) ...
Selecting previously unselected package librocksdb4.5.
Preparing to unpack .../08-librocksdb4.5_4.5.1-2_amd64.deb ...
Unpacking librocksdb4.5 (4.5.1-2) ...
Selecting previously unselected package librocksdb-dev.
Preparing to unpack .../09-librocksdb-dev_4.5.1-2_amd64.deb ...
Unpacking librocksdb-dev (4.5.1-2) ...
Selecting previously unselected package pkg-config.
Preparing to unpack .../10-pkg-config_0.29-4+b1_amd64.deb ...
Unpacking pkg-config (0.29-4+b1) ...
Selecting previously unselected package shared-mime-info.
Preparing to unpack .../11-shared-mime-info_1.8-1+deb9u1_amd64.deb ...
Unpacking shared-mime-info (1.8-1+deb9u1) ...
Selecting previously unselected package xdg-user-dirs.
Preparing to unpack .../12-xdg-user-dirs_0.15-2+b1_amd64.deb ...
Unpacking xdg-user-dirs (0.15-2+b1) ...
Selecting previously unselected package xml-core.
Preparing to unpack .../13-xml-core_0.17_all.deb ...
Unpacking xml-core (0.17) ...
Setting up libglib2.0-0:amd64 (2.50.3-2) ...
No schema files found: doing nothing.
Setting up libffi-dev:amd64 (3.2.1-6) ...
Setting up sgml-base (1.29) ...
Setting up libicu57:amd64 (57.1-6+deb9u2) ...
Setting up libxml2:amd64 (2.9.4+dfsg1-2.2+deb9u2) ...
Setting up pkg-config (0.29-4+b1) ...
Setting up libglib2.0-data (2.50.3-2) ...
Processing triggers for libc-bin (2.24-11+deb9u3) ...
Setting up libsnappy1v5:amd64 (1.1.3-3) ...
Setting up shared-mime-info (1.8-1+deb9u1) ...
Setting up xml-core (0.17) ...
Setting up libgflags2v5 (2.1.2-4) ...
Setting up xdg-user-dirs (0.15-2+b1) ...
Setting up librocksdb4.5 (4.5.1-2) ...
Setting up librocksdb-dev (4.5.1-2) ...
Processing triggers for libc-bin (2.24-11+deb9u3) ...
Processing triggers for sgml-base (1.29) ...
# OS packages installation successful
# Now letting OPAM install the packages
The following actions will be performed:
  - install conf-rocksdb    1      [required by orocksdb]
  - install result          1.3    [required by topkg]
  - install base-bytes      base   [required by ctypes]
  - install ocamlbuild      0.12.0 [required by orocksdb]
  - install conf-pkg-config 1.1    [required by ctypes]
  - install ctypes-foreign  0.4.0  [required by orocksdb]
  - install topkg           0.9.1  [required by integers]
  - install integers        0.2.2  [required by ctypes]
  - install ctypes          0.14.0 [required by orocksdb]
  - install orocksdb        0.1.0
===== 10 to install =====

<><> Gathering sources ><><><><><><><><><><><><><><><><><><><><><><><><><><><><>
[ctypes.0.14.0] found in cache
[integers.0.2.2] found in cache
[ocamlbuild.0.12.0] found in cache
[orocksdb.0.1.0] found in cache
[result.1.3] found in cache
[topkg.0.9.1] found in cache

<><> Processing actions <><><><><><><><><><><><><><><><><><><><><><><><><><><><>
-> installed base-bytes.base
-> installed conf-pkg-config.1.1
-> installed conf-rocksdb.1
-> installed ctypes-foreign.0.4.0
-> installed result.1.3
-> installed ocamlbuild.0.12.0
-> installed topkg.0.9.1
-> installed integers.0.2.2
-> installed ctypes.0.14.0
[ERROR] The compilation of orocksdb failed at "/usr/bin/make".

#=== ERROR while compiling orocksdb.0.1.0 =====================================#
# context              2.0.0~rc3 | linux/x86_64 | ocaml-variants.4.08.0+trunk | git+file:///home/opam/opam-repository
# path                 ~/.opam/4.08/.opam-switch/build/orocksdb.0.1.0
# command              /usr/bin/make
# exit-code            2
# env-file             ~/.opam/log/orocksdb-11-804caa.env
# output-file          ~/.opam/log/orocksdb-11-804caa.out
### output ###
# ocamlbuild -use-ocamlfind -lflags -cclib,/usr/local/lib/librocksdb.so rocks.inferred.mli rocks.cma rocks.cmxa rocks.cmxs
# ocamlfind ocamldep -package ctypes.foreign -package ctypes -modules rocks.ml > rocks.ml.depends
# ocamlfind ocamlc -i -package ctypes.foreign -package ctypes rocks.ml > rocks.inferred.mli
# ocamlfind ocamldep -package ctypes.foreign -package ctypes -modules rocks.mli > rocks.mli.depends
# ocamlfind ocamlc -c -g -annot -package ctypes.foreign -package ctypes -o rocks.cmi rocks.mli
# ocamlfind ocamlc -c -g -annot -package ctypes.foreign -package ctypes -o rocks.cmo rocks.ml
# ocamlfind ocamlc -a -cclib /usr/local/lib/librocksdb.so -package ctypes.foreign -package ctypes rocks.cmo -o rocks.cma
# ocamlfind ocamlopt -c -g -annot -package ctypes.foreign -package ctypes -o rocks.cmx rocks.ml
# ocamlfind ocamlopt -a -cclib /usr/local/lib/librocksdb.so -package ctypes.foreign -package ctypes rocks.cmx -o rocks.cmxa
# ocamlfind ocamlopt -shared -cclib /usr/local/lib/librocksdb.so -linkall -package ctypes.foreign -package ctypes rocks.cmxa -o rocks.cmxs
# + ocamlfind ocamlopt -shared -cclib /usr/local/lib/librocksdb.so -linkall -package ctypes.foreign -package ctypes rocks.cmxa -o rocks.cmxs
# gcc: error: /usr/local/lib/librocksdb.so: No such file or directory
# gcc: error: /usr/local/lib/librocksdb.so: No such file or directory
# File "caml_startup", line 1:
# Error: Error during linking
# Command exited with code 2.
# Makefile:7: recipe for target 'build' failed
# make: *** [build] Error 10



<><> Error report <><><><><><><><><><><><><><><><><><><><><><><><><><><><><><><>
+- The following actions failed
| - build orocksdb 0.1.0
+- 
+- The following changes have been performed
| - install base-bytes      base
| - install conf-pkg-config 1.1
| - install conf-rocksdb    1
| - install ctypes          0.14.0
| - install ctypes-foreign  0.4.0
| - install integers        0.2.2
| - install ocamlbuild      0.12.0
| - install result          1.3
| - install topkg           0.9.1
+- 

<><> orocksdb.0.1.0 troubleshooting <><><><><><><><><><><><><><><><><><><><><><>
=> This package requires rocksdb library installed in /usr/local/lib.
     Tentative instructions : https://gist.githubusercontent.com/toolslive/56b9fae64b27d3e00971/raw/60bc8b3f2d8980635500d89bac89e092befac5f9/gistfile1.txt
# Run eval $(opam env) to update the current shell environment

The former state can be restored with:
    opam switch import "/home/opam/.opam/4.08/.opam-switch/backup/state-20180726202246.export"
31 1532636555 1532636600