$ opam depext -iy -j 2 minilight.1.6
# Detecting depexts using vars: arch=x86_64, os=linux, os-distribution=debian, os-family=debian
# No extra OS packages requirements found.
# All required OS packages found.
# Now letting OPAM install the packages
The following actions will be performed:
  - install minilight 1.6

<><> Gathering sources ><><><><><><><><><><><><><><><><><><><><><><><><><><><><>
[minilight.1.6] found in cache

<><> Processing actions <><><><><><><><><><><><><><><><><><><><><><><><><><><><>
[ERROR] The compilation of minilight failed at "/home/opam/.opam/4.03/bin/ocamlopt.opt -verbose -unsafe -nodynlink -inline 100 -I ocaml/src -o minilight-ocaml unix.cmxa ocaml/src/random2.ml ocaml/src/vector3f.ml ocaml/src/triangle.ml ocaml/src/spatialIndex.mli ocaml/src/spatialIndex.ml ocaml/src/scene.ml ocaml/src/surfacePoint.ml ocaml/src/rayTracer.ml ocaml/src/image.ml ocaml/src/camera.ml ocaml/src/minilight.ml".

#=== ERROR while compiling minilight.1.6 ======================================#
# context              2.0.0 | linux/x86_64 | ocaml-base-compiler.4.03.0 | git+file:///home/opam/opam-repository
# path                 ~/.opam/4.03/.opam-switch/build/minilight.1.6
# command              ~/.opam/4.03/bin/ocamlopt.opt -verbose -unsafe -nodynlink -inline 100 -I ocaml/src -o minilight-ocaml unix.cmxa ocaml/src/random2.ml ocaml/src/vector3f.ml ocaml/src/triangle.ml ocaml/src/spatialIndex.mli ocaml/src/spatialIndex.ml ocaml/src/scene.ml ocaml/src/surfacePoint.ml ocaml/src/rayTracer.ml ocaml/src/image.ml ocaml/src/camera.ml ocaml/src/minilight.ml
# exit-code            2
# env-file             ~/.opam/log/minilight-11-d2c37b.env
# output-file          ~/.opam/log/minilight-11-d2c37b.out
### output ###
# + as -o 'ocaml/src/random2.o' '/tmp/camlasm4f5504.s'
# + as -o 'ocaml/src/vector3f.o' '/tmp/camlasm3541ac.s'
# + as -o 'ocaml/src/triangle.o' '/tmp/camlasm133ebb.s'
# + as -o 'ocaml/src/spatialIndex.o' '/tmp/camlasmbd336b.s'
# + as -o 'ocaml/src/scene.o' '/tmp/camlasmb08c91.s'
# + as -o 'ocaml/src/surfacePoint.o' '/tmp/camlasm4d135d.s'
# + as -o 'ocaml/src/rayTracer.o' '/tmp/camlasmdad825.s'
# + as -o 'ocaml/src/image.o' '/tmp/camlasmd99f44.s'
# + as -o 'ocaml/src/camera.o' '/tmp/camlasmdae0f7.s'
# + as -o 'ocaml/src/minilight.o' '/tmp/camlasm62d1ee.s'
# + as -o '/tmp/camlstartupee28bb.o' '/tmp/camlstartupd4627a.s'
# + gcc -o 'minilight-ocaml'   '-Locaml/src' '-L/home/opam/.opam/4.03/lib/ocaml'  '/tmp/camlstartupee28bb.o' '/home/opam/.opam/4.03/lib/ocaml/std_exit.o' 'ocaml/src/minilight.o' 'ocaml/src/camera.o' 'ocaml/src/image.o' 'ocaml/src/rayTracer.o' 'ocaml/src/surfacePoint.o' 'ocaml/src/scene.o' 'ocaml/src/spatialIndex.o' 'ocaml/src/triangle.o' 'ocaml/src/vector3f.o' 'ocaml/src/random2.o' '/home/opam/.opam/4.03/lib/ocaml/unix.a' '/home/opam/.opam/4.03/lib/ocaml/stdlib.a' '-lunix' '/home/opam/.opam/4.03/lib/ocaml/libasmrun.a' -lm  -ldl
# /usr/bin/ld: ocaml/src/camera.o: relocation R_X86_64_PC32 against symbol `tan@@GLIBC_2.2.5' can not be used when making a shared object; recompile with -fPIC
# /usr/bin/ld: final link failed: Bad value
# collect2: error: ld returned 1 exit status
# File "caml_startup", line 1:
# Error: Error during linking



<><> Error report <><><><><><><><><><><><><><><><><><><><><><><><><><><><><><><>
+- The following actions failed
| - build minilight 1.6
+- 
- No changes have been performed
# Run eval $(opam env) to update the current shell environment
31 1535505534 1535505539