$ opam depext -iy -j 2 orocksdb.0.4.0
# Detecting depexts using vars: arch=x86_64, os=linux, os-distribution=alpine, os-family=alpine
# The following system packages are needed:
libffi-dev
m4
pkgconfig
m4
pkgconf
# The following new OS packages need to be installed: libffi-dev
The following command needs to be run through "sudo":
    apk add libffi-dev
fetch http://dl-cdn.alpinelinux.org/alpine/v3.7/main/x86_64/APKINDEX.tar.gz
fetch http://dl-cdn.alpinelinux.org/alpine/v3.7/community/x86_64/APKINDEX.tar.gz
(1/2) Installing libffi (3.2.1-r4)
(2/2) Installing libffi-dev (3.2.1-r4)
OK: 204 MiB in 75 packages
# OS packages installation successful
# Now letting OPAM install the packages
The following actions will be performed:
  - install conf-rocksdb    1      [required by orocksdb]
  - install result          1.3    [required by topkg]
  - install base-bytes      base   [required by ctypes]
  - install ocamlbuild      0.12.0 [required by orocksdb]
  - install conf-pkg-config 1.1    [required by ctypes]
  - install ctypes-foreign  0.4.0  [required by orocksdb]
  - install topkg           0.9.1  [required by integers]
  - install integers        0.2.2  [required by ctypes]
  - install ctypes          0.14.0 [required by orocksdb]
  - install orocksdb        0.4.0
===== 10 to install =====

<><> Gathering sources ><><><><><><><><><><><><><><><><><><><><><><><><><><><><>
[ctypes.0.14.0] found in cache
[integers.0.2.2] found in cache
[ocamlbuild.0.12.0] found in cache
[orocksdb.0.4.0] found in cache
[result.1.3] found in cache
[topkg.0.9.1] found in cache

<><> Processing actions <><><><><><><><><><><><><><><><><><><><><><><><><><><><>
[ERROR] The compilation of conf-rocksdb failed at "/usr/bin/cc -lrocksdb main.c".
-> installed base-bytes.base
-> installed conf-pkg-config.1.1
-> installed ctypes-foreign.0.4.0
-> installed result.1.3
-> installed ocamlbuild.0.12.0
-> installed topkg.0.9.1
-> installed integers.0.2.2
-> installed ctypes.0.14.0

#=== ERROR while compiling conf-rocksdb.1 =====================================#
# context              2.0.0 | linux/x86_64 | ocaml-base-compiler.4.06.1 | git+file:///home/opam/opam-repository
# path                 ~/.opam/4.06/.opam-switch/build/conf-rocksdb.1
# command              /usr/bin/cc -lrocksdb main.c
# exit-code            1
# env-file             ~/.opam/log/conf-rocksdb-13-d4902a.env
# output-file          ~/.opam/log/conf-rocksdb-13-d4902a.out
### output ###
# /usr/lib/gcc/x86_64-alpine-linux-musl/6.4.0/../../../../x86_64-alpine-linux-musl/bin/ld: cannot find -lrocksdb
# collect2: error: ld returned 1 exit status



<><> Error report <><><><><><><><><><><><><><><><><><><><><><><><><><><><><><><>
+- The following actions failed
| - build conf-rocksdb 1
+- 
+- The following changes have been performed (the rest was aborted)
| - install base-bytes      base
| - install conf-pkg-config 1.1
| - install ctypes          0.14.0
| - install ctypes-foreign  0.4.0
| - install integers        0.2.2
| - install ocamlbuild      0.12.0
| - install result          1.3
| - install topkg           0.9.1
+- 
# Run eval $(opam env) to update the current shell environment

The former state can be restored with:
    opam switch import "/home/opam/.opam/4.06/.opam-switch/backup/state-20180805003355.export"
31 1533429232 1533429268