$ opam depext -iy -j 2 frenetic.5.0.3
# Detecting depexts using vars: arch=ppc64, os=linux, os-distribution=debian, os-family=debian
# The following system packages are needed:
debianutils
m4
# All required OS packages found.
# Now letting OPAM install the packages
The following actions will be performed:
  - install jane-street-headers        v0.11.0    [required by core_kernel]
  - install re                         1.7.3      [required by cohttp, mparser]
  - install num                        1.1        [required by sexplib]
  - install spawn                      v0.12.0    [required by core]
  - install result                     1.3        [required by ppx_deriving]
  - install ocamlbuild                 0.12.0     [required by mparser, menhir, ppx_deriving]
  - install magic-mime                 1.1.0      [required by cohttp-async]
  - install base-bytes                 base       [required by base64, mparser]
  - install ocamlgraph                 1.8.8      [required by frenetic]
  - install ppx_derivers               1.0        [required by ppx_deriving]
  - install ppx_tools                  5.1+4.06.0 [required by ppx_deriving]
  - install octavius                   1.2.0      [required by ppx_js_style]
  - install ocaml-compiler-libs        v0.11.0    [required by ppxlib]
  - install sexplib0                   v0.11.0    [required by base, sexplib]
  - install easy-format                1.3.1      [required by yojson]
  - install conf-which                 1          [required by biniou]
  - install ocaml-migrate-parsetree    1.0.11     [required by ppx_deriving, async_extended, async, etc.]
  - install uchar                      0.0.2      [required by jsonm]
  - install topkg                      0.9.1      [required by randomconv, duration, jsonm, etc.]
  - install menhir                     20180703   [required by frenetic]
  - install stringext                  1.5.0      [required by cohttp]
  - install mparser                    1.2.3      [required by frenetic]
  - install gen                        0.5.1      [required by sedlex]
  - install cppo                       1.6.4      [required by frenetic]
  - install base64                     2.2.0      [required by frenetic]
  - install parsexp                    v0.11.0    [required by sexplib]
  - install base                       v0.11.1    [required by core_kernel, core]
  - install biniou                     1.2.0      [required by yojson]
  - install ppx_tools_versioned        5.2        [required by ppx_cstruct, sedlex]
  - install uutf                       1.0.1      [required by jsonm]
  - install rresult                    0.5.0      [required by tcpip]
  - install fmt                        0.8.5      [required by cohttp-async, tcpip]
  - install duration                   0.1.1      [required by tcpip]
  - install astring                    0.8.3      [required by conduit]
  - install ocplib-endian              1.0        [required by mirage-profile]
  - install lwt                        4.1.0      [required by tcpip]                                      For the PPX, please install package lwt_ppx
                                                                                                           For Lwt_log and Lwt_daemon, please install package lwt_log
  - install cppo_ocamlbuild            1.6.0      [required by ppx_deriving]
  - install sexplib                    v0.11.0    [required by frenetic]
  - install typerep                    v0.11.0    [required by core_kernel]
  - install stdio                      v0.11.0    [required by core_kernel, core]
  - install yojson                     1.4.1      [required by frenetic]
  - install sedlex                     1.99.4     [required by frenetic]
  - install jsonm                      1.0.1      [required by cohttp]
  - install mirage-flow                1.5.0      [required by mirage-protocols]
  - install mirage-device              1.1.0      [required by mirage-net, mirage-clock, mirage-protocols]
  - install logs                       0.6.2      [required by cohttp-async, tcpip]
  - install inotify                    2.3        [required by async_inotify]
  - install ppx_deriving               4.2.1      [required by frenetic]
  - install cstruct                    3.2.1      [required by frenetic]
  - install ppxlib                     0.2.1      [required by frenetic]
  - install configurator               v0.11.0    [required by tcpip]
  - install mirage-time                1.1.0      [required by mirage-time-lwt]
  - install mirage-protocols           1.3.0      [required by tcpip]
  - install mirage-net                 1.1.1      [required by tcpip]
  - install mirage-clock               1.3.0      [required by tcpip]
  - install randomconv                 0.1.0      [required by tcpip]
  - install ppx_cstruct                3.2.1      [required by frenetic]
  - install mirage-random              1.1.0      [required by tcpip]
  - install cstruct-lwt                3.2.1      [required by tcpip]
  - install variantslib                v0.11.0    [required by core_kernel]
  - install ppx_typerep_conv           v0.11.0    [required by ppx_jane]
  - install ppx_type_conv              v0.11.0    [required by cohttp]
  - install ppx_sexp_conv              v0.11.1    [required by frenetic]
  - install ppx_pipebang               v0.11.0    [required by ppx_jane]
  - install ppx_optional               v0.11.0    [required by ppx_jane]
  - install ppx_optcomp                v0.11.0    [required by ppx_jane]
  - install ppx_let                    v0.11.0    [required by ppx_jane]
  - install ppx_js_style               v0.11.0    [required by ppx_base]
  - install ppx_inline_test            v0.11.0    [required by core_kernel]
  - install ppx_here                   v0.11.0    [required by ppx_assert, ppx_jane]
  - install ppx_enumerate              v0.11.0    [required by frenetic]
  - install ppx_driver                 v0.11.0    [required by frenetic]
  - install ppx_compare                v0.11.0    [required by frenetic]
  - install fieldslib                  v0.11.0    [required by cohttp]
  - install io-page                    2.0.1      [required by io-page-unix, mirage-net-lwt]
  - install mirage-time-lwt            1.1.0      [required by tcpip]
  - install mirage-stack               1.2.0      [required by mirage-stack-lwt]
  - install mirage-clock-lwt           1.3.0      [required by tcpip]
  - install mirage-profile             0.8.2      [required by tcpip]
  - install ppx_variants_conv          v0.11.0    [required by bin_prot, ppx_jane]
  - install uri                        1.9.7      [required by cohttp]
  - install ppx_custom_printf          v0.11.0    [required by bin_prot, ppx_jane]
  - install ipaddr                     2.8.0      [required by frenetic]
  - install ppx_bench                  v0.11.0    [required by ppx_jane]
  - install ppx_sexp_value             v0.11.0    [required by ppx_jane]
  - install ppx_sexp_message           v0.11.0    [required by core_kernel]
  - install ppx_fail                   v0.11.0    [required by ppx_jane]
  - install ppx_hash                   v0.11.0    [required by core_kernel]
  - install ppx_assert                 v0.11.0    [required by core_kernel, core]
  - install ppx_fields_conv            v0.11.0    [required by frenetic]
  - install io-page-unix               2.0.1      [required by tcpip]
  - install mirage-stack-lwt           1.2.0      [required by tcpip]
  - install mirage-protocols-lwt       1.3.0      [required by tcpip]
  - install mirage-net-lwt             1.1.0      [required by tcpip]
  - install conduit                    1.1.0      [required by conduit-async]
  - install ppx_base                   v0.11.0    [required by core_kernel]
  - install ppx_expect                 v0.11.0    [required by ppx_jane]
  - install cohttp                     1.1.0      [required by frenetic]
  - install bin_prot                   v0.11.0    [required by core_extended]
  - install tcpip                      3.4.2      [required by frenetic]
  - install sexp_pretty                v0.11.0    [required by expect_test_helpers]
  - install ppx_bin_prot               v0.11.0    [required by ppx_jane]
  - install ppx_jane                   v0.11.0    [required by async, async_extended]
  - install splittable_random          v0.11.0    [required by core_kernel]
  - install core_kernel                v0.11.1    [required by cstruct-async]
  - install textutils_kernel           v0.11.0    [required by textutils]
  - install re2                        v0.11.0    [required by core_extended]
  - install protocol_version_header    v0.11.0    [required by async_rpc_kernel]
  - install expect_test_helpers_kernel v0.11.0    [required by expect_test_helpers]
  - install core                       v0.11.2    [required by frenetic]
  - install async_kernel               v0.11.1    [required by async, cstruct-async]
  - install textutils                  v0.11.0    [required by async_extended]
  - install async_unix                 v0.11.0    [required by async, cstruct-async]
  - install async_rpc_kernel           v0.11.0    [required by async_extra]
  - install core_extended              v0.11.0    [required by async_extended]
  - install cstruct-async              3.2.1      [required by frenetic]
  - install async_extra                v0.11.1    [required by async]
  - install async                      v0.11.0    [required by frenetic]
  - install sequencer_table            v0.11.0    [required by async_extended]
  - install expect_test_helpers        v0.11.0    [required by async_extended]
  - install conduit-async              1.1.0      [required by cohttp-async]
  - install command_rpc                v0.11.0    [required by async_extended]
  - install async_shell                v0.11.0    [required by async_extended]
  - install async_interactive          v0.11.0    [required by async_extended]
  - install async_find                 v0.11.0    [required by async_extended]
  - install delimited_parsing          v0.11.0    [required by async_extended]
  - install cohttp-async               1.0.2      [required by frenetic]
  - install async_inotify              v0.11.0    [required by async_extended]
  - install async_extended             v0.11.0    [required by frenetic]
  - install frenetic                   5.0.3
===== 130 to install =====

<><> Gathering sources ><><><><><><><><><><><><><><><><><><><><><><><><><><><><>
[astring.0.8.3] found in cache
[async.v0.11.0] found in cache
[async_extended.v0.11.0] found in cache
[async_extra.v0.11.1] found in cache
[async_find.v0.11.0] found in cache
[async_inotify.v0.11.0] found in cache
[async_interactive.v0.11.0] found in cache
[async_kernel.v0.11.1] found in cache
[async_rpc_kernel.v0.11.0] found in cache
[async_shell.v0.11.0] found in cache
[async_unix.v0.11.0] found in cache
[base.v0.11.1] found in cache
[base64.2.2.0] found in cache
[bin_prot.v0.11.0] found in cache
[biniou.1.2.0] found in cache
[cohttp.1.1.0] found in cache
[cohttp-async.1.0.2] found in cache
[command_rpc.v0.11.0] found in cache
[conduit.1.1.0] found in cache
[conduit-async.1.1.0] found in cache
[configurator.v0.11.0] found in cache
[core.v0.11.2] found in cache
[core_extended.v0.11.0] found in cache
[core_kernel.v0.11.1] found in cache
[cppo.1.6.4] found in cache
[cppo_ocamlbuild.1.6.0] found in cache
[cstruct.3.2.1] found in cache
[cstruct-async.3.2.1] found in cache
[cstruct-lwt.3.2.1] found in cache
[delimited_parsing.v0.11.0] found in cache
[duration.0.1.1] found in cache
[easy-format.1.3.1] found in cache
[expect_test_helpers.v0.11.0] found in cache
[expect_test_helpers_kernel.v0.11.0] found in cache
[fieldslib.v0.11.0] found in cache
[fmt.0.8.5] found in cache
[frenetic.5.0.3] found in cache
[gen.0.5.1] found in cache
[inotify.2.3] found in cache
[io-page.2.0.1] found in cache
[io-page-unix.2.0.1] found in cache
[ipaddr.2.8.0] found in cache
[jane-street-headers.v0.11.0] found in cache
[jsonm.1.0.1] found in cache
[logs.0.6.2] found in cache
[lwt.4.1.0] found in cache
[magic-mime.1.1.0] found in cache
[menhir.20180703] found in cache
[mirage-clock.1.3.0] found in cache
[mirage-clock-lwt.1.3.0] found in cache
[mirage-device.1.1.0] found in cache
[mirage-flow.1.5.0] found in cache
[mirage-net.1.1.1] found in cache
[mirage-net-lwt.1.1.0] found in cache
[mirage-profile.0.8.2] found in cache
[mirage-protocols.1.3.0] found in cache
[mirage-protocols-lwt.1.3.0] found in cache
[mirage-random.1.1.0] found in cache
[mirage-stack.1.2.0] found in cache
[mirage-stack-lwt.1.2.0] found in cache
[mirage-time.1.1.0] found in cache
[mirage-time-lwt.1.1.0] found in cache
[mparser.1.2.3] found in cache
[num.1.1] found in cache
[ocaml-compiler-libs.v0.11.0] found in cache
[ocaml-migrate-parsetree.1.0.11] found in cache
[ocamlbuild.0.12.0] found in cache
[ocamlgraph.1.8.8] found in cache
[ocplib-endian.1.0] found in cache
[octavius.1.2.0] found in cache
[parsexp.v0.11.0] found in cache
[ppx_assert.v0.11.0] found in cache
[ppx_base.v0.11.0] found in cache
[ppx_bench.v0.11.0] found in cache
[ppx_bin_prot.v0.11.0] found in cache
[ppx_compare.v0.11.0] found in cache
[ppx_cstruct.3.2.1] found in cache
[ppx_custom_printf.v0.11.0] found in cache
[ppx_derivers.1.0] found in cache
[ppx_deriving.4.2.1] found in cache
[ppx_driver.v0.11.0] found in cache
[ppx_enumerate.v0.11.0] found in cache
[ppx_expect.v0.11.0] found in cache
[ppx_fail.v0.11.0] found in cache
[ppx_fields_conv.v0.11.0] found in cache
[ppx_hash.v0.11.0] found in cache
[ppx_here.v0.11.0] found in cache
[ppx_inline_test.v0.11.0] found in cache
[ppx_jane.v0.11.0] found in cache
[ppx_js_style.v0.11.0] found in cache
[ppx_let.v0.11.0] found in cache
[ppx_optcomp.v0.11.0] found in cache
[ppx_optional.v0.11.0] found in cache
[ppx_pipebang.v0.11.0] found in cache
[ppx_sexp_conv.v0.11.1] found in cache
[ppx_sexp_message.v0.11.0] found in cache
[ppx_sexp_value.v0.11.0] found in cache
[ppx_tools.5.1+4.06.0] found in cache
[ppx_tools_versioned.5.2] found in cache
[ppx_type_conv.v0.11.0] found in cache
[ppx_typerep_conv.v0.11.0] found in cache
[ppx_variants_conv.v0.11.0] found in cache
[ppxlib.0.2.1] found in cache
[protocol_version_header.v0.11.0] found in cache
[randomconv.0.1.0] found in cache
[re.1.7.3] found in cache
[re2.v0.11.0] found in cache
[result.1.3] found in cache
[rresult.0.5.0] found in cache
[sedlex.1.99.4] found in cache
[sequencer_table.v0.11.0] found in cache
[sexp_pretty.v0.11.0] found in cache
[sexplib.v0.11.0] found in cache
[sexplib0.v0.11.0] found in cache
[spawn.v0.12.0] found in cache
[splittable_random.v0.11.0] found in cache
[stdio.v0.11.0] found in cache
[stringext.1.5.0] found in cache
[tcpip.3.4.2] found in cache
[textutils.v0.11.0] found in cache
[textutils_kernel.v0.11.0] found in cache
[topkg.0.9.1] found in cache
[typerep.v0.11.0] found in cache
[uchar.0.0.2] found in cache
[uri.1.9.7] found in cache
[uutf.1.0.1] found in cache
[variantslib.v0.11.0] found in cache
[yojson.1.4.1] found in cache

<><> Processing actions <><><><><><><><><><><><><><><><><><><><><><><><><><><><>
-> installed base-bytes.base
-> installed base64.2.2.0
-> installed conf-which.1
-> installed cppo.1.6.4
-> installed easy-format.1.3.1
-> installed gen.0.5.1
-> installed jane-street-headers.v0.11.0
-> installed magic-mime.1.1.0
-> installed num.1.1
-> installed ocaml-compiler-libs.v0.11.0
-> installed ocamlbuild.0.12.0
-> installed biniou.1.2.0
-> installed cppo_ocamlbuild.1.6.0
-> installed ocamlgraph.1.8.8
-> installed ocplib-endian.1.0
-> installed octavius.1.2.0
-> installed ppx_derivers.1.0
-> installed ppx_tools.5.1+4.06.0
-> installed re.1.7.3
-> installed mparser.1.2.3
-> installed result.1.3
-> installed lwt.4.1.0
-> installed menhir.20180703
-> installed ocaml-migrate-parsetree.1.0.11
-> installed inotify.2.3
-> installed ppx_tools_versioned.5.2
-> installed ppx_deriving.4.2.1
-> installed sexplib0.v0.11.0
-> installed parsexp.v0.11.0
-> installed sedlex.1.99.4
-> installed sexplib.v0.11.0
-> installed base.v0.11.1
-> installed cstruct.3.2.1
-> installed cstruct-lwt.3.2.1
-> installed mirage-random.1.1.0
-> installed spawn.v0.12.0
-> installed stdio.v0.11.0
-> installed configurator.v0.11.0
-> installed io-page.2.0.1
-> installed io-page-unix.2.0.1
-> installed ppx_cstruct.3.2.1
-> installed mirage-profile.0.8.2
-> installed stringext.1.5.0
-> installed topkg.0.9.1
-> installed astring.0.8.3
-> installed duration.0.1.1
-> installed randomconv.0.1.0
-> installed rresult.0.5.0
-> installed typerep.v0.11.0
-> installed uchar.0.0.2
-> installed fmt.0.8.5
-> installed logs.0.6.2
-> installed mirage-device.1.1.0
-> installed mirage-clock.1.3.0
-> installed mirage-clock-lwt.1.3.0
-> installed mirage-flow.1.5.0
-> installed mirage-net.1.1.1
-> installed mirage-protocols.1.3.0
-> installed mirage-stack.1.2.0
-> installed mirage-time.1.1.0
-> installed ppxlib.0.2.1
-> installed fieldslib.v0.11.0
-> installed mirage-time-lwt.1.1.0
-> installed ppx_compare.v0.11.0
-> installed ppx_driver.v0.11.0
-> installed ppx_enumerate.v0.11.0
-> installed ppx_here.v0.11.0
-> installed ppx_fields_conv.v0.11.0
-> installed ppx_inline_test.v0.11.0
-> installed ppx_fail.v0.11.0
-> installed ppx_js_style.v0.11.0
-> installed ppx_let.v0.11.0
-> installed ppx_optcomp.v0.11.0
-> installed ppx_optional.v0.11.0
-> installed ppx_pipebang.v0.11.0
-> installed ppx_sexp_conv.v0.11.1
-> installed ipaddr.2.8.0
-> installed mirage-net-lwt.1.1.0
-> installed mirage-protocols-lwt.1.3.0
-> installed mirage-stack-lwt.1.2.0
-> installed ppx_assert.v0.11.0
-> installed ppx_bench.v0.11.0
-> installed ppx_custom_printf.v0.11.0
-> installed ppx_hash.v0.11.0
-> installed ppx_sexp_message.v0.11.0
-> installed ppx_sexp_value.v0.11.0
-> installed ppx_type_conv.v0.11.0
-> installed ppx_typerep_conv.v0.11.0
-> installed tcpip.3.4.2
-> installed uri.1.9.7
-> installed ppx_base.v0.11.0
-> installed conduit.1.1.0
-> installed uutf.1.0.1
-> installed sexp_pretty.v0.11.0
-> installed variantslib.v0.11.0
-> installed jsonm.1.0.1
-> installed ppx_variants_conv.v0.11.0
-> installed bin_prot.v0.11.0
-> installed cohttp.1.1.0
-> installed ppx_expect.v0.11.0
-> installed yojson.1.4.1
-> installed ppx_bin_prot.v0.11.0
-> installed ppx_jane.v0.11.0
-> installed splittable_random.v0.11.0
-> installed core_kernel.v0.11.1
[ERROR] The compilation of core failed at "/home/opam/.opam/4.06/bin/jbuilder build -p core -j 79".
-> installed async_kernel.v0.11.1
-> installed expect_test_helpers_kernel.v0.11.0
-> installed protocol_version_header.v0.11.0
-> installed async_rpc_kernel.v0.11.0
-> installed textutils_kernel.v0.11.0
-> installed re2.v0.11.0

#=== ERROR while compiling core.v0.11.2 =======================================#
# context              2.0.0 | linux/ppc64 | ocaml-base-compiler.4.06.1 | git+file:///home/opam/opam-repository
# path                 ~/.opam/4.06/.opam-switch/build/core.v0.11.2
# command              ~/.opam/4.06/bin/jbuilder build -p core -j 79
# exit-code            1
# env-file             ~/.opam/log/core-11-325093.env
# output-file          ~/.opam/log/core-11-325093.out
### output ###
#     discover src/config.h (exit 2)
# (cd _build/default/src && config/discover.exe -ocamlc /home/opam/.opam/4.06/bin/ocamlc.opt)
# run: /home/opam/.opam/4.06/bin/ocamlc.opt -config
# -> process exited with code 0
# -> stdout:
#  | version: 4.06.1
#  | standard_library_default: /home/opam/.opam/4.06/lib/ocaml
#  | standard_library: /home/opam/.opam/4.06/lib/ocaml
#  | standard_runtime: /home/opam/.opam/4.06/bin/ocamlrun
#  | ccomp_type: cc
#  | c_compiler: gcc
#  | ocamlc_cflags: -O2 -fno-strict-aliasing -fwrapv -fPIC
#  | ocamlc_cppflags: -D_FILE_OFFSET_BITS=64 -D_REENTRANT
#  | ocamlopt_cflags: -O2 -fno-strict-aliasing -fwrapv
#  | ocamlopt_cppflags: -D_FILE_OFFSET_BITS=64 -D_REENTRANT
#  | bytecomp_c_compiler: gcc -O2 -fno-strict-aliasing -fwrapv -fPIC -D_FILE_OFFSET_BITS=64 -D_REENTRANT
#  | native_c_compiler: gcc -O2 -fno-strict-aliasing -fwrapv -D_FILE_OFFSET_BITS=64 -D_REENTRANT
#  | bytecomp_c_libraries: -lm  -ldl  -lpthread                  
#  | native_c_libraries: -lm  -ldl
#  | native_pack_linker: ld -r -m elf64lppc -o 
#  | ranlib: ranlib
#  | cc_profile: -pg
#  | architecture: power
#  | model: ppc64le
#  | int_size: 63
#  | word_size: 64
#  | system: elf
#  | asm: as -a64 -mppc64
#  | asm_cfi_supported: true
#  | with_frame_pointers: false
#  | ext_exe: 
#  | ext_obj: .o
#  | ext_asm: .s
#  | ext_lib: .a
#  | ext_dll: .so
#  | os_type: Unix
#  | default_executable_name: a.out
#  | systhread_supported: true
#  | host: powerpc64le-unknown-linux-gnu
#  | target: powerpc64le-unknown-linux-gnu
#  | profiling: true
#  | flambda: false
#  | spacetime: false
#  | safe_string: false
#  | default_safe_string: true
#  | flat_float_array: true
#  | afl_instrument: false
#  | windows_unicode: false
#  | exec_magic_number: Caml1999X011
#  | cmi_magic_number: Caml1999I022
#  | cmo_magic_number: Caml1999O022
#  | cma_magic_number: Caml1999A022
#  | cmx_magic_number: Caml1999Y022
#  | cmxa_magic_number: Caml1999Z022
#  | ast_impl_magic_number: Caml1999M022
#  | ast_intf_magic_number: Caml1999N022
#  | cmxs_magic_number: Caml1999D022
#  | cmt_magic_number: Caml1999T022
# -> stderr:
# compiling c program:
#  | 
#  | #include <time.h>
#  | 
#  | int main()
#  | {
#  |   struct timespec ts;
#  |   clock_gettime(CLOCK_REALTIME, &ts);
#  |   clock_settime(CLOCK_REALTIME, &ts);
#  |   clock_getres(CLOCK_REALTIME, &ts);
#  |   return 0;
#  | }
# run: gcc -O2 -fno-strict-aliasing -fwrapv -fPIC '-I' '/home/opam/.opam/4.06/lib/ocaml' '-o' '/tmp/ocaml-configuratorc6921a/c-test-1/test.exe' '/tmp/ocaml-configuratorc6921a/c-test-1/test.c' '-lrt'
# -> process exited with code 0
# -> stdout:
# -> stderr:
# compiling c program:
#  | 
#  | #define JSC_THREAD_ID_METHOD 1
#  | #include "/home/opam/.opam/4.06/.opam-switch/build/core.v0.11.2/_build/default/src/thread_id.h"
#  | 
#  | int main ()
#  | {
#  |   GET_THREAD_ID;
#  |   return 0;
#  | }
# run: gcc -O2 -fno-strict-aliasing -fwrapv -fPIC '-I' '/home/opam/.opam/4.06/lib/ocaml' '-o' '/tmp/ocaml-configuratorc6921a/c-test-3/test.exe' '/tmp/ocaml-configuratorc6921a/c-test-3/test.c'
# -> process exited with code 0
# -> stdout:
# -> stderr:
#  | In file included from /tmp/ocaml-configuratorc6921a/c-test-3/test.c:3:0:
#  | /tmp/ocaml-configuratorc6921a/c-test-3/test.c: In function 'main':
#  | /home/opam/.opam/4.06/.opam-switch/build/core.v0.11.2/_build/default/src/thread_id.h:11:23: warning: implicit declaration of function 'syscall' [-Wimplicit-function-declaration]
#  |  #define GET_THREAD_ID syscall(SYS_gettid)
#  |                        ^
#  | /tmp/ocaml-configuratorc6921a/c-test-3/test.c:7:3: note: in expansion of macro 'GET_THREAD_ID'
#  |    GET_THREAD_ID;
#  |    ^~~~~~~~~~~~~
# compiling c program:
#  | 
#  | #include <sys/eventfd.h>
#  | 
#  | int main()
#  | {
#  |   int fd = eventfd(0, 0);
#  |   return 0;
#  | }
# run: gcc -O2 -fno-strict-aliasing -fwrapv -fPIC '-I' '/home/opam/.opam/4.06/lib/ocaml' '-o' '/tmp/ocaml-configuratorc6921a/c-test-5/test.exe' '/tmp/ocaml-configuratorc6921a/c-test-5/test.c'
# -> process exited with code 0
# -> stdout:
# -> stderr:
# compiling c program:
#  | 
#  | #include <sys/timerfd.h>
#  | 
#  | int main()
#  | {
#  |   timerfd_create(0, 0);
#  |   return 0;
#  | }
# run: gcc -O2 -fno-strict-aliasing -fwrapv -fPIC '-I' '/home/opam/.opam/4.06/lib/ocaml' '-o' '/tmp/ocaml-configuratorc6921a/c-test-7/test.exe' '/tmp/ocaml-configuratorc6921a/c-test-7/test.c'
# -> process exited with code 0
# -> stdout:
# -> stderr:
# compiling c program:
#  | 
#  | #include <wordexp.h>
#  | 
#  | int main()
#  | {
#  |   wordexp_t w;
#  |   wordexp("", &w, 0);
#  |   return 0;
#  | }
# run: gcc -O2 -fno-strict-aliasing -fwrapv -fPIC '-I' '/home/opam/.opam/4.06/lib/ocaml' '-o' '/tmp/ocaml-configuratorc6921a/c-test-9/test.exe' '/tmp/ocaml-configuratorc6921a/c-test-9/test.c'
# -> process exited with code 0
# -> stdout:
# -> stderr:
# compiling c program:
#  | 
#  | #include <sys/types.h>
#  | #include <sys/socket.h>
#  | 
#  | int main()
#  | {
#  |    send(0, "", 0, MSG_NOSIGNAL);
#  |    return 0;
#  | }
# run: gcc -O2 -fno-strict-aliasing -fwrapv -fPIC '-I' '/home/opam/.opam/4.06/lib/ocaml' '-o' '/tmp/ocaml-configuratorc6921a/c-test-11/test.exe' '/tmp/ocaml-configuratorc6921a/c-test-11/test.c'
# -> process exited with code 0
# -> stdout:
# -> stderr:
# compiling c program:
#  | 
#  | #include <sys/types.h>
#  | #include <sys/socket.h>
#  | 
#  | int main()
#  | {
#  |    send(0, "", 0, SO_NOSIGPIPE);
#  |    return 0;
#  | }
# run: gcc -O2 -fno-strict-aliasing -fwrapv -fPIC '-I' '/home/opam/.opam/4.06/lib/ocaml' '-o' '/tmp/ocaml-configuratorc6921a/c-test-13/test.exe' '/tmp/ocaml-configuratorc6921a/c-test-13/test.c'
# -> process exited with code 1
# -> stdout:
# -> stderr:
#  | /tmp/ocaml-configuratorc6921a/c-test-13/test.c: In function 'main':
#  | /tmp/ocaml-configuratorc6921a/c-test-13/test.c:7:19: error: 'SO_NOSIGPIPE' undeclared (first use in this function)
#  |     send(0, "", 0, SO_NOSIGPIPE);
#  |                    ^~~~~~~~~~~~
#  | /tmp/ocaml-configuratorc6921a/c-test-13/test.c:7:19: note: each undeclared identifier is reported only once for each function it appears in
# compiling c program:
#  | 
#  | #include <unistd.h>
#  | 
#  | int main()
#  | {
#  |   fdatasync(0);
#  |   return 0;
#  | }
# run: gcc -O2 -fno-strict-aliasing -fwrapv -fPIC '-I' '/home/opam/.opam/4.06/lib/ocaml' '-o' '/tmp/ocaml-configuratorc6921a/c-test-15/test.exe' '/tmp/ocaml-configuratorc6921a/c-test-15/test.c'
# -> process exited with code 0
# -> stdout:
# -> stderr:
# compiling c program:
#  | 
#  | #define _GNU_SOURCE
#  | #include <sys/socket.h>
#  | 
#  | int main () {
#  |   recvmmsg(0, 0, 0, 0, 0);
#  |   return 0;
#  | }
# run: gcc -O2 -fno-strict-aliasing -fwrapv -fPIC '-I' '/home/opam/.opam/4.06/lib/ocaml' '-o' '/tmp/ocaml-configuratorc6921a/c-test-17/test.exe' '/tmp/ocaml-configuratorc6921a/c-test-17/test.c'
# -> process exited with code 0
# -> stdout:
# -> stderr:
# compiling c program:
#  | 
#  | #include <pthread.h>
#  | #include <time.h>
#  | 
#  | int main()
#  | {
#  |    pthread_mutex_t m;
#  |    struct timespec ts;
#  |    pthread_mutex_timedlock(&m, &ts);
#  |    return 0;
#  | }
# run: gcc -O2 -fno-strict-aliasing -fwrapv -fPIC '-I' '/home/opam/.opam/4.06/lib/ocaml' '-o' '/tmp/ocaml-configuratorc6921a/c-test-19/test.exe' '/tmp/ocaml-configuratorc6921a/c-test-19/test.c' '-lpthread'
# -> process exited with code 0
# -> stdout:
# -> stderr:
# compiling c program:
#  | 
#  | #include <pthread.h>
#  | #include <time.h>
#  | 
#  | int main()
#  | {
#  |    clockid_t clock;
#  |    pthread_getcpuclockid(pthread_self(), &clock);
#  |    return 0;
#  | }
# run: gcc -O2 -fno-strict-aliasing -fwrapv -fPIC '-I' '/home/opam/.opam/4.06/lib/ocaml' '-o' '/tmp/ocaml-configuratorc6921a/c-test-21/test.exe' '/tmp/ocaml-configuratorc6921a/c-test-21/test.c' '-lpthread'
# -> process exited with code 0
# -> stdout:
# -> stderr:
# compiling c program:
#  | 
#  | #include <stdlib.h>
#  | 
#  | int main () {
#  |   mkostemp("", 0);
#  |   return 0;
#  | }
# run: gcc -O2 -fno-strict-aliasing -fwrapv -fPIC '-I' '/home/opam/.opam/4.06/lib/ocaml' '-o' '/tmp/ocaml-configuratorc6921a/c-test-23/test.exe' '/tmp/ocaml-configuratorc6921a/c-test-23/test.c'
# -> process exited with code 0
# -> stdout:
# -> stderr:
#  | /tmp/ocaml-configuratorc6921a/c-test-23/test.c: In function 'main':
#  | /tmp/ocaml-configuratorc6921a/c-test-23/test.c:5:3: warning: implicit declaration of function 'mkostemp' [-Wimplicit-function-declaration]
#  |    mkostemp("", 0);
#  |    ^~~~~~~~
# compiling c program:
#  | #include <stdio.h>
#  | #include <sys/resource.h>
#  | 
#  | int main()
#  | {
#  | #if defined(RLIMIT_AS)
#  |   printf("RLIMIT_AS=b:true\n");
#  | #else
#  |   printf("RLIMIT_AS=b:false\n");
#  | #endif
#  | #if defined(RLIMIT_NICE)
#  |   printf("RLIMIT_NICE=b:true\n");
#  | #else
#  |   printf("RLIMIT_NICE=b:false\n");
#  | #endif
#  |   return 0;
#  | }
# run: gcc -O2 -fno-strict-aliasing -fwrapv -fPIC '-I' '/home/opam/.opam/4.06/lib/ocaml' '-o' '/tmp/ocaml-configuratorc6921a/c-test-25/test.exe' '/tmp/ocaml-configuratorc6921a/c-test-25/test.c'
# -> process exited with code 0
# -> stdout:
# -> stderr:
# run: /tmp/ocaml-configuratorc6921a/c-test-25/test.exe
# -> process exited with code 0
# -> stdout:
#  | RLIMIT_AS=b:true
#  | RLIMIT_NICE=b:true
# -> stderr:
# compiling c program:
#  | #include <stdio.h>
#  | #include <caml/config.h>
#  | 
#  | int main()
#  | {
#  | #if defined(ARCH_BIG_ENDIAN)
#  |   printf("ARCH_BIG_ENDIAN=b:true\n");
#  | #else
#  |   printf("ARCH_BIG_ENDIAN=b:false\n");
#  | #endif
#  | #if defined(ARCH_SIXTYFOUR)
#  |   printf("ARCH_SIXTYFOUR=b:true\n");
#  | #else
#  |   printf("ARCH_SIXTYFOUR=b:false\n");
#  | #endif
#  |   return 0;
#  | }
# run: gcc -O2 -fno-strict-aliasing -fwrapv -fPIC '-I' '/home/opam/.opam/4.06/lib/ocaml' '-o' '/tmp/ocaml-configuratorc6921a/c-test-28/test.exe' '/tmp/ocaml-configuratorc6921a/c-test-28/test.c'
# -> process exited with code 0
# -> stdout:
# -> stderr:
# run: /tmp/ocaml-configuratorc6921a/c-test-28/test.exe
# -> process exited with code 0
# -> stdout:
#  | ARCH_BIG_ENDIAN=b:false
#  | ARCH_SIXTYFOUR=b:true
# -> stderr:
# Fatal error: exception (runtime-lib/runtime.ml.E "comparison failed"
#   ((switch true) vs (switch false) (Loc src/config/discover.ml:205:15)))
# Raised at file "src/configurator.ml", line 511, characters 13-22
# Called from file "src/config/discover.ml", line 136, characters 2-1023



<><> Error report <><><><><><><><><><><><><><><><><><><><><><><><><><><><><><><>
+- The following actions failed
| - build core v0.11.2
+- 
+- The following changes have been performed (the rest was aborted)
| - install astring                    0.8.3
| - install async_kernel               v0.11.1
| - install async_rpc_kernel           v0.11.0
| - install base                       v0.11.1
| - install base-bytes                 base
| - install base64                     2.2.0
| - install bin_prot                   v0.11.0
| - install biniou                     1.2.0
| - install cohttp                     1.1.0
| - install conduit                    1.1.0
| - install conf-which                 1
| - install configurator               v0.11.0
| - install core_kernel                v0.11.1
| - install cppo                       1.6.4
| - install cppo_ocamlbuild            1.6.0
| - install cstruct                    3.2.1
| - install cstruct-lwt                3.2.1
| - install duration                   0.1.1
| - install easy-format                1.3.1
| - install expect_test_helpers_kernel v0.11.0
| - install fieldslib                  v0.11.0
| - install fmt                        0.8.5
| - install gen                        0.5.1
| - install inotify                    2.3
| - install io-page                    2.0.1
| - install io-page-unix               2.0.1
| - install ipaddr                     2.8.0
| - install jane-street-headers        v0.11.0
| - install jsonm                      1.0.1
| - install logs                       0.6.2
| - install lwt                        4.1.0
| - install magic-mime                 1.1.0
| - install menhir                     20180703
| - install mirage-clock               1.3.0
| - install mirage-clock-lwt           1.3.0
| - install mirage-device              1.1.0
| - install mirage-flow                1.5.0
| - install mirage-net                 1.1.1
| - install mirage-net-lwt             1.1.0
| - install mirage-profile             0.8.2
| - install mirage-protocols           1.3.0
| - install mirage-protocols-lwt       1.3.0
| - install mirage-random              1.1.0
| - install mirage-stack               1.2.0
| - install mirage-stack-lwt           1.2.0
| - install mirage-time                1.1.0
| - install mirage-time-lwt            1.1.0
| - install mparser                    1.2.3
| - install num                        1.1
| - install ocaml-compiler-libs        v0.11.0
| - install ocaml-migrate-parsetree    1.0.11
| - install ocamlbuild                 0.12.0
| - install ocamlgraph                 1.8.8
| - install ocplib-endian              1.0
| - install octavius                   1.2.0
| - install parsexp                    v0.11.0
| - install ppx_assert                 v0.11.0
| - install ppx_base                   v0.11.0
| - install ppx_bench                  v0.11.0
| - install ppx_bin_prot               v0.11.0
| - install ppx_compare                v0.11.0
| - install ppx_cstruct                3.2.1
| - install ppx_custom_printf          v0.11.0
| - install ppx_derivers               1.0
| - install ppx_deriving               4.2.1
| - install ppx_driver                 v0.11.0
| - install ppx_enumerate              v0.11.0
| - install ppx_expect                 v0.11.0
| - install ppx_fail                   v0.11.0
| - install ppx_fields_conv            v0.11.0
| - install ppx_hash                   v0.11.0
| - install ppx_here                   v0.11.0
| - install ppx_inline_test            v0.11.0
| - install ppx_jane                   v0.11.0
| - install ppx_js_style               v0.11.0
| - install ppx_let                    v0.11.0
| - install ppx_optcomp                v0.11.0
| - install ppx_optional               v0.11.0
| - install ppx_pipebang               v0.11.0
| - install ppx_sexp_conv              v0.11.1
| - install ppx_sexp_message           v0.11.0
| - install ppx_sexp_value             v0.11.0
| - install ppx_tools                  5.1+4.06.0
| - install ppx_tools_versioned        5.2
| - install ppx_type_conv              v0.11.0
| - install ppx_typerep_conv           v0.11.0
| - install ppx_variants_conv          v0.11.0
| - install ppxlib                     0.2.1
| - install protocol_version_header    v0.11.0
| - install randomconv                 0.1.0
| - install re                         1.7.3
| - install re2                        v0.11.0
| - install result                     1.3
| - install rresult                    0.5.0
| - install sedlex                     1.99.4
| - install sexp_pretty                v0.11.0
| - install sexplib                    v0.11.0
| - install sexplib0                   v0.11.0
| - install spawn                      v0.12.0
| - install splittable_random          v0.11.0
| - install stdio                      v0.11.0
| - install stringext                  1.5.0
| - install tcpip                      3.4.2
| - install textutils_kernel           v0.11.0
| - install topkg                      0.9.1
| - install typerep                    v0.11.0
| - install uchar                      0.0.2
| - install uri                        1.9.7
| - install uutf                       1.0.1
| - install variantslib                v0.11.0
| - install yojson                     1.4.1
+- 
# Run eval $(opam env) to update the current shell environment

The former state can be restored with:
    opam switch import "/home/opam/.opam/4.06/.opam-switch/backup/state-20180804043437.export"
31 1533357273 1533357555