$ opam depext -iy -j 2 reed-solomon-erasure.1.0.1
# Detecting depexts using vars: arch=ppc64, os=linux, os-distribution=debian, os-family=debian
# The following system packages are needed:
libffi-dev
m4
pkg-config
The following command needs to be run through "sudo":
    apt-get install -qq -yy libffi-dev m4 pkg-config
debconf: delaying package configuration, since apt-utils is not installed
Selecting previously unselected package sgml-base.
(Reading database ... (Reading database ... 5%(Reading database ... 10%(Reading database ... 15%(Reading database ... 20%(Reading database ... 25%(Reading database ... 30%(Reading database ... 35%(Reading database ... 40%(Reading database ... 45%(Reading database ... 50%(Reading database ... 55%(Reading database ... 60%(Reading database ... 65%(Reading database ... 70%(Reading database ... 75%(Reading database ... 80%(Reading database ... 85%(Reading database ... 90%(Reading database ... 95%(Reading database ... 100%(Reading database ... 17539 files and directories currently installed.)
Preparing to unpack .../0-sgml-base_1.29_all.deb ...
Unpacking sgml-base (1.29) ...
Selecting previously unselected package libicu57:ppc64el.
Preparing to unpack .../1-libicu57_57.1-6+deb9u2_ppc64el.deb ...
Unpacking libicu57:ppc64el (57.1-6+deb9u2) ...
Selecting previously unselected package libxml2:ppc64el.
Preparing to unpack .../2-libxml2_2.9.4+dfsg1-2.2+deb9u2_ppc64el.deb ...
Unpacking libxml2:ppc64el (2.9.4+dfsg1-2.2+deb9u2) ...
Selecting previously unselected package libffi-dev:ppc64el.
Preparing to unpack .../3-libffi-dev_3.2.1-6_ppc64el.deb ...
Unpacking libffi-dev:ppc64el (3.2.1-6) ...
Selecting previously unselected package libglib2.0-0:ppc64el.
Preparing to unpack .../4-libglib2.0-0_2.50.3-2_ppc64el.deb ...
Unpacking libglib2.0-0:ppc64el (2.50.3-2) ...
Selecting previously unselected package libglib2.0-data.
Preparing to unpack .../5-libglib2.0-data_2.50.3-2_all.deb ...
Unpacking libglib2.0-data (2.50.3-2) ...
Selecting previously unselected package pkg-config.
Preparing to unpack .../6-pkg-config_0.29-4+b1_ppc64el.deb ...
Unpacking pkg-config (0.29-4+b1) ...
Selecting previously unselected package shared-mime-info.
Preparing to unpack .../7-shared-mime-info_1.8-1+deb9u1_ppc64el.deb ...
Unpacking shared-mime-info (1.8-1+deb9u1) ...
Selecting previously unselected package xdg-user-dirs.
Preparing to unpack .../8-xdg-user-dirs_0.15-2+b1_ppc64el.deb ...
Unpacking xdg-user-dirs (0.15-2+b1) ...
Selecting previously unselected package xml-core.
Preparing to unpack .../9-xml-core_0.17_all.deb ...
Unpacking xml-core (0.17) ...
Setting up libglib2.0-0:ppc64el (2.50.3-2) ...
No schema files found: doing nothing.
Setting up libffi-dev:ppc64el (3.2.1-6) ...
Setting up sgml-base (1.29) ...
Setting up libicu57:ppc64el (57.1-6+deb9u2) ...
Setting up libxml2:ppc64el (2.9.4+dfsg1-2.2+deb9u2) ...
Setting up pkg-config (0.29-4+b1) ...
Setting up libglib2.0-data (2.50.3-2) ...
Processing triggers for libc-bin (2.24-11+deb9u3) ...
Setting up shared-mime-info (1.8-1+deb9u1) ...
Setting up xml-core (0.17) ...
Setting up xdg-user-dirs (0.15-2+b1) ...
Processing triggers for sgml-base (1.29) ...
# OS packages installation successful
# Now letting OPAM install the packages
The following actions will be performed:
  - install   base-bytes              base                     [required by cppo, ctypes]
  - install   conf-pkg-config         1.1                      [required by ctypes]
  - install   num                     1.1                      [required by sexplib]
  - remove    dune                    1.0.1                    [conflicts with reed-solomon-erasure]
  - install   ctypes-foreign          0.4.0                    [required by reed-solomon-erasure]
  - install   ocamlbuild              0.12.0                   [required by integers]
  - downgrade jbuilder                transition to 1.0+beta20 [required by reed-solomon-erasure]
  - install   sexplib0                v0.11.0                  [required by base, sexplib]
  - install   result                  1.3                      [required by ocaml-migrate-parsetree]
  - install   re                      1.7.3                    [required by ppx_expect]
  - install   ppx_derivers            1.0                      [required by ppxlib]
  - install   octavius                1.2.0                    [required by ppx_js_style]
  - install   ocaml-compiler-libs     v0.11.0                  [required by ppxlib]
  - install   jane-street-headers     v0.11.0                  [required by core_kernel]
  - install   cppo                    1.6.4                    [required by reed-solomon-erasure]
  - install   parsexp                 v0.11.0                  [required by sexplib]
  - install   base                    v0.11.1                  [required by core_kernel]
  - install   topkg                   0.9.1                    [required by integers]
  - install   ocaml-migrate-parsetree 1.0.10                   [required by bisect_ppx, core_kernel]
  - install   sexplib                 v0.11.0                  [required by core_kernel]
  - install   typerep                 v0.11.0                  [required by core_kernel]
  - install   stdio                   v0.11.0                  [required by core_kernel]
  - install   integers                0.2.2                    [required by ctypes]
  - install   ppx_tools_versioned     5.2                      [required by bisect_ppx]
  - install   ppxlib                  0.2.0                    [required by ppx_inline_test, ppx_assert, ppx_base, ppx_jane]
  - install   configurator            v0.11.0                  [required by core_kernel]
  - install   ctypes                  0.14.0                   [required by reed-solomon-erasure]
  - install   bisect_ppx              1.3.4                    [required by reed-solomon-erasure]
  - install   variantslib             v0.11.0                  [required by core_kernel]
  - install   ppx_typerep_conv        v0.11.0                  [required by ppx_jane]
  - install   ppx_sexp_conv           v0.11.1                  [required by core_kernel]
  - install   ppx_pipebang            v0.11.0                  [required by ppx_jane]
  - install   ppx_optional            v0.11.0                  [required by ppx_jane]
  - install   ppx_optcomp             v0.11.0                  [required by ppx_jane]
  - install   ppx_let                 v0.11.0                  [required by ppx_jane]
  - install   ppx_js_style            v0.11.0                  [required by ppx_base]
  - install   ppx_inline_test         v0.11.0                  [required by core_kernel]
  - install   ppx_here                v0.11.0                  [required by ppx_assert, ppx_jane]
  - install   ppx_enumerate           v0.11.0                  [required by ppx_base]
  - install   ppx_compare             v0.11.0                  [required by ppx_assert, bin_prot, ppx_base]
  - install   fieldslib               v0.11.0                  [required by core_kernel]
  - install   ppx_variants_conv       v0.11.0                  [required by bin_prot, ppx_jane]
  - install   ppx_custom_printf       v0.11.0                  [required by bin_prot, ppx_jane]
  - install   ppx_bench               v0.11.0                  [required by ppx_jane]
  - install   ppx_sexp_value          v0.11.0                  [required by ppx_jane]
  - install   ppx_sexp_message        v0.11.0                  [required by core_kernel]
  - install   ppx_fail                v0.11.0                  [required by ppx_jane]
  - install   ppx_hash                v0.11.0                  [required by core_kernel]
  - install   ppx_assert              v0.11.0                  [required by core_kernel]
  - install   ppx_fields_conv         v0.11.0                  [required by bin_prot, ppx_jane]
  - install   ppx_base                v0.11.0                  [required by core_kernel]
  - install   ppx_expect              v0.11.0                  [required by ppx_jane]
  - install   bin_prot                v0.11.0                  [required by core_kernel]
  - install   ppx_bin_prot            v0.11.0                  [required by ppx_jane]
  - install   ppx_jane                v0.11.0                  [required by core_kernel]
  - install   splittable_random       v0.11.0                  [required by core_kernel]
  - install   core_kernel             v0.11.1                  [required by reed-solomon-erasure]
  - install   reed-solomon-erasure    1.0.1
===== 56 to install | 1 to downgrade | 1 to remove =====

<><> Gathering sources ><><><><><><><><><><><><><><><><><><><><><><><><><><><><>
[base.v0.11.1] found in cache
[bin_prot.v0.11.0] found in cache
[bisect_ppx.1.3.4] found in cache
[configurator.v0.11.0] found in cache
[core_kernel.v0.11.1] found in cache
[cppo.1.6.4] found in cache
[ctypes.0.14.0] found in cache
[fieldslib.v0.11.0] found in cache
[integers.0.2.2] found in cache
[jane-street-headers.v0.11.0] found in cache
[jbuilder.1.0+beta20] found in cache
[num.1.1] found in cache
[ocaml-compiler-libs.v0.11.0] found in cache
[ocaml-migrate-parsetree.1.0.10] found in cache
[ocamlbuild.0.12.0] found in cache
[octavius.1.2.0] found in cache
[parsexp.v0.11.0] found in cache
[ppx_assert.v0.11.0] found in cache
[ppx_base.v0.11.0] found in cache
[ppx_bench.v0.11.0] found in cache
[ppx_bin_prot.v0.11.0] found in cache
[ppx_compare.v0.11.0] found in cache
[ppx_custom_printf.v0.11.0] found in cache
[ppx_derivers.1.0] found in cache
[ppx_enumerate.v0.11.0] found in cache
[ppx_expect.v0.11.0] found in cache
[ppx_fail.v0.11.0] found in cache
[ppx_fields_conv.v0.11.0] found in cache
[ppx_hash.v0.11.0] found in cache
[ppx_here.v0.11.0] found in cache
[ppx_inline_test.v0.11.0] found in cache
[ppx_jane.v0.11.0] found in cache
[ppx_js_style.v0.11.0] found in cache
[ppx_let.v0.11.0] found in cache
[ppx_optcomp.v0.11.0] found in cache
[ppx_optional.v0.11.0] found in cache
[ppx_pipebang.v0.11.0] found in cache
[ppx_sexp_conv.v0.11.1] found in cache
[ppx_sexp_message.v0.11.0] found in cache
[ppx_sexp_value.v0.11.0] found in cache
[ppx_tools_versioned.5.2] found in cache
[ppx_typerep_conv.v0.11.0] found in cache
[ppx_variants_conv.v0.11.0] found in cache
[ppxlib.0.2.0] found in cache
[re.1.7.3] found in cache
[reed-solomon-erasure.1.0.1] found in cache
[result.1.3] found in cache
[sexplib.v0.11.0] found in cache
[sexplib0.v0.11.0] found in cache
[splittable_random.v0.11.0] found in cache
[stdio.v0.11.0] found in cache
[topkg.0.9.1] found in cache
[typerep.v0.11.0] found in cache
[variantslib.v0.11.0] found in cache

<><> Processing actions <><><><><><><><><><><><><><><><><><><><><><><><><><><><>
-> removed   jbuilder.transition
-> removed   dune.1.0.1
-> installed base-bytes.base
-> installed conf-pkg-config.1.1
-> installed ctypes-foreign.0.4.0
-> installed num.1.1
-> installed ocamlbuild.0.12.0
-> installed jbuilder.1.0+beta20
-> installed cppo.1.6.4
-> installed jane-street-headers.v0.11.0
-> installed ocaml-compiler-libs.v0.11.0
-> installed octavius.1.2.0
-> installed ppx_derivers.1.0
-> installed re.1.7.3
-> installed result.1.3
-> installed sexplib0.v0.11.0
-> installed ocaml-migrate-parsetree.1.0.10
-> installed parsexp.v0.11.0
-> installed ppx_tools_versioned.5.2
-> installed base.v0.11.1
-> installed bisect_ppx.1.3.4
-> installed sexplib.v0.11.0
-> installed stdio.v0.11.0
-> installed configurator.v0.11.0
-> installed topkg.0.9.1
-> installed integers.0.2.2
-> installed ppxlib.0.2.0
-> installed ctypes.0.14.0
-> installed fieldslib.v0.11.0
-> installed ppx_compare.v0.11.0
-> installed ppx_enumerate.v0.11.0
-> installed ppx_here.v0.11.0
-> installed ppx_fields_conv.v0.11.0
-> installed ppx_inline_test.v0.11.0
-> installed ppx_fail.v0.11.0
-> installed ppx_js_style.v0.11.0
-> installed ppx_let.v0.11.0
-> installed ppx_optcomp.v0.11.0
-> installed ppx_optional.v0.11.0
-> installed ppx_pipebang.v0.11.0
-> installed ppx_sexp_conv.v0.11.1
-> installed ppx_assert.v0.11.0
-> installed ppx_bench.v0.11.0
-> installed ppx_custom_printf.v0.11.0
-> installed ppx_hash.v0.11.0
-> installed ppx_sexp_message.v0.11.0
-> installed ppx_sexp_value.v0.11.0
-> installed typerep.v0.11.0
-> installed ppx_base.v0.11.0
-> installed variantslib.v0.11.0
-> installed ppx_typerep_conv.v0.11.0
-> installed ppx_variants_conv.v0.11.0
-> installed bin_prot.v0.11.0
-> installed ppx_expect.v0.11.0
-> installed ppx_bin_prot.v0.11.0
-> installed ppx_jane.v0.11.0
-> installed splittable_random.v0.11.0
-> installed core_kernel.v0.11.1
[ERROR] The compilation of reed-solomon-erasure failed at "/home/opam/.opam/4.06/bin/jbuilder build".

#=== ERROR while compiling reed-solomon-erasure.1.0.1 =========================#
# context              2.0.0 | linux/ppc64 | ocaml-base-compiler.4.06.1 | git+file:///home/opam/opam-repository
# path                 ~/.opam/4.06/.opam-switch/build/reed-solomon-erasure.1.0.1
# command              ~/.opam/4.06/bin/jbuilder build
# exit-code            1
# env-file             ~/.opam/log/reed-solomon-erasure-11-871ec7.env
# output-file          ~/.opam/log/reed-solomon-erasure-11-871ec7.out
### output ###
#       ocamlc src/reedsolomon.o (exit 2)
# (cd _build/default/src && /home/opam/.opam/4.06/bin/ocamlc.opt -g -I /home/opam/.opam/4.06/lib/base -I /home/opam/.opam/4.06/lib/base/caml -I /home/opam/.opam/4.06/lib/base/md5 -I /home/opam/.opam/4.06/lib/base/shadow_stdlib -I /home/opam/.opam/4.06/lib/bin_prot -I /home/opam/.opam/4.06/lib/bin_prot/shape -I /home/opam/.opam/4.06/lib/bisect_ppx/runtime -I /home/opam/.opam/4.06/lib/bytes -I /home/opam/.opam/4.06/lib/core_kernel -I /home/opam/.opam/4.06/lib/core_kernel/base_for_tests -I /home/opam/.opam/4.06/lib/ctypes -I /home/opam/.opam/4.06/lib/fieldslib -I /home/opam/.opam/4.06/lib/integers -I /home/opam/.opam/4.06/lib/jane-street-headers -I /home/opam/.opam/4.06/lib/ocaml/threads -I /home/opam/.opam/4.06/lib/parsexp -I /home/opam/.opam/4.06/lib/ppx_assert/runtime-lib -I /home/opam/.opam/4.06/lib/ppx_bench/runtime-lib -I /home/opam/.opam/4.06/lib/ppx_compare/runtime-lib -I /home/opam/.opam/4.06/lib/ppx_expect/collector -I /home/opam/.opam/4.06/lib/ppx_expect/common -I /home/opam/.opam/4.06/lib/ppx_expect/config -I /home/opam/.opam/4.06/lib/ppx_hash/runtime-lib -I /home/opam/.opam/4.06/lib/ppx_inline_test/config -I /home/opam/.opam/4.06/lib/ppx_inline_test/runtime-lib -I /home/opam/.opam/4.06/lib/ppx_sexp_conv/runtime-lib -I /home/opam/.opam/4.06/lib/sexplib -I /home/opam/.opam/4.06/lib/sexplib0 -I /home/opam/.opam/4.06/lib/splittable_random -I /home/opam/.opam/4.06/lib/stdio -I /home/opam/.opam/4.06/lib/typerep -I /home/opam/.opam/4.06/lib/variantslib -ccopt -march=native -ccopt -std=c11 -ccopt -O3 -ccopt -fPIC -o reedsolomon.o reedsolomon.c)
# gcc: error: unrecognized command line option '-march=native'; did you mean '-mcpu=native'?



<><> Error report <><><><><><><><><><><><><><><><><><><><><><><><><><><><><><><>
+- The following actions failed
| - build reed-solomon-erasure 1.0.1
+- 
+- The following changes have been performed
| - remove    dune                    1.0.1
| - downgrade jbuilder                transition to 1.0+beta20
| - install   base                    v0.11.1
| - install   base-bytes              base
| - install   bin_prot                v0.11.0
| - install   bisect_ppx              1.3.4
| - install   conf-pkg-config         1.1
| - install   configurator            v0.11.0
| - install   core_kernel             v0.11.1
| - install   cppo                    1.6.4
| - install   ctypes                  0.14.0
| - install   ctypes-foreign          0.4.0
| - install   fieldslib               v0.11.0
| - install   integers                0.2.2
| - install   jane-street-headers     v0.11.0
| - install   num                     1.1
| - install   ocaml-compiler-libs     v0.11.0
| - install   ocaml-migrate-parsetree 1.0.10
| - install   ocamlbuild              0.12.0
| - install   octavius                1.2.0
| - install   parsexp                 v0.11.0
| - install   ppx_assert              v0.11.0
| - install   ppx_base                v0.11.0
| - install   ppx_bench               v0.11.0
| - install   ppx_bin_prot            v0.11.0
| - install   ppx_compare             v0.11.0
| - install   ppx_custom_printf       v0.11.0
| - install   ppx_derivers            1.0
| - install   ppx_enumerate           v0.11.0
| - install   ppx_expect              v0.11.0
| - install   ppx_fail                v0.11.0
| - install   ppx_fields_conv         v0.11.0
| - install   ppx_hash                v0.11.0
| - install   ppx_here                v0.11.0
| - install   ppx_inline_test         v0.11.0
| - install   ppx_jane                v0.11.0
| - install   ppx_js_style            v0.11.0
| - install   ppx_let                 v0.11.0
| - install   ppx_optcomp             v0.11.0
| - install   ppx_optional            v0.11.0
| - install   ppx_pipebang            v0.11.0
| - install   ppx_sexp_conv           v0.11.1
| - install   ppx_sexp_message        v0.11.0
| - install   ppx_sexp_value          v0.11.0
| - install   ppx_tools_versioned     5.2
| - install   ppx_typerep_conv        v0.11.0
| - install   ppx_variants_conv       v0.11.0
| - install   ppxlib                  0.2.0
| - install   re                      1.7.3
| - install   result                  1.3
| - install   sexplib                 v0.11.0
| - install   sexplib0                v0.11.0
| - install   splittable_random       v0.11.0
| - install   stdio                   v0.11.0
| - install   topkg                   0.9.1
| - install   typerep                 v0.11.0
| - install   variantslib             v0.11.0
+- 
# Run eval $(opam env) to update the current shell environment

The former state can be restored with:
    opam switch import "/home/opam/.opam/4.06/.opam-switch/backup/state-20180804013820.export"
31 1533346687 1533346881