$ opam depext -iy -j 2 cpdf.2.2.1
# Detecting depexts using vars: arch=x86_64, os=linux, os-distribution=fedora, os-family=fedora
# The following system packages are needed:
m4
Name        : m4
Version     : 1.4.18
Release     : 6.fc28
Architecture: x86_64
Install Date: Mon Aug 20 20:10:33 2018
Group       : Applications/Text
Size        : 372272
License     : GPLv3+
Signature   : RSA/SHA256, Sun Feb 25 11:01:47 2018, Key ID e08e7e629db62fb1
Source RPM  : m4-1.4.18-6.fc28.src.rpm
Build Date  : Sun Feb 25 10:58:14 2018
Build Host  : buildvm-25.phx2.fedoraproject.org
Relocations : (not relocatable)
Packager    : Fedora Project
Vendor      : Fedora Project
URL         : http://www.gnu.org/software/m4/
Bug URL     : https://bugz.fedoraproject.org/m4
Summary     : The GNU macro processor
Description :
A GNU implementation of the traditional UNIX macro processor.  M4 is
useful for writing text files which can be logically parsed, and is used
by many programs as part of their build process.  M4 has built-in
functions for including files, running shell commands, doing arithmetic,
etc.  The autoconf program needs m4 for generating configure scripts, but
not for running configure scripts.

Install m4 if you need a macro processor.
# All required OS packages found.
# Now letting OPAM install the packages
The following actions will be performed:
  - install camlpdf 2.2.1 [required by cpdf]
  - install cpdf    2.2.1
===== 2 to install =====

<><> Gathering sources ><><><><><><><><><><><><><><><><><><><><><><><><><><><><>
[camlpdf.2.2.1] found in cache
[cpdf.2.2.1] found in cache

<><> Processing actions <><><><><><><><><><><><><><><><><><><><><><><><><><><><>
-> installed camlpdf.2.2.1
[ERROR] The compilation of cpdf failed at "/usr/bin/make".

#=== ERROR while compiling cpdf.2.2.1 =========================================#
# context              2.0.0 | linux/x86_64 | ocaml-base-compiler.4.06.1 | git+file:///home/opam/opam-repository
# path                 ~/.opam/4.06/.opam-switch/build/cpdf.2.2.1
# command              /usr/bin/make
# exit-code            2
# env-file             ~/.opam/log/cpdf-10-ad6566.env
# output-file          ~/.opam/log/cpdf-10-ad6566.out
### output ###
# make[1]: Entering directory '/home/opam/.opam/4.06/.opam-switch/build/cpdf.2.2.1'
# ocamlfind ocamldep -native cpdfcommand.mli > ._ncdi/cpdfcommand.di
# ocamlfind ocamldep -native cpdf.mli > ._ncdi/cpdf.di
# ocamlfind ocamldep -native cpdfstrftime.mli > ._ncdi/cpdfstrftime.di
# ocamlfind ocamldep -native xmlm.mli > ._ncdi/xmlm.di
# ocamlfind ocamldep cpdfcommandrun.ml > ._d/cpdfcommandrun.d
# ocamlfind ocamldep cpdfcommand.ml > ._d/cpdfcommand.d
# ocamlfind ocamldep cpdf.ml > ._d/cpdf.d
# ocamlfind ocamldep cpdfstrftime.ml > ._d/cpdfstrftime.d
# ocamlfind ocamldep xmlm.ml > ._d/xmlm.d
# ocamlfind ocamlc -package camlpdf -c -annot xmlm.mli
# ocamlfind ocamlopt -package camlpdf -c -annot -g -w -3 -annot xmlm.ml
# File "xmlm.ml", line 965, characters 19-47:
# Error: This expression has type string -> int -> int -> unit
#        but an expression was expected of type bytes -> int -> int -> unit
#        Type string is not compatible with type bytes 
# make[1]: *** [OCamlMakefile:1076: xmlm.cmx] Error 2
# make[1]: Leaving directory '/home/opam/.opam/4.06/.opam-switch/build/cpdf.2.2.1'
# make: *** [OCamlMakefile:777: native-code] Error 2



<><> Error report <><><><><><><><><><><><><><><><><><><><><><><><><><><><><><><>
+- The following actions failed
| - build cpdf 2.2.1
+- 
+- The following changes have been performed
| - install camlpdf 2.2.1
+- 
# Run eval $(opam env) to update the current shell environment

The former state can be restored with:
    opam switch import "/home/opam/.opam/4.06/.opam-switch/backup/state-20180821060323.export"
31 1534831400 1534831419