$ opam depext -iy -j 2 macaroons.0.1.1
# Detecting depexts using vars: arch=x86_64, os=linux, os-distribution=debian, os-family=debian
# The following system packages are needed:
m4
# All required OS packages found.
# Now letting OPAM install the packages
The following actions will be performed:
  - install base-bytes base  [required by base64]
  - install base64     2.2.0 [required by macaroons]
  - install macaroons  0.1.1
===== 3 to install =====

<><> Gathering sources ><><><><><><><><><><><><><><><><><><><><><><><><><><><><>
[base64.2.2.0] found in cache
[macaroons.0.1.1] found in cache

<><> Processing actions <><><><><><><><><><><><><><><><><><><><><><><><><><><><>
-> installed base-bytes.base
-> installed base64.2.2.0
[ERROR] The compilation of macaroons failed at "/usr/bin/make".

#=== ERROR while compiling macaroons.0.1.1 ====================================#
# context              2.0.0 | linux/x86_64 | ocaml-variants.4.06.1+default-unsafe-string | git+file:///home/opam/opam-repository
# path                 ~/.opam/4.06+default-unsafe-string/.opam-switch/build/macaroons.0.1.1
# command              /usr/bin/make
# exit-code            2
# env-file             ~/.opam/log/macaroons-10-0f1b61.env
# output-file          ~/.opam/log/macaroons-10-0f1b61.out
### output ###
# ocamlbuild -use-ocamlfind -classic-display lib/macaroons.{cma,cmx,cmxa,cmxs,a}
# /bin/bash: ocamlbuild: command not found
# Makefile:14: recipe for target 'build' failed
# make: *** [build] Error 127



<><> Error report <><><><><><><><><><><><><><><><><><><><><><><><><><><><><><><>
+- The following actions failed
| - build macaroons 0.1.1
+- 
+- The following changes have been performed
| - install base-bytes base
| - install base64     2.2.0
+- 
# Run eval $(opam env) to update the current shell environment

The former state can be restored with:
    opam switch import "/home/opam/.opam/4.06+default-unsafe-string/.opam-switch/backup/state-20180807213434.export"
31 1533677671 1533677678