$ opam depext -iy -j 2 xxhash.0.1
# Detecting depexts using vars: arch=x86_64, os=linux, os-distribution=alpine, os-family=alpine
# The following system packages are needed:
m4
pkgconfig
m4
pkgconf
# All required OS packages found.
# Now letting OPAM install the packages
The following actions will be performed:
  - install result          1.3    [required by topkg]
  - install base-bytes      base   [required by ctypes]
  - install ocamlbuild      0.12.0 [required by oasis]
  - install conf-pkg-config 1.1    [required by ctypes]
  - install topkg           0.9.1  [required by integers]
  - install ocamlmod        0.0.9  [required by oasis]
  - install ocamlify        0.0.1  [required by oasis]
  - install integers        0.2.2  [required by ctypes]
  - install oasis           0.4.11 [required by xxhash]
  - install ctypes          0.14.0 [required by xxhash]
  - install xxhash          0.1
===== 11 to install =====

<><> Gathering sources ><><><><><><><><><><><><><><><><><><><><><><><><><><><><>
[ctypes.0.14.0] found in cache
[integers.0.2.2] found in cache
[oasis.0.4.11] found in cache
[ocamlbuild.0.12.0] found in cache
[ocamlify.0.0.1] found in cache
[ocamlmod.0.0.9] found in cache
[result.1.3] found in cache
[topkg.0.9.1] found in cache
[xxhash.0.1] found in cache

<><> Processing actions <><><><><><><><><><><><><><><><><><><><><><><><><><><><>
-> installed base-bytes.base
-> installed conf-pkg-config.1.1
-> installed result.1.3
-> installed ocamlbuild.0.12.0
-> installed ocamlify.0.0.1
-> installed ocamlmod.0.0.9
-> installed topkg.0.9.1
-> installed integers.0.2.2
-> installed ctypes.0.14.0
-> installed oasis.0.4.11
[ERROR] The compilation of xxhash failed at "/home/opam/.opam/4.06/bin/ocaml setup.ml -build".

#=== ERROR while compiling xxhash.0.1 =========================================#
# context              2.0.0~rc3 | linux/x86_64 | ocaml-base-compiler.4.06.1 | git+file:///home/opam/opam-repository
# path                 ~/.opam/4.06/.opam-switch/build/xxhash.0.1
# command              ~/.opam/4.06/bin/ocaml setup.ml -build
# exit-code            1
# env-file             ~/.opam/log/xxhash-13-b7b179.env
# output-file          ~/.opam/log/xxhash-13-b7b179.out
### output ###
# W: Cannot find source file matching module 'Xxhash_bindings' in library xxhash.
# W: Use InterfacePatterns or ImplementationPatterns to define this file with feature "source_patterns".
# W: Cannot find source file matching module 'Xxhash_generated' in library xxhash.
# W: Use InterfacePatterns or ImplementationPatterns to define this file with feature "source_patterns".
# W: Cannot find source file matching module 'Xxhash_bindings' in library xxhash.
# W: Use InterfacePatterns or ImplementationPatterns to define this file with feature "source_patterns".
# W: Cannot find source file matching module 'Xxhash_generated' in library xxhash.
# W: Use InterfacePatterns or ImplementationPatterns to define this file with feature "source_patterns".
# W: Cannot find source file matching module 'Xxhash_bindings' in library xxhash.
# W: Use InterfacePatterns or ImplementationPatterns to define this file with feature "source_patterns".
# W: Cannot find source file matching module 'Xxhash_generated' in library xxhash.
# W: Use InterfacePatterns or ImplementationPatterns to define this file with feature "source_patterns".
# /home/opam/.opam/4.06/bin/ocamlopt.opt unix.cmxa -I /home/opam/.opam/4.06/lib/ocamlbuild /home/opam/.opam/4.06/lib/ocamlbuild/ocamlbuildlib.cmxa myocamlbuild.ml /home/opam/.opam/4.06/lib/ocamlbuild/ocamlbuild.cmx -o myocamlbuild
# /home/opam/.opam/4.06/bin/ocamlfind ocamldep -package ctypes.stubs -modules stubs/xxhash_stubgen.ml > stubs/xxhash_stubgen.ml.depends
# /home/opam/.opam/4.06/bin/ocamlfind ocamldep -package ctypes.stubs -modules stubs/xxhash_bindings.ml > stubs/xxhash_bindings.ml.depends
# /home/opam/.opam/4.06/bin/ocamlfind ocamlc -c -g -annot -bin-annot -package ctypes.stubs -I stubs -o stubs/xxhash_bindings.cmo stubs/xxhash_bindings.ml
# /home/opam/.opam/4.06/bin/ocamlfind ocamlc -c -g -annot -bin-annot -package ctypes.stubs -I stubs -o stubs/xxhash_stubgen.cmo stubs/xxhash_stubgen.ml
# /home/opam/.opam/4.06/bin/ocamlfind ocamlopt -c -g -annot -bin-annot -package ctypes.stubs -I stubs -o stubs/xxhash_bindings.cmx stubs/xxhash_bindings.ml
# /home/opam/.opam/4.06/bin/ocamlfind ocamlopt -c -g -annot -bin-annot -package ctypes.stubs -I stubs -o stubs/xxhash_stubgen.cmx stubs/xxhash_stubgen.ml
# /home/opam/.opam/4.06/bin/ocamlfind ocamlopt -g -linkpkg -package ctypes.stubs -I stubs stubs/xxhash_bindings.cmx stubs/xxhash_stubgen.cmx -o stubs/xxhash_stubgen.native
# stubs/xxhash_stubgen.native
# /home/opam/.opam/4.06/bin/ocamlfind ocamlc -g -package ctypes.stubs -c lib/xxhash_stubs.c
# + /home/opam/.opam/4.06/bin/ocamlfind ocamlc -g -package ctypes.stubs -c lib/xxhash_stubs.c
# lib/xxhash_stubs.c:1:20: fatal error: xxhash.h: No such file or directory
#  #include <xxhash.h>
#                     ^
# compilation terminated.
# Command exited with code 2.
# E: Failure("Command ''/home/opam/.opam/4.06/bin/ocamlbuild' stubs/xxhash_stubgen.native lib/libxxhash_stubs.a lib/dllxxhash_stubs.so lib/xxhash.cma lib/xxhash.cmxa lib/xxhash.a lib/xxhash.cmxs -tag debug' terminated with error code 10")



<><> Error report <><><><><><><><><><><><><><><><><><><><><><><><><><><><><><><>
+- The following actions failed
| - build xxhash 0.1
+- 
+- The following changes have been performed
| - install base-bytes      base
| - install conf-pkg-config 1.1
| - install ctypes          0.14.0
| - install integers        0.2.2
| - install oasis           0.4.11
| - install ocamlbuild      0.12.0
| - install ocamlify        0.0.1
| - install ocamlmod        0.0.9
| - install result          1.3
| - install topkg           0.9.1
+- 
# Run eval $(opam env) to update the current shell environment

The former state can be restored with:
    opam switch import "/home/opam/.opam/4.06/.opam-switch/backup/state-20180727023226.export"
31 1532658743 1532658802