$ opam depext -iy -j 2 humane-re.0.0.2
# Detecting depexts using vars: arch=x86_64, os=linux, os-distribution=debian, os-family=debian
# The following system packages are needed:
m4
# All required OS packages found.
# Now letting OPAM install the packages
The following actions will be performed:
  - install ocamlbuild 0.12.0 [required by humane-re]
  - install seq        base   [required by re]
  - install ocamlmod   0.0.9  [required by oasis]
  - install ocamlify   0.0.1  [required by oasis]
  - install re         1.8.0  [required by humane-re]
  - install oasis      0.4.11 [required by humane-re]
  - install humane-re  0.0.2
===== 7 to install =====

<><> Gathering sources ><><><><><><><><><><><><><><><><><><><><><><><><><><><><>
[humane-re.0.0.2] found in cache
[oasis.0.4.11] found in cache
[ocamlbuild.0.12.0] found in cache
[ocamlify.0.0.1] found in cache
[ocamlmod.0.0.9] found in cache
[re.1.8.0] found in cache

<><> Processing actions <><><><><><><><><><><><><><><><><><><><><><><><><><><><>
-> installed seq.base
-> installed re.1.8.0
-> installed ocamlbuild.0.12.0
-> installed ocamlify.0.0.1
-> installed ocamlmod.0.0.9
-> installed oasis.0.4.11
[ERROR] The compilation of humane-re failed at "/usr/bin/make configure-no-tests".

#=== ERROR while compiling humane-re.0.0.2 ====================================#
# context              2.0.0 | linux/x86_64 | ocaml-base-compiler.4.07.0 | git+file:///home/opam/opam-repository
# path                 ~/.opam/4.07/.opam-switch/build/humane-re.0.0.2
# command              /usr/bin/make configure-no-tests
# exit-code            2
# env-file             ~/.opam/log/humane-re-11-4b2cf1.env
# output-file          ~/.opam/log/humane-re-11-4b2cf1.out
### output ###
# oasis setup
# ocaml setup.ml -configure
# ocamlfind: Package `oUnit' not found
# W: Field 'pkg_ounit' is not set: Command ''/home/opam/.opam/4.07/bin/ocamlfind' query -format %d oUnit > '/tmp/oasis-9ebc86.txt'' terminated with error code 2
# E: Cannot find findlib package oUnit
# E: Failure("1 configuration error")
# Makefile:8: recipe for target 'configure-no-tests' failed
# make: *** [configure-no-tests] Error 1



<><> Error report <><><><><><><><><><><><><><><><><><><><><><><><><><><><><><><>
+- The following actions failed
| - build humane-re 0.0.2
+- 
+- The following changes have been performed
| - install oasis      0.4.11
| - install ocamlbuild 0.12.0
| - install ocamlify   0.0.1
| - install ocamlmod   0.0.9
| - install re         1.8.0
| - install seq        base
+- 
# Run eval $(opam env) to update the current shell environment

The former state can be restored with:
    opam switch import "/home/opam/.opam/4.07/.opam-switch/backup/state-20180902001948.export"
31 1535847586 1535847639