$ opam depext -iy -j 2 text.0.7.1
# Detecting depexts using vars: arch=x86_64, os=linux, os-distribution=opensuse, os-family=suse
# The following system packages are needed:
m4
# All required OS packages found.
# Now letting OPAM install the packages
The following actions will be performed:
  - install ocamlbuild 0.12.0 [required by text]
  - install text       0.7.1
===== 2 to install =====

<><> Gathering sources ><><><><><><><><><><><><><><><><><><><><><><><><><><><><>
[ocamlbuild.0.12.0] found in cache
[text.0.7.1] found in cache

<><> Processing actions <><><><><><><><><><><><><><><><><><><><><><><><><><><><>
-> installed ocamlbuild.0.12.0
[ERROR] The compilation of text failed at "/home/opam/.opam/4.06/.opam-switch/build/text.0.7.1/./configure --disable-pcre".

#=== ERROR while compiling text.0.7.1 =========================================#
# context              2.0.0 | linux/x86_64 | ocaml-base-compiler.4.06.1 | git+file:///home/opam/opam-repository
# path                 ~/.opam/4.06/.opam-switch/build/text.0.7.1
# command              ~/.opam/4.06/.opam-switch/build/text.0.7.1/./configure --disable-pcre
# exit-code            2
# env-file             ~/.opam/log/text-12-e80101.env
# output-file          ~/.opam/log/text-12-e80101.out
### output ###
# ocamlfind ocamlopt -o setup.exe setup.ml || ocamlfind ocamlc -o setup.exe setup.ml || true
# File "setup.ml", line 254, characters 8-26:
# Warning 3: deprecated: String.set
# Use Bytes.set instead.
# File "setup.ml", line 254, characters 8-11:
# Error: This expression has type string but an expression was expected of type
#          bytes
# File "setup.ml", line 254, characters 8-26:
# Warning 3: deprecated: String.set
# Use Bytes.set instead.
# File "setup.ml", line 254, characters 8-11:
# Error: This expression has type string but an expression was expected of type
#          bytes
# rm -f setup.cmi setup.cmo setup.cmx setup.o
# ./setup.exe -configure --disable-pcre
# make: ./setup.exe: Command not found
# Makefile:38: recipe for target 'configure' failed
# make: *** [configure] Error 127



<><> Error report <><><><><><><><><><><><><><><><><><><><><><><><><><><><><><><>
+- The following actions failed
| - build text 0.7.1
+- 
+- The following changes have been performed
| - install ocamlbuild 0.12.0
+- 
# Run eval $(opam env) to update the current shell environment

The former state can be restored with:
    opam switch import "/home/opam/.opam/4.06/.opam-switch/backup/state-20180814040415.export"
31 1534219189 1534219462